===== START: 2026-04-10 07:03:57 EST =====
[94mEnTK session: re.session.f8b136ee-34cc-11f1-860e-be66ee527268
[39m[0m[94mCreating AppManager
[39m[0m[94mSetting up ZMQ queues[39m[0m[92m                                                         ok
[39m[0m[94mAppManager initialized[39m[0m[92m                                                        ok
[39m[0m[94mValidating and assigning resource manager[39m[0m[92m                                     ok
[39m[0m[94mSetting up ZMQ queues[39m[0m[92m                                                        n/a
[39m[0m****** STEP: climate_step ******
[92mAll components created
[39m[0m[92mUpdate: [39m[0m[94msrc.HL.ssp585.dummy.facts.dummy state: SCHEDULING
[39m[0m[92mUpdate: [39m[0m[94msrc.HL.ssp585.dummy.facts.dummy.preprocess state: SCHEDULING
[39m[0m[92mUpdate: [39m[0m[94msrc.HL.ssp585.dummy.facts.dummy.preprocess.task1 state: SCHEDULING
[39m[0m[92mUpdate: [39m[0m[94msrc.HL.ssp585.dummy.facts.dummy.preprocess.task1 state: SCHEDULED
[39m[0m[92mUpdate: [39m[0m[94msrc.HL.ssp585.dummy.facts.dummy.preprocess state: SCHEDULED
[39m[0m[92mUpdate: [39m[0m[94msrc.HL.ssp585.dummy.facts.dummy.preprocess.task1 state: SUBMITTING
[39m[0m[92mUpdate: [39m[0m[94msrc.HL.ssp585.dummy.facts.dummy.preprocess.task1 state: DONE
[39m[0m[92mUpdate: [39m[0m[94msrc.HL.ssp585.dummy.facts.dummy.preprocess.task1 state: DONE
[39m[0m[92mUpdate: [39m[0m[94msrc.HL.ssp585.dummy.facts.dummy.preprocess state: DONE
[39m[0m[92mUpdate: [39m[0m[94msrc.HL.ssp585.dummy.facts.dummy state: DONE
[39m[0m[94mSetting up ZMQ queues[39m[0m[92m                                                        n/a
[39m[0m[92mUpdate: [39m[0m[94msrc.HL.ssp585.GrIS1f.FittedISMIP.GrIS state: SCHEDULING
[39m[0m[92mUpdate: [39m[0m[94msrc.HL.ssp585.GrIS1f.FittedISMIP.GrIS.preprocess state: SCHEDULING
[39m[0m[92mUpdate: [39m[0m[94msrc.HL.ssp585.GrIS1f.FittedISMIP.GrIS.preprocess.task1 state: SCHEDULING
[39m[0m[92mUpdate: [39m[0m[94msrc.HL.ssp585.deconto21raw.deconto21.AIS state: SCHEDULING
[39m[0m[92mUpdate: [39m[0m[94msrc.HL.ssp585.deconto21raw.deconto21.AIS.preprocess state: SCHEDULING
[39m[0m[92mUpdate: [39m[0m[94msrc.HL.ssp585.deconto21raw.deconto21.AIS.preprocess.task1 state: SCHEDULING
[39m[0m[92mUpdate: [39m[0m[94msrc.HL.ssp585.bamber19raw.bamber19.icesheets state: SCHEDULING
[39m[0m[92mUpdate: [39m[0m[94msrc.HL.ssp585.bamber19raw.bamber19.icesheets.preprocess state: SCHEDULING
[39m[0m[92mUpdate: [39m[0m[94msrc.HL.ssp585.bamber19raw.bamber19.icesheets.preprocess.task1 state: SCHEDULING
[39m[0m[92mUpdate: [39m[0m[94msrc.HL.ssp585.emuAIS.emulandice.AIS state: SCHEDULING
[39m[0m[92mUpdate: [39m[0m[94msrc.HL.ssp585.emuAIS.emulandice.AIS.preprocess state: SCHEDULING
[39m[0m[92mUpdate: [39m[0m[94msrc.HL.ssp585.emuAIS.emulandice.AIS.preprocess.task1 state: SCHEDULING
[39m[0m[92mUpdate: [39m[0m[94msrc.HL.ssp585.emuGrIS.emulandice.GrIS state: SCHEDULING
[39m[0m[92mUpdate: [39m[0m[94msrc.HL.ssp585.emuGrIS.emulandice.GrIS.preprocess state: SCHEDULING
[39m[0m[92mUpdate: [39m[0m[94msrc.HL.ssp585.emuGrIS.emulandice.GrIS.preprocess.task1 state: SCHEDULING
[39m[0m[92mUpdate: [39m[0m[94msrc.HL.ssp585.emuglaciers.emulandice.glaciers state: SCHEDULING
[39m[0m[92mUpdate: [39m[0m[94msrc.HL.ssp585.emuglaciers.emulandice.glaciers.preprocess state: SCHEDULING
[39m[0m[92mUpdate: [39m[0m[94msrc.HL.ssp585.emuglaciers.emulandice.glaciers.preprocess.task1 state: SCHEDULING
[39m[0m[92mUpdate: [39m[0m[94msrc.HL.ssp585.larmip.larmip.AIS state: SCHEDULING
[39m[0m[92mUpdate: [39m[0m[94msrc.HL.ssp585.larmip.larmip.AIS.preprocess state: SCHEDULING
[39m[0m[92mUpdate: [39m[0m[94msrc.HL.ssp585.larmip.larmip.AIS.preprocess.task1 state: SCHEDULING
[39m[0m[92mUpdate: [39m[0m[94msrc.HL.ssp585.ar5glaciers.ipccar5.glaciers state: SCHEDULING
[39m[0m[92mUpdate: [39m[0m[94msrc.HL.ssp585.ar5glaciers.ipccar5.glaciers.preprocess state: SCHEDULING
[39m[0m[92mUpdate: [39m[0m[94msrc.HL.ssp585.ar5glaciers.ipccar5.glaciers.preprocess.task1 state: SCHEDULING
[39m[0m[92mUpdate: [39m[0m[94msrc.HL.ssp585.ar5AIS.ipccar5.icesheets state: SCHEDULING
[39m[0m[92mUpdate: [39m[0m[94msrc.HL.ssp585.ar5AIS.ipccar5.icesheets.preprocess state: SCHEDULING
[39m[0m[92mUpdate: [39m[0m[94msrc.HL.ssp585.ar5AIS.ipccar5.icesheets.preprocess.task1 state: SCHEDULING
[39m[0m[92mUpdate: [39m[0m[94msrc.HL.ssp585.ocean.tlm.sterodynamics state: SCHEDULING
[39m[0m[92mUpdate: [39m[0m[94msrc.HL.ssp585.ocean.tlm.sterodynamics.preprocess state: SCHEDULING
[39m[0m[92mUpdate: [39m[0m[94msrc.HL.ssp585.ocean.tlm.sterodynamics.preprocess.task1 state: SCHEDULING
[39m[0m[92mUpdate: [39m[0m[94msrc.HL.ssp585.k14vlm.kopp14.verticallandmotion state: SCHEDULING
[39m[0m[92mUpdate: [39m[0m[94msrc.HL.ssp585.k14vlm.kopp14.verticallandmotion.preprocess state: SCHEDULING
[39m[0m[92mUpdate: [39m[0m[94msrc.HL.ssp585.k14vlm.kopp14.verticallandmotion.preprocess.task1 state: SCHEDULING
[39m[0m[92mUpdate: [39m[0m[94msrc.HL.ssp585.lws.ssp.landwaterstorage state: SCHEDULING
[39m[0m[92mUpdate: [39m[0m[94msrc.HL.ssp585.lws.ssp.landwaterstorage.preprocess state: SCHEDULING
[39m[0m[92mUpdate: [39m[0m[94msrc.HL.ssp585.lws.ssp.landwaterstorage.preprocess.task1 state: SCHEDULING
[39m[0m[92mUpdate: [39m[0m[94msrc.HL.ssp585.GrIS1f.FittedISMIP.GrIS.preprocess.task1 state: SCHEDULED
[39m[0m[92mUpdate: [39m[0m[94msrc.HL.ssp585.deconto21raw.deconto21.AIS.preprocess.task1 state: SCHEDULED
[39m[0m[92mUpdate: [39m[0m[94msrc.HL.ssp585.bamber19raw.bamber19.icesheets.preprocess.task1 state: SCHEDULED
[39m[0m[92mUpdate: [39m[0m[94msrc.HL.ssp585.emuAIS.emulandice.AIS.preprocess.task1 state: SCHEDULED
[39m[0m[92mUpdate: [39m[0m[94msrc.HL.ssp585.emuGrIS.emulandice.GrIS.preprocess.task1 state: SCHEDULED
[39m[0m[92mUpdate: [39m[0m[94msrc.HL.ssp585.emuglaciers.emulandice.glaciers.preprocess.task1 state: SCHEDULED
[39m[0m[92mUpdate: [39m[0m[94msrc.HL.ssp585.larmip.larmip.AIS.preprocess.task1 state: SCHEDULED
[39m[0m[92mUpdate: [39m[0m[94msrc.HL.ssp585.ar5glaciers.ipccar5.glaciers.preprocess.task1 state: SCHEDULED
[39m[0m[92mUpdate: [39m[0m[94msrc.HL.ssp585.ar5AIS.ipccar5.icesheets.preprocess.task1 state: SCHEDULED
[39m[0m[92mUpdate: [39m[0m[94msrc.HL.ssp585.ocean.tlm.sterodynamics.preprocess.task1 state: SCHEDULED
[39m[0m[92mUpdate: [39m[0m[94msrc.HL.ssp585.k14vlm.kopp14.verticallandmotion.preprocess.task1 state: SCHEDULED
[39m[0m[92mUpdate: [39m[0m[94msrc.HL.ssp585.lws.ssp.landwaterstorage.preprocess.task1 state: SCHEDULED
[39m[0m[92mUpdate: [39m[0m[94msrc.HL.ssp585.GrIS1f.FittedISMIP.GrIS.preprocess state: SCHEDULED
[39m[0m[92mUpdate: [39m[0m[94msrc.HL.ssp585.deconto21raw.deconto21.AIS.preprocess state: SCHEDULED
[39m[0m[92mUpdate: [39m[0m[94msrc.HL.ssp585.bamber19raw.bamber19.icesheets.preprocess state: SCHEDULED
[39m[0m[92mUpdate: [39m[0m[94msrc.HL.ssp585.emuAIS.emulandice.AIS.preprocess state: SCHEDULED
[39m[0m[92mUpdate: [39m[0m[94msrc.HL.ssp585.emuGrIS.emulandice.GrIS.preprocess state: SCHEDULED
[39m[0m[92mUpdate: [39m[0m[94msrc.HL.ssp585.emuglaciers.emulandice.glaciers.preprocess state: SCHEDULED
[39m[0m[92mUpdate: [39m[0m[94msrc.HL.ssp585.larmip.larmip.AIS.preprocess state: SCHEDULED
[39m[0m[92mUpdate: [39m[0m[94msrc.HL.ssp585.ar5glaciers.ipccar5.glaciers.preprocess state: SCHEDULED
[39m[0m[92mUpdate: [39m[0m[94msrc.HL.ssp585.ar5AIS.ipccar5.icesheets.preprocess state: SCHEDULED
[39m[0m[92mUpdate: [39m[0m[94msrc.HL.ssp585.ocean.tlm.sterodynamics.preprocess state: SCHEDULED
[39m[0m[92mUpdate: [39m[0m[94msrc.HL.ssp585.k14vlm.kopp14.verticallandmotion.preprocess state: SCHEDULED
[39m[0m[92mUpdate: [39m[0m[94msrc.HL.ssp585.lws.ssp.landwaterstorage.preprocess state: SCHEDULED
[39m[0m[92mUpdate: [39m[0m[94msrc.HL.ssp585.GrIS1f.FittedISMIP.GrIS.preprocess.task1 state: SUBMITTING
[39m[0m[92mUpdate: [39m[0m[94msrc.HL.ssp585.deconto21raw.deconto21.AIS.preprocess.task1 state: SUBMITTING
[39m[0m[92mUpdate: [39m[0m[94msrc.HL.ssp585.bamber19raw.bamber19.icesheets.preprocess.task1 state: SUBMITTING
[39m[0m[92mUpdate: [39m[0m[94msrc.HL.ssp585.emuAIS.emulandice.AIS.preprocess.task1 state: SUBMITTING
[39m[0m[92mUpdate: [39m[0m[94msrc.HL.ssp585.emuGrIS.emulandice.GrIS.preprocess.task1 state: SUBMITTING
[39m[0m[92mUpdate: [39m[0m[94msrc.HL.ssp585.emuglaciers.emulandice.glaciers.preprocess.task1 state: SUBMITTING
[39m[0m[92mUpdate: [39m[0m[94msrc.HL.ssp585.larmip.larmip.AIS.preprocess.task1 state: SUBMITTING
[39m[0m[92mUpdate: [39m[0m[94msrc.HL.ssp585.ar5glaciers.ipccar5.glaciers.preprocess.task1 state: SUBMITTING
[39m[0m[92mUpdate: [39m[0m[94msrc.HL.ssp585.ar5AIS.ipccar5.icesheets.preprocess.task1 state: SUBMITTING
[39m[0m[92mUpdate: [39m[0m[94msrc.HL.ssp585.ocean.tlm.sterodynamics.preprocess.task1 state: SUBMITTING
[39m[0m[92mUpdate: [39m[0m[94msrc.HL.ssp585.k14vlm.kopp14.verticallandmotion.preprocess.task1 state: SUBMITTING
[39m[0m[92mUpdate: [39m[0m[94msrc.HL.ssp585.lws.ssp.landwaterstorage.preprocess.task1 state: SUBMITTING
[39m[0m[92mUpdate: [39m[0m[94msrc.HL.ssp585.GrIS1f.FittedISMIP.GrIS.preprocess.task1 state: DONE
[39m[0m[92mUpdate: [39m[0m[94msrc.HL.ssp585.GrIS1f.FittedISMIP.GrIS.preprocess.task1 state: DONE
[39m[0m[92mUpdate: [39m[0m[94msrc.HL.ssp585.GrIS1f.FittedISMIP.GrIS.preprocess state: DONE
[39m[0m[92mUpdate: [39m[0m[94msrc.HL.ssp585.GrIS1f.FittedISMIP.GrIS.fit state: SCHEDULING
[39m[0m[92mUpdate: [39m[0m[94msrc.HL.ssp585.GrIS1f.FittedISMIP.GrIS.fit.task1 state: SCHEDULING
[39m[0m[92mUpdate: [39m[0m[94msrc.HL.ssp585.GrIS1f.FittedISMIP.GrIS.fit.task1 state: SCHEDULED
[39m[0m[92mUpdate: [39m[0m[94msrc.HL.ssp585.GrIS1f.FittedISMIP.GrIS.fit state: SCHEDULED
[39m[0m[92mUpdate: [39m[0m[94msrc.HL.ssp585.GrIS1f.FittedISMIP.GrIS.fit.task1 state: SUBMITTING
[39m[0m[92mUpdate: [39m[0m[94msrc.HL.ssp585.deconto21raw.deconto21.AIS.preprocess.task1 state: DONE
[39m[0m[92mUpdate: [39m[0m[94msrc.HL.ssp585.deconto21raw.deconto21.AIS.preprocess.task1 state: DONE
[39m[0m[92mUpdate: [39m[0m[94msrc.HL.ssp585.deconto21raw.deconto21.AIS.preprocess state: DONE
[39m[0m[92mUpdate: [39m[0m[94msrc.HL.ssp585.deconto21raw.deconto21.AIS.fit state: SCHEDULING
[39m[0m[92mUpdate: [39m[0m[94msrc.HL.ssp585.deconto21raw.deconto21.AIS.fit.task1 state: SCHEDULING
[39m[0m[92mUpdate: [39m[0m[94msrc.HL.ssp585.deconto21raw.deconto21.AIS.fit.task1 state: SCHEDULED
[39m[0m[92mUpdate: [39m[0m[94msrc.HL.ssp585.deconto21raw.deconto21.AIS.fit state: SCHEDULED
[39m[0m[92mUpdate: [39m[0m[94msrc.HL.ssp585.deconto21raw.deconto21.AIS.fit.task1 state: SUBMITTING
[39m[0m[92mUpdate: [39m[0m[94msrc.HL.ssp585.emuAIS.emulandice.AIS.preprocess.task1 state: DONE
[39m[0m[92mUpdate: [39m[0m[94msrc.HL.ssp585.emuAIS.emulandice.AIS.preprocess.task1 state: DONE
[39m[0m[92mUpdate: [39m[0m[94msrc.HL.ssp585.emuAIS.emulandice.AIS.preprocess state: DONE
[39m[0m[92mUpdate: [39m[0m[94msrc.HL.ssp585.emuAIS.emulandice.AIS.fit state: SCHEDULING
[39m[0m[92mUpdate: [39m[0m[94msrc.HL.ssp585.emuAIS.emulandice.AIS.fit.task1 state: SCHEDULING
[39m[0m[92mUpdate: [39m[0m[94msrc.HL.ssp585.emuAIS.emulandice.AIS.fit.task1 state: SCHEDULED
[39m[0m[92mUpdate: [39m[0m[94msrc.HL.ssp585.emuAIS.emulandice.AIS.fit state: SCHEDULED
[39m[0m[92mUpdate: [39m[0m[94msrc.HL.ssp585.emuAIS.emulandice.AIS.fit.task1 state: SUBMITTING
[39m[0m[92mUpdate: [39m[0m[94msrc.HL.ssp585.emuGrIS.emulandice.GrIS.preprocess.task1 state: DONE
[39m[0m[92mUpdate: [39m[0m[94msrc.HL.ssp585.emuGrIS.emulandice.GrIS.preprocess state: DONE
[39m[0m[92mUpdate: [39m[0m[94msrc.HL.ssp585.emuGrIS.emulandice.GrIS.fit state: SCHEDULING
[39m[0m[92mUpdate: [39m[0m[94msrc.HL.ssp585.emuGrIS.emulandice.GrIS.fit.task1 state: SCHEDULING
[39m[0m[92mUpdate: [39m[0m[94msrc.HL.ssp585.emuGrIS.emulandice.GrIS.fit.task1 state: SCHEDULED
[39m[0m[92mUpdate: [39m[0m[94msrc.HL.ssp585.emuGrIS.emulandice.GrIS.fit state: SCHEDULED
[39m[0m[92mUpdate: [39m[0m[94msrc.HL.ssp585.emuGrIS.emulandice.GrIS.fit.task1 state: SUBMITTING
[39m[0m[92mUpdate: [39m[0m[94msrc.HL.ssp585.larmip.larmip.AIS.preprocess.task1 state: DONE
[39m[0m[92mUpdate: [39m[0m[94msrc.HL.ssp585.larmip.larmip.AIS.preprocess.task1 state: DONE
[39m[0m[92mUpdate: [39m[0m[94msrc.HL.ssp585.larmip.larmip.AIS.preprocess state: DONE
[39m[0m[92mUpdate: [39m[0m[94msrc.HL.ssp585.larmip.larmip.AIS.fit state: SCHEDULING
[39m[0m[92mUpdate: [39m[0m[94msrc.HL.ssp585.larmip.larmip.AIS.fit.task1 state: SCHEDULING
[39m[0m[92mUpdate: [39m[0m[94msrc.HL.ssp585.larmip.larmip.AIS.fit.task1 state: SCHEDULED
[39m[0m[92mUpdate: [39m[0m[94msrc.HL.ssp585.larmip.larmip.AIS.fit state: SCHEDULED
[39m[0m[92mUpdate: [39m[0m[94msrc.HL.ssp585.larmip.larmip.AIS.fit.task1 state: SUBMITTING
[39m[0m[92mUpdate: [39m[0m[94msrc.HL.ssp585.emuglaciers.emulandice.glaciers.preprocess.task1 state: DONE
[39m[0m[92mUpdate: [39m[0m[94msrc.HL.ssp585.emuglaciers.emulandice.glaciers.preprocess state: DONE
[39m[0m[92mUpdate: [39m[0m[94msrc.HL.ssp585.emuglaciers.emulandice.glaciers.fit state: SCHEDULING
[39m[0m[92mUpdate: [39m[0m[94msrc.HL.ssp585.emuglaciers.emulandice.glaciers.fit.task1 state: SCHEDULING
[39m[0m[92mUpdate: [39m[0m[94msrc.HL.ssp585.emuglaciers.emulandice.glaciers.fit.task1 state: SCHEDULED
[39m[0m[92mUpdate: [39m[0m[94msrc.HL.ssp585.emuglaciers.emulandice.glaciers.fit state: SCHEDULED
[39m[0m[92mUpdate: [39m[0m[94msrc.HL.ssp585.emuglaciers.emulandice.glaciers.fit.task1 state: SUBMITTING
[39m[0m[92mUpdate: [39m[0m[94msrc.HL.ssp585.ar5glaciers.ipccar5.glaciers.preprocess.task1 state: DONE
[39m[0m[92mUpdate: [39m[0m[94msrc.HL.ssp585.ar5glaciers.ipccar5.glaciers.preprocess state: DONE
[39m[0m[92mUpdate: [39m[0m[94msrc.HL.ssp585.ar5glaciers.ipccar5.glaciers.fit state: SCHEDULING
[39m[0m[92mUpdate: [39m[0m[94msrc.HL.ssp585.ar5glaciers.ipccar5.glaciers.fit.task1 state: SCHEDULING
[39m[0m[92mUpdate: [39m[0m[94msrc.HL.ssp585.ar5glaciers.ipccar5.glaciers.fit.task1 state: SCHEDULED
[39m[0m[92mUpdate: [39m[0m[94msrc.HL.ssp585.ar5glaciers.ipccar5.glaciers.fit state: SCHEDULED
[39m[0m[92mUpdate: [39m[0m[94msrc.HL.ssp585.ar5glaciers.ipccar5.glaciers.fit.task1 state: SUBMITTING
[39m[0m[92mUpdate: [39m[0m[94msrc.HL.ssp585.ar5AIS.ipccar5.icesheets.preprocess.task1 state: DONE
[39m[0m[92mUpdate: [39m[0m[94msrc.HL.ssp585.ar5AIS.ipccar5.icesheets.preprocess state: DONE
[39m[0m[92mUpdate: [39m[0m[94msrc.HL.ssp585.ar5AIS.ipccar5.icesheets.fit state: SCHEDULING
[39m[0m[92mUpdate: [39m[0m[94msrc.HL.ssp585.ar5AIS.ipccar5.icesheets.fit.task1 state: SCHEDULING
[39m[0m[92mUpdate: [39m[0m[94msrc.HL.ssp585.ar5AIS.ipccar5.icesheets.fit.task1 state: SCHEDULED
[39m[0m[92mUpdate: [39m[0m[94msrc.HL.ssp585.ar5AIS.ipccar5.icesheets.fit state: SCHEDULED
[39m[0m[92mUpdate: [39m[0m[94msrc.HL.ssp585.ar5AIS.ipccar5.icesheets.fit.task1 state: SUBMITTING
[39m[0m[92mUpdate: [39m[0m[94msrc.HL.ssp585.bamber19raw.bamber19.icesheets.preprocess.task1 state: DONE
[39m[0m[92mUpdate: [39m[0m[94msrc.HL.ssp585.bamber19raw.bamber19.icesheets.preprocess state: DONE
[39m[0m[92mUpdate: [39m[0m[94msrc.HL.ssp585.bamber19raw.bamber19.icesheets.fit state: SCHEDULING
[39m[0m[92mUpdate: [39m[0m[94msrc.HL.ssp585.bamber19raw.bamber19.icesheets.fit.task1 state: SCHEDULING
[39m[0m[92mUpdate: [39m[0m[94msrc.HL.ssp585.bamber19raw.bamber19.icesheets.fit.task1 state: SCHEDULED
[39m[0m[92mUpdate: [39m[0m[94msrc.HL.ssp585.bamber19raw.bamber19.icesheets.fit state: SCHEDULED
[39m[0m[92mUpdate: [39m[0m[94msrc.HL.ssp585.bamber19raw.bamber19.icesheets.fit.task1 state: SUBMITTING
[39m[0m[92mUpdate: [39m[0m[94msrc.HL.ssp585.ocean.tlm.sterodynamics.preprocess.task1 state: DONE
[39m[0m[92mUpdate: [39m[0m[94msrc.HL.ssp585.ocean.tlm.sterodynamics.preprocess state: DONE
[39m[0m[92mUpdate: [39m[0m[94msrc.HL.ssp585.ocean.tlm.sterodynamics.fit state: SCHEDULING
[39m[0m[92mUpdate: [39m[0m[94msrc.HL.ssp585.ocean.tlm.sterodynamics.fit.task1 state: SCHEDULING
[39m[0m[92mUpdate: [39m[0m[94msrc.HL.ssp585.ocean.tlm.sterodynamics.fit.task1 state: SCHEDULED
[39m[0m[92mUpdate: [39m[0m[94msrc.HL.ssp585.ocean.tlm.sterodynamics.fit state: SCHEDULED
[39m[0m[92mUpdate: [39m[0m[94msrc.HL.ssp585.ocean.tlm.sterodynamics.fit.task1 state: SUBMITTING
[39m[0m[92mUpdate: [39m[0m[94msrc.HL.ssp585.GrIS1f.FittedISMIP.GrIS.fit.task1 state: DONE
[39m[0m[92mUpdate: [39m[0m[94msrc.HL.ssp585.GrIS1f.FittedISMIP.GrIS.fit.task1 state: DONE
[39m[0m[92mUpdate: [39m[0m[94msrc.HL.ssp585.GrIS1f.FittedISMIP.GrIS.fit state: DONE
[39m[0m[92mUpdate: [39m[0m[94msrc.HL.ssp585.GrIS1f.FittedISMIP.GrIS.project state: SCHEDULING
[39m[0m[92mUpdate: [39m[0m[94msrc.HL.ssp585.GrIS1f.FittedISMIP.GrIS.project.task1 state: SCHEDULING
[39m[0m[92mUpdate: [39m[0m[94msrc.HL.ssp585.GrIS1f.FittedISMIP.GrIS.project.task1 state: SCHEDULED
[39m[0m[92mUpdate: [39m[0m[94msrc.HL.ssp585.GrIS1f.FittedISMIP.GrIS.project state: SCHEDULED
[39m[0m[92mUpdate: [39m[0m[94msrc.HL.ssp585.GrIS1f.FittedISMIP.GrIS.project.task1 state: SUBMITTING
[39m[0m[92mUpdate: [39m[0m[94msrc.HL.ssp585.k14vlm.kopp14.verticallandmotion.preprocess.task1 state: DONE
[39m[0m[92mUpdate: [39m[0m[94msrc.HL.ssp585.k14vlm.kopp14.verticallandmotion.preprocess state: DONE
[39m[0m[92mUpdate: [39m[0m[94msrc.HL.ssp585.k14vlm.kopp14.verticallandmotion.fit state: SCHEDULING
[39m[0m[92mUpdate: [39m[0m[94msrc.HL.ssp585.k14vlm.kopp14.verticallandmotion.fit.task1 state: SCHEDULING
[39m[0m[92mUpdate: [39m[0m[94msrc.HL.ssp585.k14vlm.kopp14.verticallandmotion.fit.task1 state: SCHEDULED
[39m[0m[92mUpdate: [39m[0m[94msrc.HL.ssp585.k14vlm.kopp14.verticallandmotion.fit state: SCHEDULED
[39m[0m[92mUpdate: [39m[0m[94msrc.HL.ssp585.deconto21raw.deconto21.AIS.fit.task1 state: DONE
[39m[0m[92mUpdate: [39m[0m[94msrc.HL.ssp585.deconto21raw.deconto21.AIS.fit state: DONE
[39m[0m[92mUpdate: [39m[0m[94msrc.HL.ssp585.deconto21raw.deconto21.AIS.project state: SCHEDULING
[39m[0m[92mUpdate: [39m[0m[94msrc.HL.ssp585.deconto21raw.deconto21.AIS.project.task1 state: SCHEDULING
[39m[0m[92mUpdate: [39m[0m[94msrc.HL.ssp585.deconto21raw.deconto21.AIS.project.task1 state: SCHEDULED
[39m[0m[92mUpdate: [39m[0m[94msrc.HL.ssp585.deconto21raw.deconto21.AIS.project state: SCHEDULED
[39m[0m[92mUpdate: [39m[0m[94msrc.HL.ssp585.k14vlm.kopp14.verticallandmotion.fit.task1 state: SUBMITTING
[39m[0m[92mUpdate: [39m[0m[94msrc.HL.ssp585.deconto21raw.deconto21.AIS.project.task1 state: SUBMITTING
[39m[0m[92mUpdate: [39m[0m[94msrc.HL.ssp585.emuAIS.emulandice.AIS.fit.task1 state: DONE
[39m[0m[92mUpdate: [39m[0m[94msrc.HL.ssp585.emuAIS.emulandice.AIS.fit state: DONE
[39m[0m[92mUpdate: [39m[0m[94msrc.HL.ssp585.emuAIS.emulandice.AIS.project state: SCHEDULING
[39m[0m[92mUpdate: [39m[0m[94msrc.HL.ssp585.emuAIS.emulandice.AIS.project.task1 state: SCHEDULING
[39m[0m[92mUpdate: [39m[0m[94msrc.HL.ssp585.emuAIS.emulandice.AIS.project.task1 state: SCHEDULED
[39m[0m[92mUpdate: [39m[0m[94msrc.HL.ssp585.emuAIS.emulandice.AIS.project state: SCHEDULED
[39m[0m[92mUpdate: [39m[0m[94msrc.HL.ssp585.emuAIS.emulandice.AIS.project.task1 state: SUBMITTING
[39m[0m[92mUpdate: [39m[0m[94msrc.HL.ssp585.lws.ssp.landwaterstorage.preprocess.task1 state: DONE
[39m[0m[92mUpdate: [39m[0m[94msrc.HL.ssp585.lws.ssp.landwaterstorage.preprocess state: DONE
[39m[0m[92mUpdate: [39m[0m[94msrc.HL.ssp585.lws.ssp.landwaterstorage.fit state: SCHEDULING
[39m[0m[92mUpdate: [39m[0m[94msrc.HL.ssp585.lws.ssp.landwaterstorage.fit.task1 state: SCHEDULING
[39m[0m[92mUpdate: [39m[0m[94msrc.HL.ssp585.lws.ssp.landwaterstorage.fit.task1 state: SCHEDULED
[39m[0m[92mUpdate: [39m[0m[94msrc.HL.ssp585.lws.ssp.landwaterstorage.fit state: SCHEDULED
[39m[0m[92mUpdate: [39m[0m[94msrc.HL.ssp585.lws.ssp.landwaterstorage.fit.task1 state: SUBMITTING
[39m[0m[92mUpdate: [39m[0m[94msrc.HL.ssp585.emuGrIS.emulandice.GrIS.fit.task1 state: DONE
[39m[0m[92mUpdate: [39m[0m[94msrc.HL.ssp585.emuGrIS.emulandice.GrIS.fit state: DONE
[39m[0m[92mUpdate: [39m[0m[94msrc.HL.ssp585.emuGrIS.emulandice.GrIS.project state: SCHEDULING
[39m[0m[92mUpdate: [39m[0m[94msrc.HL.ssp585.emuGrIS.emulandice.GrIS.project.task1 state: SCHEDULING
[39m[0m[92mUpdate: [39m[0m[94msrc.HL.ssp585.emuGrIS.emulandice.GrIS.project.task1 state: SCHEDULED
[39m[0m[92mUpdate: [39m[0m[94msrc.HL.ssp585.emuGrIS.emulandice.GrIS.project state: SCHEDULED
[39m[0m[92mUpdate: [39m[0m[94msrc.HL.ssp585.emuGrIS.emulandice.GrIS.project.task1 state: SUBMITTING
[39m[0m[92mUpdate: [39m[0m[94msrc.HL.ssp585.emuglaciers.emulandice.glaciers.fit.task1 state: DONE
[39m[0m[92mUpdate: [39m[0m[94msrc.HL.ssp585.emuglaciers.emulandice.glaciers.fit state: DONE
[39m[0m[92mUpdate: [39m[0m[94msrc.HL.ssp585.emuglaciers.emulandice.glaciers.project state: SCHEDULING
[39m[0m[92mUpdate: [39m[0m[94msrc.HL.ssp585.emuglaciers.emulandice.glaciers.project.task1 state: SCHEDULING
[39m[0m[92mUpdate: [39m[0m[94msrc.HL.ssp585.emuglaciers.emulandice.glaciers.project.task1 state: SCHEDULED
[39m[0m[92mUpdate: [39m[0m[94msrc.HL.ssp585.emuglaciers.emulandice.glaciers.project state: SCHEDULED
[39m[0m[92mUpdate: [39m[0m[94msrc.HL.ssp585.larmip.larmip.AIS.fit.task1 state: DONE
[39m[0m[92mUpdate: [39m[0m[94msrc.HL.ssp585.larmip.larmip.AIS.fit state: DONE
[39m[0m[92mUpdate: [39m[0m[94msrc.HL.ssp585.larmip.larmip.AIS.project state: SCHEDULING
[39m[0m[92mUpdate: [39m[0m[94msrc.HL.ssp585.larmip.larmip.AIS.project.task1 state: SCHEDULING
[39m[0m[92mUpdate: [39m[0m[94msrc.HL.ssp585.larmip.larmip.AIS.project.task1 state: SCHEDULED
[39m[0m[92mUpdate: [39m[0m[94msrc.HL.ssp585.larmip.larmip.AIS.project state: SCHEDULED
[39m[0m[92mUpdate: [39m[0m[94msrc.HL.ssp585.emuglaciers.emulandice.glaciers.project.task1 state: SUBMITTING
[39m[0m[92mUpdate: [39m[0m[94msrc.HL.ssp585.larmip.larmip.AIS.project.task1 state: SUBMITTING
[39m[0m[92mUpdate: [39m[0m[94msrc.HL.ssp585.bamber19raw.bamber19.icesheets.fit.task1 state: DONE
[39m[0m[92mUpdate: [39m[0m[94msrc.HL.ssp585.bamber19raw.bamber19.icesheets.fit.task1 state: DONE
[39m[0m[92mUpdate: [39m[0m[94msrc.HL.ssp585.bamber19raw.bamber19.icesheets.fit state: DONE
[39m[0m[92mUpdate: [39m[0m[94msrc.HL.ssp585.bamber19raw.bamber19.icesheets.project state: SCHEDULING
[39m[0m[92mUpdate: [39m[0m[94msrc.HL.ssp585.bamber19raw.bamber19.icesheets.project.task1 state: SCHEDULING
[39m[0m[92mUpdate: [39m[0m[94msrc.HL.ssp585.bamber19raw.bamber19.icesheets.project.task1 state: SCHEDULED
[39m[0m[92mUpdate: [39m[0m[94msrc.HL.ssp585.bamber19raw.bamber19.icesheets.project state: SCHEDULED
[39m[0m[92mUpdate: [39m[0m[94msrc.HL.ssp585.bamber19raw.bamber19.icesheets.project.task1 state: SUBMITTING
[39m[0m[92mUpdate: [39m[0m[94msrc.HL.ssp585.ar5glaciers.ipccar5.glaciers.fit.task1 state: DONE
[39m[0m[92mUpdate: [39m[0m[94msrc.HL.ssp585.ar5glaciers.ipccar5.glaciers.fit.task1 state: DONE
[39m[0m[92mUpdate: [39m[0m[94msrc.HL.ssp585.ar5glaciers.ipccar5.glaciers.fit state: DONE
[39m[0m[92mUpdate: [39m[0m[94msrc.HL.ssp585.ar5glaciers.ipccar5.glaciers.project state: SCHEDULING
[39m[0m[92mUpdate: [39m[0m[94msrc.HL.ssp585.ar5glaciers.ipccar5.glaciers.project.task1 state: SCHEDULING
[39m[0m[92mUpdate: [39m[0m[94msrc.HL.ssp585.ar5glaciers.ipccar5.glaciers.project.task1 state: SCHEDULED
[39m[0m[92mUpdate: [39m[0m[94msrc.HL.ssp585.ar5glaciers.ipccar5.glaciers.project state: SCHEDULED
[39m[0m[92mUpdate: [39m[0m[94msrc.HL.ssp585.ar5glaciers.ipccar5.glaciers.project.task1 state: SUBMITTING
[39m[0m[92mUpdate: [39m[0m[94msrc.HL.ssp585.ar5AIS.ipccar5.icesheets.fit.task1 state: DONE
[39m[0m[92mUpdate: [39m[0m[94msrc.HL.ssp585.ar5AIS.ipccar5.icesheets.fit.task1 state: DONE
[39m[0m[92mUpdate: [39m[0m[94msrc.HL.ssp585.ar5AIS.ipccar5.icesheets.fit state: DONE
[39m[0m[92mUpdate: [39m[0m[94msrc.HL.ssp585.ar5AIS.ipccar5.icesheets.project state: SCHEDULING
[39m[0m[92mUpdate: [39m[0m[94msrc.HL.ssp585.ar5AIS.ipccar5.icesheets.project.task1 state: SCHEDULING
[39m[0m[92mUpdate: [39m[0m[94msrc.HL.ssp585.ar5AIS.ipccar5.icesheets.project.task1 state: SCHEDULED
[39m[0m[92mUpdate: [39m[0m[94msrc.HL.ssp585.ar5AIS.ipccar5.icesheets.project state: SCHEDULED
[39m[0m[92mUpdate: [39m[0m[94msrc.HL.ssp585.ar5AIS.ipccar5.icesheets.project.task1 state: SUBMITTING
[39m[0m[92mUpdate: [39m[0m[94msrc.HL.ssp585.ocean.tlm.sterodynamics.fit.task1 state: DONE
[39m[0m[92mUpdate: [39m[0m[94msrc.HL.ssp585.ocean.tlm.sterodynamics.fit.task1 state: DONE
[39m[0m[92mUpdate: [39m[0m[94msrc.HL.ssp585.ocean.tlm.sterodynamics.fit state: DONE
[39m[0m[92mUpdate: [39m[0m[94msrc.HL.ssp585.ocean.tlm.sterodynamics.project state: SCHEDULING
[39m[0m[92mUpdate: [39m[0m[94msrc.HL.ssp585.ocean.tlm.sterodynamics.project.task1 state: SCHEDULING
[39m[0m[92mUpdate: [39m[0m[94msrc.HL.ssp585.ocean.tlm.sterodynamics.project.task1 state: SCHEDULED
[39m[0m[92mUpdate: [39m[0m[94msrc.HL.ssp585.ocean.tlm.sterodynamics.project state: SCHEDULED
[39m[0m[92mUpdate: [39m[0m[94msrc.HL.ssp585.ocean.tlm.sterodynamics.project.task1 state: SUBMITTING
[39m[0m[92mUpdate: [39m[0m[94msrc.HL.ssp585.k14vlm.kopp14.verticallandmotion.fit.task1 state: DONE
[39m[0m[92mUpdate: [39m[0m[94msrc.HL.ssp585.k14vlm.kopp14.verticallandmotion.fit state: DONE
[39m[0m[92mUpdate: [39m[0m[94msrc.HL.ssp585.k14vlm.kopp14.verticallandmotion.project state: SCHEDULING
[39m[0m[92mUpdate: [39m[0m[94msrc.HL.ssp585.k14vlm.kopp14.verticallandmotion.project.task1 state: SCHEDULING
[39m[0m[92mUpdate: [39m[0m[94msrc.HL.ssp585.k14vlm.kopp14.verticallandmotion.project.task1 state: SCHEDULED
[39m[0m[92mUpdate: [39m[0m[94msrc.HL.ssp585.k14vlm.kopp14.verticallandmotion.project state: SCHEDULED
[39m[0m[92mUpdate: [39m[0m[94msrc.HL.ssp585.k14vlm.kopp14.verticallandmotion.project.task1 state: SUBMITTING
[39m[0m[92mUpdate: [39m[0m[94msrc.HL.ssp585.deconto21raw.deconto21.AIS.project.task1 state: DONE
[39m[0m[92mUpdate: [39m[0m[94msrc.HL.ssp585.deconto21raw.deconto21.AIS.project state: DONE
[39m[0m[92mUpdate: [39m[0m[94msrc.HL.ssp585.deconto21raw.deconto21.AIS state: DONE
[39m[0m[92mUpdate: [39m[0m[94msrc.HL.ssp585.GrIS1f.FittedISMIP.GrIS.project.task1 state: DONE
[39m[0m[92mUpdate: [39m[0m[94msrc.HL.ssp585.GrIS1f.FittedISMIP.GrIS.project.task1 state: DONE
[39m[0m[92mUpdate: [39m[0m[94msrc.HL.ssp585.GrIS1f.FittedISMIP.GrIS.project state: DONE
[39m[0m[92mUpdate: [39m[0m[94msrc.HL.ssp585.GrIS1f.FittedISMIP.GrIS state: DONE
[39m[0m[92mUpdate: [39m[0m[94msrc.HL.ssp585.lws.ssp.landwaterstorage.fit.task1 state: DONE
[39m[0m[92mUpdate: [39m[0m[94msrc.HL.ssp585.lws.ssp.landwaterstorage.fit state: DONE
[39m[0m[92mUpdate: [39m[0m[94msrc.HL.ssp585.lws.ssp.landwaterstorage.project state: SCHEDULING
[39m[0m[92mUpdate: [39m[0m[94msrc.HL.ssp585.lws.ssp.landwaterstorage.project.task1 state: SCHEDULING
[39m[0m[92mUpdate: [39m[0m[94msrc.HL.ssp585.lws.ssp.landwaterstorage.project.task1 state: SCHEDULED
[39m[0m[92mUpdate: [39m[0m[94msrc.HL.ssp585.lws.ssp.landwaterstorage.project state: SCHEDULED
[39m[0m[92mUpdate: [39m[0m[94msrc.HL.ssp585.lws.ssp.landwaterstorage.project.task1 state: SUBMITTING
[39m[0m[92mUpdate: [39m[0m[94msrc.HL.ssp585.k14vlm.kopp14.verticallandmotion.project.task1 state: DONE
[39m[0m[92mUpdate: [39m[0m[94msrc.HL.ssp585.k14vlm.kopp14.verticallandmotion.project state: DONE
[39m[0m[92mUpdate: [39m[0m[94msrc.HL.ssp585.k14vlm.kopp14.verticallandmotion state: DONE
[39m[0m[92mUpdate: [39m[0m[94msrc.HL.ssp585.bamber19raw.bamber19.icesheets.project.task1 state: DONE
[39m[0m[92mUpdate: [39m[0m[94msrc.HL.ssp585.bamber19raw.bamber19.icesheets.project.task1 state: DONE
[39m[0m[92mUpdate: [39m[0m[94msrc.HL.ssp585.bamber19raw.bamber19.icesheets.project state: DONE
[39m[0m[92mUpdate: [39m[0m[94msrc.HL.ssp585.bamber19raw.bamber19.icesheets state: DONE
[39m[0m[92mUpdate: [39m[0m[94msrc.HL.ssp585.ar5glaciers.ipccar5.glaciers.project.task1 state: DONE
[39m[0m[92mUpdate: [39m[0m[94msrc.HL.ssp585.ar5glaciers.ipccar5.glaciers.project state: DONE
[39m[0m[92mUpdate: [39m[0m[94msrc.HL.ssp585.ar5glaciers.ipccar5.glaciers state: DONE
[39m[0m[92mUpdate: [39m[0m[94msrc.HL.ssp585.ar5AIS.ipccar5.icesheets.project.task1 state: DONE
[39m[0m[92mUpdate: [39m[0m[94msrc.HL.ssp585.ar5AIS.ipccar5.icesheets.project state: DONE
[39m[0m[92mUpdate: [39m[0m[94msrc.HL.ssp585.ar5AIS.ipccar5.icesheets state: DONE
[39m[0m[92mUpdate: [39m[0m[94msrc.HL.ssp585.ocean.tlm.sterodynamics.project.task1 state: DONE
[39m[0m[92mUpdate: [39m[0m[94msrc.HL.ssp585.ocean.tlm.sterodynamics.project state: DONE
[39m[0m[92mUpdate: [39m[0m[94msrc.HL.ssp585.ocean.tlm.sterodynamics state: DONE
[39m[0m[92mUpdate: [39m[0m[94msrc.HL.ssp585.lws.ssp.landwaterstorage.project.task1 state: DONE
[39m[0m[92mUpdate: [39m[0m[94msrc.HL.ssp585.lws.ssp.landwaterstorage.project.task1 state: DONE
[39m[0m[92mUpdate: [39m[0m[94msrc.HL.ssp585.lws.ssp.landwaterstorage.project state: DONE
[39m[0m[92mUpdate: [39m[0m[94msrc.HL.ssp585.lws.ssp.landwaterstorage state: DONE
[39m[0m[92mUpdate: [39m[0m[94msrc.HL.ssp585.larmip.larmip.AIS.project.task1 state: DONE
[39m[0m[92mUpdate: [39m[0m[94msrc.HL.ssp585.larmip.larmip.AIS.project state: DONE
[39m[0m[92mUpdate: [39m[0m[94msrc.HL.ssp585.larmip.larmip.AIS state: DONE
[39m[0m[92mUpdate: [39m[0m[94msrc.HL.ssp585.emuGrIS.emulandice.GrIS.project.task1 state: DONE
[39m[0m[92mUpdate: [39m[0m[94msrc.HL.ssp585.emuGrIS.emulandice.GrIS.project.task1 state: DONE
[39m[0m[92mUpdate: [39m[0m[94msrc.HL.ssp585.emuGrIS.emulandice.GrIS.project state: DONE
[39m[0m[92mUpdate: [39m[0m[94msrc.HL.ssp585.emuGrIS.emulandice.GrIS state: DONE
[39m[0m[92mUpdate: [39m[0m[94msrc.HL.ssp585.emuAIS.emulandice.AIS.project.task1 state: DONE
[39m[0m[92mUpdate: [39m[0m[94msrc.HL.ssp585.emuAIS.emulandice.AIS.project state: DONE
[39m[0m[92mUpdate: [39m[0m[94msrc.HL.ssp585.emuAIS.emulandice.AIS state: DONE
[39m[0m[92mUpdate: [39m[0m[94msrc.HL.ssp585.emuglaciers.emulandice.glaciers.project.task1 state: DONE
[39m[0m[92mUpdate: [39m[0m[94msrc.HL.ssp585.emuglaciers.emulandice.glaciers.project.task1 state: DONE
[39m[0m[92mUpdate: [39m[0m[94msrc.HL.ssp585.emuglaciers.emulandice.glaciers.project state: DONE
[39m[0m[92mUpdate: [39m[0m[94msrc.HL.ssp585.emuglaciers.emulandice.glaciers state: DONE
[39m[0m[94mSetting up ZMQ queues[39m[0m[92m                                                        n/a
[39m[0m[92mUpdate: [39m[0m[94msrc.HL.ssp585.total.facts.total.wf1f.global state: SCHEDULING
[39m[0m[92mUpdate: [39m[0m[94msrc.HL.ssp585.total.facts.total.wf1f.global.workflow state: SCHEDULING
[39m[0m[92mUpdate: [39m[0m[94msrc.HL.ssp585.total.facts.total.wf1f.global.workflow.task1 state: SCHEDULING
[39m[0m[92mUpdate: [39m[0m[94msrc.HL.ssp585.total.facts.total.wf2f.global state: SCHEDULING
[39m[0m[92mUpdate: [39m[0m[94msrc.HL.ssp585.total.facts.total.wf2f.global.workflow state: SCHEDULING
[39m[0m[92mUpdate: [39m[0m[94msrc.HL.ssp585.total.facts.total.wf2f.global.workflow.task1 state: SCHEDULING
[39m[0m[92mUpdate: [39m[0m[94msrc.HL.ssp585.total.facts.total.wf3f.global state: SCHEDULING
[39m[0m[92mUpdate: [39m[0m[94msrc.HL.ssp585.total.facts.total.wf3f.global.workflow state: SCHEDULING
[39m[0m[92mUpdate: [39m[0m[94msrc.HL.ssp585.total.facts.total.wf3f.global.workflow.task1 state: SCHEDULING
[39m[0m[92mUpdate: [39m[0m[94msrc.HL.ssp585.total.facts.total.wf3e.global state: SCHEDULING
[39m[0m[92mUpdate: [39m[0m[94msrc.HL.ssp585.total.facts.total.wf3e.global.workflow state: SCHEDULING
[39m[0m[92mUpdate: [39m[0m[94msrc.HL.ssp585.total.facts.total.wf3e.global.workflow.task1 state: SCHEDULING
[39m[0m[92mUpdate: [39m[0m[94msrc.HL.ssp585.total.facts.total.wf4.global state: SCHEDULING
[39m[0m[92mUpdate: [39m[0m[94msrc.HL.ssp585.total.facts.total.wf4.global.workflow state: SCHEDULING
[39m[0m[92mUpdate: [39m[0m[94msrc.HL.ssp585.total.facts.total.wf4.global.workflow.task1 state: SCHEDULING
[39m[0m[92mUpdate: [39m[0m[94msrc.HL.ssp585.total.facts.total.wf1e.global state: SCHEDULING
[39m[0m[92mUpdate: [39m[0m[94msrc.HL.ssp585.total.facts.total.wf1e.global.workflow state: SCHEDULING
[39m[0m[92mUpdate: [39m[0m[94msrc.HL.ssp585.total.facts.total.wf1e.global.workflow.task1 state: SCHEDULING
[39m[0m[92mUpdate: [39m[0m[94msrc.HL.ssp585.total.facts.total.wf2e.global state: SCHEDULING
[39m[0m[92mUpdate: [39m[0m[94msrc.HL.ssp585.total.facts.total.wf2e.global.workflow state: SCHEDULING
[39m[0m[92mUpdate: [39m[0m[94msrc.HL.ssp585.total.facts.total.wf2e.global.workflow.task1 state: SCHEDULING
[39m[0m[92mUpdate: [39m[0m[94msrc.HL.ssp585.total.facts.total.wf1f.global.workflow.task1 state: SCHEDULED
[39m[0m[92mUpdate: [39m[0m[94msrc.HL.ssp585.total.facts.total.wf2f.global.workflow.task1 state: SCHEDULED
[39m[0m[92mUpdate: [39m[0m[94msrc.HL.ssp585.total.facts.total.wf3f.global.workflow.task1 state: SCHEDULED
[39m[0m[92mUpdate: [39m[0m[94msrc.HL.ssp585.total.facts.total.wf3e.global.workflow.task1 state: SCHEDULED
[39m[0m[92mUpdate: [39m[0m[94msrc.HL.ssp585.total.facts.total.wf4.global.workflow.task1 state: SCHEDULED
[39m[0m[92mUpdate: [39m[0m[94msrc.HL.ssp585.total.facts.total.wf1e.global.workflow.task1 state: SCHEDULED
[39m[0m[92mUpdate: [39m[0m[94msrc.HL.ssp585.total.facts.total.wf2e.global.workflow.task1 state: SCHEDULED
[39m[0m[92mUpdate: [39m[0m[94msrc.HL.ssp585.total.facts.total.wf1f.global.workflow state: SCHEDULED
[39m[0m[92mUpdate: [39m[0m[94msrc.HL.ssp585.total.facts.total.wf2f.global.workflow state: SCHEDULED
[39m[0m[92mUpdate: [39m[0m[94msrc.HL.ssp585.total.facts.total.wf3f.global.workflow state: SCHEDULED
[39m[0m[92mUpdate: [39m[0m[94msrc.HL.ssp585.total.facts.total.wf3e.global.workflow state: SCHEDULED
[39m[0m[92mUpdate: [39m[0m[94msrc.HL.ssp585.total.facts.total.wf4.global.workflow state: SCHEDULED
[39m[0m[92mUpdate: [39m[0m[94msrc.HL.ssp585.total.facts.total.wf1e.global.workflow state: SCHEDULED
[39m[0m[92mUpdate: [39m[0m[94msrc.HL.ssp585.total.facts.total.wf2e.global.workflow state: SCHEDULED
[39m[0m[92mUpdate: [39m[0m[94msrc.HL.ssp585.total.facts.total.wf1f.global.workflow.task1 state: SUBMITTING
[39m[0m[92mUpdate: [39m[0m[94msrc.HL.ssp585.total.facts.total.wf2f.global.workflow.task1 state: SUBMITTING
[39m[0m[92mUpdate: [39m[0m[94msrc.HL.ssp585.total.facts.total.wf3f.global.workflow.task1 state: SUBMITTING
[39m[0m[92mUpdate: [39m[0m[94msrc.HL.ssp585.total.facts.total.wf3e.global.workflow.task1 state: SUBMITTING
[39m[0m[92mUpdate: [39m[0m[94msrc.HL.ssp585.total.facts.total.wf4.global.workflow.task1 state: SUBMITTING
[39m[0m[92mUpdate: [39m[0m[94msrc.HL.ssp585.total.facts.total.wf1e.global.workflow.task1 state: SUBMITTING
[39m[0m[92mUpdate: [39m[0m[94msrc.HL.ssp585.total.facts.total.wf2e.global.workflow.task1 state: SUBMITTING
[39m[0m[92mUpdate: [39m[0m[94msrc.HL.ssp585.total.facts.total.wf1f.global.workflow.task1 state: DONE
[39m[0m[92mUpdate: [39m[0m[94msrc.HL.ssp585.total.facts.total.wf1f.global.workflow.task1 state: DONE
[39m[0m[92mUpdate: [39m[0m[94msrc.HL.ssp585.total.facts.total.wf1f.global.workflow state: DONE
[39m[0m[92mUpdate: [39m[0m[94msrc.HL.ssp585.total.facts.total.wf1f.global state: DONE
[39m[0m[92mUpdate: [39m[0m[94msrc.HL.ssp585.total.facts.total.wf2f.global.workflow.task1 state: DONE
[39m[0m[92mUpdate: [39m[0m[94msrc.HL.ssp585.total.facts.total.wf2f.global.workflow state: DONE
[39m[0m[92mUpdate: [39m[0m[94msrc.HL.ssp585.total.facts.total.wf2f.global state: DONE
[39m[0m[92mUpdate: [39m[0m[94msrc.HL.ssp585.total.facts.total.wf3f.global.workflow.task1 state: DONE
[39m[0m[92mUpdate: [39m[0m[94msrc.HL.ssp585.total.facts.total.wf3f.global.workflow state: DONE
[39m[0m[92mUpdate: [39m[0m[94msrc.HL.ssp585.total.facts.total.wf3f.global state: DONE
[39m[0m[92mUpdate: [39m[0m[94msrc.HL.ssp585.total.facts.total.wf3e.global.workflow.task1 state: DONE
[39m[0m[92mUpdate: [39m[0m[94msrc.HL.ssp585.total.facts.total.wf3e.global.workflow state: DONE
[39m[0m[92mUpdate: [39m[0m[94msrc.HL.ssp585.total.facts.total.wf3e.global state: DONE
[39m[0m[92mUpdate: [39m[0m[94msrc.HL.ssp585.total.facts.total.wf4.global.workflow.task1 state: DONE
[39m[0m[92mUpdate: [39m[0m[94msrc.HL.ssp585.total.facts.total.wf4.global.workflow state: DONE
[39m[0m[92mUpdate: [39m[0m[94msrc.HL.ssp585.total.facts.total.wf4.global state: DONE
[39m[0m[92mUpdate: [39m[0m[94msrc.HL.ssp585.total.facts.total.wf1e.global.workflow.task1 state: DONE
[39m[0m[92mUpdate: [39m[0m[94msrc.HL.ssp585.total.facts.total.wf1e.global.workflow.task1 state: DONE
[39m[0m[92mUpdate: [39m[0m[94msrc.HL.ssp585.total.facts.total.wf1e.global.workflow state: DONE
[39m[0m[92mUpdate: [39m[0m[94msrc.HL.ssp585.total.facts.total.wf1e.global state: DONE
[39m[0m[92mUpdate: [39m[0m[94msrc.HL.ssp585.total.facts.total.wf2e.global.workflow.task1 state: DONE
[39m[0m[92mUpdate: [39m[0m[94msrc.HL.ssp585.total.facts.total.wf2e.global.workflow.task1 state: DONE
[39m[0m[92mUpdate: [39m[0m[94msrc.HL.ssp585.total.facts.total.wf2e.global.workflow state: DONE
[39m[0m[92mUpdate: [39m[0m[94msrc.HL.ssp585.total.facts.total.wf2e.global state: DONE
[39m[0m[94mAll components terminated
[39m[0m****** STEP: sealevel_step ******
****** STEP: totaling_step ******
===== END: 2026-04-10 07:34:12 =====
DURATION: 00:30:15 (HH:MM:SS)
