grid_-34.7_173.1	2000000000	-34.740926	173.11751
grid_-34.8_173.1	2000000010	-34.756665	173.127726
grid_-34.8_173.1	2000000020	-34.76884	173.143557
grid_-34.8_173.2	2000000030	-34.767581	173.154531
grid_-34.8_173.1	2000000040	-34.77575	173.147358
grid_-34.8_173.2	2000000050	-34.788285	173.157763
grid_-34.8_173.2	2000000060	-34.794005	173.168738
grid_-34.8_173.2	2000000070	-34.804621	173.174094
grid_-34.8_173.2	2000000080	-34.810595	173.163676
grid_-34.8_173.2	2000000090	-34.823438	173.169554
grid_-34.8_173.2	2000000100	-34.822204	173.153274
grid_-34.8_173.1	2000000110	-34.811701	173.142536
grid_-34.8_173.1	2000000120	-34.802056	173.134216
grid_-34.8_173.1	2000000130	-34.789567	173.128898
grid_-34.8_173.1	2000000140	-34.775293	173.121454
grid_-34.8_173.1	2000000150	-34.771541	173.107491
grid_-34.8_173.1	2000000160	-34.760374	173.093575
grid_-34.8_173.1	2000000170	-34.769941	173.092459
grid_-34.8_173.1	2000000180	-34.782841	173.102859
grid_-34.8_173.1	2000000190	-34.797096	173.112677
grid_-34.8_173.1	2000000200	-34.811483	173.117525
grid_-34.8_173.1	2000000210	-34.82222	173.129525
grid_-34.8_173.1	2000000220	-34.832697	173.13187
grid_-34.8_173.1	2000000230	-34.821713	173.144711
grid_-34.8_173.2	2000000240	-34.826308	173.150455
grid_-34.8_173.2	2000000250	-34.837776	173.156368
grid_-34.9_173.2	2000000260	-34.851554	173.168929
grid_-34.9_173.2	2000000270	-34.863447	173.1853
grid_-34.9_173.2	2000000280	-34.872112	173.204585
grid_-34.9_173.2	2000000290	-34.878639	173.224594
grid_-34.9_173.2	2000000300	-34.881616	173.246753
grid_-34.9_173.3	2000000310	-34.883811	173.268338
grid_-34.9_173.3	2000000320	-34.8963	173.279892
grid_-34.9_173.3	2000000330	-34.906376	173.275397
grid_-34.9_173.3	2000000340	-34.910514	173.269824
grid_-34.9_173.3	2000000350	-34.922978	173.260909
grid_-34.9_173.2	2000000360	-34.931856	173.246647
grid_-34.9_173.2	2000000370	-34.934901	173.229038
grid_-34.9_173.2	2000000380	-34.936465	173.221535
grid_-34.9_173.2	2000000390	-34.939041	173.236327
grid_-35.0_173.2	2000000400	-34.954436	173.227609
grid_-35.0_173.2	2000000410	-34.962028	173.214746
grid_-35.0_173.2	2000000420	-34.97093	173.217097
grid_-35.0_173.2	2000000430	-34.984465	173.22264
grid_-35.0_173.2	2000000440	-34.994084	173.224868
grid_-35.0_173.2	2000000450	-34.995105	173.235757
grid_-35.0_173.2	2000000460	-35.006222	173.226474
grid_-35.0_173.2	2000000470	-35.00993	173.23204
grid_-35.0_173.2	2000000480	-35.019943	173.232307
grid_-35.0_173.2	2000000490	-35.012281	173.239039
grid_-35.0_173.2	2000000500	-35.015077	173.245772
grid_-35.0_173.2	2000000510	-35.003882	173.240158
grid_-35.0_173.2	2000000520	-34.997924	173.246564
grid_-35.0_173.3	2000000530	-35.0028	173.252282
grid_-35.0_173.3	2000000540	-35.01159	173.263724
grid_-35.0_173.3	2000000550	-35.014037	173.26664
grid_-35.0_173.3	2000000560	-35.015282	173.262652
grid_-35.0_173.3	2000000570	-35.00975	173.269984
grid_-35.0_173.3	2000000580	-35.005475	173.268048
grid_-35.0_173.3	2000000590	-35.001062	173.284634
grid_-35.0_173.3	2000000600	-35.010809	173.292129
grid_-35.0_173.3	2000000610	-35.019929	173.279167
grid_-35.0_173.3	2000000620	-35.023885	173.278533
grid_-35.0_173.3	2000000630	-35.016267	173.289182
grid_-35.0_173.3	2000000640	-35.017276	173.304287
grid_-35.0_173.3	2000000650	-35.018938	173.307288
grid_-35.0_173.3	2000000660	-35.009704	173.296859
grid_-35.0_173.3	2000000670	-34.9978	173.307099
grid_-35.0_173.3	2000000680	-35.002196	173.315222
grid_-35.0_173.3	2000000690	-34.995355	173.322509
grid_-35.0_173.3	2000000700	-34.978341	173.328175
grid_-35.0_173.3	2000000710	-34.964552	173.337808
grid_-35.0_173.3	2000000720	-34.951355	173.338742
grid_-34.9_173.3	2000000730	-34.93552	173.331611
grid_-34.9_173.3	2000000740	-34.919208	173.324776
grid_-34.9_173.3	2000000750	-34.905186	173.315796
grid_-34.9_173.3	2000000760	-34.899749	173.307101
grid_-34.9_173.3	2000000770	-34.892194	173.299806
grid_-34.9_173.3	2000000780	-34.879729	173.289488
grid_-34.9_173.3	2000000790	-34.865235	173.289076
grid_-34.9_173.3	2000000800	-34.861875	173.296734
grid_-34.9_173.3	2000000810	-34.860594	173.319417
grid_-34.9_173.3	2000000820	-34.856863	173.335383
grid_-34.9_173.4	2000000830	-34.852945	173.355419
grid_-34.8_173.4	2000000840	-34.845136	173.374611
grid_-34.8_173.4	2000000850	-34.832962	173.390599
grid_-34.8_173.4	2000000860	-34.816157	173.39643
grid_-34.8_173.4	2000000870	-34.806908	173.388781
grid_-34.8_173.4	2000000880	-34.800085	173.395917
grid_-34.8_173.4	2000000890	-34.787592	173.395878
grid_-34.8_173.4	2000000900	-34.784648	173.402302
grid_-34.8_173.4	2000000910	-34.79568	173.410898
grid_-34.8_173.4	2000000920	-34.805109	173.406031
grid_-34.8_173.4	2000000930	-34.813613	173.411239
grid_-34.8_173.4	2000000940	-34.82213	173.414588
grid_-34.8_173.4	2000000950	-34.827829	173.411549
grid_-34.8_173.4	2000000960	-34.834851	173.417574
grid_-34.8_173.4	2000000970	-34.826115	173.425738
grid_-34.8_173.4	2000000980	-34.826601	173.439658
grid_-34.8_173.4	2000000990	-34.826623	173.44986
grid_-34.8_173.4	2000001000	-34.832492	173.44202
grid_-34.8_173.5	2000001010	-34.842127	173.452049
grid_-34.8_173.5	2000001020	-34.8462	173.464873
grid_-34.9_173.5	2000001030	-34.852793	173.461803
grid_-34.9_173.5	2000001040	-34.860114	173.459346
grid_-34.9_173.4	2000001050	-34.86227	173.446359
grid_-34.9_173.4	2000001060	-34.858999	173.440365
grid_-34.9_173.4	2000001070	-34.869162	173.435538
grid_-34.9_173.4	2000001080	-34.876847	173.420833
grid_-34.9_173.4	2000001090	-34.880304	173.404258
grid_-34.9_173.4	2000001100	-34.877204	173.390603
grid_-34.9_173.4	2000001110	-34.879247	173.375591
grid_-34.9_173.4	2000001120	-34.896461	173.368733
grid_-34.9_173.4	2000001130	-34.913977	173.371158
grid_-34.9_173.4	2000001140	-34.931282	173.377662
grid_-34.9_173.4	2000001150	-34.947475	173.386778
grid_-35.0_173.4	2000001160	-34.960892	173.39854
grid_-35.0_173.4	2000001170	-34.974902	173.414271
grid_-35.0_173.4	2000001180	-34.98428	173.427904
grid_-35.0_173.4	2000001190	-34.983317	173.410868
grid_-35.0_173.4	2000001200	-34.986862	173.424974
grid_-35.0_173.4	2000001210	-34.985011	173.438802
grid_-35.0_173.5	2000001220	-34.984685	173.452442
grid_-35.0_173.5	2000001230	-34.993119	173.465615
grid_-35.0_173.5	2000001240	-35.001802	173.46114
grid_-35.0_173.5	2000001250	-35.009328	173.457554
grid_-35.0_173.5	2000001260	-35.002417	173.463583
grid_-35.0_173.5	2000001270	-35.015066	173.468098
grid_-35.0_173.5	2000001280	-35.021735	173.468012
grid_-35.0_173.5	2000001290	-35.02118	173.478059
grid_-35.0_173.5	2000001300	-35.0084	173.471329
grid_-35.0_173.5	2000001310	-34.997159	173.471131
grid_-35.0_173.5	2000001320	-34.990039	173.478157
grid_-35.0_173.5	2000001330	-34.991932	173.495784
grid_-35.0_173.5	2000001340	-34.990134	173.507762
grid_-35.0_173.5	2000001350	-34.983339	173.523235
grid_-35.0_173.5	2000001360	-34.989679	173.529639
grid_-35.0_173.5	2000001370	-34.997677	173.535571
grid_-35.0_173.5	2000001380	-35.010761	173.543085
grid_-35.0_173.5	2000001390	-35.016014	173.543654
grid_-35.0_173.6	2000001400	-35.021148	173.550858
grid_-35.0_173.6	2000001410	-35.032286	173.565855
grid_-35.0_173.6	2000001420	-35.030149	173.573491
grid_-35.0_173.6	2000001430	-35.023745	173.556022
grid_-35.0_173.6	2000001440	-35.013771	173.560325
grid_-35.0_173.6	2000001450	-35.003105	173.557082
grid_-35.0_173.6	2000001460	-34.989146	173.559308
grid_-35.0_173.6	2000001470	-34.977987	173.550425
grid_-35.0_173.5	2000001480	-34.98011	173.539636
grid_-35.0_173.5	2000001490	-34.979418	173.532037
grid_-35.0_173.5	2000001500	-34.972901	173.537529
grid_-35.0_173.5	2000001510	-34.959964	173.530937
grid_-34.9_173.5	2000001520	-34.948261	173.526329
grid_-34.9_173.5	2000001530	-34.938928	173.535933
grid_-34.9_173.5	2000001540	-34.934113	173.545778
grid_-34.9_173.6	2000001550	-34.929283	173.556745
grid_-34.9_173.6	2000001560	-34.916782	173.557685
grid_-34.9_173.6	2000001570	-34.922072	173.565042
grid_-34.9_173.6	2000001580	-34.929549	173.570655
grid_-34.9_173.6	2000001590	-34.936693	173.572955
grid_-34.9_173.6	2000001600	-34.942914	173.580765
grid_-34.9_173.6	2000001610	-34.937112	173.590839
grid_-34.9_173.6	2000001620	-34.936861	173.604685
grid_-34.9_173.6	2000001630	-34.938637	173.616984
grid_-34.9_173.6	2000001640	-34.947655	173.623596
grid_-34.9_173.6	2000001650	-34.949636	173.62714
grid_-35.0_173.6	2000001660	-34.953946	173.638506
grid_-35.0_173.6	2000001670	-34.963938	173.642417
grid_-35.0_173.7	2000001680	-34.966025	173.656408
grid_-35.0_173.7	2000001690	-34.961657	173.669678
grid_-35.0_173.7	2000001700	-34.952091	173.677906
grid_-35.0_173.7	2000001710	-34.989012	173.711016
grid_-35.0_173.7	2000001720	-34.99631	173.723237
grid_-35.0_173.7	2000001730	-34.995243	173.740684
grid_-35.0_173.8	2000001740	-34.999539	173.756408
grid_-35.0_173.8	2000001750	-35.005491	173.750654
grid_-35.0_173.7	2000001760	-35.002094	173.735615
grid_-35.0_173.7	2000001770	-35.00602	173.732471
grid_-35.0_173.7	2000001780	-35.008583	173.724145
grid_-35.0_173.7	2000001790	-35.013369	173.728227
grid_-35.0_173.7	2000001800	-35.013014	173.741017
grid_-35.0_173.7	2000001810	-35.018895	173.745508
grid_-35.0_173.7	2000001820	-35.027769	173.744697
grid_-35.0_173.7	2000001830	-35.038819	173.737221
grid_-35.0_173.7	2000001840	-35.041379	173.729083
grid_-35.0_173.7	2000001850	-35.047411	173.726808
grid_-35.0_173.7	2000001860	-35.042642	173.717296
grid_-35.1_173.7	2000001870	-35.051503	173.705379
grid_-35.1_173.7	2000001880	-35.056886	173.697585
grid_-35.1_173.7	2000001890	-35.058974	173.685449
grid_-35.1_173.7	2000001900	-35.06154	173.687306
grid_-35.1_173.7	2000001910	-35.070439	173.686143
grid_-35.1_173.7	2000001920	-35.06308	173.694439
grid_-35.1_173.7	2000001930	-35.054833	173.702911
grid_-35.1_173.7	2000001940	-35.062952	173.716028
grid_-35.1_173.7	2000001950	-35.073894	173.719923
grid_-35.1_173.7	2000001960	-35.087246	173.718141
grid_-35.1_173.7	2000001970	-35.085082	173.733395
grid_-35.1_173.7	2000001980	-35.075416	173.742637
grid_-35.1_173.7	2000001990	-35.077427	173.749622
grid_-35.1_173.7	2000002000	-35.071494	173.746564
grid_-35.1_173.7	2000002010	-35.05737	173.745701
grid_-35.0_173.7	2000002020	-35.046997	173.743413
grid_-35.0_173.8	2000002030	-35.036849	173.751608
grid_-35.0_173.8	2000002040	-35.043779	173.754659
grid_-35.0_173.8	2000002050	-35.048708	173.759461
grid_-35.1_173.8	2000002060	-35.050924	173.769108
grid_-35.0_173.8	2000002070	-35.045939	173.766443
grid_-35.0_173.8	2000002080	-35.038589	173.763586
grid_-35.0_173.8	2000002090	-35.032905	173.768032
grid_-35.0_173.8	2000002100	-35.041631	173.776595
grid_-35.0_173.8	2000002110	-35.033994	173.780671
grid_-35.0_173.8	2000002120	-35.028767	173.774843
grid_-35.0_173.8	2000002130	-35.02006	173.773379
grid_-35.0_173.8	2000002140	-35.015665	173.758945
grid_-35.0_173.8	2000002150	-35.00653	173.76205
grid_-35.0_173.8	2000002160	-35.007838	173.778523
grid_-35.0_173.8	2000002170	-35.001803	173.795778
grid_-35.0_173.8	2000002180	-34.995238	173.807876
grid_-35.0_173.8	2000002190	-34.998086	173.815336
grid_-35.0_173.8	2000002200	-34.996058	173.822413
grid_-35.0_173.8	2000002210	-34.997773	173.833248
grid_-35.0_173.8	2000002220	-34.994255	173.843027
grid_-35.0_173.9	2000002230	-34.990228	173.859039
grid_-35.0_173.8	2000002240	-34.995775	173.849337
grid_-35.0_173.9	2000002250	-35.002682	173.852248
grid_-35.0_173.9	2000002260	-35.013357	173.853632
grid_-35.0_173.9	2000002270	-35.019302	173.861972
grid_-35.0_173.9	2000002280	-35.018438	173.87647
grid_-35.0_173.9	2000002290	-35.018413	173.888894
grid_-35.0_173.9	2000002300	-35.01008	173.894719
grid_-35.0_173.9	2000002310	-35.021068	173.900406
grid_-35.0_173.9	2000002320	-35.027006	173.912334
grid_-35.0_173.9	2000002330	-35.032285	173.913978
grid_-35.0_173.9	2000002340	-35.043077	173.92505
grid_-35.1_173.9	2000002350	-35.053101	173.938818
grid_-35.1_173.9	2000002360	-35.059618	173.932155
grid_-35.1_173.9	2000002370	-35.069048	173.929281
grid_-35.1_173.9	2000002380	-35.084284	173.934752
grid_-35.1_173.9	2000002390	-35.098042	173.93979
grid_-35.1_173.9	2000002400	-35.098172	173.932139
grid_-35.1_173.9	2000002410	-35.104969	173.932832
grid_-35.1_173.9	2000002420	-35.102497	173.944293
grid_-35.1_174.0	2000002430	-35.113237	173.958174
grid_-35.1_174.0	2000002440	-35.121419	173.966176
grid_-35.1_174.0	2000002450	-35.119574	173.976337
grid_-35.1_174.0	2000002460	-35.131424	173.982049
grid_-35.1_174.0	2000002470	-35.1343	173.989094
grid_-35.1_174.0	2000002480	-35.123335	173.982653
grid_-35.1_174.0	2000002490	-35.115971	173.992872
grid_-35.1_174.0	2000002500	-35.121708	174.007702
grid_-35.1_174.0	2000002510	-35.115286	174.021445
grid_-35.1_174.0	2000002520	-35.117448	174.031737
grid_-35.1_174.0	2000002530	-35.117103	174.04221
grid_-35.1_174.1	2000002540	-35.118834	174.053782
grid_-35.1_174.1	2000002550	-35.116704	174.064344
grid_-35.1_174.1	2000002560	-35.116392	174.080306
grid_-35.1_174.1	2000002570	-35.124707	174.086705
grid_-35.1_174.1	2000002580	-35.133566	174.090541
grid_-35.1_174.1	2000002590	-35.14219	174.094809
grid_-35.2_174.1	2000002600	-35.151618	174.102011
grid_-35.2_174.1	2000002610	-35.15611	174.115146
grid_-35.2_174.1	2000002620	-35.160541	174.125875
grid_-35.2_174.1	2000002630	-35.171152	174.119212
grid_-35.2_174.1	2000002640	-35.169604	174.105888
grid_-35.2_174.1	2000002650	-35.171365	174.098664
grid_-35.2_174.1	2000002660	-35.177627	174.08497
grid_-35.2_174.1	2000002670	-35.185521	174.070081
grid_-35.2_174.1	2000002680	-35.190148	174.063331
grid_-35.2_174.1	2000002690	-35.1787	174.057949
grid_-35.2_174.1	2000002700	-35.174625	174.053778
grid_-35.2_174.1	2000002710	-35.164617	174.05053
grid_-35.2_174.0	2000002720	-35.155767	174.047438
grid_-35.1_174.1	2000002730	-35.149522	174.061162
grid_-35.2_174.1	2000002740	-35.157487	174.069502
grid_-35.2_174.1	2000002750	-35.151788	174.069266
grid_-35.1_174.1	2000002760	-35.148679	174.059108
grid_-35.1_174.1	2000002770	-35.143412	174.052406
grid_-35.2_174.0	2000002780	-35.153434	174.048035
grid_-35.1_174.0	2000002790	-35.148191	174.042405
grid_-35.2_174.0	2000002800	-35.159848	174.03857
grid_-35.2_174.0	2000002810	-35.162955	174.033792
grid_-35.2_174.0	2000002820	-35.154261	174.024448
grid_-35.1_174.0	2000002830	-35.149309	174.022725
grid_-35.1_174.0	2000002840	-35.144497	174.021995
grid_-35.1_174.0	2000002850	-35.140756	174.009133
grid_-35.1_174.0	2000002860	-35.144403	174.006923
grid_-35.1_174.0	2000002870	-35.14503	173.994368
grid_-35.2_174.0	2000002880	-35.150659	173.981859
grid_-35.2_174.0	2000002890	-35.159006	173.982871
grid_-35.2_174.0	2000002900	-35.171875	173.978619
grid_-35.2_174.0	2000002910	-35.168466	173.986628
grid_-35.2_174.0	2000002920	-35.158622	173.986941
grid_-35.2_174.0	2000002930	-35.161165	173.996022
grid_-35.2_174.0	2000002940	-35.164898	174.004274
grid_-35.2_174.0	2000002950	-35.16942	174.011189
grid_-35.2_174.0	2000002960	-35.174372	174.007775
grid_-35.2_174.0	2000002970	-35.17515	174.021361
grid_-35.2_174.0	2000002980	-35.180915	174.023103
grid_-35.2_174.0	2000002990	-35.180821	174.031036
grid_-35.2_174.0	2000003000	-35.187356	174.035052
grid_-35.2_174.0	2000003010	-35.193253	174.049762
grid_-35.2_174.0	2000003020	-35.192407	174.037628
grid_-35.2_174.0	2000003030	-35.196299	174.031687
grid_-35.2_174.0	2000003040	-35.189565	174.018655
grid_-35.2_174.0	2000003050	-35.190328	174.006867
grid_-35.2_174.0	2000003060	-35.193914	174.001618
grid_-35.2_174.0	2000003070	-35.199096	173.991381
grid_-35.2_174.0	2000003080	-35.201568	173.982708
grid_-35.2_174.0	2000003090	-35.207156	173.981532
grid_-35.2_174.0	2000003100	-35.203891	173.968514
grid_-35.2_174.0	2000003110	-35.213974	173.971788
grid_-35.2_174.0	2000003120	-35.218541	173.963536
grid_-35.2_174.0	2000003130	-35.218223	173.972528
grid_-35.2_174.0	2000003140	-35.211238	173.984081
grid_-35.2_174.0	2000003150	-35.225803	173.98285
grid_-35.2_174.0	2000003160	-35.220549	173.984208
grid_-35.2_174.0	2000003170	-35.210032	173.988694
grid_-35.2_174.0	2000003180	-35.20922	174.003068
grid_-35.2_174.0	2000003190	-35.209753	174.01396
grid_-35.2_174.0	2000003200	-35.208089	174.0215
grid_-35.2_174.0	2000003210	-35.209276	174.025843
grid_-35.2_174.0	2000003220	-35.20785	174.036465
grid_-35.2_174.0	2000003230	-35.210656	174.032005
grid_-35.2_174.0	2000003240	-35.217427	174.038006
grid_-35.2_174.0	2000003250	-35.217463	174.046195
grid_-35.2_174.0	2000003260	-35.208852	174.040996
grid_-35.2_174.1	2000003270	-35.209853	174.051985
grid_-35.2_174.1	2000003280	-35.210621	174.067169
grid_-35.2_174.1	2000003290	-35.219846	174.061918
grid_-35.2_174.1	2000003300	-35.232086	174.062076
grid_-35.2_174.1	2000003310	-35.238535	174.075933
grid_-35.3_174.1	2000003320	-35.251485	174.075453
grid_-35.3_174.1	2000003330	-35.255498	174.077978
grid_-35.3_174.1	2000003340	-35.265357	174.083959
grid_-35.3_174.1	2000003350	-35.268683	174.073207
grid_-35.3_174.1	2000003360	-35.264721	174.064753
grid_-35.3_174.1	2000003370	-35.267277	174.055969
grid_-35.3_174.1	2000003380	-35.271586	174.063423
grid_-35.3_174.1	2000003390	-35.278823	174.054514
grid_-35.3_174.1	2000003400	-35.279863	174.064522
grid_-35.3_174.1	2000003410	-35.287087	174.065318
grid_-35.3_174.1	2000003420	-35.278479	174.071147
grid_-35.3_174.1	2000003430	-35.274884	174.080749
grid_-35.3_174.1	2000003440	-35.284611	174.096521
grid_-35.3_174.1	2000003450	-35.296429	174.098368
grid_-35.3_174.1	2000003460	-35.29385	174.085685
grid_-35.3_174.1	2000003470	-35.296322	174.092707
grid_-35.3_174.1	2000003480	-35.303382	174.08983
grid_-35.3_174.1	2000003490	-35.29931	174.103881
grid_-35.3_174.1	2000003500	-35.303939	174.104603
grid_-35.3_174.1	2000003510	-35.310194	174.116544
grid_-35.3_174.1	2000003520	-35.318717	174.117893
grid_-35.3_174.1	2000003530	-35.324476	174.111632
grid_-35.3_174.1	2000003540	-35.330123	174.098647
grid_-35.3_174.1	2000003550	-35.335058	174.094845
grid_-35.3_174.1	2000003560	-35.332276	174.105919
grid_-35.3_174.1	2000003570	-35.33034	174.116132
grid_-35.3_174.1	2000003580	-35.336407	174.107587
grid_-35.3_174.1	2000003590	-35.343181	174.104418
grid_-35.4_174.1	2000003600	-35.355062	174.108394
grid_-35.4_174.1	2000003610	-35.361643	174.097653
grid_-35.4_174.1	2000003620	-35.35765	174.112549
grid_-35.4_174.1	2000003630	-35.367383	174.120147
grid_-35.4_174.1	2000003640	-35.371063	174.125237
grid_-35.4_174.1	2000003650	-35.368071	174.137592
grid_-35.4_174.1	2000003660	-35.363338	174.130043
grid_-35.4_174.1	2000003670	-35.354382	174.116316
grid_-35.3_174.1	2000003680	-35.340862	174.107367
grid_-35.3_174.1	2000003690	-35.341366	174.115336
grid_-35.3_174.1	2000003700	-35.343893	174.120688
grid_-35.3_174.1	2000003710	-35.335874	174.121769
grid_-35.3_174.1	2000003720	-35.326002	174.123542
grid_-35.3_174.1	2000003730	-35.321499	174.127731
grid_-35.3_174.1	2000003740	-35.316276	174.130852
grid_-35.3_174.1	2000003750	-35.325318	174.13757
grid_-35.3_174.1	2000003760	-35.335863	174.136898
grid_-35.3_174.1	2000003770	-35.33769	174.139455
grid_-35.3_174.1	2000003780	-35.330581	174.145889
grid_-35.3_174.2	2000003790	-35.332762	174.152032
grid_-35.3_174.2	2000003800	-35.334914	174.161007
grid_-35.3_174.2	2000003810	-35.333139	174.167341
grid_-35.3_174.2	2000003820	-35.329637	174.16733
grid_-35.3_174.2	2000003830	-35.328686	174.177653
grid_-35.3_174.2	2000003840	-35.327451	174.162137
grid_-35.3_174.1	2000003850	-35.325837	174.148214
grid_-35.3_174.1	2000003860	-35.320238	174.149097
grid_-35.3_174.1	2000003870	-35.318616	174.149757
grid_-35.3_174.2	2000003880	-35.318628	174.161238
grid_-35.3_174.2	2000003890	-35.315375	174.165664
grid_-35.3_174.2	2000003900	-35.312349	174.175856
grid_-35.3_174.2	2000003910	-35.320236	174.18
grid_-35.3_174.2	2000003920	-35.318148	174.190277
grid_-35.3_174.2	2000003930	-35.322159	174.209543
grid_-35.3_174.2	2000003940	-35.330227	174.213265
grid_-35.3_174.2	2000003950	-35.339815	174.215495
grid_-35.3_174.2	2000003960	-35.337138	174.226143
grid_-35.3_174.2	2000003970	-35.332485	174.233899
grid_-35.3_174.2	2000003980	-35.325588	174.232907
grid_-35.3_174.2	2000003990	-35.325401	174.218545
grid_-35.3_174.2	2000004000	-35.318629	174.216462
grid_-35.3_174.2	2000004010	-35.315872	174.213059
grid_-35.3_174.2	2000004020	-35.309345	174.215552
grid_-35.3_174.2	2000004030	-35.3101	174.199423
grid_-35.3_174.2	2000004040	-35.305422	174.211126
grid_-35.3_174.2	2000004050	-35.296381	174.211101
grid_-35.3_174.2	2000004060	-35.291563	174.208042
grid_-35.3_174.2	2000004070	-35.304626	174.200349
grid_-35.3_174.2	2000004080	-35.302396	174.196466
grid_-35.3_174.2	2000004090	-35.311469	174.194728
grid_-35.3_174.2	2000004100	-35.300678	174.192982
grid_-35.3_174.2	2000004110	-35.298327	174.189562
grid_-35.3_174.2	2000004120	-35.302716	174.174281
grid_-35.3_174.2	2000004130	-35.293938	174.165366
grid_-35.3_174.2	2000004140	-35.302051	174.164137
grid_-35.3_174.2	2000004150	-35.30457	174.153197
grid_-35.3_174.1	2000004160	-35.306159	174.144556
grid_-35.3_174.1	2000004170	-35.299428	174.141557
grid_-35.3_174.1	2000004180	-35.306166	174.131028
grid_-35.3_174.1	2000004190	-35.305581	174.121265
grid_-35.3_174.1	2000004200	-35.299341	174.122176
grid_-35.3_174.1	2000004210	-35.290361	174.117962
grid_-35.3_174.1	2000004220	-35.287426	174.122262
grid_-35.3_174.1	2000004230	-35.281633	174.121161
grid_-35.3_174.1	2000004240	-35.286397	174.133372
grid_-35.3_174.1	2000004250	-35.286341	174.147562
grid_-35.3_174.1	2000004260	-35.280309	174.137329
grid_-35.3_174.1	2000004270	-35.277155	174.131821
grid_-35.3_174.1	2000004280	-35.266059	174.128107
grid_-35.3_174.1	2000004290	-35.259756	174.120267
grid_-35.3_174.1	2000004300	-35.250563	174.112017
grid_-35.2_174.1	2000004310	-35.244677	174.120535
grid_-35.3_174.1	2000004320	-35.253189	174.133995
grid_-35.3_174.1	2000004330	-35.26101	174.143972
grid_-35.3_174.2	2000004340	-35.264832	174.158616
grid_-35.3_174.2	2000004350	-35.275189	174.167314
grid_-35.3_174.2	2000004360	-35.27521	174.180967
grid_-35.3_174.2	2000004370	-35.27357	174.186099
grid_-35.3_174.2	2000004380	-35.271208	174.188779
grid_-35.3_174.2	2000004390	-35.272487	174.17848
grid_-35.3_174.2	2000004400	-35.263092	174.17741
grid_-35.3_174.2	2000004410	-35.269092	174.189762
grid_-35.3_174.2	2000004420	-35.281164	174.202165
grid_-35.3_174.2	2000004430	-35.278177	174.211222
grid_-35.3_174.2	2000004440	-35.270914	174.21186
grid_-35.3_174.2	2000004450	-35.263157	174.213752
grid_-35.3_174.2	2000004460	-35.260449	174.205593
grid_-35.3_174.2	2000004470	-35.256017	174.213647
grid_-35.3_174.2	2000004480	-35.252384	174.199
grid_-35.2_174.2	2000004490	-35.248673	174.187981
grid_-35.2_174.2	2000004500	-35.247943	174.200148
grid_-35.2_174.2	2000004510	-35.247889	174.216662
grid_-35.2_174.2	2000004520	-35.248968	174.229225
grid_-35.3_174.2	2000004530	-35.255594	174.227375
grid_-35.3_174.2	2000004540	-35.257918	174.233044
grid_-35.3_174.2	2000004550	-35.257102	174.24739
grid_-35.3_174.3	2000004560	-35.259876	174.260432
grid_-35.3_174.3	2000004570	-35.25563	174.260266
grid_-35.2_174.2	2000004580	-35.249498	174.249388
grid_-35.2_174.2	2000004590	-35.245393	174.246481
grid_-35.2_174.2	2000004600	-35.241549	174.245853
grid_-35.2_174.2	2000004610	-35.235808	174.247011
grid_-35.2_174.3	2000004620	-35.233623	174.26033
grid_-35.2_174.3	2000004630	-35.224867	174.261957
grid_-35.2_174.3	2000004640	-35.219146	174.25509
grid_-35.2_174.3	2000004650	-35.222953	174.267391
grid_-35.2_174.3	2000004660	-35.226639	174.274191
grid_-35.2_174.3	2000004670	-35.223977	174.283174
grid_-35.2_174.3	2000004680	-35.217353	174.288704
grid_-35.2_174.3	2000004690	-35.206177	174.289436
grid_-35.2_174.3	2000004700	-35.20125	174.297825
grid_-35.2_174.3	2000004710	-35.192512	174.304985
grid_-35.2_174.3	2000004720	-35.190306	174.29281
grid_-35.2_174.3	2000004730	-35.184773	174.300426
grid_-35.2_174.3	2000004740	-35.181374	174.31434
grid_-35.2_174.3	2000004750	-35.182025	174.326047
grid_-35.2_174.3	2000004760	-35.171886	174.330869
grid_-35.2_174.3	2000004770	-35.181527	174.332279
grid_-35.2_174.3	2000004780	-35.188407	174.340358
grid_-35.2_174.3	2000004790	-35.195301	174.330144
grid_-35.2_174.3	2000004800	-35.195936	174.318158
grid_-35.2_174.3	2000004810	-35.203594	174.312715
grid_-35.2_174.3	2000004820	-35.21131	174.314718
grid_-35.2_174.3	2000004830	-35.218063	174.315108
grid_-35.2_174.3	2000004840	-35.216098	174.305818
grid_-35.2_174.3	2000004850	-35.223176	174.299221
grid_-35.2_174.3	2000004860	-35.23436	174.292032
grid_-35.2_174.3	2000004870	-35.238429	174.303415
grid_-35.2_174.3	2000004880	-35.239305	174.310702
grid_-35.2_174.3	2000004890	-35.247823	174.301202
grid_-35.3_174.3	2000004900	-35.253156	174.300225
grid_-35.3_174.3	2000004910	-35.250178	174.312936
grid_-35.2_174.3	2000004920	-35.247662	174.325397
grid_-35.3_174.3	2000004930	-35.254969	174.314558
grid_-35.3_174.3	2000004940	-35.255779	174.298337
grid_-35.3_174.3	2000004950	-35.267662	174.292634
grid_-35.3_174.3	2000004960	-35.278701	174.29462
grid_-35.3_174.3	2000004970	-35.289319	174.303618
grid_-35.3_174.3	2000004980	-35.298663	174.312472
grid_-35.3_174.3	2000004990	-35.306225	174.318309
grid_-35.3_174.3	2000005000	-35.315173	174.323395
grid_-35.3_174.3	2000005010	-35.323841	174.335586
grid_-35.3_174.4	2000005020	-35.325649	174.35186
grid_-35.3_174.4	2000005030	-35.327017	174.364093
grid_-35.3_174.4	2000005040	-35.319331	174.375444
grid_-35.3_174.4	2000005050	-35.328587	174.373056
grid_-35.3_174.4	2000005060	-35.330463	174.364646
grid_-35.3_174.4	2000005070	-35.333469	174.350735
grid_-35.3_174.4	2000005080	-35.347513	174.358746
grid_-35.4_174.4	2000005090	-35.350599	174.375654
grid_-35.4_174.4	2000005100	-35.361966	174.380693
grid_-35.4_174.4	2000005110	-35.369835	174.373866
grid_-35.4_174.4	2000005120	-35.377101	174.374935
grid_-35.4_174.4	2000005130	-35.375088	174.363047
grid_-35.4_174.4	2000005140	-35.36408	174.359493
grid_-35.4_174.4	2000005150	-35.351786	174.355427
grid_-35.3_174.3	2000005160	-35.349875	174.341731
grid_-35.3_174.3	2000005170	-35.341268	174.337254
grid_-35.3_174.3	2000005180	-35.334801	174.33686
grid_-35.3_174.3	2000005190	-35.338577	174.328857
grid_-35.3_174.3	2000005200	-35.338867	174.322442
grid_-35.3_174.3	2000005210	-35.332418	174.321131
grid_-35.3_174.3	2000005220	-35.330247	174.316411
grid_-35.3_174.3	2000005230	-35.328102	174.311521
grid_-35.3_174.3	2000005240	-35.320601	174.306812
grid_-35.3_174.3	2000005250	-35.322285	174.302524
grid_-35.3_174.3	2000005260	-35.332955	174.306186
grid_-35.3_174.3	2000005270	-35.33892	174.310305
grid_-35.3_174.3	2000005280	-35.342857	174.313819
grid_-35.3_174.3	2000005290	-35.344752	174.319673
grid_-35.3_174.3	2000005300	-35.346531	174.32664
grid_-35.4_174.3	2000005310	-35.35395	174.323254
grid_-35.4_174.3	2000005320	-35.357648	174.311579
grid_-35.4_174.3	2000005330	-35.363498	174.322693
grid_-35.4_174.3	2000005340	-35.359463	174.328735
grid_-35.4_174.3	2000005350	-35.363378	174.339506
grid_-35.4_174.3	2000005360	-35.378554	174.342698
grid_-35.4_174.3	2000005370	-35.391865	174.345503
grid_-35.4_174.4	2000005380	-35.402152	174.35093
grid_-35.4_174.4	2000005390	-35.416243	174.359052
grid_-35.4_174.4	2000005400	-35.417705	174.373243
grid_-35.4_174.4	2000005410	-35.423433	174.36332
grid_-35.4_174.4	2000005420	-35.436521	174.363117
grid_-35.4_174.4	2000005430	-35.437807	174.372623
grid_-35.4_174.4	2000005440	-35.437152	174.382763
grid_-35.4_174.4	2000005450	-35.430769	174.393978
grid_-35.4_174.4	2000005460	-35.438769	174.394841
grid_-35.4_174.4	2000005470	-35.44259	174.409449
grid_-35.4_174.4	2000005480	-35.435477	174.422873
grid_-35.4_174.4	2000005490	-35.425599	174.420415
grid_-35.4_174.4	2000005500	-35.429905	174.430977
grid_-35.4_174.4	2000005510	-35.443321	174.426528
grid_-35.5_174.4	2000005520	-35.457722	174.432208
grid_-35.5_174.4	2000005530	-35.463839	174.444852
grid_-35.5_174.5	2000005540	-35.469512	174.451133
grid_-35.5_174.5	2000005550	-35.479843	174.450962
grid_-35.5_174.5	2000005560	-35.49065	174.459069
grid_-35.5_174.5	2000005570	-35.494438	174.470483
grid_-35.5_174.5	2000005580	-35.505896	174.470269
grid_-35.5_174.5	2000005590	-35.514262	174.480415
grid_-35.5_174.5	2000005600	-35.511927	174.473067
grid_-35.5_174.5	2000005610	-35.51308	174.457991
grid_-35.5_174.4	2000005620	-35.511074	174.444235
grid_-35.5_174.4	2000005630	-35.510005	174.438453
grid_-35.5_174.4	2000005640	-35.517715	174.429062
grid_-35.5_174.4	2000005650	-35.516485	174.447471
grid_-35.5_174.5	2000005660	-35.52371	174.451629
grid_-35.5_174.5	2000005670	-35.518264	174.459218
grid_-35.5_174.5	2000005680	-35.51837	174.464157
grid_-35.5_174.5	2000005690	-35.532749	174.460912
grid_-35.5_174.5	2000005700	-35.543244	174.467151
grid_-35.6_174.5	2000005710	-35.55262	174.471896
grid_-35.6_174.5	2000005720	-35.556088	174.483474
grid_-35.6_174.5	2000005730	-35.561666	174.495476
grid_-35.6_174.5	2000005740	-35.556646	174.501893
grid_-35.6_174.5	2000005750	-35.558538	174.514364
grid_-35.6_174.5	2000005760	-35.566349	174.508197
grid_-35.6_174.5	2000005770	-35.568259	174.501798
grid_-35.6_174.5	2000005780	-35.572664	174.508083
grid_-35.6_174.5	2000005790	-35.5762	174.513873
grid_-35.6_174.5	2000005800	-35.564333	174.512082
grid_-35.6_174.5	2000005810	-35.566028	174.519912
grid_-35.6_174.5	2000005820	-35.57367	174.523125
grid_-35.6_174.5	2000005830	-35.578775	174.531585
grid_-35.6_174.5	2000005840	-35.584464	174.536725
grid_-35.6_174.5	2000005850	-35.593038	174.538613
grid_-35.6_174.5	2000005860	-35.601026	174.540484
grid_-35.6_174.5	2000005870	-35.607762	174.534477
grid_-35.6_174.5	2000005880	-35.612641	174.537994
grid_-35.6_174.5	2000005890	-35.611423	174.526686
grid_-35.6_174.5	2000005900	-35.620923	174.532005
grid_-35.6_174.5	2000005910	-35.620811	174.539788
grid_-35.6_174.5	2000005920	-35.631108	174.542336
grid_-35.6_174.5	2000005930	-35.640975	174.533773
grid_-35.6_174.5	2000005940	-35.632063	174.521794
grid_-35.6_174.5	2000005950	-35.629321	174.505613
grid_-35.6_174.5	2000005960	-35.634795	174.497934
grid_-35.6_174.5	2000005970	-35.63667	174.487586
grid_-35.6_174.5	2000005980	-35.638866	174.476764
grid_-35.6_174.5	2000005990	-35.632038	174.488022
grid_-35.6_174.5	2000006000	-35.62957	174.481763
grid_-35.6_174.5	2000006010	-35.637645	174.474712
grid_-35.6_174.5	2000006020	-35.641448	174.469302
grid_-35.6_174.5	2000006030	-35.638488	174.465099
grid_-35.6_174.5	2000006040	-35.635202	174.459037
grid_-35.6_174.4	2000006050	-35.635365	174.44841
grid_-35.6_174.4	2000006060	-35.636224	174.43554
grid_-35.6_174.4	2000006070	-35.638313	174.447575
grid_-35.6_174.5	2000006080	-35.643562	174.45365
grid_-35.6_174.5	2000006090	-35.644178	174.461151
grid_-35.7_174.5	2000006100	-35.652021	174.466987
grid_-35.6_174.5	2000006110	-35.644007	174.472139
grid_-35.6_174.5	2000006120	-35.648807	174.475703
grid_-35.7_174.5	2000006130	-35.652272	174.483621
grid_-35.6_174.5	2000006140	-35.645798	174.483073
grid_-35.6_174.5	2000006150	-35.643203	174.492303
grid_-35.6_174.5	2000006160	-35.640894	174.502977
grid_-35.6_174.5	2000006170	-35.63145	174.514155
grid_-35.6_174.5	2000006180	-35.647845	174.502578
grid_-35.7_174.5	2000006190	-35.65581	174.512388
grid_-35.7_174.5	2000006200	-35.668296	174.505852
grid_-35.7_174.5	2000006210	-35.668046	174.494564
grid_-35.7_174.5	2000006220	-35.669126	174.49103
grid_-35.7_174.5	2000006230	-35.660254	174.487314
grid_-35.7_174.5	2000006240	-35.662961	174.477835
grid_-35.7_174.5	2000006250	-35.664594	174.476778
grid_-35.7_174.5	2000006260	-35.665927	174.483829
grid_-35.7_174.5	2000006270	-35.671399	174.485136
grid_-35.7_174.5	2000006280	-35.674246	174.490508
grid_-35.7_174.5	2000006290	-35.671369	174.50542
grid_-35.7_174.5	2000006300	-35.676899	174.508449
grid_-35.7_174.5	2000006310	-35.69276	174.513652
grid_-35.7_174.5	2000006320	-35.708809	174.521042
grid_-35.7_174.5	2000006330	-35.71549	174.514956
grid_-35.7_174.5	2000006340	-35.715444	174.503913
grid_-35.7_174.5	2000006350	-35.717352	174.501725
grid_-35.7_174.5	2000006360	-35.725602	174.499073
grid_-35.7_174.5	2000006370	-35.729733	174.499681
grid_-35.7_174.5	2000006380	-35.732462	174.48267
grid_-35.7_174.5	2000006390	-35.736626	174.483709
grid_-35.7_174.5	2000006400	-35.733327	174.498053
grid_-35.7_174.5	2000006410	-35.728404	174.507029
grid_-35.7_174.5	2000006420	-35.722826	174.511676
grid_-35.7_174.5	2000006430	-35.717536	174.522903
grid_-35.7_174.5	2000006440	-35.714368	174.526878
grid_-35.7_174.5	2000006450	-35.712192	174.540763
grid_-35.7_174.5	2000006460	-35.720449	174.544828
grid_-35.7_174.5	2000006470	-35.718143	174.542245
grid_-35.7_174.5	2000006480	-35.723769	174.535177
grid_-35.7_174.5	2000006490	-35.720754	174.525333
grid_-35.7_174.5	2000006500	-35.72874	174.529959
grid_-35.7_174.5	2000006510	-35.735161	174.535327
grid_-35.7_174.5	2000006520	-35.743732	174.533366
grid_-35.7_174.5	2000006530	-35.748657	174.520854
grid_-35.7_174.5	2000006540	-35.748559	174.522524
grid_-35.7_174.5	2000006550	-35.749655	174.529119
grid_-35.7_174.5	2000006560	-35.749649	174.535602
grid_-35.7_174.5	2000006570	-35.743717	174.537991
grid_-35.7_174.5	2000006580	-35.739704	174.547652
grid_-35.7_174.6	2000006590	-35.732467	174.550154
grid_-35.7_174.5	2000006600	-35.728895	174.544843
grid_-35.7_174.5	2000006610	-35.724004	174.543518
grid_-35.7_174.6	2000006620	-35.716358	174.559778
grid_-35.7_174.6	2000006630	-35.7227	174.564749
grid_-35.7_174.6	2000006640	-35.723426	174.561055
grid_-35.7_174.6	2000006650	-35.723426	174.561055
grid_-35.7_174.6	2000006660	-35.723426	174.561055
grid_-35.7_174.6	2000006670	-35.723426	174.561055
grid_-35.7_174.6	2000006680	-35.723426	174.561055
grid_-35.7_174.6	2000006690	-35.723426	174.561055
grid_-35.7_174.6	2000006700	-35.723426	174.561055
grid_-35.7_174.6	2000006710	-35.723426	174.561055
grid_-35.7_174.6	2000006720	-35.723426	174.561055
grid_-35.7_174.6	2000006730	-35.723426	174.561055
grid_-35.7_174.6	2000006740	-35.723426	174.561055
grid_-35.7_174.6	2000006750	-35.723426	174.561055
grid_-35.7_174.6	2000006760	-35.723426	174.561055
grid_-35.7_174.6	2000006770	-35.723426	174.561055
grid_-35.7_174.6	2000006780	-35.723426	174.561055
grid_-35.7_174.6	2000006790	-35.723426	174.561055
grid_-35.7_174.6	2000006800	-35.723426	174.561055
grid_-35.7_174.6	2000006810	-35.723426	174.561055
grid_-35.7_174.6	2000006820	-35.723426	174.561055
grid_-35.7_174.6	2000006830	-35.723426	174.561055
grid_-35.7_174.6	2000006840	-35.723426	174.561055
grid_-35.7_174.6	2000006850	-35.723426	174.561055
grid_-35.7_174.6	2000006860	-35.723426	174.561055
grid_-35.7_174.6	2000006870	-35.723426	174.561055
grid_-35.7_174.6	2000006880	-35.723426	174.561055
grid_-36.6_174.7	2000006890	-36.619742	174.677165
grid_-36.6_174.7	2000006900	-36.619742	174.677165
grid_-36.6_174.7	2000006910	-36.619742	174.677165
grid_-36.6_174.7	2000006920	-36.619742	174.677165
grid_-36.6_174.7	2000006930	-36.619742	174.677165
grid_-36.6_174.7	2000006940	-36.619742	174.677165
grid_-36.6_174.7	2000006950	-36.619742	174.677165
grid_-36.6_174.7	2000006960	-36.619742	174.677165
grid_-36.6_174.7	2000006970	-36.619742	174.677165
grid_-36.6_174.7	2000006980	-36.619742	174.677165
grid_-36.6_174.7	2000006990	-36.619742	174.677165
grid_-36.6_174.7	2000007000	-36.619742	174.677165
grid_-36.6_174.7	2000007010	-36.619742	174.677165
grid_-36.6_174.7	2000007020	-36.619742	174.677165
grid_-36.6_174.7	2000007030	-36.619742	174.677165
grid_-36.6_174.7	2000007040	-36.619742	174.677165
grid_-36.6_174.7	2000007050	-36.619742	174.677165
grid_-36.6_174.7	2000007060	-36.619742	174.677165
grid_-36.6_174.7	2000007070	-36.619742	174.677165
grid_-36.6_174.7	2000007080	-36.619742	174.677165
grid_-36.6_174.7	2000007090	-36.619742	174.677165
grid_-36.6_174.7	2000007100	-36.619742	174.677165
grid_-36.6_174.7	2000007110	-36.619742	174.677165
grid_-36.6_174.7	2000007120	-36.619742	174.677165
grid_-36.6_174.7	2000007130	-36.619742	174.677165
grid_-36.6_174.7	2000007140	-36.617726	174.691992
grid_-36.6_174.7	2000007150	-36.613314	174.697221
grid_-36.6_174.7	2000007160	-36.621405	174.713005
grid_-36.6_174.7	2000007170	-36.636724	174.722499
grid_-36.6_174.7	2000007180	-36.647965	174.737945
grid_-36.6_174.8	2000007190	-36.640063	174.753857
grid_-36.6_174.8	2000007200	-36.635496	174.767552
grid_-36.6_174.8	2000007210	-36.625006	174.777337
grid_-36.6_174.8	2000007220	-36.619305	174.787527
grid_-36.6_174.8	2000007230	-36.619395	174.790877
grid_-36.6_174.8	2000007240	-36.62523	174.79079
grid_-36.6_174.8	2000007250	-36.623658	174.80553
grid_-36.6_174.8	2000007260	-36.609503	174.807311
grid_-36.6_174.8	2000007270	-36.617557	174.816397
grid_-36.6_174.8	2000007280	-36.619565	174.829129
grid_-36.6_174.8	2000007290	-36.606927	174.838883
grid_-36.6_174.8	2000007300	-36.593752	174.83711
grid_-36.6_174.8	2000007310	-36.595234	174.817305
grid_-36.6_174.8	2000007320	-36.601333	174.801137
grid_-36.6_174.8	2000007330	-36.605225	174.782268
grid_-36.6_174.8	2000007340	-36.613432	174.769581
grid_-36.6_174.8	2000007350	-36.626701	174.76403
grid_-36.6_174.7	2000007360	-36.621987	174.748696
grid_-36.6_174.7	2000007370	-36.623697	174.736943
grid_-36.6_174.7	2000007380	-36.61183	174.721954
grid_-36.6_174.7	2000007390	-36.601328	174.707759
grid_-36.6_174.7	2000007400	-36.600955	174.690667
grid_-36.6_174.7	2000007410	-36.599737	174.68358
grid_-36.6_174.7	2000007420	-36.597167	174.669839
grid_-36.6_174.7	2000007430	-36.597627	174.665353
grid_-36.6_174.7	2000007440	-36.591932	174.672777
grid_-36.6_174.7	2000007450	-36.596496	174.689126
grid_-36.6_174.7	2000007460	-36.598152	174.69671
grid_-36.6_174.7	2000007470	-36.586415	174.697016
grid_-36.6_174.7	2000007480	-36.572662	174.694525
grid_-36.6_174.7	2000007490	-36.563126	174.695355
grid_-36.6_174.7	2000007500	-36.559551	174.707736
grid_-36.5_174.7	2000007510	-36.544233	174.709466
grid_-36.5_174.7	2000007520	-36.542724	174.698119
grid_-36.5_174.7	2000007530	-36.540013	174.679481
grid_-36.5_174.7	2000007540	-36.537221	174.693271
grid_-36.5_174.7	2000007550	-36.541432	174.710501
grid_-36.5_174.7	2000007560	-36.532046	174.713162
grid_-36.5_174.7	2000007570	-36.533979	174.705562
grid_-36.5_174.7	2000007580	-36.527483	174.687324
grid_-36.5_174.7	2000007590	-36.52873	174.674272
grid_-36.5_174.7	2000007600	-36.520189	174.676245
grid_-36.5_174.7	2000007610	-36.524598	174.685462
grid_-36.5_174.7	2000007620	-36.524148	174.698657
grid_-36.5_174.7	2000007630	-36.524717	174.711489
grid_-36.5_174.7	2000007640	-36.51847	174.72093
grid_-36.5_174.7	2000007650	-36.511882	174.709587
grid_-36.5_174.7	2000007660	-36.518049	174.721867
grid_-36.5_174.7	2000007670	-36.510483	174.722002
grid_-36.5_174.7	2000007680	-36.497416	174.717677
grid_-36.5_174.7	2000007690	-36.495702	174.70588
grid_-36.5_174.7	2000007700	-36.485858	174.706704
grid_-36.5_174.7	2000007710	-36.485655	174.69561
grid_-36.5_174.7	2000007720	-36.485102	174.685264
grid_-36.5_174.7	2000007730	-36.480763	174.685797
grid_-36.5_174.7	2000007740	-36.47393	174.69898
grid_-36.5_174.7	2000007750	-36.482655	174.712042
grid_-36.5_174.7	2000007760	-36.479899	174.715128
grid_-36.5_174.7	2000007770	-36.470777	174.710826
grid_-36.5_174.7	2000007780	-36.465012	174.715973
grid_-36.5_174.7	2000007790	-36.4693	174.702713
grid_-36.5_174.7	2000007800	-36.464371	174.690276
grid_-36.5_174.7	2000007810	-36.457273	174.701103
grid_-36.5_174.7	2000007820	-36.450896	174.705282
grid_-36.4_174.7	2000007830	-36.4445	174.699526
grid_-36.4_174.7	2000007840	-36.439958	174.707725
grid_-36.4_174.7	2000007850	-36.432125	174.697321
grid_-36.4_174.7	2000007860	-36.432469	174.691586
grid_-36.4_174.7	2000007870	-36.423005	174.684787
grid_-36.4_174.7	2000007880	-36.417278	174.687034
grid_-36.4_174.7	2000007890	-36.409638	174.683902
grid_-36.4_174.7	2000007900	-36.399741	174.671491
grid_-36.4_174.7	2000007910	-36.397899	174.669079
grid_-36.4_174.7	2000007920	-36.409061	174.68432
grid_-36.4_174.7	2000007930	-36.42016	174.693483
grid_-36.4_174.7	2000007940	-36.427825	174.706809
grid_-36.4_174.7	2000007950	-36.422631	174.717703
grid_-36.4_174.7	2000007960	-36.425693	174.719378
grid_-36.4_174.7	2000007970	-36.432049	174.72809
grid_-36.4_174.7	2000007980	-36.441409	174.725684
grid_-36.5_174.7	2000007990	-36.454961	174.730965
grid_-36.5_174.7	2000008000	-36.470702	174.733193
grid_-36.5_174.7	2000008010	-36.482229	174.726875
grid_-36.5_174.7	2000008020	-36.480018	174.732788
grid_-36.5_174.7	2000008030	-36.466192	174.738199
grid_-36.5_174.7	2000008040	-36.456399	174.738694
grid_-36.5_174.7	2000008050	-36.465652	174.749403
grid_-36.5_174.7	2000008060	-36.472937	174.747351
grid_-36.5_174.7	2000008070	-36.479397	174.745589
grid_-36.5_174.7	2000008080	-36.487349	174.739857
grid_-36.5_174.7	2000008090	-36.494103	174.739006
grid_-36.5_174.7	2000008100	-36.502659	174.739935
grid_-36.5_174.8	2000008110	-36.492814	174.750846
grid_-36.5_174.8	2000008120	-36.476652	174.754023
grid_-36.5_174.8	2000008130	-36.461341	174.763026
grid_-36.4_174.8	2000008140	-36.445482	174.767023
grid_-36.4_174.8	2000008150	-36.438512	174.778695
grid_-36.4_174.8	2000008160	-36.440587	174.76334
grid_-36.4_174.8	2000008170	-36.436867	174.752918
grid_-36.4_174.7	2000008180	-36.426457	174.739934
grid_-36.4_174.7	2000008190	-36.414546	174.729565
grid_-36.4_174.7	2000008200	-36.400628	174.737541
grid_-36.4_174.7	2000008210	-36.389349	174.729027
grid_-36.4_174.7	2000008220	-36.393637	174.717212
grid_-36.4_174.7	2000008230	-36.383209	174.712554
grid_-36.4_174.7	2000008240	-36.388247	174.721584
grid_-36.4_174.7	2000008250	-36.375531	174.726001
grid_-36.4_174.7	2000008260	-36.369785	174.725873
grid_-36.4_174.7	2000008270	-36.359656	174.720964
grid_-36.4_174.7	2000008280	-36.367932	174.728211
grid_-36.4_174.7	2000008290	-36.374743	174.730241
grid_-36.4_174.7	2000008300	-36.360195	174.731698
grid_-36.4_174.7	2000008310	-36.372835	174.734139
grid_-36.4_174.7	2000008320	-36.37784	174.739071
grid_-36.4_174.7	2000008330	-36.384922	174.731584
grid_-36.4_174.7	2000008340	-36.389371	174.742995
grid_-36.4_174.7	2000008350	-36.396556	174.744849
grid_-36.4_174.8	2000008360	-36.388791	174.756214
grid_-36.4_174.8	2000008370	-36.381824	174.756537
grid_-36.4_174.8	2000008380	-36.381931	174.769111
grid_-36.4_174.8	2000008390	-36.391375	174.773745
grid_-36.4_174.8	2000008400	-36.388265	174.78303
grid_-36.4_174.8	2000008410	-36.381825	174.791015
grid_-36.4_174.8	2000008420	-36.382892	174.805147
grid_-36.4_174.8	2000008430	-36.377199	174.819657
grid_-36.4_174.8	2000008440	-36.378413	174.838474
grid_-36.4_174.9	2000008450	-36.374306	174.857407
grid_-36.4_174.9	2000008460	-36.365711	174.867689
grid_-36.4_174.9	2000008470	-36.366609	174.853351
grid_-36.4_174.8	2000008480	-36.368722	174.836057
grid_-36.4_174.8	2000008490	-36.360055	174.817561
grid_-36.3_174.8	2000008500	-36.349517	174.806346
grid_-36.3_174.8	2000008510	-36.349024	174.787947
grid_-36.3_174.8	2000008520	-36.332838	174.779712
grid_-36.3_174.8	2000008530	-36.319144	174.781495
grid_-36.3_174.8	2000008540	-36.333772	174.770848
grid_-36.3_174.8	2000008550	-36.341966	174.771056
grid_-36.4_174.8	2000008560	-36.353571	174.782586
grid_-36.4_174.8	2000008570	-36.36312	174.777276
grid_-36.4_174.8	2000008580	-36.356463	174.764707
grid_-36.3_174.8	2000008590	-36.341735	174.760334
grid_-36.3_174.8	2000008600	-36.330765	174.761698
grid_-36.3_174.8	2000008610	-36.321883	174.754997
grid_-36.3_174.7	2000008620	-36.334958	174.744537
grid_-36.3_174.7	2000008630	-36.328168	174.744883
grid_-36.3_174.8	2000008640	-36.321002	174.750085
grid_-36.3_174.8	2000008650	-36.310444	174.7559
grid_-36.3_174.8	2000008660	-36.315882	174.765121
grid_-36.3_174.8	2000008670	-36.308686	174.778747
grid_-36.3_174.8	2000008680	-36.311043	174.780732
grid_-36.3_174.8	2000008690	-36.320062	174.784882
grid_-36.3_174.8	2000008700	-36.317658	174.799049
grid_-36.3_174.8	2000008710	-36.302793	174.795762
grid_-36.3_174.8	2000008720	-36.293309	174.809192
grid_-36.3_174.8	2000008730	-36.286232	174.809724
grid_-36.3_174.8	2000008740	-36.283434	174.817145
grid_-36.3_174.8	2000008750	-36.274724	174.815525
grid_-36.3_174.8	2000008760	-36.268711	174.79845
grid_-36.3_174.8	2000008770	-36.269408	174.778623
grid_-36.3_174.8	2000008780	-36.260976	174.761757
grid_-36.3_174.7	2000008790	-36.254082	174.742384
grid_-36.2_174.7	2000008800	-36.244404	174.726443
grid_-36.3_174.7	2000008810	-36.253246	174.717499
grid_-36.2_174.7	2000008820	-36.243239	174.721277
grid_-36.2_174.7	2000008830	-36.235722	174.717818
grid_-36.2_174.7	2000008840	-36.222778	174.702979
grid_-36.2_174.7	2000008850	-36.210356	174.689453
grid_-36.2_174.7	2000008860	-36.195459	174.67443
grid_-36.2_174.7	2000008870	-36.181007	174.661811
grid_-36.2_174.7	2000008880	-36.164907	174.65135
grid_-36.2_174.6	2000008890	-36.153728	174.643043
grid_-36.1_174.6	2000008900	-36.13809	174.63108
grid_-36.1_174.6	2000008910	-36.123164	174.620748
grid_-36.1_174.6	2000008920	-36.106405	174.610859
grid_-36.1_174.6	2000008930	-36.090844	174.602573
grid_-36.1_174.6	2000008940	-36.091196	174.593673
grid_-36.1_174.6	2000008950	-36.106284	174.600169
grid_-36.1_174.6	2000008960	-36.121713	174.594147
grid_-36.1_174.6	2000008970	-36.13205	174.583631
grid_-36.1_174.6	2000008980	-36.142153	174.570304
grid_-36.1_174.6	2000008990	-36.138785	174.569564
grid_-36.1_174.6	2000009000	-36.129981	174.567505
grid_-36.1_174.6	2000009010	-36.129786	174.578331
grid_-36.1_174.6	2000009020	-36.121418	174.57361
grid_-36.1_174.6	2000009030	-36.111936	174.576568
grid_-36.1_174.6	2000009040	-36.103384	174.568596
grid_-36.1_174.6	2000009050	-36.096704	174.56296
grid_-36.1_174.6	2000009060	-36.094077	174.568752
grid_-36.1_174.6	2000009070	-36.103468	174.577363
grid_-36.1_174.6	2000009080	-36.116143	174.584928
grid_-36.1_174.6	2000009090	-36.107776	174.596626
grid_-36.1_174.6	2000009100	-36.092359	174.591586
grid_-36.1_174.6	2000009110	-36.081926	174.596529
grid_-36.1_174.6	2000009120	-36.067819	174.592828
grid_-36.1_174.6	2000009130	-36.052482	174.590497
grid_-36.0_174.6	2000009140	-36.042721	174.580604
grid_-36.0_174.6	2000009150	-36.048053	174.564233
grid_-36.0_174.5	2000009160	-36.046395	174.545432
grid_-36.0_174.5	2000009170	-36.040424	174.52988
grid_-36.0_174.5	2000009180	-36.031231	174.514305
grid_-36.0_174.5	2000009190	-36.019817	174.50019
grid_-36.0_174.5	2000009200	-36.003956	174.489496
grid_-36.0_174.5	2000009210	-35.99429	174.482805
grid_-36.0_174.5	2000009220	-36.010301	174.489715
grid_-36.0_174.5	2000009230	-36.024618	174.501774
grid_-36.0_174.5	2000009240	-36.013396	174.490133
grid_-36.0_174.5	2000009250	-35.998008	174.480839
grid_-36.0_174.5	2000009260	-35.989334	174.466682
grid_-36.0_174.5	2000009270	-35.991704	174.479486
grid_-36.0_174.5	2000009280	-35.975158	174.474498
grid_-36.0_174.5	2000009290	-35.959005	174.467515
grid_-35.9_174.5	2000009300	-35.940889	174.46321
grid_-35.9_174.5	2000009310	-35.923153	174.460908
grid_-35.9_174.5	2000009320	-35.905304	174.461798
grid_-35.9_174.5	2000009330	-35.904136	174.453325
grid_-35.9_174.5	2000009340	-35.899131	174.451335
grid_-35.9_174.5	2000009350	-35.884288	174.452437
grid_-35.9_174.5	2000009360	-35.896872	174.45223
grid_-35.9_174.5	2000009370	-35.897834	174.460167
grid_-35.9_174.5	2000009380	-35.88583	174.466376
grid_-35.9_174.5	2000009390	-35.868739	174.473366
grid_-35.9_174.5	2000009400	-35.854542	174.486023
grid_-35.8_174.5	2000009410	-35.84138	174.501244
grid_-35.8_174.5	2000009420	-35.833405	174.489397
grid_-35.8_174.5	2000009430	-35.836133	174.479831
grid_-35.8_174.5	2000009440	-35.837387	174.472949
grid_-35.8_174.5	2000009450	-35.836204	174.468541
grid_-35.8_174.5	2000009460	-35.835053	174.464751
grid_-35.8_174.5	2000009470	-35.83077	174.469369
grid_-35.8_174.5	2000009480	-35.818911	174.455329
grid_-35.8_174.4	2000009490	-35.828625	174.440221
grid_-35.8_174.4	2000009500	-35.835848	174.431427
grid_-35.8_174.4	2000009510	-35.837447	174.421938
grid_-35.8_174.4	2000009520	-35.827754	174.426261
grid_-35.8_174.4	2000009530	-35.828295	174.40882
grid_-35.8_174.4	2000009540	-35.826653	174.395186
grid_-35.8_174.4	2000009550	-35.813909	174.383786
grid_-35.8_174.4	2000009560	-35.822735	174.376262
grid_-35.8_174.4	2000009570	-35.83251	174.374249
grid_-35.8_174.4	2000009580	-35.825748	174.370276
grid_-35.8_174.4	2000009590	-35.820038	174.374483
grid_-35.8_174.4	2000009600	-35.808599	174.372623
grid_-35.8_174.4	2000009610	-35.808818	174.359935
grid_-35.8_174.4	2000009620	-35.821376	174.361134
grid_-35.8_174.4	2000009630	-35.833918	174.358681
grid_-35.8_174.3	2000009640	-35.83546	174.342055
grid_-35.8_174.4	2000009650	-35.842919	174.356276
grid_-35.8_174.3	2000009660	-35.84387	174.343572
grid_-35.8_174.3	2000009670	-35.84919	174.335575
grid_-35.8_174.3	2000009680	-35.838883	174.332292
grid_-35.8_174.3	2000009690	-35.842436	174.321875
grid_-35.8_174.3	2000009700	-35.84291	174.319439
grid_-35.8_174.3	2000009710	-35.842918	174.311029
grid_-35.8_174.3	2000009720	-35.839802	174.306332
grid_-35.8_174.3	2000009730	-35.833987	174.31321
grid_-35.8_174.3	2000009740	-35.828011	174.313071
grid_-35.8_174.3	2000009750	-35.821737	174.315991
grid_-35.8_174.3	2000009760	-35.83335	174.322473
grid_-35.8_174.3	2000009770	-35.825055	174.334326
grid_-35.8_174.3	2000009780	-35.81714	174.331086
grid_-35.8_174.3	2000009790	-35.807926	174.323084
grid_-35.8_174.3	2000009800	-35.810776	174.327266
grid_-35.8_174.3	2000009810	-35.803928	174.335446
grid_-35.8_174.3	2000009820	-35.792577	174.338882
grid_-35.8_174.3	2000009830	-35.784941	174.326811
grid_-35.8_174.3	2000009840	-35.779029	174.324446
grid_-35.8_174.3	2000009850	-35.774963	174.314827
grid_-35.8_174.3	2000009860	-35.774786	174.314284
grid_-35.8_174.3	2000009870	-35.761872	174.322553
grid_-35.8_174.3	2000009880	-35.753709	174.341042
grid_-35.8_174.3	2000009890	-35.763261	174.348226
grid_-35.8_174.3	2000009900	-35.751594	174.348228
grid_-35.7_174.3	2000009910	-35.737654	174.347901
grid_-35.7_174.3	2000009920	-35.740431	174.330109
grid_-35.7_174.3	2000009930	-35.748719	174.319235
grid_-35.7_174.3	2000009940	-35.739596	174.3283
grid_-35.7_174.3	2000009950	-35.734767	174.336135
grid_-35.7_174.3	2000009960	-35.729451	174.348537
grid_-35.7_174.4	2000009970	-35.736699	174.353781
grid_-35.7_174.4	2000009980	-35.732363	174.365461
grid_-35.7_174.4	2000009990	-35.74356	174.359879
grid_-35.8_174.4	2000010000	-35.753282	174.359602
grid_-35.8_174.4	2000010010	-35.762441	174.357946
grid_-35.8_174.4	2000010020	-35.775514	174.360215
grid_-35.8_174.4	2000010030	-35.765714	174.369579
grid_-35.8_174.4	2000010040	-35.758591	174.380908
grid_-35.8_174.4	2000010050	-35.769093	174.394246
grid_-35.8_174.4	2000010060	-35.779257	174.408039
grid_-35.8_174.4	2000010070	-35.786871	174.424535
grid_-35.8_174.4	2000010080	-35.79567	174.439959
grid_-35.8_174.4	2000010090	-35.786931	174.436235
grid_-35.8_174.4	2000010100	-35.777917	174.438652
grid_-35.8_174.4	2000010110	-35.774279	174.449653
grid_-35.8_174.5	2000010120	-35.77099	174.461919
grid_-35.8_174.5	2000010130	-35.770561	174.470085
grid_-35.8_174.5	2000010140	-35.779221	174.480062
grid_-35.8_174.5	2000010150	-35.783624	174.466118
grid_-35.8_174.5	2000010160	-35.789623	174.467123
grid_-35.8_174.5	2000010170	-35.794562	174.461576
grid_-35.8_174.5	2000010180	-35.793303	174.481233
grid_-35.8_174.5	2000010190	-35.792499	174.492958
grid_-35.8_174.5	2000010200	-35.806189	174.501678
grid_-35.8_174.5	2000010210	-35.817144	174.497342
grid_-35.8_174.5	2000010220	-35.828013	174.497287
grid_-35.8_174.5	2000010230	-35.828739	174.512536
grid_-35.8_174.5	2000010240	-35.826415	174.526785
grid_-35.8_174.5	2000010250	-35.834752	174.532929
grid_-35.8_174.5	2000010260	-35.848961	174.532604
grid_-35.9_174.5	2000010270	-35.85868	174.528724
grid_-35.9_174.5	2000010280	-35.855824	174.53805
grid_-35.9_174.6	2000010290	-35.86069	174.557238
grid_-35.9_174.6	2000010300	-35.859797	174.574397
grid_-35.9_174.6	2000010310	-35.853646	174.591476
grid_-35.8_174.6	2000010320	-35.841413	174.580924
grid_-35.8_174.6	2000010330	-35.829446	174.567966
grid_-35.8_174.6	2000010340	-35.814189	174.558729
grid_-35.8_174.6	2000010350	-35.796902	174.55211
grid_-35.8_174.6	2000010360	-35.781423	174.554714
grid_-35.8_174.6	2000010370	-35.772834	174.553658
grid_-35.8_174.6	2000010380	-35.762177	174.559878
grid_-35.8_174.6	2000010390	-35.752643	174.553932
grid_-35.7_174.6	2000010400	-35.744411	174.556863
grid_-35.7_174.6	2000010410	-35.740217	174.56037
grid_-35.7_174.6	2000010420	-35.730555	174.556526
grid_-35.7_174.6	2000010430	-35.724382	174.557717
grid_-35.7_174.6	2000010440	-35.723426	174.561055
grid_-35.7_174.6	2000010450	-35.723426	174.561055
grid_-35.7_174.6	2000010460	-35.723426	174.561055
grid_-35.7_174.6	2000010470	-35.723426	174.561055
grid_-35.7_174.6	2000010480	-35.723426	174.561055
grid_-35.7_174.6	2000010490	-35.723426	174.561055
grid_-35.7_174.6	2000010500	-35.723426	174.561055
grid_-35.7_174.6	2000010510	-35.723426	174.561055
grid_-35.7_174.6	2000010520	-35.723426	174.561055
grid_-35.7_174.6	2000010530	-35.723426	174.561055
grid_-35.7_174.6	2000010540	-35.723426	174.561055
grid_-35.7_174.6	2000010550	-35.723426	174.561055
grid_-35.7_174.6	2000010560	-35.723426	174.561055
grid_-35.7_174.6	2000010570	-35.723426	174.561055
grid_-35.7_174.6	2000010580	-35.723426	174.561055
grid_-35.7_174.6	2000010590	-35.723426	174.561055
grid_-35.7_174.6	2000010600	-35.723426	174.561055
grid_-35.7_174.6	2000010610	-35.723426	174.561055
grid_-35.7_174.6	2000010620	-35.723426	174.561055
grid_-35.7_174.6	2000010630	-35.723426	174.561055
grid_-35.7_174.6	2000010640	-35.723426	174.561055
grid_-35.7_174.6	2000010650	-35.723426	174.561055
grid_-35.7_174.6	2000010660	-35.723426	174.561055
grid_-35.7_174.6	2000010670	-35.723426	174.561055
grid_-35.7_174.6	2000010680	-35.723426	174.561055
grid_-36.6_174.7	2000010690	-36.619742	174.677165
grid_-36.6_174.7	2000010700	-36.619742	174.677165
grid_-36.6_174.7	2000010710	-36.619742	174.677165
grid_-36.6_174.7	2000010720	-36.619742	174.677165
grid_-36.6_174.7	2000010730	-36.619742	174.677165
grid_-36.6_174.7	2000010740	-36.619742	174.677165
grid_-36.6_174.7	2000010750	-36.619742	174.677165
grid_-36.6_174.7	2000010760	-36.619742	174.677165
grid_-36.6_174.7	2000010770	-36.619742	174.677165
grid_-36.6_174.7	2000010780	-36.619742	174.677165
grid_-36.6_174.7	2000010790	-36.619742	174.677165
grid_-36.6_174.7	2000010800	-36.619742	174.677165
grid_-36.6_174.7	2000010810	-36.619742	174.677165
grid_-36.6_174.7	2000010820	-36.619742	174.677165
grid_-36.6_174.7	2000010830	-36.619742	174.677165
grid_-36.6_174.7	2000010840	-36.619742	174.677165
grid_-36.6_174.7	2000010850	-36.619742	174.677165
grid_-36.6_174.7	2000010860	-36.619742	174.677165
grid_-36.6_174.7	2000010870	-36.619742	174.677165
grid_-36.6_174.7	2000010880	-36.619742	174.677165
grid_-36.6_174.7	2000010890	-36.619742	174.677165
grid_-36.6_174.7	2000010900	-36.619742	174.677165
grid_-36.6_174.7	2000010910	-36.619742	174.677165
grid_-36.6_174.7	2000010920	-36.619742	174.677165
grid_-36.6_174.7	2000010930	-36.619742	174.677165
grid_-36.6_174.7	2000010940	-36.619566	174.689623
grid_-36.6_174.7	2000010950	-36.617776	174.69457
grid_-36.6_174.7	2000010960	-36.618432	174.699704
grid_-36.6_174.7	2000010970	-36.628348	174.698454
grid_-36.6_174.7	2000010980	-36.624805	174.705323
grid_-36.6_174.7	2000010990	-36.630239	174.714301
grid_-36.6_174.7	2000011000	-36.636503	174.717931
grid_-36.6_174.7	2000011010	-36.64173	174.722324
grid_-36.6_174.7	2000011020	-36.645801	174.725425
grid_-36.7_174.7	2000011030	-36.661567	174.729899
grid_-36.7_174.7	2000011040	-36.668051	174.720847
grid_-36.7_174.7	2000011050	-36.673135	174.708633
grid_-36.7_174.7	2000011060	-36.674361	174.705368
grid_-36.7_174.7	2000011070	-36.679935	174.708872
grid_-36.7_174.7	2000011080	-36.672726	174.723146
grid_-36.7_174.7	2000011090	-36.670115	174.730855
grid_-36.7_174.7	2000011100	-36.66171	174.745065
grid_-36.7_174.7	2000011110	-36.676722	174.748442
grid_-36.7_174.8	2000011120	-36.689891	174.754279
grid_-36.7_174.8	2000011130	-36.699954	174.75576
grid_-36.7_174.8	2000011140	-36.710844	174.751807
grid_-36.7_174.8	2000011150	-36.725149	174.754108
grid_-36.7_174.8	2000011160	-36.739441	174.75695
grid_-36.8_174.8	2000011170	-36.753923	174.764882
grid_-36.8_174.8	2000011180	-36.767237	174.768712
grid_-36.8_174.8	2000011190	-36.781261	174.776989
grid_-36.8_174.8	2000011200	-36.794847	174.783855
grid_-36.8_174.8	2000011210	-36.807691	174.797636
grid_-36.8_174.8	2000011220	-36.820073	174.806464
grid_-36.8_174.8	2000011230	-36.828129	174.80762
grid_-36.8_174.8	2000011240	-36.83079	174.78867
grid_-36.8_174.8	2000011250	-36.829259	174.772821
grid_-36.8_174.8	2000011260	-36.82318	174.785269
grid_-36.8_174.8	2000011270	-36.817331	174.794194
grid_-36.8_174.8	2000011280	-36.814391	174.784983
grid_-36.8_174.8	2000011290	-36.821881	174.766493
grid_-36.8_174.8	2000011300	-36.812065	174.778108
grid_-36.8_174.8	2000011310	-36.803477	174.780821
grid_-36.8_174.8	2000011320	-36.799874	174.768854
grid_-36.8_174.8	2000011330	-36.794418	174.769131
grid_-36.8_174.8	2000011340	-36.797432	174.764117
grid_-36.8_174.8	2000011350	-36.802648	174.757008
grid_-36.8_174.8	2000011360	-36.805788	174.757448
grid_-36.8_174.8	2000011370	-36.814339	174.752346
grid_-36.8_174.7	2000011380	-36.811887	174.749294
grid_-36.8_174.7	2000011390	-36.826231	174.749643
grid_-36.8_174.7	2000011400	-36.817415	174.739348
grid_-36.8_174.7	2000011410	-36.817928	174.727675
grid_-36.8_174.7	2000011420	-36.825157	174.713148
grid_-36.8_174.7	2000011430	-36.822472	174.697129
grid_-36.8_174.7	2000011440	-36.812849	174.695817
grid_-36.8_174.7	2000011450	-36.805719	174.686835
grid_-36.8_174.7	2000011460	-36.793017	174.680992
grid_-36.8_174.7	2000011470	-36.787229	174.686251
grid_-36.8_174.7	2000011480	-36.78658	174.69688
grid_-36.8_174.7	2000011490	-36.790528	174.706088
grid_-36.8_174.7	2000011500	-36.781716	174.699389
grid_-36.8_174.7	2000011510	-36.775143	174.698751
grid_-36.8_174.7	2000011520	-36.781831	174.68292
grid_-36.8_174.7	2000011530	-36.782764	174.670001
grid_-36.8_174.7	2000011540	-36.770418	174.663498
grid_-36.8_174.7	2000011550	-36.764694	174.671586
grid_-36.8_174.7	2000011560	-36.76344	174.682608
grid_-36.8_174.7	2000011570	-36.751326	174.677261
grid_-36.7_174.7	2000011580	-36.740845	174.682674
grid_-36.7_174.7	2000011590	-36.74468	174.678404
grid_-36.8_174.7	2000011600	-36.757642	174.670143
grid_-36.8_174.7	2000011610	-36.766921	174.663716
grid_-36.8_174.6	2000011620	-36.766072	174.648401
grid_-36.8_174.6	2000011630	-36.770858	174.63561
grid_-36.8_174.6	2000011640	-36.763251	174.636369
grid_-36.8_174.6	2000011650	-36.752491	174.636991
grid_-36.8_174.6	2000011660	-36.763349	174.631805
grid_-36.8_174.6	2000011670	-36.770521	174.624593
grid_-36.8_174.6	2000011680	-36.770862	174.609223
grid_-36.8_174.6	2000011690	-36.760127	174.601411
grid_-36.8_174.6	2000011700	-36.763254	174.598864
grid_-36.8_174.6	2000011710	-36.769034	174.602342
grid_-36.8_174.6	2000011720	-36.779074	174.60111
grid_-36.8_174.6	2000011730	-36.790452	174.591911
grid_-36.8_174.6	2000011740	-36.794717	174.602265
grid_-36.8_174.6	2000011750	-36.779828	174.602607
grid_-36.8_174.6	2000011760	-36.775268	174.618185
grid_-36.8_174.6	2000011770	-36.776558	174.623344
grid_-36.8_174.6	2000011780	-36.775201	174.638014
grid_-36.8_174.6	2000011790	-36.780292	174.645906
grid_-36.8_174.6	2000011800	-36.79127	174.640238
grid_-36.8_174.6	2000011810	-36.789678	174.645354
grid_-36.8_174.7	2000011820	-36.788061	174.658957
grid_-36.8_174.7	2000011830	-36.786118	174.664971
grid_-36.8_174.7	2000011840	-36.793923	174.67387
grid_-36.8_174.7	2000011850	-36.799603	174.669671
grid_-36.8_174.7	2000011860	-36.807383	174.666561
grid_-36.8_174.6	2000011870	-36.802366	174.649013
grid_-36.8_174.6	2000011880	-36.811911	174.642995
grid_-36.8_174.6	2000011890	-36.823636	174.63558
grid_-36.8_174.6	2000011900	-36.830934	174.637135
grid_-36.8_174.6	2000011910	-36.839893	174.629284
grid_-36.8_174.6	2000011920	-36.84773	174.62673
grid_-36.9_174.6	2000011930	-36.853263	174.621764
grid_-36.9_174.6	2000011940	-36.850846	174.626359
grid_-36.8_174.6	2000011950	-36.847421	174.634797
grid_-36.9_174.6	2000011960	-36.855482	174.639344
grid_-36.8_174.6	2000011970	-36.848579	174.644023
grid_-36.8_174.6	2000011980	-36.839451	174.632815
grid_-36.8_174.6	2000011990	-36.829724	174.64297
grid_-36.8_174.7	2000012000	-36.827234	174.654113
grid_-36.8_174.7	2000012010	-36.841518	174.661228
grid_-36.9_174.7	2000012020	-36.85817	174.65705
grid_-36.9_174.7	2000012030	-36.868374	174.654557
grid_-36.9_174.7	2000012040	-36.878254	174.655282
grid_-36.9_174.7	2000012050	-36.88359	174.661111
grid_-36.9_174.7	2000012060	-36.894629	174.659846
grid_-36.9_174.7	2000012070	-36.889942	174.668172
grid_-36.9_174.7	2000012080	-36.898693	174.675969
grid_-36.9_174.7	2000012090	-36.900194	174.680637
grid_-36.9_174.7	2000012100	-36.898958	174.684534
grid_-36.9_174.7	2000012110	-36.890704	174.675317
grid_-36.9_174.7	2000012120	-36.88001	174.667837
grid_-36.9_174.7	2000012130	-36.869632	174.664461
grid_-36.9_174.7	2000012140	-36.861014	174.662281
grid_-36.9_174.7	2000012150	-36.87083	174.679384
grid_-36.9_174.7	2000012160	-36.872207	174.683345
grid_-36.9_174.7	2000012170	-36.874897	174.671802
grid_-36.9_174.7	2000012180	-36.882892	174.688527
grid_-36.9_174.7	2000012190	-36.883744	174.695674
grid_-36.9_174.7	2000012200	-36.873606	174.702286
grid_-36.9_174.7	2000012210	-36.871353	174.696871
grid_-36.9_174.7	2000012220	-36.860069	174.699217
grid_-36.9_174.7	2000012230	-36.855953	174.708253
grid_-36.9_174.7	2000012240	-36.859983	174.711161
grid_-36.9_174.7	2000012250	-36.856697	174.71632
grid_-36.9_174.7	2000012260	-36.851195	174.721925
grid_-36.8_174.7	2000012270	-36.841439	174.73255
grid_-36.8_174.7	2000012280	-36.835728	174.748323
grid_-36.8_174.7	2000012290	-36.842488	174.748041
grid_-36.8_174.8	2000012300	-36.837098	174.76016
grid_-36.8_174.8	2000012310	-36.845119	174.758542
grid_-36.8_174.8	2000012320	-36.839098	174.765357
grid_-36.8_174.8	2000012330	-36.843378	174.769035
grid_-36.8_174.8	2000012340	-36.84173	174.775327
grid_-36.8_174.8	2000012350	-36.844885	174.78256
grid_-36.8_174.8	2000012360	-36.846549	174.788405
grid_-36.8_174.8	2000012370	-36.848912	174.792188
grid_-36.9_174.8	2000012380	-36.863641	174.788951
grid_-36.9_174.8	2000012390	-36.864224	174.805266
grid_-36.9_174.8	2000012400	-36.85886	174.804068
grid_-36.9_174.8	2000012410	-36.8657	174.817965
grid_-36.9_174.8	2000012420	-36.868151	174.817022
grid_-36.9_174.8	2000012430	-36.870709	174.819214
grid_-36.9_174.8	2000012440	-36.864477	174.829796
grid_-36.9_174.8	2000012450	-36.86029	174.811023
grid_-36.8_174.8	2000012460	-36.849671	174.810792
grid_-36.8_174.8	2000012470	-36.844497	174.823403
grid_-36.8_174.8	2000012480	-36.849626	174.842842
grid_-36.8_174.9	2000012490	-36.846151	174.861678
grid_-36.9_174.9	2000012500	-36.850583	174.878089
grid_-36.9_174.9	2000012510	-36.864977	174.879898
grid_-36.9_174.9	2000012520	-36.870894	174.885338
grid_-36.9_174.9	2000012530	-36.874114	174.878052
grid_-36.9_174.9	2000012540	-36.881607	174.875256
grid_-36.9_174.9	2000012550	-36.895518	174.868272
grid_-36.9_174.9	2000012560	-36.907076	174.858409
grid_-36.9_174.8	2000012570	-36.906613	174.84406
grid_-36.9_174.9	2000012580	-36.912278	174.856112
grid_-36.9_174.9	2000012590	-36.916801	174.853936
grid_-36.9_174.9	2000012600	-36.929147	174.859163
grid_-36.9_174.9	2000012610	-36.933671	174.856959
grid_-36.9_174.9	2000012620	-36.931316	174.860473
grid_-36.9_174.9	2000012630	-36.941679	174.856507
grid_-36.9_174.9	2000012640	-36.948412	174.85368
grid_-37.0_174.8	2000012650	-36.956669	174.848669
grid_-37.0_174.8	2000012660	-36.965037	174.844487
grid_-37.0_174.9	2000012670	-36.954141	174.85399
grid_-37.0_174.9	2000012680	-36.951018	174.854717
grid_-37.0_174.9	2000012690	-36.950685	174.868214
grid_-36.9_174.9	2000012700	-36.948156	174.878475
grid_-36.9_174.9	2000012710	-36.949029	174.880016
grid_-36.9_174.9	2000012720	-36.94574	174.873746
grid_-36.9_174.9	2000012730	-36.943282	174.863823
grid_-36.9_174.9	2000012740	-36.936519	174.872354
grid_-36.9_174.9	2000012750	-36.928951	174.869285
grid_-36.9_174.9	2000012760	-36.929412	174.878173
grid_-36.9_174.9	2000012770	-36.929232	174.887724
grid_-36.9_174.9	2000012780	-36.924457	174.892437
grid_-36.9_174.9	2000012790	-36.918321	174.897637
grid_-36.9_174.9	2000012800	-36.92672	174.903132
grid_-36.9_174.9	2000012810	-36.918383	174.902853
grid_-36.9_174.9	2000012820	-36.917148	174.897709
grid_-36.9_174.9	2000012830	-36.922195	174.889703
grid_-36.9_174.9	2000012840	-36.925414	174.87988
grid_-36.9_174.9	2000012850	-36.920259	174.87448
grid_-36.9_174.9	2000012860	-36.917925	174.862891
grid_-36.9_174.9	2000012870	-36.913979	174.860135
grid_-36.9_174.9	2000012880	-36.909428	174.864226
grid_-36.9_174.9	2000012890	-36.905847	174.872697
grid_-36.9_174.9	2000012900	-36.893667	174.879973
grid_-36.9_174.9	2000012910	-36.893806	174.894345
grid_-36.9_174.9	2000012920	-36.886634	174.890972
grid_-36.9_174.9	2000012930	-36.878668	174.902125
grid_-36.9_174.9	2000012940	-36.865512	174.901489
grid_-36.8_174.9	2000012950	-36.848316	174.90004
grid_-36.9_174.9	2000012960	-36.859357	174.905152
grid_-36.9_174.9	2000012970	-36.874669	174.915458
grid_-36.9_174.9	2000012980	-36.88415	174.931663
grid_-36.9_174.9	2000012990	-36.894082	174.947334
grid_-36.9_175.0	2000013000	-36.906468	174.954756
grid_-36.9_174.9	2000013010	-36.916355	174.940027
grid_-36.9_174.9	2000013020	-36.91807	174.941144
grid_-36.9_174.9	2000013030	-36.918855	174.948575
grid_-36.9_175.0	2000013040	-36.916983	174.960674
grid_-36.9_175.0	2000013050	-36.930329	174.960418
grid_-36.9_175.0	2000013060	-36.935113	174.964824
grid_-36.9_175.0	2000013070	-36.943418	174.966611
grid_-36.9_175.0	2000013080	-36.935502	174.971713
grid_-36.9_175.0	2000013090	-36.923887	174.967415
grid_-36.9_175.0	2000013100	-36.913965	174.968921
grid_-36.9_175.0	2000013110	-36.90996	174.984523
grid_-36.9_175.0	2000013120	-36.917167	174.992604
grid_-36.9_175.0	2000013130	-36.920795	174.992586
grid_-36.9_175.0	2000013140	-36.917836	174.99769
grid_-36.9_175.0	2000013150	-36.912849	174.998048
grid_-36.9_175.0	2000013160	-36.901369	174.988206
grid_-36.9_175.0	2000013170	-36.89071	174.98646
grid_-36.9_175.0	2000013180	-36.881079	174.988325
grid_-36.9_175.0	2000013190	-36.878957	175.006131
grid_-36.9_175.0	2000013200	-36.877254	175.020209
grid_-36.9_175.0	2000013210	-36.875636	175.0396
grid_-36.9_175.1	2000013220	-36.882747	175.055431
grid_-36.9_175.1	2000013230	-36.898292	175.063143
grid_-36.9_175.1	2000013240	-36.903359	175.080614
grid_-36.9_175.1	2000013250	-36.901138	175.098543
grid_-36.9_175.1	2000013260	-36.910495	175.08295
grid_-36.9_175.1	2000013270	-36.922847	175.078451
grid_-36.9_175.1	2000013280	-36.933384	175.083449
grid_-36.9_175.1	2000013290	-36.944952	175.082534
grid_-36.9_175.1	2000013300	-36.949351	175.076166
grid_-37.0_175.1	2000013310	-36.960274	175.066894
grid_-37.0_175.1	2000013320	-36.962096	175.058474
grid_-37.0_175.1	2000013330	-36.966588	175.052858
grid_-37.0_175.1	2000013340	-36.96263	175.066566
grid_-37.0_175.1	2000013350	-36.958217	175.079586
grid_-37.0_175.1	2000013360	-36.962614	175.083377
grid_-37.0_175.1	2000013370	-36.955079	175.082428
grid_-36.9_175.1	2000013380	-36.946491	175.091602
grid_-36.9_175.1	2000013390	-36.945471	175.099353
grid_-36.9_175.1	2000013400	-36.949654	175.112618
grid_-36.9_175.1	2000013410	-36.942265	175.116857
grid_-36.9_175.1	2000013420	-36.93879	175.131291
grid_-36.9_175.1	2000013430	-36.928442	175.140707
grid_-36.9_175.1	2000013440	-36.94038	175.146968
grid_-36.9_175.2	2000013450	-36.949561	175.154647
grid_-36.9_175.2	2000013460	-36.947305	175.171237
grid_-36.9_175.2	2000013470	-36.937174	175.183406
grid_-36.9_175.2	2000013480	-36.935104	175.19576
grid_-36.9_175.2	2000013490	-36.9426	175.208802
grid_-36.9_175.2	2000013500	-36.949818	175.225445
grid_-37.0_175.2	2000013510	-36.957072	175.239598
grid_-37.0_175.3	2000013520	-36.965548	175.250392
grid_-37.0_175.3	2000013530	-36.978114	175.263611
grid_-37.0_175.3	2000013540	-36.987751	175.281741
grid_-37.0_175.3	2000013550	-37.003102	175.284893
grid_-37.0_175.3	2000013560	-37.018672	175.289922
grid_-37.0_175.3	2000013570	-37.035146	175.293531
grid_-37.1_175.3	2000013580	-37.050826	175.301561
grid_-37.1_175.3	2000013590	-37.064388	175.299072
grid_-37.1_175.3	2000013600	-37.081651	175.299379
grid_-37.1_175.3	2000013610	-37.093357	175.303667
grid_-37.1_175.3	2000013620	-37.109845	175.298904
grid_-37.1_175.3	2000013630	-37.125188	175.295141
grid_-37.1_175.3	2000013640	-37.140501	175.302163
grid_-37.2_175.3	2000013650	-37.156644	175.310769
grid_-37.2_175.3	2000013660	-37.172613	175.320672
grid_-37.2_175.3	2000013670	-37.183217	175.321209
grid_-37.2_175.3	2000013680	-37.182411	175.309852
grid_-37.2_175.3	2000013690	-37.189141	175.322935
grid_-37.2_175.3	2000013700	-37.202969	175.334784
grid_-37.2_175.4	2000013710	-37.212418	175.352892
grid_-37.2_175.4	2000013720	-37.218915	175.370782
grid_-37.2_175.4	2000013730	-37.222421	175.392443
grid_-37.2_175.4	2000013740	-37.233896	175.391605
grid_-37.2_175.4	2000013750	-37.221833	175.403718
grid_-37.2_175.4	2000013760	-37.219786	175.423779
grid_-37.2_175.4	2000013770	-37.216045	175.4456
grid_-37.2_175.5	2000013780	-37.208133	175.465221
grid_-37.2_175.5	2000013790	-37.197923	175.484498
grid_-37.2_175.5	2000013800	-37.20129	175.501352
grid_-37.2_175.5	2000013810	-37.214293	175.489629
grid_-37.2_175.5	2000013820	-37.20803	175.500133
grid_-37.2_175.5	2000013830	-37.194303	175.502308
grid_-37.2_175.5	2000013840	-37.183495	175.507429
grid_-37.2_175.5	2000013850	-37.174035	175.519636
grid_-37.2_175.5	2000013860	-37.170107	175.537158
grid_-37.2_175.6	2000013870	-37.183821	175.551795
grid_-37.2_175.6	2000013880	-37.18787	175.564855
grid_-37.2_175.6	2000013890	-37.173082	175.55336
grid_-37.2_175.5	2000013900	-37.161732	175.544655
grid_-37.2_175.6	2000013910	-37.15035	175.550379
grid_-37.1_175.5	2000013920	-37.139805	175.5389
grid_-37.1_175.5	2000013930	-37.128751	175.528164
grid_-37.1_175.5	2000013940	-37.11542	175.521585
grid_-37.1_175.5	2000013950	-37.100929	175.515557
grid_-37.1_175.5	2000013960	-37.084525	175.515778
grid_-37.1_175.5	2000013970	-37.06803	175.519964
grid_-37.1_175.5	2000013980	-37.051374	175.522197
grid_-37.0_175.5	2000013990	-37.035726	175.519274
grid_-37.0_175.5	2000014000	-37.019452	175.513871
grid_-37.0_175.5	2000014010	-37.003666	175.509229
grid_-37.0_175.5	2000014020	-36.987653	175.501063
grid_-37.0_175.5	2000014030	-36.975419	175.499971
grid_-37.0_175.5	2000014040	-36.960817	175.488806
grid_-36.9_175.5	2000014050	-36.946794	175.475635
grid_-36.9_175.5	2000014060	-36.934343	175.464029
grid_-36.9_175.5	2000014070	-36.921604	175.450053
grid_-36.9_175.4	2000014080	-36.908834	175.436413
grid_-36.9_175.4	2000014090	-36.894246	175.427115
grid_-36.9_175.4	2000014100	-36.881379	175.42296
grid_-36.9_175.4	2000014110	-36.870944	175.421831
grid_-36.9_175.4	2000014120	-36.866776	175.413784
grid_-36.9_175.4	2000014130	-36.853562	175.407402
grid_-36.9_175.4	2000014140	-36.85193	175.418563
grid_-36.9_175.4	2000014150	-36.853922	175.433722
grid_-36.9_175.4	2000014160	-36.851206	175.449844
grid_-36.9_175.5	2000014170	-36.853068	175.468276
grid_-36.8_175.5	2000014180	-36.846089	175.470568
grid_-36.8_175.5	2000014190	-36.839835	175.476919
grid_-36.8_175.5	2000014200	-36.839658	175.462646
grid_-36.8_175.5	2000014210	-36.843005	175.451875
grid_-36.8_175.4	2000014220	-36.837844	175.44387
grid_-36.8_175.4	2000014230	-36.840836	175.432769
grid_-36.8_175.4	2000014240	-36.829295	175.430309
grid_-36.8_175.4	2000014250	-36.831958	175.445685
grid_-36.8_175.5	2000014260	-36.831677	175.45742
grid_-36.8_175.5	2000014270	-36.827091	175.460314
grid_-36.8_175.4	2000014280	-36.824089	175.44508
grid_-36.8_175.4	2000014290	-36.819233	175.435706
grid_-36.8_175.4	2000014300	-36.825118	175.423967
grid_-36.8_175.4	2000014310	-36.81521	175.431326
grid_-36.8_175.4	2000014320	-36.809707	175.442889
grid_-36.8_175.5	2000014330	-36.808323	175.460159
grid_-36.8_175.5	2000014340	-36.806622	175.473576
grid_-36.8_175.5	2000014350	-36.805909	175.485101
grid_-36.8_175.5	2000014360	-36.80244	175.497625
grid_-36.8_175.5	2000014370	-36.792321	175.505132
grid_-36.8_175.5	2000014380	-36.785485	175.507482
grid_-36.8_175.5	2000014390	-36.782597	175.508498
grid_-36.8_175.5	2000014400	-36.780369	175.502025
grid_-36.8_175.5	2000014410	-36.779393	175.488493
grid_-36.8_175.5	2000014420	-36.773445	175.495481
grid_-36.8_175.5	2000014430	-36.762979	175.49763
grid_-36.8_175.5	2000014440	-36.762716	175.484215
grid_-36.8_175.5	2000014450	-36.752635	175.480568
grid_-36.8_175.5	2000014460	-36.75337	175.471813
grid_-36.8_175.5	2000014470	-36.765833	175.46407
grid_-36.8_175.5	2000014480	-36.765942	175.457665
grid_-36.8_175.5	2000014490	-36.752902	175.468062
grid_-36.7_175.5	2000014500	-36.743779	175.476814
grid_-36.7_175.5	2000014510	-36.735104	175.475475
grid_-36.7_175.5	2000014520	-36.73057	175.464506
grid_-36.7_175.5	2000014530	-36.725465	175.461199
grid_-36.7_175.4	2000014540	-36.726682	175.448738
grid_-36.7_175.4	2000014550	-36.727297	175.437723
grid_-36.7_175.4	2000014560	-36.716313	175.43579
grid_-36.7_175.4	2000014570	-36.706669	175.430694
grid_-36.7_175.4	2000014580	-36.693234	175.431531
grid_-36.7_175.4	2000014590	-36.677832	175.44001
grid_-36.7_175.4	2000014600	-36.664841	175.445285
grid_-36.6_175.4	2000014610	-36.649868	175.445118
grid_-36.6_175.4	2000014620	-36.637148	175.439231
grid_-36.6_175.4	2000014630	-36.627153	175.443996
grid_-36.6_175.5	2000014640	-36.626745	175.462533
grid_-36.6_175.5	2000014650	-36.631907	175.468223
grid_-36.6_175.5	2000014660	-36.628639	175.473675
grid_-36.6_175.5	2000014670	-36.619316	175.470056
grid_-36.6_175.5	2000014680	-36.612203	175.464309
grid_-36.6_175.5	2000014690	-36.614228	175.460742
grid_-36.6_175.4	2000014700	-36.612739	175.44653
grid_-36.6_175.4	2000014710	-36.610538	175.438965
grid_-36.6_175.4	2000014720	-36.602933	175.427052
grid_-36.6_175.4	2000014730	-36.590073	175.418747
grid_-36.6_175.4	2000014740	-36.588251	175.420091
grid_-36.6_175.4	2000014750	-36.580181	175.404082
grid_-36.6_175.4	2000014760	-36.57403	175.385737
grid_-36.6_175.4	2000014770	-36.566063	175.366845
grid_-36.6_175.4	2000014780	-36.555111	175.351171
grid_-36.5_175.3	2000014790	-36.542742	175.33894
grid_-36.5_175.3	2000014800	-36.528191	175.331222
grid_-36.5_175.3	2000014810	-36.51358	175.327384
grid_-36.5_175.3	2000014820	-36.498794	175.327944
grid_-36.5_175.3	2000014830	-36.486093	175.327917
grid_-36.5_175.3	2000014840	-36.484724	175.337549
grid_-36.5_175.3	2000014850	-36.472945	175.348087
grid_-36.5_175.4	2000014860	-36.47112	175.355051
grid_-36.5_175.4	2000014870	-36.468768	175.370089
grid_-36.5_175.4	2000014880	-36.474022	175.388292
grid_-36.5_175.4	2000014890	-36.471028	175.404006
grid_-36.5_175.4	2000014900	-36.475646	175.410017
grid_-36.5_175.4	2000014910	-36.485449	175.411612
grid_-36.5_175.4	2000014920	-36.494586	175.423509
grid_-36.5_175.4	2000014930	-36.503393	175.424114
grid_-36.5_175.4	2000014940	-36.508506	175.430417
grid_-36.5_175.4	2000014950	-36.503542	175.442685
grid_-36.5_175.5	2000014960	-36.514582	175.450934
grid_-36.5_175.5	2000014970	-36.52575	175.457987
grid_-36.5_175.5	2000014980	-36.528508	175.469534
grid_-36.5_175.5	2000014990	-36.525886	175.479022
grid_-36.5_175.5	2000015000	-36.516838	175.470467
grid_-36.5_175.5	2000015010	-36.506291	175.476095
grid_-36.5_175.5	2000015020	-36.508867	175.488338
grid_-36.5_175.5	2000015030	-36.515768	175.498514
grid_-36.5_175.5	2000015040	-36.527051	175.508178
grid_-36.5_175.5	2000015050	-36.53919	175.518303
grid_-36.5_175.5	2000015060	-36.542342	175.535357
grid_-36.6_175.5	2000015070	-36.551795	175.532267
grid_-36.6_175.5	2000015080	-36.558104	175.520316
grid_-36.6_175.5	2000015090	-36.566793	175.527776
grid_-36.6_175.5	2000015100	-36.576783	175.525374
grid_-36.6_175.5	2000015110	-36.589642	175.522236
grid_-36.6_175.5	2000015120	-36.595235	175.51369
grid_-36.6_175.5	2000015130	-36.599344	175.527619
grid_-36.6_175.5	2000015140	-36.601464	175.543281
grid_-36.6_175.6	2000015150	-36.597681	175.554919
grid_-36.6_175.6	2000015160	-36.607254	175.559357
grid_-36.6_175.6	2000015170	-36.613942	175.570781
grid_-36.6_175.6	2000015180	-36.622535	175.580246
grid_-36.6_175.6	2000015190	-36.634772	175.578457
grid_-36.6_175.6	2000015200	-36.648161	175.571785
grid_-36.7_175.6	2000015210	-36.658648	175.577591
grid_-36.7_175.6	2000015220	-36.666037	175.580503
grid_-36.7_175.6	2000015230	-36.667759	175.565172
grid_-36.7_175.6	2000015240	-36.659613	175.551798
grid_-36.7_175.5	2000015250	-36.662523	175.549835
grid_-36.7_175.6	2000015260	-36.669732	175.550487
grid_-36.7_175.6	2000015270	-36.678275	175.551045
grid_-36.7_175.6	2000015280	-36.667193	175.557397
grid_-36.7_175.6	2000015290	-36.684298	175.555897
grid_-36.7_175.6	2000015300	-36.68727	175.572898
grid_-36.7_175.6	2000015310	-36.678785	175.584345
grid_-36.7_175.6	2000015320	-36.682277	175.594727
grid_-36.7_175.6	2000015330	-36.683102	175.605937
grid_-36.7_175.6	2000015340	-36.69336	175.604081
grid_-36.7_175.6	2000015350	-36.702864	175.611221
grid_-36.7_175.6	2000015360	-36.710216	175.608236
grid_-36.7_175.6	2000015370	-36.715946	175.623718
grid_-36.7_175.6	2000015380	-36.720254	175.62242
grid_-36.7_175.6	2000015390	-36.732798	175.612416
grid_-36.7_175.6	2000015400	-36.736129	175.612163
grid_-36.8_175.6	2000015410	-36.750056	175.605602
grid_-36.8_175.6	2000015420	-36.754508	175.606371
grid_-36.8_175.6	2000015430	-36.75683	175.61205
grid_-36.8_175.6	2000015440	-36.757597	175.625048
grid_-36.8_175.6	2000015450	-36.763453	175.635019
grid_-36.8_175.6	2000015460	-36.766846	175.641027
grid_-36.8_175.6	2000015470	-36.765961	175.64636
grid_-36.8_175.6	2000015480	-36.763308	175.646848
grid_-36.8_175.6	2000015490	-36.751931	175.639443
grid_-36.7_175.6	2000015500	-36.744678	175.648755
grid_-36.8_175.7	2000015510	-36.754237	175.658264
grid_-36.7_175.7	2000015520	-36.748773	175.661157
grid_-36.7_175.7	2000015530	-36.743075	175.673959
grid_-36.7_175.7	2000015540	-36.739001	175.674151
grid_-36.7_175.7	2000015550	-36.736347	175.657254
grid_-36.7_175.6	2000015560	-36.730936	175.641838
grid_-36.7_175.6	2000015570	-36.726919	175.633699
grid_-36.7_175.7	2000015580	-36.727431	175.654703
grid_-36.7_175.7	2000015590	-36.729516	175.67685
grid_-36.7_175.7	2000015600	-36.727579	175.693833
grid_-36.7_175.7	2000015610	-36.72772	175.706343
grid_-36.7_175.7	2000015620	-36.72212	175.725858
grid_-36.7_175.7	2000015630	-36.716208	175.729375
grid_-36.7_175.7	2000015640	-36.705327	175.741387
grid_-36.7_175.8	2000015650	-36.706821	175.761869
grid_-36.7_175.8	2000015660	-36.711879	175.759701
grid_-36.7_175.8	2000015670	-36.707209	175.764109
grid_-36.7_175.8	2000015680	-36.698504	175.779748
grid_-36.7_175.8	2000015690	-36.692308	175.79204
grid_-36.7_175.8	2000015700	-36.705195	175.789221
grid_-36.7_175.8	2000015710	-36.719481	175.801023
grid_-36.7_175.8	2000015720	-36.721941	175.812441
grid_-36.7_175.8	2000015730	-36.720787	175.821498
grid_-36.7_175.8	2000015740	-36.735778	175.825571
grid_-36.7_175.8	2000015750	-36.742707	175.816967
grid_-36.7_175.8	2000015760	-36.741665	175.804124
grid_-36.7_175.8	2000015770	-36.744544	175.789484
grid_-36.7_175.8	2000015780	-36.748341	175.776557
grid_-36.8_175.8	2000015790	-36.754302	175.768284
grid_-36.8_175.8	2000015800	-36.758738	175.758442
grid_-36.8_175.7	2000015810	-36.767581	175.74987
grid_-36.8_175.7	2000015820	-36.784166	175.747927
grid_-36.8_175.7	2000015830	-36.793948	175.736663
grid_-36.8_175.7	2000015840	-36.790801	175.729778
grid_-36.8_175.7	2000015850	-36.80588	175.724899
grid_-36.8_175.7	2000015860	-36.804776	175.707147
grid_-36.8_175.7	2000015870	-36.812676	175.700392
grid_-36.8_175.7	2000015880	-36.82599	175.703149
grid_-36.8_175.7	2000015890	-36.838549	175.706308
grid_-36.8_175.7	2000015900	-36.84357	175.689077
grid_-36.8_175.7	2000015910	-36.836994	175.692082
grid_-36.8_175.7	2000015920	-36.833362	175.688824
grid_-36.8_175.7	2000015930	-36.841775	175.684765
grid_-36.8_175.7	2000015940	-36.833251	175.671592
grid_-36.8_175.7	2000015950	-36.839427	175.671435
grid_-36.9_175.7	2000015960	-36.852032	175.67209
grid_-36.9_175.7	2000015970	-36.855597	175.672963
grid_-36.9_175.7	2000015980	-36.850041	175.685964
grid_-36.9_175.7	2000015990	-36.86288	175.682234
grid_-36.9_175.7	2000016000	-36.87014	175.669355
grid_-36.9_175.7	2000016010	-36.874378	175.673129
grid_-36.9_175.7	2000016020	-36.881358	175.671281
grid_-36.9_175.7	2000016030	-36.884223	175.678396
grid_-36.9_175.7	2000016040	-36.880554	175.689804
grid_-36.9_175.7	2000016050	-36.890949	175.685017
grid_-36.9_175.7	2000016060	-36.891889	175.689308
grid_-36.9_175.7	2000016070	-36.892211	175.702282
grid_-36.9_175.7	2000016080	-36.896293	175.701405
grid_-36.9_175.7	2000016090	-36.905499	175.709961
grid_-36.9_175.7	2000016100	-36.904057	175.716544
grid_-36.9_175.7	2000016110	-36.892019	175.708056
grid_-36.9_175.7	2000016120	-36.885726	175.704762
grid_-36.9_175.7	2000016130	-36.87541	175.714947
grid_-36.9_175.7	2000016140	-36.870197	175.708105
grid_-36.9_175.7	2000016150	-36.859729	175.701606
grid_-36.8_175.7	2000016160	-36.848919	175.705865
grid_-36.8_175.7	2000016170	-36.837396	175.712273
grid_-36.8_175.7	2000016180	-36.827297	175.712711
grid_-36.8_175.7	2000016190	-36.82971	175.724563
grid_-36.8_175.7	2000016200	-36.833121	175.730172
grid_-36.8_175.7	2000016210	-36.831451	175.730484
grid_-36.8_175.8	2000016220	-36.837284	175.75102
grid_-36.8_175.8	2000016230	-36.842262	175.755305
grid_-36.8_175.8	2000016240	-36.849563	175.757756
grid_-36.9_175.8	2000016250	-36.86002	175.763985
grid_-36.9_175.8	2000016260	-36.855551	175.770038
grid_-36.8_175.8	2000016270	-36.847776	175.773323
grid_-36.8_175.8	2000016280	-36.846667	175.759577
grid_-36.8_175.8	2000016290	-36.832194	175.75823
grid_-36.8_175.8	2000016300	-36.82004	175.76934
grid_-36.8_175.8	2000016310	-36.82521	175.786206
grid_-36.8_175.8	2000016320	-36.832697	175.799527
grid_-36.8_175.8	2000016330	-36.843105	175.812751
grid_-36.8_175.8	2000016340	-36.847212	175.817144
grid_-36.9_175.8	2000016350	-36.852704	175.820753
grid_-36.9_175.8	2000016360	-36.859162	175.827715
grid_-36.9_175.8	2000016370	-36.86638	175.826711
grid_-36.9_175.8	2000016380	-36.873818	175.817329
grid_-36.9_175.8	2000016390	-36.888565	175.820585
grid_-36.9_175.8	2000016400	-36.893957	175.835803
grid_-36.9_175.8	2000016410	-36.908802	175.840288
grid_-36.9_175.9	2000016420	-36.920174	175.852899
grid_-36.9_175.9	2000016430	-36.93131	175.855236
grid_-36.9_175.9	2000016440	-36.940961	175.858161
grid_-36.9_175.8	2000016450	-36.946912	175.844241
grid_-37.0_175.8	2000016460	-36.960214	175.844421
grid_-37.0_175.9	2000016470	-36.973179	175.852287
grid_-37.0_175.9	2000016480	-36.986279	175.855499
grid_-37.0_175.9	2000016490	-36.998063	175.868891
grid_-37.0_175.9	2000016500	-37.001838	175.861948
grid_-37.0_175.9	2000016510	-36.996247	175.854829
grid_-37.0_175.8	2000016520	-37.0006	175.846997
grid_-37.0_175.8	2000016530	-37.004554	175.843128
grid_-37.0_175.8	2000016540	-37.014653	175.846884
grid_-37.0_175.8	2000016550	-37.02689	175.837456
grid_-37.0_175.8	2000016560	-37.036261	175.831806
grid_-37.1_175.8	2000016570	-37.051371	175.835823
grid_-37.1_175.8	2000016580	-37.056831	175.815105
grid_-37.1_175.8	2000016590	-37.065789	175.804329
grid_-37.1_175.8	2000016600	-37.054922	175.821127
grid_-37.1_175.8	2000016610	-37.051624	175.837148
grid_-37.0_175.8	2000016620	-37.037106	175.84064
grid_-37.0_175.9	2000016630	-37.026779	175.851709
grid_-37.0_175.9	2000016640	-37.012678	175.855684
grid_-37.0_175.9	2000016650	-37.01324	175.86684
grid_-37.0_175.9	2000016660	-37.02782	175.877059
grid_-37.0_175.9	2000016670	-37.037662	175.88738
grid_-37.1_175.9	2000016680	-37.052014	175.887128
grid_-37.1_175.9	2000016690	-37.067378	175.891239
grid_-37.1_175.9	2000016700	-37.085242	175.886391
grid_-37.1_175.9	2000016710	-37.102861	175.886784
grid_-37.1_175.9	2000016720	-37.105055	175.87971
grid_-37.1_175.9	2000016730	-37.115635	175.866964
grid_-37.1_175.9	2000016740	-37.125971	175.862342
grid_-37.1_175.9	2000016750	-37.133574	175.867381
grid_-37.1_175.9	2000016760	-37.118316	175.872724
grid_-37.1_175.9	2000016770	-37.115714	175.884413
grid_-37.1_175.9	2000016780	-37.120476	175.891987
grid_-37.1_175.9	2000016790	-37.131432	175.885731
grid_-37.1_175.9	2000016800	-37.141306	175.88273
grid_-37.2_175.9	2000016810	-37.15478	175.883
grid_-37.2_175.9	2000016820	-37.166818	175.881353
grid_-37.2_175.9	2000016830	-37.181245	175.885049
grid_-37.2_175.9	2000016840	-37.195581	175.893242
grid_-37.2_175.9	2000016850	-37.202229	175.881405
grid_-37.2_175.9	2000016860	-37.18878	175.87144
grid_-37.2_175.9	2000016870	-37.174825	175.866003
grid_-37.2_175.9	2000016880	-37.166227	175.856854
grid_-37.2_175.9	2000016890	-37.170878	175.851197
grid_-37.2_175.9	2000016900	-37.176588	175.851877
grid_-37.2_175.9	2000016910	-37.183815	175.853355
grid_-37.2_175.9	2000016920	-37.192887	175.859018
grid_-37.2_175.9	2000016930	-37.200185	175.861057
grid_-37.2_175.9	2000016940	-37.205858	175.862744
grid_-37.2_175.9	2000016950	-37.196128	175.870269
grid_-37.2_175.9	2000016960	-37.209757	175.877203
grid_-37.2_175.9	2000016970	-37.224935	175.881451
grid_-37.2_175.9	2000016980	-37.235558	175.888007
grid_-37.2_175.9	2000016990	-37.248721	175.89544
grid_-37.3_175.9	2000017000	-37.260846	175.895537
grid_-37.3_175.9	2000017010	-37.276481	175.900559
grid_-37.3_175.9	2000017020	-37.291787	175.910618
grid_-37.3_175.9	2000017030	-37.302098	175.915052
grid_-37.3_175.9	2000017040	-37.313208	175.924047
grid_-37.3_175.9	2000017050	-37.327423	175.929628
grid_-37.3_175.9	2000017060	-37.339425	175.937775
grid_-37.4_175.9	2000017070	-37.351903	175.942946
grid_-37.4_175.9	2000017080	-37.363579	175.938392
grid_-37.4_175.9	2000017090	-37.374459	175.93987
grid_-37.4_175.9	2000017100	-37.387483	175.942857
grid_-37.4_175.9	2000017110	-37.399345	175.940554
grid_-37.4_176.0	2000017120	-37.41544	175.950039
grid_-37.4_176.0	2000017130	-37.432319	175.962772
grid_-37.4_176.0	2000017140	-37.445053	175.973271
grid_-37.5_176.0	2000017150	-37.460885	175.986432
grid_-37.5_176.0	2000017160	-37.467047	175.9817
grid_-37.5_176.0	2000017170	-37.457257	175.974084
grid_-37.4_176.0	2000017180	-37.442344	175.96775
grid_-37.4_176.0	2000017190	-37.437508	175.95997
grid_-37.4_176.0	2000017200	-37.448448	175.968498
grid_-37.5_176.0	2000017210	-37.452079	175.953478
grid_-37.5_175.9	2000017220	-37.46473	175.940131
grid_-37.5_175.9	2000017230	-37.480405	175.938228
grid_-37.5_175.9	2000017240	-37.478642	175.94688
grid_-37.5_175.9	2000017250	-37.490964	175.938448
grid_-37.5_175.9	2000017260	-37.49688	175.932487
grid_-37.5_175.9	2000017270	-37.500013	175.943124
grid_-37.5_176.0	2000017280	-37.492001	175.954382
grid_-37.5_176.0	2000017290	-37.487194	175.953334
grid_-37.5_176.0	2000017300	-37.496602	175.967292
grid_-37.5_176.0	2000017310	-37.510104	175.97729
grid_-37.5_176.0	2000017320	-37.517208	175.965291
grid_-37.5_175.9	2000017330	-37.528019	175.948851
grid_-37.5_175.9	2000017340	-37.531882	175.932887
grid_-37.5_175.9	2000017350	-37.537058	175.919099
grid_-37.5_175.9	2000017360	-37.539227	175.935432
grid_-37.5_175.9	2000017370	-37.541146	175.943456
grid_-37.6_176.0	2000017380	-37.556012	175.953079
grid_-37.6_175.9	2000017390	-37.558948	175.935452
grid_-37.6_175.9	2000017400	-37.562347	175.931298
grid_-37.6_175.9	2000017410	-37.569396	175.928983
grid_-37.6_175.9	2000017420	-37.580161	175.920425
grid_-37.6_175.9	2000017430	-37.582653	175.930043
grid_-37.6_175.9	2000017440	-37.569725	175.941042
grid_-37.6_175.9	2000017450	-37.579677	175.940726
grid_-37.6_175.9	2000017460	-37.591886	175.949281
grid_-37.6_176.0	2000017470	-37.590094	175.954874
grid_-37.6_176.0	2000017480	-37.577809	175.968535
grid_-37.6_176.0	2000017490	-37.583889	175.977821
grid_-37.6_176.0	2000017500	-37.597199	175.96982
grid_-37.6_176.0	2000017510	-37.605317	175.957627
grid_-37.6_176.0	2000017520	-37.606572	175.967533
grid_-37.6_176.0	2000017530	-37.612757	175.980667
grid_-37.6_176.0	2000017540	-37.625131	175.968819
grid_-37.6_176.0	2000017550	-37.631699	175.962018
grid_-37.6_176.0	2000017560	-37.635026	175.970665
grid_-37.6_176.0	2000017570	-37.624404	175.975887
grid_-37.6_176.0	2000017580	-37.628033	175.988721
grid_-37.6_176.0	2000017590	-37.643183	175.988923
grid_-37.6_176.0	2000017600	-37.640813	175.998113
grid_-37.6_176.0	2000017610	-37.62744	176.006848
grid_-37.6_176.0	2000017620	-37.632021	176.015805
grid_-37.6_176.0	2000017630	-37.636957	176.015923
grid_-37.6_176.0	2000017640	-37.643059	176.015919
grid_-37.6_176.0	2000017650	-37.639133	176.027884
grid_-37.6_176.0	2000017660	-37.630024	176.044812
grid_-37.6_176.1	2000017670	-37.633162	176.051264
grid_-37.6_176.0	2000017680	-37.641836	176.04323
grid_-37.7_176.0	2000017690	-37.653606	176.03673
grid_-37.7_176.0	2000017700	-37.660483	176.029803
grid_-37.7_176.0	2000017710	-37.665207	176.02771
grid_-37.7_176.0	2000017720	-37.661755	176.041145
grid_-37.7_176.0	2000017730	-37.653188	176.043296
grid_-37.7_176.0	2000017740	-37.664241	176.044767
grid_-37.7_176.0	2000017750	-37.669166	176.044836
grid_-37.7_176.0	2000017760	-37.675682	176.044637
grid_-37.7_176.0	2000017770	-37.681132	176.042296
grid_-37.7_176.1	2000017780	-37.677346	176.052612
grid_-37.7_176.1	2000017790	-37.669943	176.055278
grid_-37.7_176.1	2000017800	-37.659573	176.053578
grid_-37.7_176.1	2000017810	-37.66679	176.06288
grid_-37.7_176.1	2000017820	-37.663394	176.064817
grid_-37.7_176.1	2000017830	-37.657104	176.065218
grid_-37.7_176.1	2000017840	-37.66366	176.085422
grid_-37.7_176.1	2000017850	-37.671899	176.094599
grid_-37.7_176.1	2000017860	-37.679562	176.099507
grid_-37.7_176.1	2000017870	-37.683008	176.100721
grid_-37.7_176.1	2000017880	-37.680082	176.119036
grid_-37.7_176.1	2000017890	-37.674501	176.125652
grid_-37.7_176.1	2000017900	-37.672522	176.116416
grid_-37.7_176.1	2000017910	-37.660344	176.124447
grid_-37.7_176.1	2000017920	-37.663944	176.145497
grid_-37.7_176.2	2000017930	-37.670247	176.162065
grid_-37.7_176.2	2000017940	-37.677315	176.150771
grid_-37.7_176.1	2000017950	-37.688086	176.148853
grid_-37.7_176.2	2000017960	-37.691186	176.157707
grid_-37.7_176.2	2000017970	-37.674342	176.164815
grid_-37.7_176.2	2000017980	-37.660922	176.167699
grid_-37.7_176.2	2000017990	-37.667794	176.173384
grid_-37.7_176.2	2000018000	-37.683677	176.170699
grid_-37.7_176.2	2000018010	-37.700483	176.166451
grid_-37.7_176.2	2000018020	-37.714736	176.163785
grid_-37.7_176.2	2000018030	-37.715338	176.150472
grid_-37.7_176.1	2000018040	-37.728209	176.147063
grid_-37.7_176.2	2000018050	-37.728869	176.157301
grid_-37.7_176.2	2000018060	-37.721872	176.165425
grid_-37.7_176.2	2000018070	-37.717429	176.173652
grid_-37.7_176.2	2000018080	-37.709003	176.188461
grid_-37.7_176.2	2000018090	-37.718267	176.182758
grid_-37.7_176.2	2000018100	-37.723565	176.181867
grid_-37.7_176.2	2000018110	-37.720976	176.199175
grid_-37.7_176.2	2000018120	-37.71329	176.203096
grid_-37.7_176.2	2000018130	-37.714513	176.218246
grid_-37.7_176.2	2000018140	-37.71575	176.230157
grid_-37.7_176.2	2000018150	-37.707319	176.228393
grid_-37.7_176.2	2000018160	-37.696718	176.236869
grid_-37.7_176.2	2000018170	-37.692197	176.221959
grid_-37.7_176.2	2000018180	-37.691797	176.207631
grid_-37.7_176.2	2000018190	-37.698554	176.205214
grid_-37.7_176.2	2000018200	-37.703895	176.189218
grid_-37.7_176.2	2000018210	-37.689026	176.177219
grid_-37.7_176.2	2000018220	-37.688458	176.189575
grid_-37.7_176.2	2000018230	-37.691711	176.200834
grid_-37.7_176.2	2000018240	-37.676718	176.204023
grid_-37.7_176.2	2000018250	-37.680842	176.19559
grid_-37.7_176.2	2000018260	-37.669109	176.181009
grid_-37.7_176.2	2000018270	-37.653538	176.182099
grid_-37.6_176.2	2000018280	-37.636837	176.179571
grid_-37.6_176.2	2000018290	-37.628989	176.166579
grid_-37.6_176.2	2000018300	-37.63121	176.178927
grid_-37.6_176.2	2000018310	-37.642722	176.195136
grid_-37.7_176.2	2000018320	-37.65525	176.21089
grid_-37.7_176.2	2000018330	-37.666849	176.228379
grid_-37.7_176.2	2000018340	-37.677675	176.246465
grid_-37.7_176.3	2000018350	-37.686885	176.265641
grid_-37.7_176.3	2000018360	-37.695363	176.285038
grid_-37.7_176.3	2000018370	-37.703089	176.30627
grid_-37.7_176.3	2000018380	-37.7099	176.326463
grid_-37.7_176.3	2000018390	-37.717467	176.34758
grid_-37.7_176.4	2000018400	-37.726348	176.36633
grid_-37.7_176.4	2000018410	-37.736004	176.385387
grid_-37.7_176.4	2000018420	-37.744631	176.405885
grid_-37.8_176.4	2000018430	-37.750662	176.427381
grid_-37.8_176.4	2000018440	-37.754467	176.449258
grid_-37.8_176.4	2000018450	-37.754037	176.438764
grid_-37.8_176.4	2000018460	-37.753872	176.432244
grid_-37.8_176.4	2000018470	-37.758943	176.426174
grid_-37.8_176.4	2000018480	-37.765123	176.442476
grid_-37.8_176.5	2000018490	-37.757388	176.454052
grid_-37.7_176.5	2000018500	-37.743889	176.46588
grid_-37.8_176.5	2000018510	-37.753016	176.477017
grid_-37.8_176.5	2000018520	-37.761741	176.476679
grid_-37.8_176.5	2000018530	-37.773728	176.468808
grid_-37.8_176.5	2000018540	-37.774041	176.480232
grid_-37.8_176.5	2000018550	-37.776503	176.492717
grid_-37.8_176.5	2000018560	-37.767008	176.490107
grid_-37.8_176.5	2000018570	-37.757291	176.480941
grid_-37.8_176.5	2000018580	-37.769486	176.496937
grid_-37.8_176.5	2000018590	-37.780741	176.514641
grid_-37.8_176.5	2000018600	-37.791356	176.532939
grid_-37.8_176.6	2000018610	-37.801529	176.550518
grid_-37.8_176.6	2000018620	-37.812282	176.569723
grid_-37.8_176.6	2000018630	-37.822853	176.589187
grid_-37.8_176.6	2000018640	-37.83204	176.608092
grid_-37.8_176.6	2000018650	-37.841	176.628471
grid_-37.8_176.6	2000018660	-37.849232	176.648726
grid_-37.9_176.7	2000018670	-37.856928	176.669399
grid_-37.9_176.7	2000018680	-37.863863	176.689118
grid_-37.9_176.7	2000018690	-37.870955	176.710353
grid_-37.9_176.7	2000018700	-37.877736	176.730831
grid_-37.9_176.8	2000018710	-37.883995	176.753018
grid_-37.9_176.8	2000018720	-37.888027	176.773248
grid_-37.9_176.8	2000018730	-37.890996	176.796856
grid_-37.9_176.8	2000018740	-37.893485	176.819382
grid_-37.9_176.8	2000018750	-37.898623	176.840429
grid_-37.9_176.9	2000018760	-37.9046	176.861844
grid_-37.9_176.9	2000018770	-37.909236	176.883403
grid_-37.9_176.9	2000018780	-37.913193	176.905878
grid_-37.9_176.9	2000018790	-37.916173	176.927174
grid_-37.9_176.9	2000018800	-37.92289	176.949167
grid_-37.9_177.0	2000018810	-37.930222	176.969268
grid_-37.9_177.0	2000018820	-37.938409	176.989314
grid_-37.9_177.0	2000018830	-37.944553	177.005266
grid_-37.9_177.0	2000018840	-37.947054	176.992041
grid_-37.9_177.0	2000018850	-37.947726	176.98452
grid_-37.9_177.0	2000018860	-37.949904	176.996129
grid_-37.9_177.0	2000018870	-37.941137	177.01257
grid_-37.9_177.0	2000018880	-37.942766	177.019059
grid_-38.0_177.0	2000018890	-37.954499	177.024044
grid_-38.0_177.0	2000018900	-37.964437	177.03969
grid_-38.0_177.1	2000018910	-37.970646	177.060354
grid_-38.0_177.1	2000018920	-37.975563	177.082237
grid_-38.0_177.1	2000018930	-37.979518	177.104308
grid_-38.0_177.1	2000018940	-37.982531	177.1255
grid_-38.0_177.1	2000018950	-37.990434	177.145303
grid_-38.0_177.1	2000018960	-37.988789	177.123801
grid_-38.0_177.1	2000018970	-37.982416	177.103532
grid_-38.0_177.1	2000018980	-37.978892	177.08357
grid_-38.0_177.1	2000018990	-37.981864	177.070176
grid_-38.0_177.1	2000019000	-37.985856	177.062922
grid_-38.0_177.1	2000019010	-37.994289	177.057363
grid_-38.0_177.1	2000019020	-37.996149	177.056485
grid_-38.0_177.1	2000019030	-38.003101	177.059664
grid_-38.0_177.1	2000019040	-38.013119	177.061416
grid_-38.0_177.1	2000019050	-38.011168	177.072098
grid_-38.0_177.1	2000019060	-37.998028	177.068899
grid_-38.0_177.1	2000019070	-37.999809	177.080579
grid_-38.0_177.1	2000019080	-38.005815	177.086241
grid_-38.0_177.1	2000019090	-38.014695	177.083779
grid_-38.0_177.1	2000019100	-38.013263	177.094864
grid_-38.0_177.1	2000019110	-38.00581	177.093399
grid_-38.0_177.1	2000019120	-38.002324	177.103975
grid_-38.0_177.1	2000019130	-38.01303	177.109679
grid_-38.0_177.1	2000019140	-38.023325	177.101342
grid_-38.0_177.1	2000019150	-38.020173	177.115861
grid_-38.0_177.1	2000019160	-38.029532	177.12694
grid_-38.0_177.1	2000019170	-38.040653	177.133794
grid_-38.0_177.1	2000019180	-38.039428	177.141781
grid_-38.0_177.2	2000019190	-38.04226	177.153536
grid_-38.0_177.2	2000019200	-38.03537	177.153301
grid_-38.0_177.1	2000019210	-38.026878	177.141613
grid_-38.0_177.1	2000019220	-38.016871	177.140228
grid_-38.0_177.1	2000019230	-38.009815	177.144374
grid_-38.0_177.1	2000019240	-38.004334	177.149653
grid_-38.0_177.2	2000019250	-38.010538	177.15419
grid_-38.0_177.2	2000019260	-38.006885	177.161945
grid_-38.0_177.2	2000019270	-37.990608	177.161046
grid_-38.0_177.2	2000019280	-37.986239	177.161467
grid_-38.0_177.2	2000019290	-37.989012	177.182807
grid_-38.0_177.2	2000019300	-37.991605	177.204454
grid_-38.0_177.2	2000019310	-37.991973	177.184235
grid_-38.0_177.2	2000019320	-37.999882	177.187297
grid_-38.0_177.2	2000019330	-37.995675	177.193889
grid_-38.0_177.2	2000019340	-37.990772	177.210799
grid_-38.0_177.2	2000019350	-37.991363	177.23244
grid_-38.0_177.3	2000019360	-37.991237	177.254258
grid_-38.0_177.3	2000019370	-37.991799	177.270566
grid_-38.0_177.3	2000019380	-37.991048	177.293641
grid_-38.0_177.3	2000019390	-37.989621	177.316675
grid_-38.0_177.3	2000019400	-37.988031	177.338822
grid_-38.0_177.4	2000019410	-37.986189	177.358997
grid_-38.0_177.4	2000019420	-37.983628	177.383519
grid_-38.0_177.4	2000019430	-37.980898	177.403067
grid_-38.0_177.4	2000019440	-37.973761	177.422683
grid_-38.0_177.4	2000019450	-37.968986	177.437381
grid_-38.0_177.4	2000019460	-37.961455	177.446198
grid_-38.0_177.5	2000019470	-37.957494	177.466963
grid_-37.9_177.5	2000019480	-37.949497	177.488047
grid_-37.9_177.5	2000019490	-37.936276	177.486708
grid_-37.9_177.5	2000019500	-37.930134	177.504973
grid_-37.9_177.5	2000019510	-37.92242	177.525521
grid_-37.9_177.5	2000019520	-37.911182	177.54088
grid_-37.9_177.5	2000019530	-37.896583	177.546029
grid_-37.9_177.6	2000019540	-37.882033	177.557841
grid_-37.9_177.6	2000019550	-37.872866	177.57735
grid_-37.9_177.6	2000019560	-37.858771	177.589664
grid_-37.9_177.6	2000019570	-37.853913	177.597453
grid_-37.8_177.6	2000019580	-37.842951	177.58666
grid_-37.8_177.6	2000019590	-37.839514	177.597289
grid_-37.8_177.6	2000019600	-37.831249	177.606998
grid_-37.8_177.6	2000019610	-37.821431	177.615876
grid_-37.8_177.6	2000019620	-37.80984	177.616633
grid_-37.8_177.6	2000019630	-37.814653	177.628843
grid_-37.8_177.6	2000019640	-37.806531	177.648791
grid_-37.8_177.7	2000019650	-37.791062	177.656403
grid_-37.8_177.7	2000019660	-37.779119	177.658877
grid_-37.8_177.7	2000019670	-37.771909	177.672557
grid_-37.8_177.7	2000019680	-37.759077	177.68372
grid_-37.7_177.7	2000019690	-37.745483	177.676888
grid_-37.7_177.7	2000019700	-37.735785	177.676666
grid_-37.7_177.7	2000019710	-37.72992	177.692566
grid_-37.7_177.7	2000019720	-37.723708	177.705325
grid_-37.7_177.7	2000019730	-37.710309	177.715533
grid_-37.7_177.7	2000019740	-37.69659	177.721923
grid_-37.7_177.7	2000019750	-37.684081	177.725737
grid_-37.7_177.7	2000019760	-37.678136	177.737708
grid_-37.7_177.8	2000019770	-37.676089	177.755619
grid_-37.7_177.8	2000019780	-37.67716	177.770812
grid_-37.7_177.8	2000019790	-37.677128	177.783208
grid_-37.7_177.8	2000019800	-37.674684	177.794142
grid_-37.7_177.8	2000019810	-37.66703	177.800561
grid_-37.7_177.8	2000019820	-37.65806	177.815358
grid_-37.7_177.8	2000019830	-37.66223	177.831961
grid_-37.7_177.9	2000019840	-37.658404	177.851491
grid_-37.6_177.9	2000019850	-37.649625	177.871518
grid_-37.6_177.9	2000019860	-37.638997	177.87969
grid_-37.6_177.9	2000019870	-37.628029	177.891253
grid_-37.6_177.9	2000019880	-37.612596	177.894778
grid_-37.6_177.9	2000019890	-37.610771	177.904949
grid_-37.6_177.9	2000019900	-37.620082	177.918536
grid_-37.6_177.9	2000019910	-37.618973	177.939298
grid_-37.6_178.0	2000019920	-37.611215	177.957759
grid_-37.6_178.0	2000019930	-37.598098	177.966251
grid_-37.6_178.0	2000019940	-37.589098	177.977131
grid_-37.6_178.0	2000019950	-37.575159	177.991514
grid_-37.6_178.0	2000019960	-37.564401	177.985833
grid_-37.6_178.0	2000019970	-37.552266	177.981484
grid_-37.5_178.0	2000019980	-37.537369	177.982307
grid_-37.5_178.0	2000019990	-37.547091	177.996194
grid_-37.6_178.0	2000020000	-37.550753	178.01202