BREST	1	48.38	-4.49
SWINOUJSCIE	2	53.92	14.23
SHEERNESS	3	51.45	0.74
HOLYHEAD	5	53.31	-4.62
CUXHAVEN_2	7	53.87	8.72
WISMAR_2	8	53.90	11.46
MAASSLUIS	9	51.92	4.25
SAN_FRANCISCO	10	37.81	-122.47
WARNEMUNDE_2	11	54.17	12.10
NEW_YORK	12	40.70	-74.01
TRAVEMUNDE	13	53.96	10.87
HELSINKI	14	60.15	24.96
LIVERPOOL_GEORGES_AND_PRINCES_PIERS	15	53.40	-3.00
LYOKKI	16	60.85	21.18
LYPYRTTI	17	60.60	21.23
JUNGFRUSUND	18	59.95	22.37
VLISSINGEN	20	51.44	3.60
ABERDEEN_II	21	57.15	-2.08
HOEK_VAN_HOLLAND	22	51.98	4.12
DEN_HELDER	23	52.96	4.75
DELFZIJL	24	53.33	6.93
HARLINGEN	25	53.18	5.41
LIEPAJA	26	56.53	20.98
UTO	27	59.78	21.37
RUSSARO	28	59.77	22.95
SODERSKAR	29	60.12	25.42
RONNSKAR	30	63.07	20.80
NEDRE_SODERTALJE	31	59.20	17.62
IJMUIDEN	32	52.46	4.55
OSCARSBORG	33	59.68	10.60
TRONDHEIM	34	63.43	10.43
DAUGAVGRIVA	37	57.05	24.03
VENEZIA	39	45.42	12.33
POTI	41	42.17	41.68
SEVASTOPOL	42	44.62	33.53
MUMBAI	43	18.92	72.83
ADEN	44	12.79	44.97
KABELVAG	45	68.21	14.48
STAVANGER	47	58.97	5.73
KIDDERPORE	48	22.53	88.33
BATUMI	51	41.63	41.70
CASCAIS	52	38.68	-9.42
VAASA	57	63.08	21.57
BERGEN	58	60.40	5.32
GENOVA	59	44.40	8.90
MARSEILLE	61	43.28	5.35
OSLO	62	59.91	10.73
KOBBAKLINTAR	63	60.03	19.88
GDANSK/NOWY_PORT	64	54.40	18.68
SYDNEY	65	-33.85	151.23
LANDSORT	68	58.74	17.87
OLANDS_NORRA_UDDE	69	57.37	17.10
KUNGSHOLMSFORT	70	56.11	15.59
HANKO	71	59.82	22.98
YSTAD	72	55.42	13.82
VARBERG	73	57.10	12.22
AARHUS	76	56.15	10.22
GRONSKAR	77	59.28	19.03
STOCKHOLM	78	59.32	18.08
OULU	79	65.04	25.42
ESBJERG	80	55.46	8.44
FREDERICIA	81	55.56	9.75
KOBENHAVN	82	55.70	12.60
VYBORG	83	60.70	28.73
LEMSTROM	84	60.10	20.02
YKSPIHLAJA	86	63.83	23.03
VENEZIA	87	45.42	12.35
RATAN	88	63.99	20.89
HIRTSHALS	89	57.60	9.96
BJORN	90	60.63	17.97
FREDERIKSHAVN	91	57.44	10.55
TONOURA	94	34.90	132.07
NORTH_SHIELDS	95	55.01	-1.44
HALIFAX	96	44.67	-63.58
BACKEVIK	97	58.37	11.25
SLIPSHAVN	98	55.29	10.83
NEDRE_GAVLE	99	60.68	17.17
CAGLIARI	104	39.20	9.17
NAPOLI	105	40.84	14.26
CIVITAVECCHIA	106	42.05	11.82
PALERMO	107	38.13	13.33
PORTO_MAURIZIO	108	43.87	8.02
FREMANTLE	111	-32.06	115.74
FERNANDINA_BEACH	112	30.67	-81.47
KORSOR	113	55.33	11.14
KLAIPEDA	118	55.70	21.13
HORNBAEK	119	56.09	12.46
GEDSER	120	54.57	11.93
DRAGHALLAN	122	62.37	17.53
TROIS-RIVIERES	126	46.33	-72.55
SEATTLE	127	47.60	-122.34
NAPOLI	129	40.87	14.27
ABURATSUBO	130	35.16	139.62
AYUKAWA	131	38.30	141.51
WAJIMA	132	37.41	136.90
HOSOJIMA	133	32.43	131.67
KUSHIMOTO	134	33.48	135.77
PHILADELPHIA	135	39.93	-75.14
PORT-SAINT-FRANCOIS	137	46.27	-72.62
POINTE-AU-PERE	138	48.52	-68.47
HANASAKI	139	43.28	145.58
STROMSTAD	140	58.95	11.18
SKURU	142	60.10	23.55
BATISCAN	144	46.50	-72.25
MANILA	145	14.58	120.97
HEL	146	54.60	18.80
BALTIMORE	148	39.27	-76.58
AUCKLAND_II	150	-36.84	174.77
TRIESTE	154	45.65	13.76
HONOLULU	155	21.31	-157.87
BUENOS_AIRES	157	-34.60	-58.37
SAN_DIEGO	158	32.71	-117.17
OSHORO_I	159	43.22	140.87
GALVESTON_II	161	29.31	-94.79
LAGOS	162	37.10	-8.67
BALBOA	163	8.97	-79.57
KOTKA	164	60.45	26.95
TOFINO	165	49.15	-125.92
VICTORIA	166	48.42	-123.37
PRINCE_RUPERT	167	54.32	-130.33
VENEZIA	168	45.43	12.33
CRISTOBAL	169	9.35	-79.92
MANTYLUOTO	172	61.59	21.46
QUEBEC	173	46.83	-71.17
KO_LAK	174	11.80	99.82
VANCOUVER	175	49.28	-123.12
HARRINGTON_HBR	176	50.50	-59.48
SMOGEN	179	58.35	11.22
ATLANTIC_CITY	180	39.35	-74.42
PORTLAND 	183	43.66	-70.25
KEY_WEST	188	24.55	-81.81
PORT_HEDLAND	189	-20.32	118.57
DUNBAR	190	56.01	-2.52
NEUVILLE	192	46.70	-71.57
POINT_ATKINSON	193	49.33	-123.25
PIETARSAARI 	194	63.71	22.69
SAINT_JOHN	195	45.27	-66.07
SYDNEY	196	-33.85	151.23
DESCHAILLONS	201	46.57	-72.10
NEWLYN	202	50.10	-5.54
FURUOGRUND	203	64.92	21.23
KARACHI	204	24.81	66.97
CHENNAI	205	13.10	80.30
ALICANTE	208	38.34	-0.48
CADIZ_II	209	36.53	-6.31
RANGOON	210	16.77	96.17
BLUFF	213	-46.60	168.35
FELIXSTOWE	214	51.96	1.35
TUAPSE	215	44.10	39.07
PORT_PIRIE	216	-33.18	138.01
AUCKLAND-WAITEMATA_HARBOUR	217	-36.84	174.77
BELFAST_2	219	54.60	-5.92
WELLINGTON_HARBOUR	221	-41.28	174.78
QUEQUEN	223	-38.58	-58.70
LEWES	224	38.78	-75.12
KETCHIKAN	225	55.33	-131.62
SAPPI	226	61.48	21.33
SUR_SARI	227	60.08	26.98
KEMI	229	65.67	24.52
PORT_LINCOLN	230	-34.72	135.87
HELIGMAN	231	60.20	19.30
CHARLESTON_I	234	32.78	-79.92
BOSTON	235	42.35	-71.05
WEST-TERSCHELLING	236	53.36	5.22
PRIMORSK	237	60.35	28.62
TVARMINNE	238	59.85	23.25
TURKU	239	60.43	22.10
RAAHE	240	64.67	24.41
LOS_ANGELES	245	33.72	-118.27
PENSACOLA	246	30.40	-87.21
PORT_LYTTELTON	247	-43.61	172.72
JOHOR_BAHRU	248	1.46	103.79
FOGLO	249	60.03	20.38
PORT_SAID	253	31.25	32.30
DOVER	255	51.11	1.32
LA_JOLLA	256	32.87	-117.26
PONTA_DELGADA	258	37.74	-25.67
LYTTELTON_II	259	-43.61	172.72
JOLO	260	6.07	121.00
ASTORIA	265	46.21	-123.77
SEWARD	266	60.12	-149.43
NEWCASTLE_III	267	-32.92	151.80
MACAU	269	22.20	113.55
DAYTONA_BEACH	270	29.23	-81.00
MOMMARK	271	54.93	10.07
DURBAN	284	-29.87	31.05
KASKINEN	285	62.34	21.21
IMMINGHAM	286	53.63	-0.19
SEAVEY_ISLAND	288	43.08	-70.74
PIONERSKY	289	54.95	20.22
SEWELLS_POINT	299	36.95	-76.33
HILO	300	19.73	-155.06
TREGDE	302	58.01	7.55
SANTA_CRUZ_DE_TENERIFE_I	303	28.48	-16.24
YAMBA	310	-29.43	153.36
ANNAPOLIS	311	38.98	-76.48
NARVIK	312	68.43	17.43
HEIMSJO	313	63.43	9.10
STORNOWAY	314	58.21	-6.39
HAMINA	315	60.56	27.18
MAYPORT	316	30.39	-81.43
BOURGAS	317	42.48	27.48
VARNA	318	43.18	27.92
NEWCASTLE_I	320	-32.92	151.80
KLAGSHAMN	330	55.52	12.89
TAKORADI	331	4.88	-1.75
EASTPORT	332	44.90	-66.98
NORTH_POINT	333	22.30	114.20
SOUTHEND	334	51.51	0.72
TILBURY	335	51.47	0.37
TOWER_PIER	336	51.50	0.08
PORTSMOUTH	350	50.80	-1.11
NEWPORT	351	41.51	-71.33
SPLIT - GRADSKA_LUKA	352	43.51	16.44
BAKAR	353	45.30	14.53
MERA	359	34.92	139.82
WASHINGTON_DC	360	38.87	-77.02
ABERDEEN_I	361	57.14	-2.08
WILLETS_POINT	362	40.79	-73.78
MIAMI_BEACH	363	25.77	-80.13
SANDY_HOOK	366	40.47	-74.01
WOODS_HOLE	367	41.52	-70.67
ST. GEORGES	368	32.37	-64.70
GARDEN_REACH	369	22.55	88.30
THESSALONIKI	373	40.63	22.93
PIRAIEVS	374	37.94	23.63
KAVALLA	375	40.93	24.41
RAUMA	376	61.13	21.43
SANTA_MONICA	377	34.01	-118.50
CRESCENT_CITY	378	41.74	-124.18
CONSTANTZA	379	44.17	28.67
FRIDAY_HARBOR	384	48.55	-123.01
NEAH_BAY	385	48.37	-124.61
THEVENARD	386	-32.15	133.64
GRONDINES	387	46.58	-72.03
PORT_AUX_BASQUES	392	47.57	-59.13
ST. JOHN'S	393	47.57	-52.72
CEBU	394	10.30	123.92
FORT_PULASKI	395	32.03	-80.90
WILMINGTON	396	34.23	-77.95
SASSNITZ	397	54.51	13.64
KJOLSDAL	398	61.92	5.63
PORTSMOUTH	399	36.82	-76.29
NEVLUNGHAVN	401	58.97	9.88
JUNEAU	405	58.30	-134.41
UCHIURA	407	35.02	138.89
KHIOS	408	38.37	26.14
POSIDHONIA	409	37.95	22.96
PREVEZA	410	38.96	20.76
KALAMAI	411	37.02	22.12
SOLOMON'S_ISLAND	412	38.32	-76.45
OOSTENDE	413	51.23	2.92
VISAKHAPATNAM	414	17.68	83.28
SAUGOR/SAGAR	417	21.65	88.05
GUANTANAMO_BAY	418	19.91	-75.15
BHAUNAGAR_I	420	21.80	72.30
ANDENES	425	69.33	16.13
SITKA	426	57.05	-135.34
CHARLOTTETOWN	427	46.23	-63.12
CEDAR_KEY_II	428	29.14	-83.03
NEW_LONDON	429	41.36	-72.09
PROVIDENCE	430	41.81	-71.40
MONTEVIDEO	431	-34.90	-56.25
DUBLIN	432	53.35	-6.22
COLONIA	433	-34.48	-57.85
PUNTA_DEL_ESTE	434	-34.97	-54.95
DOUGLAS	435	54.15	-4.47
ALAMEDA	437	37.77	-122.30
COCHIN	438	9.97	76.27
EUGENE_ISLAND	440	29.37	-91.39
FORT_PHRACHULA_CHOMKLAO	444	13.55	100.58
YAKUTAT	445	59.55	-139.73
KO_TAPHAO_NOI	446	7.83	98.43
CHURCHILL	447	58.77	-94.18
PORT_ADELAIDE	448	-34.78	138.48
KO_SICHANG	449	13.15	100.82
LE_HAVRE	453	49.48	0.11
ST. MALO	454	48.64	-2.03
CALAIS	455	50.97	1.87
BUENAVENTURA	456	3.90	-77.10
ST. NAZAIRE	457	47.27	-2.20
MATARANI	458	-17.00	-72.12
HACHINOHE_I	460	40.53	141.53
RICHMOND	462	37.57	-77.45
MIYAKO_I	463	39.63	141.97
PUNTARENAS	464	9.97	-84.83
LA_ROCHELLE-LA_PALLICE	466	46.16	-1.22
CHERBOURG	467	49.65	-1.64
DUNKERQUE	468	51.05	2.37
ST_JEAN_DE_LUZ	469	43.40	-1.68
ZEEBRUGGE	470	51.35	3.20
BOULOGNE	471	50.73	1.58
DIEPPE	474	49.93	1.08
TALARA	475	-4.62	-81.28
PORT_LOUIS	477	-20.15	57.50
VIGO	483	42.24	-8.73
LA_CORUNA_I	484	43.37	-8.40
SANTANDER_I	485	43.46	-3.79
MALOY	486	61.93	5.11
ADAK  SWEEPER_COVE	487	51.86	-176.63
TARIFA	488	36.01	-5.60
NIEUWPOORT	489	51.15	2.73
ALGECIRAS	490	36.12	-5.43
MASSACRE_BAY	491	52.83	173.20
SKAGWAY	495	59.45	-135.33
MALAGA	496	36.71	-4.42
PORT_ISABEL	497	26.06	-97.22
CEUTA	498	35.89	-5.32
VALPARAISO	499	-33.03	-71.63
WELLINGTON_II	500	-41.28	174.78
PUERTO_MADRYN	501	-42.77	-65.03
ALEXANDRIA	503	31.22	29.92
PORT_SAN_LUIS	508	35.18	-120.76
ALESUND	509	62.47	6.15
ANTOFAGASTA_2	510	-23.65	-70.40
ANTOFAGASTA	511	-23.65	-70.42
KWAJALEIN	513	8.73	167.74
KUSHIRO	518	42.98	144.37
MONTAUK	519	41.05	-71.96
ST. PETERSBURG	520	27.76	-82.63
KAHULUI_HARBOR	521	20.89	-156.48
LEGASPI	522	13.15	123.75
MIDWAY_ISLAND	523	28.21	-177.36
VARDO	524	70.37	31.10
BAR_HARBOR	525	44.39	-68.20
GRAND_ISLE	526	29.26	-89.96
PORT_ALBERNI	527	49.23	-124.82
CHUUK	528	7.45	151.85
EVENSKJAER	531	68.58	16.55
DAVAO	537	7.08	125.63
ROCKPORT	538	28.02	-97.05
PAGO_PAGO	539	-14.28	-170.69
APRA_HARBOR	540	13.44	144.65
BARENTSBURG	541	78.07	14.25
IMBITUBA	542	-28.23	-48.65
DIAMOND_HARBOUR	543	22.20	88.17
LA_LIBERTAD_II	544	-2.20	-80.92
KEELUNG_II	545	25.13	121.73
YUZHNO_KURILSK	546	44.02	145.87
BARENTSBURG_II	547	78.07	14.25
CAMP_COVE	549	-33.83	151.28
PUERTO_LIMON	552	10.00	-83.03
ALERT_BAY	554	50.58	-126.95
LA_LIBERTAD	555	-2.20	-80.92
RECIFE	556	-8.05	-34.87
PUERTO_CORTES	557	15.83	-87.95
LA_UNION	558	13.33	-87.82
BODO	562	67.29	14.39
GIBARA	563	21.11	-76.12
MACKAY	564	-21.10	149.23
LAS_PALMAS_C	565	28.15	-15.41
CORDOVA	566	60.56	-145.75
KODIAK_ISLAND	567	57.73	-152.51
SANTA_CRUZ_DE_LA_PALMA_B	568	28.67	-17.77
TIKSI	569	71.58	128.92
TALCAHUANO	571	-36.68	-73.10
CARTAGENA	572	10.40	-75.55
KANTON_ISLAND	575	-2.80	-171.72
SALVADOR	578	-12.97	-38.52
BELEM	580	-1.45	-48.50
NAOS_ISLAND	581	8.92	-79.55
ARRECIFE	593	28.97	-13.53
WAKE_ISLAND	595	19.29	166.62
KANDLA	596	23.02	70.22
GLOUCESTER_POINT	597	37.25	-76.50
JOHNSTON_ISLAND	598	16.74	-169.53
AMDERMA	599	69.75	61.70
UST_KARA	600	69.25	64.52
FEDOROVA	601	77.72	104.30
SANNIKOVA	602	74.67	138.90
SHALAUROVA	603	73.18	143.23
AMBARCHIK	604	69.62	162.30
RAU-CHUA	605	69.50	166.58
PEVEK	606	69.70	170.25
VANKAREM	607	67.83	-175.83
VRANGELIA	608	70.98	-178.48
MALYE_KARMAKULY	609	72.37	52.70
UST_OLENEK	610	73.00	119.87
DIKSON	611	73.50	80.40
STERLEGOVA	612	75.42	88.90
NETTEN	613	66.97	-171.93
QINHUANGDAO	614	39.90	119.60
PRAVDY	615	76.27	94.77
MYS_SHMIDTA	616	68.90	-179.37
RATMANOVA	617	65.85	-169.13
ARICA	618	-18.47	-70.33
CALDERA	619	-27.07	-70.83
MALYI_TAIMYR	620	78.08	106.82
KOLUCHIN	621	67.48	-174.65
UGORSKII_SHAR	622	69.82	60.75
TOBA	627	34.47	136.85
IRAKLION	634	35.35	25.15
ONAHAMA	635	36.94	140.89
KIPTOPEKE_BEACH	636	37.16	-75.99
TOWNSVILLE_I	637	-19.25	146.83
REYKJAVIK	638	64.15	-21.94
TUMACO	639	1.83	-78.73
DUNAI	640	73.93	124.50
KOTELNYI	641	76.00	137.87
KIGILIAH	642	73.33	139.87
KOLOBRZEG	643	54.18	15.55
USTKA	644	54.58	16.87
WLADYSLAWOWO	645	54.80	18.42
ANDREIA	646	76.80	110.75
ZHELANIA_II	647	76.95	68.55
GEIBERGA	648	77.60	101.52
MUOSTAH	649	71.55	130.03
CHETYREHSTOLBOVOI	650	70.63	162.48
BOLVANSKII_NOS	651	70.45	59.08
PREOBRAZHENIA	652	74.67	112.93
POPOVA	653	73.33	70.05
RUSSKII	655	77.17	96.43
SOLNECHNAIA	656	78.20	103.27
SVIATOI_NOS	657	72.83	140.73
ZEMLIA_BUNGE	658	74.88	142.12
IZUHARA	661	34.20	129.30
PROVIDENIA	662	64.42	-173.23
MAIZURU_I	663	35.48	135.40
TACLOBAN	664	11.25	125.00
ENEWETOK	665	11.37	162.35
MARII_PRONCHISHEVOI	667	75.53	113.43
PUERTO_ARMUELLES	668	8.27	-82.87
TOKUYAMA_I	669	34.03	131.80
OMINATO	679	41.25	141.15
TROMSO	680	69.65	18.96
HARSTAD	681	68.80	16.55
KRISTIANSUND	682	63.11	7.73
BURNIE	683	-41.05	145.91
MURMANSK	684	68.97	33.05
SPLIT_RT_MARJANA	685	43.51	16.39
ACAPULCO	686	16.83	-99.92
MURMANSK_II	687	68.97	33.05
FULFORD_HARBOUR	688	48.77	-123.45
SALINA_CRUZ	689	16.17	-95.20
PROGRESO	690	21.30	-89.67
COATZACOALCOS	692	18.15	-94.42
GUAYMAS	693	27.92	-110.90
LA_PAZ	695	24.17	-110.35
MANGALORE	696	12.85	74.83
KAINAN	701	34.14	135.19
HANSTHOLM	703	57.12	8.60
VISE	704	79.50	76.98
UEDINENIA	707	77.50	82.20
BILLINGA	708	69.88	175.77
RUSSKAIA_GAVAN_II	710	76.18	62.58
RUSSKAYA_GAVAN	711	76.20	62.58
MAZATLAN	712	23.20	-106.42
ASAMUSHI	721	40.90	140.86
YOKOSUKA	722	35.29	139.65
DALIAN	723	38.87	121.68
SEMBAWANG	724	1.47	103.83
FREEPORT	725	28.95	-95.31
CANANEIA	726	-25.02	-47.93
XIAMEN	727	24.45	118.07
IZVESTIA_TSIK	728	75.95	82.95
GOLOMIANYI	729	79.55	90.62
AION	730	69.93	167.98
YANTAI	731	37.53	121.38
MORZHOVAIA	732	71.42	67.58
ISACHENKO	734	77.15	89.20
BUORHAIA	735	71.95	132.77
KOSYSTYI	736	73.65	109.73
MANZANILLO	737	19.05	-104.33
KRASNOFLOTSKIE	738	78.60	98.83
NEZUGASEKI	752	38.56	139.55
KASHIWAZAKI	753	37.36	138.51
LOWESTOFT	754	52.47	1.75
MILLPORT	755	55.75	-4.91
NAWILIWILI_BAY	756	21.95	-159.35
UNALASKA	757	53.88	-166.54
HAMMERFEST	758	70.66	23.68
MAGUEYES_ISLAND	759	17.97	-67.05
DUBROVNIK	760	42.66	18.06
ROVINJ	761	45.08	13.63
RODBYHAVN	762	54.66	11.35
LA_CORUNA_II	763	43.36	-8.40
LA_PALOMA	764	-34.65	-54.15
BIRKENHEAD	765	53.40	-3.02
NEWPORT_BAY	766	33.60	-117.88
TADIBE-IAHA	767	70.37	72.57
ALVARADO	768	18.77	-95.77
MONBETU_I	772	44.35	143.37
SANDWICH_MARINA	775	41.77	-70.50
BUZZARDS_BAY	776	41.74	-70.62
REEDY_POINT	786	39.56	-75.57
NELSON	787	-41.26	173.27
MONACO	788	43.73	7.42
KIEL-HOLTENAU	789	54.37	10.16
TERPIAI-TUMSA	790	73.55	118.67
LEIXOES	791	41.18	-8.70
VALKARKAI	792	70.08	170.93
ENSENADA	795	31.85	-116.63
CIUDAD_DEL_CARMEN	796	18.63	-91.85
SHIMIZU-MINATO	808	35.01	138.52
KOMATSUSHIMA	809	34.01	134.59
MISUMI	810	32.62	130.45
SAKAI	811	35.55	133.24
UNO	812	34.49	133.95
HAKODATE_I	813	41.78	140.72
ABURATSU	814	31.58	131.41
TOSA_SHIMIZU	815	32.78	132.96
WAKAYAMA	816	34.22	135.15
TAN-NOWA	817	34.34	135.18
LORD_HOWE_ISLAND	818	-31.52	159.07
MAR_DEL_PLATA	819	-38.03	-57.52
PORT_ELIZABETH	820	-33.95	25.63
NORFOLK_ISLAND	821	-29.06	167.95
BRISBANE	822	-27.37	153.17
MOKUOLOE_ISLAND	823	21.43	-157.79
PETROPAVLOVSK-KAMCHATSKY	824	52.98	158.65
GLADSTONE	825	-23.85	151.31
SIMONS_BAY	826	-34.19	18.44
NAGAEVO	827	59.55	150.72
GALVESTON_I	828	29.29	-94.79
QUEEN_CHARLOTTE_CITY	829	53.25	-132.07
LERWICK	830	60.15	-1.14
PORT_KEMBLA	831	-34.47	150.91
PALERMO	832	-34.57	-58.40
EDEN	833	-37.07	149.91
BUNBURY	834	-33.32	115.66
KARUMBA	835	-17.50	140.83
PORT_NOLLOTH	836	-29.26	16.87
NEWCASTLE_V	837	-32.92	151.79
HOBART	838	-42.88	147.34
TORSHAVN	839	62.02	-6.77
HONDAU	841	20.67	106.80
PORT_RENFREW	842	48.55	-124.42
SANTA_CRUZ_DAS_FLORES	843	39.45	-31.12
SHIMONOSEKI_I	845	33.97	130.95
KOBE	846	34.68	135.18
TAKAMATSU	847	34.35	134.05
PORT_JEFFERSON	848	40.95	-73.08
NOUMEA-CHALEIX	852	-22.30	166.43
NEW_ROCHELLE	856	40.89	-73.78
MAR_DEL_PLATA	857	-38.03	-57.53
BELYI_NOS	859	69.60	60.22
NAGOYA	860	35.08	136.88
MOSSEL_BAY	910	-34.18	22.14
LUDERITZ	911	-26.64	15.15
MOZI	912	33.95	130.97
ARGENTINE_ISLANDS	913	-65.25	-64.26
WALVIS_BAY	914	-22.95	14.50
MALIN_HEAD	916	55.37	-7.33
SOPOCHNAIA_KARGA	917	71.87	82.70
TUXPAN	918	21.00	-97.33
PADRE_ISLAND	919	26.07	-97.15
ZHAPO	933	21.58	111.82
KANMEN	934	28.08	121.28
DARWIN	935	-12.47	130.85
HEYSHAM	936	54.03	-2.92
ZHOHOVA	937	76.15	152.83
KNYSNA	950	-34.05	23.05
PORTNEUF	951	46.68	-71.88
SIBAURA	952	35.63	139.75
CAIRNS	953	-16.92	145.78
MOKPO	954	34.78	126.38
BUSAN	955	35.10	129.04
INCHEON	956	37.45	126.59
ALBANY	957	-35.03	117.89
SETE	958	43.40	3.70
ALICANTE	960	38.34	-0.48
CHINHAE	970	35.15	128.65
LUSI	979	32.13	121.62
TOULON	980	43.11	5.91
GIBRALTAR	981	36.15	-5.36
DEVONPORT	982	50.37	-4.19
COCOS_ISLAND	983	-12.12	96.89
BELLA_BELLA	984	52.17	-128.13
CADIZ_III	985	36.54	-6.29
PORT_TARANAKI	996	-39.06	174.03
ULSAN	997	35.50	129.39
TIMARU_HARBOUR	998	-44.39	171.26
ST-FRANCOIS	999	47.00	-70.82
TUKTOYAKTUK	1000	69.42	-132.97
SAN_JUAN	1001	18.46	-66.11
TRIBENI	1002	22.98	88.40
HONNGU	1003	18.80	105.77
CHAMPLAIN	1005	46.43	-72.40
PESCHANYI	1006	79.43	102.48
WONSAN	1007	39.17	127.45
KOPER	1009	45.55	13.72
ACAJUTLA	1011	13.57	-89.83
KRENKELIA	1012	80.62	58.05
RINCON_ISLAND	1013	34.35	-119.44
NASE_II	1018	28.38	129.50
SAGYLLAH-ARY	1019	73.15	128.88
CIUDAD_MADERO	1020	22.25	-97.80
ONISAKI	1026	34.90	136.82
OSHORO_II	1027	43.21	140.86
HIROSIMA	1028	34.35	132.46
FUNCHAL	1030	32.64	-16.91
GERALDTON	1031	-28.78	114.60
ILHA_FISCAL	1032	-22.90	-43.17
STONY_POINT	1033	-38.37	145.22
TAI_PO_KAU	1034	22.44	114.18
AMRUM	1036	54.62	8.38
BORKUM	1037	53.56	6.75
PORT_MANSFIELD	1038	26.55	-97.42
TEMA	1049	5.62	0.00
MIYAKE_SIMA	1060	34.07	139.48
KOZU_SIMA	1061	34.21	139.13
MATSUYAMA_II	1062	33.86	132.71
MINAMI_IZU	1064	34.62	138.88
WHANGAREI_HARBOUR	1065	-35.76	174.35
JEJU	1066	33.53	126.54
ANCHORAGE	1067	61.24	-149.89
BRIDGEPORT	1068	41.17	-73.18
VICTOR_HARBOUR	1069	-35.56	138.64
SELDOVIA	1070	59.44	-151.72
PORT_HARDY	1071	50.72	-127.48
TUTICORIN	1072	8.75	78.20
ROSYTH	1074	56.02	-3.45
BAR	1075	42.08	19.08
POINTE_ST. GILDAS	1078	47.13	-2.25
SANTO_TOMAS_DE_CASTILLA	1080	15.70	-88.62
MAISAKA	1089	34.68	137.61
URAGAMI	1090	33.56	135.90
OKADA	1091	34.79	139.39
AWA_SIMA	1093	38.47	139.25
HAKATA	1094	33.62	130.41
SAIGO	1095	36.20	133.33
NISINOOMOTE	1096	30.73	130.99
ODOMARI	1097	31.02	130.69
SUMOTO	1098	34.34	134.91
OSAKA	1099	34.66	135.43
NAGASAKI	1100	32.73	129.87
FUKUE	1101	32.70	128.85
OURA	1102	32.98	130.22
WAKKANAI	1103	45.41	141.69
ABASHIRI	1104	44.02	144.29
NAKANO_SIMA	1105	29.84	129.85
FORT_MYERS	1106	26.65	-81.87
NAPLES	1107	26.13	-81.81
MUKHO	1108	37.55	129.12
WICK	1109	58.44	-3.09
NANTUCKET_ISLAND	1111	41.28	-70.10
ULLAPOOL	1112	57.90	-5.16
HELGEROA	1113	59.00	9.86
ESPERANCE	1114	-33.87	121.90
CARNARVON	1115	-24.90	113.65
WYNDHAM	1116	-15.45	128.10
DEVONPORT	1118	-41.18	146.36
PICTOU	1121	45.68	-62.70
ANTIPAIUTA	1128	69.08	76.85
OWASE	1146	34.08	136.21
SASEBO_II	1147	33.16	129.72
TAJIRI	1148	35.59	134.32
MIYAKO_II	1149	39.64	141.98
SHIRAHAMA	1150	33.68	135.38
NAHA	1151	26.21	127.67
PATRICIA_BAY	1152	48.65	-123.45
CAPE_MAY	1153	38.97	-74.96
BUNDABERG	1154	-24.77	152.38
YEOSU	1155	34.75	127.77
DAUPHIN_ISLAND	1156	30.25	-88.08
WEIPA	1157	-12.67	141.87
YARMOUTH	1158	43.83	-66.13
BROOME	1159	-18.00	122.22
MILNER_BAY	1160	-13.86	136.42
PARADIP	1161	20.27	86.70
SIBONEY	1162	23.10	-82.47
RABAUL	1164	-4.20	152.18
MIKUNI	1190	36.25	136.15
KATSUURA	1191	35.13	140.25
APALACHICOLA	1193	29.73	-84.98
MURORAN	1194	42.35	140.95
CAPE_TOWN	1195	-33.91	18.43
SOUTH_BEACH	1196	44.62	-124.04
FYNSHAV	1197	54.99	9.99
STE-ANNE-DES-MONTS	1199	49.13	-66.48
SE-LAHA	1200	70.15	72.57
KURE_IV	1209	34.24	132.55
TOKUYAMA_II	1210	34.04	131.80
SPIKARNA	1211	62.36	17.53
UWAJIMA_II	1212	33.23	132.55
RIVIERE-AU-RENARD	1213	49.00	-64.38
ILFRACOMBE	1214	51.21	-4.11
PORTPATRICK	1215	54.84	-5.12
SPRING_BAY	1216	-42.55	147.93
MAJURO-B	1217	7.10	171.37
BAIE_COMEAU	1218	49.23	-68.13
TADOUSSAC	1219	48.13	-69.72
SOUDHAS	1232	35.49	24.08
LEROS	1233	37.13	26.85
SIROS	1234	37.44	24.95
GOTEBORG - TORSHAMNEN	1236	57.68	11.79
KHALKIS_NORTH	1237	38.47	23.59
ALEXANDROUPOLIS	1238	40.84	25.88
LEVKAS	1239	38.83	20.71
KATAKOLON	1240	37.64	21.32
RORVIK	1241	64.86	11.23
BAMFIELD	1242	48.85	-125.13
RHODOS	1243	36.44	28.24
ST-JOSEPH-DE-LA-RIVE	1244	47.45	-70.37
NEW  WESTMINSTER	1245	49.20	-122.92
HAY_POINT	1246	-21.28	149.30
PORT_TUDY	1247	47.64	-3.45
SULTAN_SHOAL	1248	1.23	103.65
MORMUGAO	1249	15.42	73.80
PATRAI	1250	38.42	21.73
MALAKAL-B	1252	7.33	134.47
RIKITEA	1253	-23.12	-134.97
STEVESTON	1255	49.12	-123.18
OMAEZAKI_II	1263	34.61	138.22
OGA	1264	39.94	139.71
AKUNE	1265	32.02	130.19
HACHINOHE_II	1266	40.53	141.53
HONNINGSVAG	1267	70.98	25.97
BOOBY_ISLAND	1268	-10.60	141.91
CHARLESTON_II	1269	43.34	-124.32
HALDIA	1270	22.03	88.10
USHUAIA_II	1271	-54.82	-68.22
EASTER_ISLAND-E	1272	-27.15	-109.47
CALLAO_2	1274	-12.05	-77.15
JURONG	1275	1.30	103.72
OITA_II	1293	33.27	131.69
LE_CONQUET	1294	48.36	-4.78
CAMBRIDGE_II	1295	38.57	-76.07
URAKAWA_II	1296	42.17	142.77
CABO_DE_SAN_ANTONIO	1297	21.90	-84.90
NORTH_SYDNEY	1299	46.22	-60.25
INCE_POINT	1300	-10.51	142.31
CONCARNEAU	1301	47.87	-3.91
HAGI	1306	34.43	131.42
KARIYA	1318	33.47	129.85
KURE_I	1320	33.33	133.24
ARGENTIA	1321	47.30	-53.98
SEPT-ILES	1322	50.20	-66.40
CAMPBELL_RIVER	1323	50.02	-125.23
POHANG	1324	36.05	129.38
PORT_TOWNSEND	1325	48.11	-122.76
CAPE_LAMBERT	1328	-20.59	117.19
KANTON_ISLAND-B	1329	-2.82	-171.72
ITO_II	1343	34.90	139.13
OGI	1344	37.81	138.28
SOMA	1345	37.83	140.96
KAMAISI_II	1346	39.27	141.89
ROSCOFF	1347	48.72	-3.97
LOWER_ESCUMINAC	1349	47.08	-64.88
NIKISKI	1350	60.68	-151.40
RAFFLES_LIGHT_HOUSE	1351	1.17	103.75
MONTEREY	1352	36.60	-121.89
VALDEZ	1353	61.12	-146.36
TOKE_POINT	1354	46.71	-123.97
CABO_SAN_LUCAS	1355	22.88	-109.90
KAOHSIUNG_II	1356	22.53	120.32
OFUNATO_II	1364	39.02	141.75
SOKCHO	1365	38.21	128.59
TSIM_BEI_TSUI	1366	22.49	114.01
WHYALLA_III	1367	-33.01	137.59
GOODS_ISLAND	1368	-10.56	142.15
GANGRA	1369	21.95	88.02
POHNPEI-B	1370	6.98	158.23
CHRISTMAS_ISLAND_II	1371	1.98	-157.48
FRENCH_FRIGATE_SHOALS	1372	23.87	-166.28
HONIARA_II	1373	-9.43	159.95
KUCHINOTSU	1386	32.61	130.20
MAIZURU_II	1387	35.48	135.39
OKINAWA	1388	26.18	127.82
TOYAMA	1389	36.76	137.22
MUROTOMISAKI	1390	33.27	134.16
CHICHIJIMA	1391	27.08	142.18
PORT-ALFRED	1392	48.33	-70.87
CHARLOTTE_AMALIE	1393	18.34	-64.92
POINT_REYES	1394	37.99	-122.98
OKHA	1395	22.47	69.08
PAPEETE-B	1397	-17.53	-149.57
BYKOV_MYS	1399	72.00	129.12
TANGGU	1403	39.00	117.72
SHIJIUSUO	1404	35.38	119.55
LIANYUNGANG	1405	34.75	119.45
SHANWEI	1406	22.75	115.35
BEIHAI	1408	21.48	109.08
WALLAROO_II	1420	-33.93	137.62
NY-ALESUND	1421	78.93	11.94
NORTH_SOUND	1422	19.30	-81.32
MANGALORE	1423	12.92	74.80
SOUTH_SOUND	1426	19.27	-81.38
HAIKOU	1428	20.02	110.28
TAGO	1437	34.81	138.76
YAIZU	1438	34.87	138.33
KAMINATO_II	1440	33.13	139.80
KHALKIS_SOUTH	1441	38.46	23.59
HANASAKI_II	1442	43.28	145.57
SPRINGMAID_PIER	1444	33.66	-78.92
GADEOKDO	1445	35.02	128.81
TONGYEONG	1446	34.83	128.43
LIME_TREE_BAY	1447	17.69	-64.75
KOSEROW	1448	54.06	14.00
QUINHON	1449	13.77	109.25
PENRHYN	1450	-9.02	-158.07
HIRON_POINT	1451	21.78	89.47
FUNAFUTI	1452	-8.53	179.22
KHEPUPARA	1454	21.83	89.83
ALMERIA	1455	36.83	-2.48
SINES	1456	37.95	-8.88
NICE	1468	43.70	7.29
PORT_VENDRES	1469	42.52	3.11
MONBETU_II	1470	44.35	143.37
PORT_DOUGLAS_2	1471	-16.48	145.47
KAPINGAMARANGI	1473	1.10	154.78
SAIPAN	1474	15.23	145.75
DANANG	1475	16.10	108.22
COX'S_BAZAAR	1476	21.45	91.83
NAGOYA_II	1488	35.09	136.88
HEUKSANDO	1489	34.68	125.44
ULLEUNG	1490	37.49	130.91
TOBERMORY	1491	56.62	-6.06
CAPE_FERGUSON	1492	-19.28	147.06
MOOLOOLABA_2	1493	-26.68	153.13
VUNGTAU	1495	10.33	107.07
CHARCHANGA	1496	22.22	91.05
POINTE_DES_GALETS	1501	-20.93	55.29
WHITBY	1505	54.49	-0.61
PORT_STANVAC	1506	-35.11	138.47
LAOHUTAN	1513	38.87	121.68
NASE_III	1522	28.50	129.50
MAIZURU_III	1523	35.45	135.32
CUTLER_II	1524	44.64	-67.30
LEITH_II	1526	55.99	-3.18
GUNSAN	1527	35.98	126.56
CHOSHI-GYOKO	1544	35.74	140.86
TOKYO_III	1545	35.65	139.77
GEOMUNDO	1546	34.03	127.31
PORTLAND	1547	-38.34	141.61
NEWHAVEN	1548	50.78	0.06
KING_BAY	1549	-20.62	116.75
PORT_GILES	1550	-35.02	137.77
ROOMPOT_BUITEN	1551	51.62	3.68
KOCHI_III	1567	33.50	133.57
WANDO	1568	34.32	126.76
SHUTE_HARBOUR_2	1569	-20.28	148.78
PUERTO_ARMUELLES_B	1571	8.27	-82.87
HAMADA_II	1585	34.90	132.07
IZUHARA_II	1586	34.20	129.29
TAPPI	1587	41.24	140.38
CHUJADO	1588	33.96	126.30
TANJUNG_GELANG	1589	3.98	103.43
TAURANGA	1590	-37.64	176.18
PELABUHAN_KELANG	1591	3.05	101.36
CENDERING	1592	5.26	103.19
TANJUNG_KELING	1593	2.21	102.15
LUMUT	1594	4.24	100.61
PULAU_PINANG	1595	5.42	100.35
YOSIOKA	1596	41.45	140.25
RIMOUSKI	1597	48.48	-68.52
ZANZIBAR	1600	-6.15	39.18
PUERTO_SOBERANIA	1603	-62.48	-59.63
SEOGWIPO	1627	33.24	126.56
WIDO	1628	35.62	126.30
MOURILYAN_HARBOUR	1629	-17.58	146.08
LUCINDA	1630	-18.52	146.38
ONSLOW	1631	-21.65	115.13
CROMER	1632	52.93	1.30
CHERRY_POINT	1633	48.86	-122.76
SAND_POINT	1634	55.34	-160.50
CHESAPEAKE_BAY_BR. TUN.	1635	36.97	-76.11
DUCK_PIER_OUTSIDE	1636	36.18	-75.75
BERGEN_POINT	1637	40.64	-74.14
CLEARWATER_BEACH	1638	27.98	-82.83
N. SPIT	1639	40.77	-124.22
PORT_ORFORD	1640	42.74	-124.50
PANAMA_CITY	1641	30.15	-85.67
PORT_CHALMERS	1643	-45.81	170.62
JUAN_FERNANDEZ-C	1644	-33.64	-78.83
BALTRA-B	1645	-0.43	-90.28
ISHIGAKI_II	1671	24.33	124.16
RODRIGUES_IS	1672	-19.67	63.42
PORT_LOUIS_II	1673	-20.15	57.50
QUARRY_BAY	1674	22.29	114.21
BORYEONG	1675	36.41	126.49
PULAU_LANGKAWI	1676	6.43	99.76
KUKUP	1677	1.33	103.44
PULAU_TIOMAN	1678	2.81	104.14
MENTES/IZMIR	1679	38.43	26.72
ANTALYA_II	1681	36.83	30.62
LAKE_WORTH_PIER	1696	26.61	-80.03
ANHEUNG	1699	36.67	126.13
MILFORD_HAVEN	1700	51.71	-5.05
VACA_KEY	1701	24.71	-81.11
TANJUNG_SEDILI	1702	1.93	104.11
GETING	1703	6.23	102.11
GOLD_COAST_SEAWAY_2	1704	-27.95	153.42
SUCURAJ	1706	43.13	17.20
GAN_II	1707	-0.68	73.15
SURIGAO	1708	9.78	125.50
SAN_JOSE	1711	12.33	121.08
NAN_SHA	1730	9.55	112.88
FISHGUARD_II	1731	52.01	-4.98
KOTA_KINABALU	1733	5.98	116.07
TAWAU	1734	4.23	117.88
MARSAXLOKK  	1735	35.82	14.53
XI_SHA	1745	16.83	112.33
TANJONG_PAGAR	1746	1.27	103.85
LES_SABLES_D OLONNE	1747	46.50	-1.79
TRONDHEIM_2	1748	63.44	10.39
TURTLE_HEAD	1749	-10.52	142.21
NAPIER	1750	-39.48	176.92
SAN_FELIX	1751	-26.29	-80.11
MALE-B	1753	4.18	73.53
HINKLEY_POINT	1758	51.21	-3.13
VIKER	1759	59.04	10.95
ROSSLYN_BAY	1760	-23.16	150.79
HILLARYS	1761	-31.83	115.74
EXMOUTH	1762	-21.95	114.14
L'ESTARTIT	1764	42.05	3.21
ISLAY	1772	55.63	-6.19
WEYMOUTH	1773	50.61	-2.45
KINLOCHBERVIE	1775	58.46	-5.05
ANABAR	1780	73.22	113.50
POINTE-A-PITRE	1784	16.22	-61.53
TAKAMATSU_II	1789	34.35	134.06
KOBE_II	1790	34.68	135.19
KO_MATTAPHON	1792	10.45	99.25
PORT_ERIN	1793	54.09	-4.77
WORKINGTON	1794	54.65	-3.57
ST_HELIER	1795	49.18	-2.12
STANLEY_II	1796	-51.69	-57.82
HADERA	1797	32.47	34.86
BECANCOUR	1798	46.40	-72.38
WINTER_HARBOUR	1799	50.52	-128.03
NOME	1800	64.50	-165.43
BOUCAU	1801	43.53	-1.51
LAS_PALMAS_D	1802	28.14	-15.41
TENERIFE	1803	28.48	-16.24
BETIO	1804	1.37	172.93
LAUTOKA	1805	-17.60	177.44
BILBAO	1806	43.35	-3.05
SANTANDER_III	1807	43.46	-3.79
LA_CORUNA_III	1808	43.36	-8.39
BONANZA	1809	36.80	-6.34
MALAGA_II	1810	36.71	-4.42
BARCELONA	1811	41.34	2.17
TEJN	1812	55.25	14.84
VALENCIA	1813	39.44	-0.31
DAKAR_2	1816	14.68	-17.42
SHIMONOSEKI_III	1830	33.92	130.93
BINTULU	1833	3.26	113.06
SANDAKAN	1834	5.81	118.07
SABINE_PASS_NORTH	1835	29.73	-93.87
LORNE	1836	-38.55	143.99
MAJURO-C	1838	7.11	171.37
FUNAFUTI_B	1839	-8.50	179.20
APIA_B	1840	-13.83	-171.76
PORT_VILA_B	1841	-17.76	168.31
NUKU'ALOFA_B	1842	-21.14	-175.18
RAROTONGA_B	1843	-21.20	-159.78
NAURU-B	1844	-0.53	166.91
POINT_LA_RUE	1846	-4.67	55.53
KERGUELEN	1849	-49.35	70.26
LLANDUDNO	1854	53.33	-3.83
PRUDHOE_BAY	1857	70.40	-148.53
VIRGINIA_KEY	1858	25.73	-80.16
ZADAR	1859	44.12	15.23
LOMBRUM	1860	-2.04	147.37
HONIARA-B	1861	-9.43	159.96
PORTRUSH	1867	55.21	-6.66
GIJON_II	1871	43.56	-5.70
LAHAT_DATU	1877	5.02	118.35
BOURNEMOUTH	1878	50.71	-1.87
LABUAN_2	1879	5.27	115.25
HUELVA	1883	37.13	-6.83
MASIRAH	1887	20.68	58.87
TAI_MIU_WAN	1891	22.27	114.29
PALMA_DE_MALLORCA	1892	39.55	2.64
TUAS	1894	1.28	103.67
WEST_COAST	1895	1.30	103.77
WEST_TUAS	1896	1.34	103.63
VILLAGARCIA	1897	42.60	-8.77
VIGO_II	1898	42.24	-8.73
SHEK_PIK	1902	22.22	113.89
CORPUS_CHRISTI	1903	27.58	-97.22
CABO_CRUZ	1910	19.83	-77.73
PALMEIRA	1914	16.75	-22.98
PORT_BLOC	1915	45.57	-1.06
LE_CROUESTY	1921	47.54	-2.90
HUPO	1923	36.68	129.45
POHNPEI_C	1925	6.98	158.20
CASILDA_II	2021	21.75	-79.99
BUGRINO	2025	68.80	49.33
MYS_PIKSHUEVA	2026	69.55	32.43
POLYARNIY	2027	69.20	33.48
TERIBERKA	2028	69.20	35.12
PORT_ALMA	2072	-23.58	150.87
URANGAN_II	2073	-25.30	152.92
BOWEN_II	2074	-20.02	148.25
KALIX	2101	65.70	23.10
SKAGSUDDE	2102	63.19	19.01
FORSMARK	2103	60.41	18.21
MARVIKEN	2104	58.55	16.84
VISBY	2105	57.64	18.28
OSKARSHAMN	2106	57.27	16.48
SIMRISHAMN	2107	55.56	14.36
SKANOR	2108	55.42	12.83
BARSEBACK	2109	55.76	12.90
VIKEN	2110	56.14	12.58
RINGHALS	2111	57.25	12.11
STENUNGSUND	2112	58.09	11.83
KUNGSVIK	2113	59.00	11.13
TRIDENT_PIER	2123	28.41	-80.59
ARENA_COVE	2125	38.91	-123.71
SANTA_BARBARA	2126	34.41	-119.69
PORT_ANGELES	2127	48.12	-123.44
KAWAIHAE	2128	20.04	-155.83
GOTEBORG-RINGON	2133	57.72	11.97
MOMBASA_II	2183	-4.07	39.65
LAMU_B	2198	-2.27	40.90
BAY_WAVELAND_YACHT_CLUB_II	2215	30.33	-89.33
IQUIQUE_II	2261	-20.20	-70.15
CORRAL_II	2262	-39.88	-73.42
PUNTA_ARENAS_II	2263	-53.12	-70.86
ANCUD	2264	-41.87	-73.83
OCEAN_CITY_INLET	2292	38.33	-75.09
CAPE_HATTERAS	2294	35.22	-75.64
BEAUFORT	2295	34.72	-76.67
BRUNSWICK_HEADS	2310	-28.54	153.55
COFFS_HARBOUR_III	2311	-30.30	153.15
JERVIS_BAY_II	2312	-35.12	150.71
PORT_MACQUARIE	2313	-31.43	152.91
TWEED_HEADS	2314	-28.17	153.55
PORT_STEPHENS	2316	-32.71	152.18
KINGS_POINT	2322	40.81	-73.77
TOLCHESTER_BEACH	2323	39.21	-76.25
LEWISETTA	2324	37.99	-76.47
OREGON_INLET_MARINA	2325	35.80	-75.55
MAYPORT	2326	30.40	-81.43
REDWOOD_CITY	2329	37.51	-122.21
PORT_CHICAGO	2330	38.05	-122.04
SUVA-B	2356	-18.13	178.43
SYDNEY_PORT_JACKSON	2358	-33.83	151.26
grid_90.0_0.0	1000000000	90.00	0.00
grid_90.0_1.0	1000000010	90.00	1.00
grid_90.0_2.0	1000000020	90.00	2.00
grid_90.0_3.0	1000000030	90.00	3.00
grid_90.0_4.0	1000000040	90.00	4.00
grid_90.0_5.0	1000000050	90.00	5.00
grid_90.0_6.0	1000000060	90.00	6.00
grid_90.0_7.0	1000000070	90.00	7.00
grid_90.0_8.0	1000000080	90.00	8.00
grid_90.0_9.0	1000000090	90.00	9.00
grid_90.0_10.0	1000000100	90.00	10.00
grid_90.0_11.0	1000000110	90.00	11.00
grid_90.0_12.0	1000000120	90.00	12.00
grid_90.0_13.0	1000000130	90.00	13.00
grid_90.0_14.0	1000000140	90.00	14.00
grid_90.0_15.0	1000000150	90.00	15.00
grid_90.0_16.0	1000000160	90.00	16.00
grid_90.0_17.0	1000000170	90.00	17.00
grid_90.0_18.0	1000000180	90.00	18.00
grid_90.0_19.0	1000000190	90.00	19.00
grid_90.0_20.0	1000000200	90.00	20.00
grid_90.0_21.0	1000000210	90.00	21.00
grid_90.0_22.0	1000000220	90.00	22.00
grid_90.0_23.0	1000000230	90.00	23.00
grid_90.0_24.0	1000000240	90.00	24.00
grid_90.0_25.0	1000000250	90.00	25.00
grid_90.0_26.0	1000000260	90.00	26.00
grid_90.0_27.0	1000000270	90.00	27.00
grid_90.0_28.0	1000000280	90.00	28.00
grid_90.0_29.0	1000000290	90.00	29.00
grid_90.0_30.0	1000000300	90.00	30.00
grid_90.0_31.0	1000000310	90.00	31.00
grid_90.0_32.0	1000000320	90.00	32.00
grid_90.0_33.0	1000000330	90.00	33.00
grid_90.0_34.0	1000000340	90.00	34.00
grid_90.0_35.0	1000000350	90.00	35.00
grid_90.0_36.0	1000000360	90.00	36.00
grid_90.0_37.0	1000000370	90.00	37.00
grid_90.0_38.0	1000000380	90.00	38.00
grid_90.0_39.0	1000000390	90.00	39.00
grid_90.0_40.0	1000000400	90.00	40.00
grid_90.0_41.0	1000000410	90.00	41.00
grid_90.0_42.0	1000000420	90.00	42.00
grid_90.0_43.0	1000000430	90.00	43.00
grid_90.0_44.0	1000000440	90.00	44.00
grid_90.0_45.0	1000000450	90.00	45.00
grid_90.0_46.0	1000000460	90.00	46.00
grid_90.0_47.0	1000000470	90.00	47.00
grid_90.0_48.0	1000000480	90.00	48.00
grid_90.0_49.0	1000000490	90.00	49.00
grid_90.0_50.0	1000000500	90.00	50.00
grid_90.0_51.0	1000000510	90.00	51.00
grid_90.0_52.0	1000000520	90.00	52.00
grid_90.0_53.0	1000000530	90.00	53.00
grid_90.0_54.0	1000000540	90.00	54.00
grid_90.0_55.0	1000000550	90.00	55.00
grid_90.0_56.0	1000000560	90.00	56.00
grid_90.0_57.0	1000000570	90.00	57.00
grid_90.0_58.0	1000000580	90.00	58.00
grid_90.0_59.0	1000000590	90.00	59.00
grid_90.0_60.0	1000000600	90.00	60.00
grid_90.0_61.0	1000000610	90.00	61.00
grid_90.0_62.0	1000000620	90.00	62.00
grid_90.0_63.0	1000000630	90.00	63.00
grid_90.0_64.0	1000000640	90.00	64.00
grid_90.0_65.0	1000000650	90.00	65.00
grid_90.0_66.0	1000000660	90.00	66.00
grid_90.0_67.0	1000000670	90.00	67.00
grid_90.0_68.0	1000000680	90.00	68.00
grid_90.0_69.0	1000000690	90.00	69.00
grid_90.0_70.0	1000000700	90.00	70.00
grid_90.0_71.0	1000000710	90.00	71.00
grid_90.0_72.0	1000000720	90.00	72.00
grid_90.0_73.0	1000000730	90.00	73.00
grid_90.0_74.0	1000000740	90.00	74.00
grid_90.0_75.0	1000000750	90.00	75.00
grid_90.0_76.0	1000000760	90.00	76.00
grid_90.0_77.0	1000000770	90.00	77.00
grid_90.0_78.0	1000000780	90.00	78.00
grid_90.0_79.0	1000000790	90.00	79.00
grid_90.0_80.0	1000000800	90.00	80.00
grid_90.0_81.0	1000000810	90.00	81.00
grid_90.0_82.0	1000000820	90.00	82.00
grid_90.0_83.0	1000000830	90.00	83.00
grid_90.0_84.0	1000000840	90.00	84.00
grid_90.0_85.0	1000000850	90.00	85.00
grid_90.0_86.0	1000000860	90.00	86.00
grid_90.0_87.0	1000000870	90.00	87.00
grid_90.0_88.0	1000000880	90.00	88.00
grid_90.0_89.0	1000000890	90.00	89.00
grid_90.0_90.0	1000000900	90.00	90.00
grid_90.0_91.0	1000000910	90.00	91.00
grid_90.0_92.0	1000000920	90.00	92.00
grid_90.0_93.0	1000000930	90.00	93.00
grid_90.0_94.0	1000000940	90.00	94.00
grid_90.0_95.0	1000000950	90.00	95.00
grid_90.0_96.0	1000000960	90.00	96.00
grid_90.0_97.0	1000000970	90.00	97.00
grid_90.0_98.0	1000000980	90.00	98.00
grid_90.0_99.0	1000000990	90.00	99.00
grid_90.0_100.0	1000001000	90.00	100.00
grid_90.0_101.0	1000001010	90.00	101.00
grid_90.0_102.0	1000001020	90.00	102.00
grid_90.0_103.0	1000001030	90.00	103.00
grid_90.0_104.0	1000001040	90.00	104.00
grid_90.0_105.0	1000001050	90.00	105.00
grid_90.0_106.0	1000001060	90.00	106.00
grid_90.0_107.0	1000001070	90.00	107.00
grid_90.0_108.0	1000001080	90.00	108.00
grid_90.0_109.0	1000001090	90.00	109.00
grid_90.0_110.0	1000001100	90.00	110.00
grid_90.0_111.0	1000001110	90.00	111.00
grid_90.0_112.0	1000001120	90.00	112.00
grid_90.0_113.0	1000001130	90.00	113.00
grid_90.0_114.0	1000001140	90.00	114.00
grid_90.0_115.0	1000001150	90.00	115.00
grid_90.0_116.0	1000001160	90.00	116.00
grid_90.0_117.0	1000001170	90.00	117.00
grid_90.0_118.0	1000001180	90.00	118.00
grid_90.0_119.0	1000001190	90.00	119.00
grid_90.0_120.0	1000001200	90.00	120.00
grid_90.0_121.0	1000001210	90.00	121.00
grid_90.0_122.0	1000001220	90.00	122.00
grid_90.0_123.0	1000001230	90.00	123.00
grid_90.0_124.0	1000001240	90.00	124.00
grid_90.0_125.0	1000001250	90.00	125.00
grid_90.0_126.0	1000001260	90.00	126.00
grid_90.0_127.0	1000001270	90.00	127.00
grid_90.0_128.0	1000001280	90.00	128.00
grid_90.0_129.0	1000001290	90.00	129.00
grid_90.0_130.0	1000001300	90.00	130.00
grid_90.0_131.0	1000001310	90.00	131.00
grid_90.0_132.0	1000001320	90.00	132.00
grid_90.0_133.0	1000001330	90.00	133.00
grid_90.0_134.0	1000001340	90.00	134.00
grid_90.0_135.0	1000001350	90.00	135.00
grid_90.0_136.0	1000001360	90.00	136.00
grid_90.0_137.0	1000001370	90.00	137.00
grid_90.0_138.0	1000001380	90.00	138.00
grid_90.0_139.0	1000001390	90.00	139.00
grid_90.0_140.0	1000001400	90.00	140.00
grid_90.0_141.0	1000001410	90.00	141.00
grid_90.0_142.0	1000001420	90.00	142.00
grid_90.0_143.0	1000001430	90.00	143.00
grid_90.0_144.0	1000001440	90.00	144.00
grid_90.0_145.0	1000001450	90.00	145.00
grid_90.0_146.0	1000001460	90.00	146.00
grid_90.0_147.0	1000001470	90.00	147.00
grid_90.0_148.0	1000001480	90.00	148.00
grid_90.0_149.0	1000001490	90.00	149.00
grid_90.0_150.0	1000001500	90.00	150.00
grid_90.0_151.0	1000001510	90.00	151.00
grid_90.0_152.0	1000001520	90.00	152.00
grid_90.0_153.0	1000001530	90.00	153.00
grid_90.0_154.0	1000001540	90.00	154.00
grid_90.0_155.0	1000001550	90.00	155.00
grid_90.0_156.0	1000001560	90.00	156.00
grid_90.0_157.0	1000001570	90.00	157.00
grid_90.0_158.0	1000001580	90.00	158.00
grid_90.0_159.0	1000001590	90.00	159.00
grid_90.0_160.0	1000001600	90.00	160.00
grid_90.0_161.0	1000001610	90.00	161.00
grid_90.0_162.0	1000001620	90.00	162.00
grid_90.0_163.0	1000001630	90.00	163.00
grid_90.0_164.0	1000001640	90.00	164.00
grid_90.0_165.0	1000001650	90.00	165.00
grid_90.0_166.0	1000001660	90.00	166.00
grid_90.0_167.0	1000001670	90.00	167.00
grid_90.0_168.0	1000001680	90.00	168.00
grid_90.0_169.0	1000001690	90.00	169.00
grid_90.0_170.0	1000001700	90.00	170.00
grid_90.0_171.0	1000001710	90.00	171.00
grid_90.0_172.0	1000001720	90.00	172.00
grid_90.0_173.0	1000001730	90.00	173.00
grid_90.0_174.0	1000001740	90.00	174.00
grid_90.0_175.0	1000001750	90.00	175.00
grid_90.0_176.0	1000001760	90.00	176.00
grid_90.0_177.0	1000001770	90.00	177.00
grid_90.0_178.0	1000001780	90.00	178.00
grid_90.0_179.0	1000001790	90.00	179.00
grid_90.0_180.0	1000001800	90.00	-180.00
grid_90.0_181.0	1000001810	90.00	-179.00
grid_90.0_182.0	1000001820	90.00	-178.00
grid_90.0_183.0	1000001830	90.00	-177.00
grid_90.0_184.0	1000001840	90.00	-176.00
grid_90.0_185.0	1000001850	90.00	-175.00
grid_90.0_186.0	1000001860	90.00	-174.00
grid_90.0_187.0	1000001870	90.00	-173.00
grid_90.0_188.0	1000001880	90.00	-172.00
grid_90.0_189.0	1000001890	90.00	-171.00
grid_90.0_190.0	1000001900	90.00	-170.00
grid_90.0_191.0	1000001910	90.00	-169.00
grid_90.0_192.0	1000001920	90.00	-168.00
grid_90.0_193.0	1000001930	90.00	-167.00
grid_90.0_194.0	1000001940	90.00	-166.00
grid_90.0_195.0	1000001950	90.00	-165.00
grid_90.0_196.0	1000001960	90.00	-164.00
grid_90.0_197.0	1000001970	90.00	-163.00
grid_90.0_198.0	1000001980	90.00	-162.00
grid_90.0_199.0	1000001990	90.00	-161.00
grid_90.0_200.0	1000002000	90.00	-160.00
grid_90.0_201.0	1000002010	90.00	-159.00
grid_90.0_202.0	1000002020	90.00	-158.00
grid_90.0_203.0	1000002030	90.00	-157.00
grid_90.0_204.0	1000002040	90.00	-156.00
grid_90.0_205.0	1000002050	90.00	-155.00
grid_90.0_206.0	1000002060	90.00	-154.00
grid_90.0_207.0	1000002070	90.00	-153.00
grid_90.0_208.0	1000002080	90.00	-152.00
grid_90.0_209.0	1000002090	90.00	-151.00
grid_90.0_210.0	1000002100	90.00	-150.00
grid_90.0_211.0	1000002110	90.00	-149.00
grid_90.0_212.0	1000002120	90.00	-148.00
grid_90.0_213.0	1000002130	90.00	-147.00
grid_90.0_214.0	1000002140	90.00	-146.00
grid_90.0_215.0	1000002150	90.00	-145.00
grid_90.0_216.0	1000002160	90.00	-144.00
grid_90.0_217.0	1000002170	90.00	-143.00
grid_90.0_218.0	1000002180	90.00	-142.00
grid_90.0_219.0	1000002190	90.00	-141.00
grid_90.0_220.0	1000002200	90.00	-140.00
grid_90.0_221.0	1000002210	90.00	-139.00
grid_90.0_222.0	1000002220	90.00	-138.00
grid_90.0_223.0	1000002230	90.00	-137.00
grid_90.0_224.0	1000002240	90.00	-136.00
grid_90.0_225.0	1000002250	90.00	-135.00
grid_90.0_226.0	1000002260	90.00	-134.00
grid_90.0_227.0	1000002270	90.00	-133.00
grid_90.0_228.0	1000002280	90.00	-132.00
grid_90.0_229.0	1000002290	90.00	-131.00
grid_90.0_230.0	1000002300	90.00	-130.00
grid_90.0_231.0	1000002310	90.00	-129.00
grid_90.0_232.0	1000002320	90.00	-128.00
grid_90.0_233.0	1000002330	90.00	-127.00
grid_90.0_234.0	1000002340	90.00	-126.00
grid_90.0_235.0	1000002350	90.00	-125.00
grid_90.0_236.0	1000002360	90.00	-124.00
grid_90.0_237.0	1000002370	90.00	-123.00
grid_90.0_238.0	1000002380	90.00	-122.00
grid_90.0_239.0	1000002390	90.00	-121.00
grid_90.0_240.0	1000002400	90.00	-120.00
grid_90.0_241.0	1000002410	90.00	-119.00
grid_90.0_242.0	1000002420	90.00	-118.00
grid_90.0_243.0	1000002430	90.00	-117.00
grid_90.0_244.0	1000002440	90.00	-116.00
grid_90.0_245.0	1000002450	90.00	-115.00
grid_90.0_246.0	1000002460	90.00	-114.00
grid_90.0_247.0	1000002470	90.00	-113.00
grid_90.0_248.0	1000002480	90.00	-112.00
grid_90.0_249.0	1000002490	90.00	-111.00
grid_90.0_250.0	1000002500	90.00	-110.00
grid_90.0_251.0	1000002510	90.00	-109.00
grid_90.0_252.0	1000002520	90.00	-108.00
grid_90.0_253.0	1000002530	90.00	-107.00
grid_90.0_254.0	1000002540	90.00	-106.00
grid_90.0_255.0	1000002550	90.00	-105.00
grid_90.0_256.0	1000002560	90.00	-104.00
grid_90.0_257.0	1000002570	90.00	-103.00
grid_90.0_258.0	1000002580	90.00	-102.00
grid_90.0_259.0	1000002590	90.00	-101.00
grid_90.0_260.0	1000002600	90.00	-100.00
grid_90.0_261.0	1000002610	90.00	-99.00
grid_90.0_262.0	1000002620	90.00	-98.00
grid_90.0_263.0	1000002630	90.00	-97.00
grid_90.0_264.0	1000002640	90.00	-96.00
grid_90.0_265.0	1000002650	90.00	-95.00
grid_90.0_266.0	1000002660	90.00	-94.00
grid_90.0_267.0	1000002670	90.00	-93.00
grid_90.0_268.0	1000002680	90.00	-92.00
grid_90.0_269.0	1000002690	90.00	-91.00
grid_90.0_270.0	1000002700	90.00	-90.00
grid_90.0_271.0	1000002710	90.00	-89.00
grid_90.0_272.0	1000002720	90.00	-88.00
grid_90.0_273.0	1000002730	90.00	-87.00
grid_90.0_274.0	1000002740	90.00	-86.00
grid_90.0_275.0	1000002750	90.00	-85.00
grid_90.0_276.0	1000002760	90.00	-84.00
grid_90.0_277.0	1000002770	90.00	-83.00
grid_90.0_278.0	1000002780	90.00	-82.00
grid_90.0_279.0	1000002790	90.00	-81.00
grid_90.0_280.0	1000002800	90.00	-80.00
grid_90.0_281.0	1000002810	90.00	-79.00
grid_90.0_282.0	1000002820	90.00	-78.00
grid_90.0_283.0	1000002830	90.00	-77.00
grid_90.0_284.0	1000002840	90.00	-76.00
grid_90.0_285.0	1000002850	90.00	-75.00
grid_90.0_286.0	1000002860	90.00	-74.00
grid_90.0_287.0	1000002870	90.00	-73.00
grid_90.0_288.0	1000002880	90.00	-72.00
grid_90.0_289.0	1000002890	90.00	-71.00
grid_90.0_290.0	1000002900	90.00	-70.00
grid_90.0_291.0	1000002910	90.00	-69.00
grid_90.0_292.0	1000002920	90.00	-68.00
grid_90.0_293.0	1000002930	90.00	-67.00
grid_90.0_294.0	1000002940	90.00	-66.00
grid_90.0_295.0	1000002950	90.00	-65.00
grid_90.0_296.0	1000002960	90.00	-64.00
grid_90.0_297.0	1000002970	90.00	-63.00
grid_90.0_298.0	1000002980	90.00	-62.00
grid_90.0_299.0	1000002990	90.00	-61.00
grid_90.0_300.0	1000003000	90.00	-60.00
grid_90.0_301.0	1000003010	90.00	-59.00
grid_90.0_302.0	1000003020	90.00	-58.00
grid_90.0_303.0	1000003030	90.00	-57.00
grid_90.0_304.0	1000003040	90.00	-56.00
grid_90.0_305.0	1000003050	90.00	-55.00
grid_90.0_306.0	1000003060	90.00	-54.00
grid_90.0_307.0	1000003070	90.00	-53.00
grid_90.0_308.0	1000003080	90.00	-52.00
grid_90.0_309.0	1000003090	90.00	-51.00
grid_90.0_310.0	1000003100	90.00	-50.00
grid_90.0_311.0	1000003110	90.00	-49.00
grid_90.0_312.0	1000003120	90.00	-48.00
grid_90.0_313.0	1000003130	90.00	-47.00
grid_90.0_314.0	1000003140	90.00	-46.00
grid_90.0_315.0	1000003150	90.00	-45.00
grid_90.0_316.0	1000003160	90.00	-44.00
grid_90.0_317.0	1000003170	90.00	-43.00
grid_90.0_318.0	1000003180	90.00	-42.00
grid_90.0_319.0	1000003190	90.00	-41.00
grid_90.0_320.0	1000003200	90.00	-40.00
grid_90.0_321.0	1000003210	90.00	-39.00
grid_90.0_322.0	1000003220	90.00	-38.00
grid_90.0_323.0	1000003230	90.00	-37.00
grid_90.0_324.0	1000003240	90.00	-36.00
grid_90.0_325.0	1000003250	90.00	-35.00
grid_90.0_326.0	1000003260	90.00	-34.00
grid_90.0_327.0	1000003270	90.00	-33.00
grid_90.0_328.0	1000003280	90.00	-32.00
grid_90.0_329.0	1000003290	90.00	-31.00
grid_90.0_330.0	1000003300	90.00	-30.00
grid_90.0_331.0	1000003310	90.00	-29.00
grid_90.0_332.0	1000003320	90.00	-28.00
grid_90.0_333.0	1000003330	90.00	-27.00
grid_90.0_334.0	1000003340	90.00	-26.00
grid_90.0_335.0	1000003350	90.00	-25.00
grid_90.0_336.0	1000003360	90.00	-24.00
grid_90.0_337.0	1000003370	90.00	-23.00
grid_90.0_338.0	1000003380	90.00	-22.00
grid_90.0_339.0	1000003390	90.00	-21.00
grid_90.0_340.0	1000003400	90.00	-20.00
grid_90.0_341.0	1000003410	90.00	-19.00
grid_90.0_342.0	1000003420	90.00	-18.00
grid_90.0_343.0	1000003430	90.00	-17.00
grid_90.0_344.0	1000003440	90.00	-16.00
grid_90.0_345.0	1000003450	90.00	-15.00
grid_90.0_346.0	1000003460	90.00	-14.00
grid_90.0_347.0	1000003470	90.00	-13.00
grid_90.0_348.0	1000003480	90.00	-12.00
grid_90.0_349.0	1000003490	90.00	-11.00
grid_90.0_350.0	1000003500	90.00	-10.00
grid_90.0_351.0	1000003510	90.00	-9.00
grid_90.0_352.0	1000003520	90.00	-8.00
grid_90.0_353.0	1000003530	90.00	-7.00
grid_90.0_354.0	1000003540	90.00	-6.00
grid_90.0_355.0	1000003550	90.00	-5.00
grid_90.0_356.0	1000003560	90.00	-4.00
grid_90.0_357.0	1000003570	90.00	-3.00
grid_90.0_358.0	1000003580	90.00	-2.00
grid_90.0_359.0	1000003590	90.00	-1.00
grid_89.0_0.0	1000100000	89.00	0.00
grid_89.0_1.0	1000100010	89.00	1.00
grid_89.0_2.0	1000100020	89.00	2.00
grid_89.0_3.0	1000100030	89.00	3.00
grid_89.0_4.0	1000100040	89.00	4.00
grid_89.0_5.0	1000100050	89.00	5.00
grid_89.0_6.0	1000100060	89.00	6.00
grid_89.0_7.0	1000100070	89.00	7.00
grid_89.0_8.0	1000100080	89.00	8.00
grid_89.0_9.0	1000100090	89.00	9.00
grid_89.0_10.0	1000100100	89.00	10.00
grid_89.0_11.0	1000100110	89.00	11.00
grid_89.0_12.0	1000100120	89.00	12.00
grid_89.0_13.0	1000100130	89.00	13.00
grid_89.0_14.0	1000100140	89.00	14.00
grid_89.0_15.0	1000100150	89.00	15.00
grid_89.0_16.0	1000100160	89.00	16.00
grid_89.0_17.0	1000100170	89.00	17.00
grid_89.0_18.0	1000100180	89.00	18.00
grid_89.0_19.0	1000100190	89.00	19.00
grid_89.0_20.0	1000100200	89.00	20.00
grid_89.0_21.0	1000100210	89.00	21.00
grid_89.0_22.0	1000100220	89.00	22.00
grid_89.0_23.0	1000100230	89.00	23.00
grid_89.0_24.0	1000100240	89.00	24.00
grid_89.0_25.0	1000100250	89.00	25.00
grid_89.0_26.0	1000100260	89.00	26.00
grid_89.0_27.0	1000100270	89.00	27.00
grid_89.0_28.0	1000100280	89.00	28.00
grid_89.0_29.0	1000100290	89.00	29.00
grid_89.0_30.0	1000100300	89.00	30.00
grid_89.0_31.0	1000100310	89.00	31.00
grid_89.0_32.0	1000100320	89.00	32.00
grid_89.0_33.0	1000100330	89.00	33.00
grid_89.0_34.0	1000100340	89.00	34.00
grid_89.0_35.0	1000100350	89.00	35.00
grid_89.0_36.0	1000100360	89.00	36.00
grid_89.0_37.0	1000100370	89.00	37.00
grid_89.0_38.0	1000100380	89.00	38.00
grid_89.0_39.0	1000100390	89.00	39.00
grid_89.0_40.0	1000100400	89.00	40.00
grid_89.0_41.0	1000100410	89.00	41.00
grid_89.0_42.0	1000100420	89.00	42.00
grid_89.0_43.0	1000100430	89.00	43.00
grid_89.0_44.0	1000100440	89.00	44.00
grid_89.0_45.0	1000100450	89.00	45.00
grid_89.0_46.0	1000100460	89.00	46.00
grid_89.0_47.0	1000100470	89.00	47.00
grid_89.0_48.0	1000100480	89.00	48.00
grid_89.0_49.0	1000100490	89.00	49.00
grid_89.0_50.0	1000100500	89.00	50.00
grid_89.0_51.0	1000100510	89.00	51.00
grid_89.0_52.0	1000100520	89.00	52.00
grid_89.0_53.0	1000100530	89.00	53.00
grid_89.0_54.0	1000100540	89.00	54.00
grid_89.0_55.0	1000100550	89.00	55.00
grid_89.0_56.0	1000100560	89.00	56.00
grid_89.0_57.0	1000100570	89.00	57.00
grid_89.0_58.0	1000100580	89.00	58.00
grid_89.0_59.0	1000100590	89.00	59.00
grid_89.0_60.0	1000100600	89.00	60.00
grid_89.0_61.0	1000100610	89.00	61.00
grid_89.0_62.0	1000100620	89.00	62.00
grid_89.0_63.0	1000100630	89.00	63.00
grid_89.0_64.0	1000100640	89.00	64.00
grid_89.0_65.0	1000100650	89.00	65.00
grid_89.0_66.0	1000100660	89.00	66.00
grid_89.0_67.0	1000100670	89.00	67.00
grid_89.0_68.0	1000100680	89.00	68.00
grid_89.0_69.0	1000100690	89.00	69.00
grid_89.0_70.0	1000100700	89.00	70.00
grid_89.0_71.0	1000100710	89.00	71.00
grid_89.0_72.0	1000100720	89.00	72.00
grid_89.0_73.0	1000100730	89.00	73.00
grid_89.0_74.0	1000100740	89.00	74.00
grid_89.0_75.0	1000100750	89.00	75.00
grid_89.0_76.0	1000100760	89.00	76.00
grid_89.0_77.0	1000100770	89.00	77.00
grid_89.0_78.0	1000100780	89.00	78.00
grid_89.0_79.0	1000100790	89.00	79.00
grid_89.0_80.0	1000100800	89.00	80.00
grid_89.0_81.0	1000100810	89.00	81.00
grid_89.0_82.0	1000100820	89.00	82.00
grid_89.0_83.0	1000100830	89.00	83.00
grid_89.0_84.0	1000100840	89.00	84.00
grid_89.0_85.0	1000100850	89.00	85.00
grid_89.0_86.0	1000100860	89.00	86.00
grid_89.0_87.0	1000100870	89.00	87.00
grid_89.0_88.0	1000100880	89.00	88.00
grid_89.0_89.0	1000100890	89.00	89.00
grid_89.0_90.0	1000100900	89.00	90.00
grid_89.0_91.0	1000100910	89.00	91.00
grid_89.0_92.0	1000100920	89.00	92.00
grid_89.0_93.0	1000100930	89.00	93.00
grid_89.0_94.0	1000100940	89.00	94.00
grid_89.0_95.0	1000100950	89.00	95.00
grid_89.0_96.0	1000100960	89.00	96.00
grid_89.0_97.0	1000100970	89.00	97.00
grid_89.0_98.0	1000100980	89.00	98.00
grid_89.0_99.0	1000100990	89.00	99.00
grid_89.0_100.0	1000101000	89.00	100.00
grid_89.0_101.0	1000101010	89.00	101.00
grid_89.0_102.0	1000101020	89.00	102.00
grid_89.0_103.0	1000101030	89.00	103.00
grid_89.0_104.0	1000101040	89.00	104.00
grid_89.0_105.0	1000101050	89.00	105.00
grid_89.0_106.0	1000101060	89.00	106.00
grid_89.0_107.0	1000101070	89.00	107.00
grid_89.0_108.0	1000101080	89.00	108.00
grid_89.0_109.0	1000101090	89.00	109.00
grid_89.0_110.0	1000101100	89.00	110.00
grid_89.0_111.0	1000101110	89.00	111.00
grid_89.0_112.0	1000101120	89.00	112.00
grid_89.0_113.0	1000101130	89.00	113.00
grid_89.0_114.0	1000101140	89.00	114.00
grid_89.0_115.0	1000101150	89.00	115.00
grid_89.0_116.0	1000101160	89.00	116.00
grid_89.0_117.0	1000101170	89.00	117.00
grid_89.0_118.0	1000101180	89.00	118.00
grid_89.0_119.0	1000101190	89.00	119.00
grid_89.0_120.0	1000101200	89.00	120.00
grid_89.0_121.0	1000101210	89.00	121.00
grid_89.0_122.0	1000101220	89.00	122.00
grid_89.0_123.0	1000101230	89.00	123.00
grid_89.0_124.0	1000101240	89.00	124.00
grid_89.0_125.0	1000101250	89.00	125.00
grid_89.0_126.0	1000101260	89.00	126.00
grid_89.0_127.0	1000101270	89.00	127.00
grid_89.0_128.0	1000101280	89.00	128.00
grid_89.0_129.0	1000101290	89.00	129.00
grid_89.0_130.0	1000101300	89.00	130.00
grid_89.0_131.0	1000101310	89.00	131.00
grid_89.0_132.0	1000101320	89.00	132.00
grid_89.0_133.0	1000101330	89.00	133.00
grid_89.0_134.0	1000101340	89.00	134.00
grid_89.0_135.0	1000101350	89.00	135.00
grid_89.0_136.0	1000101360	89.00	136.00
grid_89.0_137.0	1000101370	89.00	137.00
grid_89.0_138.0	1000101380	89.00	138.00
grid_89.0_139.0	1000101390	89.00	139.00
grid_89.0_140.0	1000101400	89.00	140.00
grid_89.0_141.0	1000101410	89.00	141.00
grid_89.0_142.0	1000101420	89.00	142.00
grid_89.0_143.0	1000101430	89.00	143.00
grid_89.0_144.0	1000101440	89.00	144.00
grid_89.0_145.0	1000101450	89.00	145.00
grid_89.0_146.0	1000101460	89.00	146.00
grid_89.0_147.0	1000101470	89.00	147.00
grid_89.0_148.0	1000101480	89.00	148.00
grid_89.0_149.0	1000101490	89.00	149.00
grid_89.0_150.0	1000101500	89.00	150.00
grid_89.0_151.0	1000101510	89.00	151.00
grid_89.0_152.0	1000101520	89.00	152.00
grid_89.0_153.0	1000101530	89.00	153.00
grid_89.0_154.0	1000101540	89.00	154.00
grid_89.0_155.0	1000101550	89.00	155.00
grid_89.0_156.0	1000101560	89.00	156.00
grid_89.0_157.0	1000101570	89.00	157.00
grid_89.0_158.0	1000101580	89.00	158.00
grid_89.0_159.0	1000101590	89.00	159.00
grid_89.0_160.0	1000101600	89.00	160.00
grid_89.0_161.0	1000101610	89.00	161.00
grid_89.0_162.0	1000101620	89.00	162.00
grid_89.0_163.0	1000101630	89.00	163.00
grid_89.0_164.0	1000101640	89.00	164.00
grid_89.0_165.0	1000101650	89.00	165.00
grid_89.0_166.0	1000101660	89.00	166.00
grid_89.0_167.0	1000101670	89.00	167.00
grid_89.0_168.0	1000101680	89.00	168.00
grid_89.0_169.0	1000101690	89.00	169.00
grid_89.0_170.0	1000101700	89.00	170.00
grid_89.0_171.0	1000101710	89.00	171.00
grid_89.0_172.0	1000101720	89.00	172.00
grid_89.0_173.0	1000101730	89.00	173.00
grid_89.0_174.0	1000101740	89.00	174.00
grid_89.0_175.0	1000101750	89.00	175.00
grid_89.0_176.0	1000101760	89.00	176.00
grid_89.0_177.0	1000101770	89.00	177.00
grid_89.0_178.0	1000101780	89.00	178.00
grid_89.0_179.0	1000101790	89.00	179.00
grid_89.0_180.0	1000101800	89.00	-180.00
grid_89.0_181.0	1000101810	89.00	-179.00
grid_89.0_182.0	1000101820	89.00	-178.00
grid_89.0_183.0	1000101830	89.00	-177.00
grid_89.0_184.0	1000101840	89.00	-176.00
grid_89.0_185.0	1000101850	89.00	-175.00
grid_89.0_186.0	1000101860	89.00	-174.00
grid_89.0_187.0	1000101870	89.00	-173.00
grid_89.0_188.0	1000101880	89.00	-172.00
grid_89.0_189.0	1000101890	89.00	-171.00
grid_89.0_190.0	1000101900	89.00	-170.00
grid_89.0_191.0	1000101910	89.00	-169.00
grid_89.0_192.0	1000101920	89.00	-168.00
grid_89.0_193.0	1000101930	89.00	-167.00
grid_89.0_194.0	1000101940	89.00	-166.00
grid_89.0_195.0	1000101950	89.00	-165.00
grid_89.0_196.0	1000101960	89.00	-164.00
grid_89.0_197.0	1000101970	89.00	-163.00
grid_89.0_198.0	1000101980	89.00	-162.00
grid_89.0_199.0	1000101990	89.00	-161.00
grid_89.0_200.0	1000102000	89.00	-160.00
grid_89.0_201.0	1000102010	89.00	-159.00
grid_89.0_202.0	1000102020	89.00	-158.00
grid_89.0_203.0	1000102030	89.00	-157.00
grid_89.0_204.0	1000102040	89.00	-156.00
grid_89.0_205.0	1000102050	89.00	-155.00
grid_89.0_206.0	1000102060	89.00	-154.00
grid_89.0_207.0	1000102070	89.00	-153.00
grid_89.0_208.0	1000102080	89.00	-152.00
grid_89.0_209.0	1000102090	89.00	-151.00
grid_89.0_210.0	1000102100	89.00	-150.00
grid_89.0_211.0	1000102110	89.00	-149.00
grid_89.0_212.0	1000102120	89.00	-148.00
grid_89.0_213.0	1000102130	89.00	-147.00
grid_89.0_214.0	1000102140	89.00	-146.00
grid_89.0_215.0	1000102150	89.00	-145.00
grid_89.0_216.0	1000102160	89.00	-144.00
grid_89.0_217.0	1000102170	89.00	-143.00
grid_89.0_218.0	1000102180	89.00	-142.00
grid_89.0_219.0	1000102190	89.00	-141.00
grid_89.0_220.0	1000102200	89.00	-140.00
grid_89.0_221.0	1000102210	89.00	-139.00
grid_89.0_222.0	1000102220	89.00	-138.00
grid_89.0_223.0	1000102230	89.00	-137.00
grid_89.0_224.0	1000102240	89.00	-136.00
grid_89.0_225.0	1000102250	89.00	-135.00
grid_89.0_226.0	1000102260	89.00	-134.00
grid_89.0_227.0	1000102270	89.00	-133.00
grid_89.0_228.0	1000102280	89.00	-132.00
grid_89.0_229.0	1000102290	89.00	-131.00
grid_89.0_230.0	1000102300	89.00	-130.00
grid_89.0_231.0	1000102310	89.00	-129.00
grid_89.0_232.0	1000102320	89.00	-128.00
grid_89.0_233.0	1000102330	89.00	-127.00
grid_89.0_234.0	1000102340	89.00	-126.00
grid_89.0_235.0	1000102350	89.00	-125.00
grid_89.0_236.0	1000102360	89.00	-124.00
grid_89.0_237.0	1000102370	89.00	-123.00
grid_89.0_238.0	1000102380	89.00	-122.00
grid_89.0_239.0	1000102390	89.00	-121.00
grid_89.0_240.0	1000102400	89.00	-120.00
grid_89.0_241.0	1000102410	89.00	-119.00
grid_89.0_242.0	1000102420	89.00	-118.00
grid_89.0_243.0	1000102430	89.00	-117.00
grid_89.0_244.0	1000102440	89.00	-116.00
grid_89.0_245.0	1000102450	89.00	-115.00
grid_89.0_246.0	1000102460	89.00	-114.00
grid_89.0_247.0	1000102470	89.00	-113.00
grid_89.0_248.0	1000102480	89.00	-112.00
grid_89.0_249.0	1000102490	89.00	-111.00
grid_89.0_250.0	1000102500	89.00	-110.00
grid_89.0_251.0	1000102510	89.00	-109.00
grid_89.0_252.0	1000102520	89.00	-108.00
grid_89.0_253.0	1000102530	89.00	-107.00
grid_89.0_254.0	1000102540	89.00	-106.00
grid_89.0_255.0	1000102550	89.00	-105.00
grid_89.0_256.0	1000102560	89.00	-104.00
grid_89.0_257.0	1000102570	89.00	-103.00
grid_89.0_258.0	1000102580	89.00	-102.00
grid_89.0_259.0	1000102590	89.00	-101.00
grid_89.0_260.0	1000102600	89.00	-100.00
grid_89.0_261.0	1000102610	89.00	-99.00
grid_89.0_262.0	1000102620	89.00	-98.00
grid_89.0_263.0	1000102630	89.00	-97.00
grid_89.0_264.0	1000102640	89.00	-96.00
grid_89.0_265.0	1000102650	89.00	-95.00
grid_89.0_266.0	1000102660	89.00	-94.00
grid_89.0_267.0	1000102670	89.00	-93.00
grid_89.0_268.0	1000102680	89.00	-92.00
grid_89.0_269.0	1000102690	89.00	-91.00
grid_89.0_270.0	1000102700	89.00	-90.00
grid_89.0_271.0	1000102710	89.00	-89.00
grid_89.0_272.0	1000102720	89.00	-88.00
grid_89.0_273.0	1000102730	89.00	-87.00
grid_89.0_274.0	1000102740	89.00	-86.00
grid_89.0_275.0	1000102750	89.00	-85.00
grid_89.0_276.0	1000102760	89.00	-84.00
grid_89.0_277.0	1000102770	89.00	-83.00
grid_89.0_278.0	1000102780	89.00	-82.00
grid_89.0_279.0	1000102790	89.00	-81.00
grid_89.0_280.0	1000102800	89.00	-80.00
grid_89.0_281.0	1000102810	89.00	-79.00
grid_89.0_282.0	1000102820	89.00	-78.00
grid_89.0_283.0	1000102830	89.00	-77.00
grid_89.0_284.0	1000102840	89.00	-76.00
grid_89.0_285.0	1000102850	89.00	-75.00
grid_89.0_286.0	1000102860	89.00	-74.00
grid_89.0_287.0	1000102870	89.00	-73.00
grid_89.0_288.0	1000102880	89.00	-72.00
grid_89.0_289.0	1000102890	89.00	-71.00
grid_89.0_290.0	1000102900	89.00	-70.00
grid_89.0_291.0	1000102910	89.00	-69.00
grid_89.0_292.0	1000102920	89.00	-68.00
grid_89.0_293.0	1000102930	89.00	-67.00
grid_89.0_294.0	1000102940	89.00	-66.00
grid_89.0_295.0	1000102950	89.00	-65.00
grid_89.0_296.0	1000102960	89.00	-64.00
grid_89.0_297.0	1000102970	89.00	-63.00
grid_89.0_298.0	1000102980	89.00	-62.00
grid_89.0_299.0	1000102990	89.00	-61.00
grid_89.0_300.0	1000103000	89.00	-60.00
grid_89.0_301.0	1000103010	89.00	-59.00
grid_89.0_302.0	1000103020	89.00	-58.00
grid_89.0_303.0	1000103030	89.00	-57.00
grid_89.0_304.0	1000103040	89.00	-56.00
grid_89.0_305.0	1000103050	89.00	-55.00
grid_89.0_306.0	1000103060	89.00	-54.00
grid_89.0_307.0	1000103070	89.00	-53.00
grid_89.0_308.0	1000103080	89.00	-52.00
grid_89.0_309.0	1000103090	89.00	-51.00
grid_89.0_310.0	1000103100	89.00	-50.00
grid_89.0_311.0	1000103110	89.00	-49.00
grid_89.0_312.0	1000103120	89.00	-48.00
grid_89.0_313.0	1000103130	89.00	-47.00
grid_89.0_314.0	1000103140	89.00	-46.00
grid_89.0_315.0	1000103150	89.00	-45.00
grid_89.0_316.0	1000103160	89.00	-44.00
grid_89.0_317.0	1000103170	89.00	-43.00
grid_89.0_318.0	1000103180	89.00	-42.00
grid_89.0_319.0	1000103190	89.00	-41.00
grid_89.0_320.0	1000103200	89.00	-40.00
grid_89.0_321.0	1000103210	89.00	-39.00
grid_89.0_322.0	1000103220	89.00	-38.00
grid_89.0_323.0	1000103230	89.00	-37.00
grid_89.0_324.0	1000103240	89.00	-36.00
grid_89.0_325.0	1000103250	89.00	-35.00
grid_89.0_326.0	1000103260	89.00	-34.00
grid_89.0_327.0	1000103270	89.00	-33.00
grid_89.0_328.0	1000103280	89.00	-32.00
grid_89.0_329.0	1000103290	89.00	-31.00
grid_89.0_330.0	1000103300	89.00	-30.00
grid_89.0_331.0	1000103310	89.00	-29.00
grid_89.0_332.0	1000103320	89.00	-28.00
grid_89.0_333.0	1000103330	89.00	-27.00
grid_89.0_334.0	1000103340	89.00	-26.00
grid_89.0_335.0	1000103350	89.00	-25.00
grid_89.0_336.0	1000103360	89.00	-24.00
grid_89.0_337.0	1000103370	89.00	-23.00
grid_89.0_338.0	1000103380	89.00	-22.00
grid_89.0_339.0	1000103390	89.00	-21.00
grid_89.0_340.0	1000103400	89.00	-20.00
grid_89.0_341.0	1000103410	89.00	-19.00
grid_89.0_342.0	1000103420	89.00	-18.00
grid_89.0_343.0	1000103430	89.00	-17.00
grid_89.0_344.0	1000103440	89.00	-16.00
grid_89.0_345.0	1000103450	89.00	-15.00
grid_89.0_346.0	1000103460	89.00	-14.00
grid_89.0_347.0	1000103470	89.00	-13.00
grid_89.0_348.0	1000103480	89.00	-12.00
grid_89.0_349.0	1000103490	89.00	-11.00
grid_89.0_350.0	1000103500	89.00	-10.00
grid_89.0_351.0	1000103510	89.00	-9.00
grid_89.0_352.0	1000103520	89.00	-8.00
grid_89.0_353.0	1000103530	89.00	-7.00
grid_89.0_354.0	1000103540	89.00	-6.00
grid_89.0_355.0	1000103550	89.00	-5.00
grid_89.0_356.0	1000103560	89.00	-4.00
grid_89.0_357.0	1000103570	89.00	-3.00
grid_89.0_358.0	1000103580	89.00	-2.00
grid_89.0_359.0	1000103590	89.00	-1.00
grid_88.0_0.0	1000200000	88.00	0.00
grid_88.0_1.0	1000200010	88.00	1.00
grid_88.0_2.0	1000200020	88.00	2.00
grid_88.0_3.0	1000200030	88.00	3.00
grid_88.0_4.0	1000200040	88.00	4.00
grid_88.0_5.0	1000200050	88.00	5.00
grid_88.0_6.0	1000200060	88.00	6.00
grid_88.0_7.0	1000200070	88.00	7.00
grid_88.0_8.0	1000200080	88.00	8.00
grid_88.0_9.0	1000200090	88.00	9.00
grid_88.0_10.0	1000200100	88.00	10.00
grid_88.0_11.0	1000200110	88.00	11.00
grid_88.0_12.0	1000200120	88.00	12.00
grid_88.0_13.0	1000200130	88.00	13.00
grid_88.0_14.0	1000200140	88.00	14.00
grid_88.0_15.0	1000200150	88.00	15.00
grid_88.0_16.0	1000200160	88.00	16.00
grid_88.0_17.0	1000200170	88.00	17.00
grid_88.0_18.0	1000200180	88.00	18.00
grid_88.0_19.0	1000200190	88.00	19.00
grid_88.0_20.0	1000200200	88.00	20.00
grid_88.0_21.0	1000200210	88.00	21.00
grid_88.0_22.0	1000200220	88.00	22.00
grid_88.0_23.0	1000200230	88.00	23.00
grid_88.0_24.0	1000200240	88.00	24.00
grid_88.0_25.0	1000200250	88.00	25.00
grid_88.0_26.0	1000200260	88.00	26.00
grid_88.0_27.0	1000200270	88.00	27.00
grid_88.0_28.0	1000200280	88.00	28.00
grid_88.0_29.0	1000200290	88.00	29.00
grid_88.0_30.0	1000200300	88.00	30.00
grid_88.0_31.0	1000200310	88.00	31.00
grid_88.0_32.0	1000200320	88.00	32.00
grid_88.0_33.0	1000200330	88.00	33.00
grid_88.0_34.0	1000200340	88.00	34.00
grid_88.0_35.0	1000200350	88.00	35.00
grid_88.0_36.0	1000200360	88.00	36.00
grid_88.0_37.0	1000200370	88.00	37.00
grid_88.0_38.0	1000200380	88.00	38.00
grid_88.0_39.0	1000200390	88.00	39.00
grid_88.0_40.0	1000200400	88.00	40.00
grid_88.0_41.0	1000200410	88.00	41.00
grid_88.0_42.0	1000200420	88.00	42.00
grid_88.0_43.0	1000200430	88.00	43.00
grid_88.0_44.0	1000200440	88.00	44.00
grid_88.0_45.0	1000200450	88.00	45.00
grid_88.0_46.0	1000200460	88.00	46.00
grid_88.0_47.0	1000200470	88.00	47.00
grid_88.0_48.0	1000200480	88.00	48.00
grid_88.0_49.0	1000200490	88.00	49.00
grid_88.0_50.0	1000200500	88.00	50.00
grid_88.0_51.0	1000200510	88.00	51.00
grid_88.0_52.0	1000200520	88.00	52.00
grid_88.0_53.0	1000200530	88.00	53.00
grid_88.0_54.0	1000200540	88.00	54.00
grid_88.0_55.0	1000200550	88.00	55.00
grid_88.0_56.0	1000200560	88.00	56.00
grid_88.0_57.0	1000200570	88.00	57.00
grid_88.0_58.0	1000200580	88.00	58.00
grid_88.0_59.0	1000200590	88.00	59.00
grid_88.0_60.0	1000200600	88.00	60.00
grid_88.0_61.0	1000200610	88.00	61.00
grid_88.0_62.0	1000200620	88.00	62.00
grid_88.0_63.0	1000200630	88.00	63.00
grid_88.0_64.0	1000200640	88.00	64.00
grid_88.0_65.0	1000200650	88.00	65.00
grid_88.0_66.0	1000200660	88.00	66.00
grid_88.0_67.0	1000200670	88.00	67.00
grid_88.0_68.0	1000200680	88.00	68.00
grid_88.0_69.0	1000200690	88.00	69.00
grid_88.0_70.0	1000200700	88.00	70.00
grid_88.0_71.0	1000200710	88.00	71.00
grid_88.0_72.0	1000200720	88.00	72.00
grid_88.0_73.0	1000200730	88.00	73.00
grid_88.0_74.0	1000200740	88.00	74.00
grid_88.0_75.0	1000200750	88.00	75.00
grid_88.0_76.0	1000200760	88.00	76.00
grid_88.0_77.0	1000200770	88.00	77.00
grid_88.0_78.0	1000200780	88.00	78.00
grid_88.0_79.0	1000200790	88.00	79.00
grid_88.0_80.0	1000200800	88.00	80.00
grid_88.0_81.0	1000200810	88.00	81.00
grid_88.0_82.0	1000200820	88.00	82.00
grid_88.0_83.0	1000200830	88.00	83.00
grid_88.0_84.0	1000200840	88.00	84.00
grid_88.0_85.0	1000200850	88.00	85.00
grid_88.0_86.0	1000200860	88.00	86.00
grid_88.0_87.0	1000200870	88.00	87.00
grid_88.0_88.0	1000200880	88.00	88.00
grid_88.0_89.0	1000200890	88.00	89.00
grid_88.0_90.0	1000200900	88.00	90.00
grid_88.0_91.0	1000200910	88.00	91.00
grid_88.0_92.0	1000200920	88.00	92.00
grid_88.0_93.0	1000200930	88.00	93.00
grid_88.0_94.0	1000200940	88.00	94.00
grid_88.0_95.0	1000200950	88.00	95.00
grid_88.0_96.0	1000200960	88.00	96.00
grid_88.0_97.0	1000200970	88.00	97.00
grid_88.0_98.0	1000200980	88.00	98.00
grid_88.0_99.0	1000200990	88.00	99.00
grid_88.0_100.0	1000201000	88.00	100.00
grid_88.0_101.0	1000201010	88.00	101.00
grid_88.0_102.0	1000201020	88.00	102.00
grid_88.0_103.0	1000201030	88.00	103.00
grid_88.0_104.0	1000201040	88.00	104.00
grid_88.0_105.0	1000201050	88.00	105.00
grid_88.0_106.0	1000201060	88.00	106.00
grid_88.0_107.0	1000201070	88.00	107.00
grid_88.0_108.0	1000201080	88.00	108.00
grid_88.0_109.0	1000201090	88.00	109.00
grid_88.0_110.0	1000201100	88.00	110.00
grid_88.0_111.0	1000201110	88.00	111.00
grid_88.0_112.0	1000201120	88.00	112.00
grid_88.0_113.0	1000201130	88.00	113.00
grid_88.0_114.0	1000201140	88.00	114.00
grid_88.0_115.0	1000201150	88.00	115.00
grid_88.0_116.0	1000201160	88.00	116.00
grid_88.0_117.0	1000201170	88.00	117.00
grid_88.0_118.0	1000201180	88.00	118.00
grid_88.0_119.0	1000201190	88.00	119.00
grid_88.0_120.0	1000201200	88.00	120.00
grid_88.0_121.0	1000201210	88.00	121.00
grid_88.0_122.0	1000201220	88.00	122.00
grid_88.0_123.0	1000201230	88.00	123.00
grid_88.0_124.0	1000201240	88.00	124.00
grid_88.0_125.0	1000201250	88.00	125.00
grid_88.0_126.0	1000201260	88.00	126.00
grid_88.0_127.0	1000201270	88.00	127.00
grid_88.0_128.0	1000201280	88.00	128.00
grid_88.0_129.0	1000201290	88.00	129.00
grid_88.0_130.0	1000201300	88.00	130.00
grid_88.0_131.0	1000201310	88.00	131.00
grid_88.0_132.0	1000201320	88.00	132.00
grid_88.0_133.0	1000201330	88.00	133.00
grid_88.0_134.0	1000201340	88.00	134.00
grid_88.0_135.0	1000201350	88.00	135.00
grid_88.0_136.0	1000201360	88.00	136.00
grid_88.0_137.0	1000201370	88.00	137.00
grid_88.0_138.0	1000201380	88.00	138.00
grid_88.0_139.0	1000201390	88.00	139.00
grid_88.0_140.0	1000201400	88.00	140.00
grid_88.0_141.0	1000201410	88.00	141.00
grid_88.0_142.0	1000201420	88.00	142.00
grid_88.0_143.0	1000201430	88.00	143.00
grid_88.0_144.0	1000201440	88.00	144.00
grid_88.0_145.0	1000201450	88.00	145.00
grid_88.0_146.0	1000201460	88.00	146.00
grid_88.0_147.0	1000201470	88.00	147.00
grid_88.0_148.0	1000201480	88.00	148.00
grid_88.0_149.0	1000201490	88.00	149.00
grid_88.0_150.0	1000201500	88.00	150.00
grid_88.0_151.0	1000201510	88.00	151.00
grid_88.0_152.0	1000201520	88.00	152.00
grid_88.0_153.0	1000201530	88.00	153.00
grid_88.0_154.0	1000201540	88.00	154.00
grid_88.0_155.0	1000201550	88.00	155.00
grid_88.0_156.0	1000201560	88.00	156.00
grid_88.0_157.0	1000201570	88.00	157.00
grid_88.0_158.0	1000201580	88.00	158.00
grid_88.0_159.0	1000201590	88.00	159.00
grid_88.0_160.0	1000201600	88.00	160.00
grid_88.0_161.0	1000201610	88.00	161.00
grid_88.0_162.0	1000201620	88.00	162.00
grid_88.0_163.0	1000201630	88.00	163.00
grid_88.0_164.0	1000201640	88.00	164.00
grid_88.0_165.0	1000201650	88.00	165.00
grid_88.0_166.0	1000201660	88.00	166.00
grid_88.0_167.0	1000201670	88.00	167.00
grid_88.0_168.0	1000201680	88.00	168.00
grid_88.0_169.0	1000201690	88.00	169.00
grid_88.0_170.0	1000201700	88.00	170.00
grid_88.0_171.0	1000201710	88.00	171.00
grid_88.0_172.0	1000201720	88.00	172.00
grid_88.0_173.0	1000201730	88.00	173.00
grid_88.0_174.0	1000201740	88.00	174.00
grid_88.0_175.0	1000201750	88.00	175.00
grid_88.0_176.0	1000201760	88.00	176.00
grid_88.0_177.0	1000201770	88.00	177.00
grid_88.0_178.0	1000201780	88.00	178.00
grid_88.0_179.0	1000201790	88.00	179.00
grid_88.0_180.0	1000201800	88.00	-180.00
grid_88.0_181.0	1000201810	88.00	-179.00
grid_88.0_182.0	1000201820	88.00	-178.00
grid_88.0_183.0	1000201830	88.00	-177.00
grid_88.0_184.0	1000201840	88.00	-176.00
grid_88.0_185.0	1000201850	88.00	-175.00
grid_88.0_186.0	1000201860	88.00	-174.00
grid_88.0_187.0	1000201870	88.00	-173.00
grid_88.0_188.0	1000201880	88.00	-172.00
grid_88.0_189.0	1000201890	88.00	-171.00
grid_88.0_190.0	1000201900	88.00	-170.00
grid_88.0_191.0	1000201910	88.00	-169.00
grid_88.0_192.0	1000201920	88.00	-168.00
grid_88.0_193.0	1000201930	88.00	-167.00
grid_88.0_194.0	1000201940	88.00	-166.00
grid_88.0_195.0	1000201950	88.00	-165.00
grid_88.0_196.0	1000201960	88.00	-164.00
grid_88.0_197.0	1000201970	88.00	-163.00
grid_88.0_198.0	1000201980	88.00	-162.00
grid_88.0_199.0	1000201990	88.00	-161.00
grid_88.0_200.0	1000202000	88.00	-160.00
grid_88.0_201.0	1000202010	88.00	-159.00
grid_88.0_202.0	1000202020	88.00	-158.00
grid_88.0_203.0	1000202030	88.00	-157.00
grid_88.0_204.0	1000202040	88.00	-156.00
grid_88.0_205.0	1000202050	88.00	-155.00
grid_88.0_206.0	1000202060	88.00	-154.00
grid_88.0_207.0	1000202070	88.00	-153.00
grid_88.0_208.0	1000202080	88.00	-152.00
grid_88.0_209.0	1000202090	88.00	-151.00
grid_88.0_210.0	1000202100	88.00	-150.00
grid_88.0_211.0	1000202110	88.00	-149.00
grid_88.0_212.0	1000202120	88.00	-148.00
grid_88.0_213.0	1000202130	88.00	-147.00
grid_88.0_214.0	1000202140	88.00	-146.00
grid_88.0_215.0	1000202150	88.00	-145.00
grid_88.0_216.0	1000202160	88.00	-144.00
grid_88.0_217.0	1000202170	88.00	-143.00
grid_88.0_218.0	1000202180	88.00	-142.00
grid_88.0_219.0	1000202190	88.00	-141.00
grid_88.0_220.0	1000202200	88.00	-140.00
grid_88.0_221.0	1000202210	88.00	-139.00
grid_88.0_222.0	1000202220	88.00	-138.00
grid_88.0_223.0	1000202230	88.00	-137.00
grid_88.0_224.0	1000202240	88.00	-136.00
grid_88.0_225.0	1000202250	88.00	-135.00
grid_88.0_226.0	1000202260	88.00	-134.00
grid_88.0_227.0	1000202270	88.00	-133.00
grid_88.0_228.0	1000202280	88.00	-132.00
grid_88.0_229.0	1000202290	88.00	-131.00
grid_88.0_230.0	1000202300	88.00	-130.00
grid_88.0_231.0	1000202310	88.00	-129.00
grid_88.0_232.0	1000202320	88.00	-128.00
grid_88.0_233.0	1000202330	88.00	-127.00
grid_88.0_234.0	1000202340	88.00	-126.00
grid_88.0_235.0	1000202350	88.00	-125.00
grid_88.0_236.0	1000202360	88.00	-124.00
grid_88.0_237.0	1000202370	88.00	-123.00
grid_88.0_238.0	1000202380	88.00	-122.00
grid_88.0_239.0	1000202390	88.00	-121.00
grid_88.0_240.0	1000202400	88.00	-120.00
grid_88.0_241.0	1000202410	88.00	-119.00
grid_88.0_242.0	1000202420	88.00	-118.00
grid_88.0_243.0	1000202430	88.00	-117.00
grid_88.0_244.0	1000202440	88.00	-116.00
grid_88.0_245.0	1000202450	88.00	-115.00
grid_88.0_246.0	1000202460	88.00	-114.00
grid_88.0_247.0	1000202470	88.00	-113.00
grid_88.0_248.0	1000202480	88.00	-112.00
grid_88.0_249.0	1000202490	88.00	-111.00