grid_-35.8_174.4	2000010000	-35.753282	174.359602
grid_-35.8_174.4	2000010010	-35.762441	174.357946
grid_-35.8_174.4	2000010020	-35.775514	174.360215
grid_-35.8_174.4	2000010030	-35.765714	174.369579
grid_-35.8_174.4	2000010040	-35.758591	174.380908
grid_-35.8_174.4	2000010050	-35.769093	174.394246
grid_-35.8_174.4	2000010060	-35.779257	174.408039
grid_-35.8_174.4	2000010070	-35.786871	174.424535
grid_-35.8_174.4	2000010080	-35.79567	174.439959
grid_-35.8_174.4	2000010090	-35.786931	174.436235
grid_-35.8_174.4	2000010100	-35.777917	174.438652
grid_-35.8_174.4	2000010110	-35.774279	174.449653
grid_-35.8_174.5	2000010120	-35.77099	174.461919
grid_-35.8_174.5	2000010130	-35.770561	174.470085
grid_-35.8_174.5	2000010140	-35.779221	174.480062
grid_-35.8_174.5	2000010150	-35.783624	174.466118
grid_-35.8_174.5	2000010160	-35.789623	174.467123
grid_-35.8_174.5	2000010170	-35.794562	174.461576
grid_-35.8_174.5	2000010180	-35.793303	174.481233
grid_-35.8_174.5	2000010190	-35.792499	174.492958
grid_-35.8_174.5	2000010200	-35.806189	174.501678
grid_-35.8_174.5	2000010210	-35.817144	174.497342
grid_-35.8_174.5	2000010220	-35.828013	174.497287
grid_-35.8_174.5	2000010230	-35.828739	174.512536
grid_-35.8_174.5	2000010240	-35.826415	174.526785
grid_-35.8_174.5	2000010250	-35.834752	174.532929
grid_-35.8_174.5	2000010260	-35.848961	174.532604
grid_-35.9_174.5	2000010270	-35.85868	174.528724
grid_-35.9_174.5	2000010280	-35.855824	174.53805
grid_-35.9_174.6	2000010290	-35.86069	174.557238
grid_-35.9_174.6	2000010300	-35.859797	174.574397
grid_-35.9_174.6	2000010310	-35.853646	174.591476
grid_-35.8_174.6	2000010320	-35.841413	174.580924
grid_-35.8_174.6	2000010330	-35.829446	174.567966
grid_-35.8_174.6	2000010340	-35.814189	174.558729
grid_-35.8_174.6	2000010350	-35.796902	174.55211
grid_-35.8_174.6	2000010360	-35.781423	174.554714
grid_-35.8_174.6	2000010370	-35.772834	174.553658
grid_-35.8_174.6	2000010380	-35.762177	174.559878
grid_-35.8_174.6	2000010390	-35.752643	174.553932
grid_-35.7_174.6	2000010400	-35.744411	174.556863
grid_-35.7_174.6	2000010410	-35.740217	174.56037
grid_-35.7_174.6	2000010420	-35.730555	174.556526
grid_-35.7_174.6	2000010430	-35.724382	174.557717
grid_-35.7_174.6	2000010440	-35.723426	174.561055
grid_-35.7_174.6	2000010450	-35.723426	174.561055
grid_-35.7_174.6	2000010460	-35.723426	174.561055
grid_-35.7_174.6	2000010470	-35.723426	174.561055
grid_-35.7_174.6	2000010480	-35.723426	174.561055
grid_-35.7_174.6	2000010490	-35.723426	174.561055
grid_-35.7_174.6	2000010500	-35.723426	174.561055
grid_-35.7_174.6	2000010510	-35.723426	174.561055
grid_-35.7_174.6	2000010520	-35.723426	174.561055
grid_-35.7_174.6	2000010530	-35.723426	174.561055
grid_-35.7_174.6	2000010540	-35.723426	174.561055
grid_-35.7_174.6	2000010550	-35.723426	174.561055
grid_-35.7_174.6	2000010560	-35.723426	174.561055
grid_-35.7_174.6	2000010570	-35.723426	174.561055
grid_-35.7_174.6	2000010580	-35.723426	174.561055
grid_-35.7_174.6	2000010590	-35.723426	174.561055
grid_-35.7_174.6	2000010600	-35.723426	174.561055
grid_-35.7_174.6	2000010610	-35.723426	174.561055
grid_-35.7_174.6	2000010620	-35.723426	174.561055
grid_-35.7_174.6	2000010630	-35.723426	174.561055
grid_-35.7_174.6	2000010640	-35.723426	174.561055
grid_-35.7_174.6	2000010650	-35.723426	174.561055
grid_-35.7_174.6	2000010660	-35.723426	174.561055
grid_-35.7_174.6	2000010670	-35.723426	174.561055
grid_-35.7_174.6	2000010680	-35.723426	174.561055
grid_-36.6_174.7	2000010690	-36.619742	174.677165
grid_-36.6_174.7	2000010700	-36.619742	174.677165
grid_-36.6_174.7	2000010710	-36.619742	174.677165
grid_-36.6_174.7	2000010720	-36.619742	174.677165
grid_-36.6_174.7	2000010730	-36.619742	174.677165
grid_-36.6_174.7	2000010740	-36.619742	174.677165
grid_-36.6_174.7	2000010750	-36.619742	174.677165
grid_-36.6_174.7	2000010760	-36.619742	174.677165
grid_-36.6_174.7	2000010770	-36.619742	174.677165
grid_-36.6_174.7	2000010780	-36.619742	174.677165
grid_-36.6_174.7	2000010790	-36.619742	174.677165
grid_-36.6_174.7	2000010800	-36.619742	174.677165
grid_-36.6_174.7	2000010810	-36.619742	174.677165
grid_-36.6_174.7	2000010820	-36.619742	174.677165
grid_-36.6_174.7	2000010830	-36.619742	174.677165
grid_-36.6_174.7	2000010840	-36.619742	174.677165
grid_-36.6_174.7	2000010850	-36.619742	174.677165
grid_-36.6_174.7	2000010860	-36.619742	174.677165
grid_-36.6_174.7	2000010870	-36.619742	174.677165
grid_-36.6_174.7	2000010880	-36.619742	174.677165
grid_-36.6_174.7	2000010890	-36.619742	174.677165
grid_-36.6_174.7	2000010900	-36.619742	174.677165
grid_-36.6_174.7	2000010910	-36.619742	174.677165
grid_-36.6_174.7	2000010920	-36.619742	174.677165
grid_-36.6_174.7	2000010930	-36.619742	174.677165
grid_-36.6_174.7	2000010940	-36.619566	174.689623
grid_-36.6_174.7	2000010950	-36.617776	174.69457
grid_-36.6_174.7	2000010960	-36.618432	174.699704
grid_-36.6_174.7	2000010970	-36.628348	174.698454
grid_-36.6_174.7	2000010980	-36.624805	174.705323
grid_-36.6_174.7	2000010990	-36.630239	174.714301
grid_-36.6_174.7	2000011000	-36.636503	174.717931
grid_-36.6_174.7	2000011010	-36.64173	174.722324
grid_-36.6_174.7	2000011020	-36.645801	174.725425
grid_-36.7_174.7	2000011030	-36.661567	174.729899
grid_-36.7_174.7	2000011040	-36.668051	174.720847
grid_-36.7_174.7	2000011050	-36.673135	174.708633
grid_-36.7_174.7	2000011060	-36.674361	174.705368
grid_-36.7_174.7	2000011070	-36.679935	174.708872
grid_-36.7_174.7	2000011080	-36.672726	174.723146
grid_-36.7_174.7	2000011090	-36.670115	174.730855
grid_-36.7_174.7	2000011100	-36.66171	174.745065
grid_-36.7_174.7	2000011110	-36.676722	174.748442
grid_-36.7_174.8	2000011120	-36.689891	174.754279
grid_-36.7_174.8	2000011130	-36.699954	174.75576
grid_-36.7_174.8	2000011140	-36.710844	174.751807
grid_-36.7_174.8	2000011150	-36.725149	174.754108
grid_-36.7_174.8	2000011160	-36.739441	174.75695
grid_-36.8_174.8	2000011170	-36.753923	174.764882
grid_-36.8_174.8	2000011180	-36.767237	174.768712
grid_-36.8_174.8	2000011190	-36.781261	174.776989
grid_-36.8_174.8	2000011200	-36.794847	174.783855
grid_-36.8_174.8	2000011210	-36.807691	174.797636
grid_-36.8_174.8	2000011220	-36.820073	174.806464
grid_-36.8_174.8	2000011230	-36.828129	174.80762
grid_-36.8_174.8	2000011240	-36.83079	174.78867
grid_-36.8_174.8	2000011250	-36.829259	174.772821
grid_-36.8_174.8	2000011260	-36.82318	174.785269
grid_-36.8_174.8	2000011270	-36.817331	174.794194
grid_-36.8_174.8	2000011280	-36.814391	174.784983
grid_-36.8_174.8	2000011290	-36.821881	174.766493
grid_-36.8_174.8	2000011300	-36.812065	174.778108
grid_-36.8_174.8	2000011310	-36.803477	174.780821
grid_-36.8_174.8	2000011320	-36.799874	174.768854
grid_-36.8_174.8	2000011330	-36.794418	174.769131
grid_-36.8_174.8	2000011340	-36.797432	174.764117
grid_-36.8_174.8	2000011350	-36.802648	174.757008
grid_-36.8_174.8	2000011360	-36.805788	174.757448
grid_-36.8_174.8	2000011370	-36.814339	174.752346
grid_-36.8_174.7	2000011380	-36.811887	174.749294
grid_-36.8_174.7	2000011390	-36.826231	174.749643
grid_-36.8_174.7	2000011400	-36.817415	174.739348
grid_-36.8_174.7	2000011410	-36.817928	174.727675
grid_-36.8_174.7	2000011420	-36.825157	174.713148
grid_-36.8_174.7	2000011430	-36.822472	174.697129
grid_-36.8_174.7	2000011440	-36.812849	174.695817
grid_-36.8_174.7	2000011450	-36.805719	174.686835
grid_-36.8_174.7	2000011460	-36.793017	174.680992
grid_-36.8_174.7	2000011470	-36.787229	174.686251
grid_-36.8_174.7	2000011480	-36.78658	174.69688
grid_-36.8_174.7	2000011490	-36.790528	174.706088
grid_-36.8_174.7	2000011500	-36.781716	174.699389
grid_-36.8_174.7	2000011510	-36.775143	174.698751
grid_-36.8_174.7	2000011520	-36.781831	174.68292
grid_-36.8_174.7	2000011530	-36.782764	174.670001
grid_-36.8_174.7	2000011540	-36.770418	174.663498
grid_-36.8_174.7	2000011550	-36.764694	174.671586
grid_-36.8_174.7	2000011560	-36.76344	174.682608
grid_-36.8_174.7	2000011570	-36.751326	174.677261
grid_-36.7_174.7	2000011580	-36.740845	174.682674
grid_-36.7_174.7	2000011590	-36.74468	174.678404
grid_-36.8_174.7	2000011600	-36.757642	174.670143
grid_-36.8_174.7	2000011610	-36.766921	174.663716
grid_-36.8_174.6	2000011620	-36.766072	174.648401
grid_-36.8_174.6	2000011630	-36.770858	174.63561
grid_-36.8_174.6	2000011640	-36.763251	174.636369
grid_-36.8_174.6	2000011650	-36.752491	174.636991
grid_-36.8_174.6	2000011660	-36.763349	174.631805
grid_-36.8_174.6	2000011670	-36.770521	174.624593
grid_-36.8_174.6	2000011680	-36.770862	174.609223
grid_-36.8_174.6	2000011690	-36.760127	174.601411
grid_-36.8_174.6	2000011700	-36.763254	174.598864
grid_-36.8_174.6	2000011710	-36.769034	174.602342
grid_-36.8_174.6	2000011720	-36.779074	174.60111
grid_-36.8_174.6	2000011730	-36.790452	174.591911
grid_-36.8_174.6	2000011740	-36.794717	174.602265
grid_-36.8_174.6	2000011750	-36.779828	174.602607
grid_-36.8_174.6	2000011760	-36.775268	174.618185
grid_-36.8_174.6	2000011770	-36.776558	174.623344
grid_-36.8_174.6	2000011780	-36.775201	174.638014
grid_-36.8_174.6	2000011790	-36.780292	174.645906
grid_-36.8_174.6	2000011800	-36.79127	174.640238
grid_-36.8_174.6	2000011810	-36.789678	174.645354
grid_-36.8_174.7	2000011820	-36.788061	174.658957
grid_-36.8_174.7	2000011830	-36.786118	174.664971
grid_-36.8_174.7	2000011840	-36.793923	174.67387
grid_-36.8_174.7	2000011850	-36.799603	174.669671
grid_-36.8_174.7	2000011860	-36.807383	174.666561
grid_-36.8_174.6	2000011870	-36.802366	174.649013
grid_-36.8_174.6	2000011880	-36.811911	174.642995
grid_-36.8_174.6	2000011890	-36.823636	174.63558
grid_-36.8_174.6	2000011900	-36.830934	174.637135
grid_-36.8_174.6	2000011910	-36.839893	174.629284
grid_-36.8_174.6	2000011920	-36.84773	174.62673
grid_-36.9_174.6	2000011930	-36.853263	174.621764
grid_-36.9_174.6	2000011940	-36.850846	174.626359
grid_-36.8_174.6	2000011950	-36.847421	174.634797
grid_-36.9_174.6	2000011960	-36.855482	174.639344
grid_-36.8_174.6	2000011970	-36.848579	174.644023
grid_-36.8_174.6	2000011980	-36.839451	174.632815
grid_-36.8_174.6	2000011990	-36.829724	174.64297
grid_-36.8_174.7	2000012000	-36.827234	174.654113
grid_-36.8_174.7	2000012010	-36.841518	174.661228
grid_-36.9_174.7	2000012020	-36.85817	174.65705
grid_-36.9_174.7	2000012030	-36.868374	174.654557
grid_-36.9_174.7	2000012040	-36.878254	174.655282
grid_-36.9_174.7	2000012050	-36.88359	174.661111
grid_-36.9_174.7	2000012060	-36.894629	174.659846
grid_-36.9_174.7	2000012070	-36.889942	174.668172
grid_-36.9_174.7	2000012080	-36.898693	174.675969
grid_-36.9_174.7	2000012090	-36.900194	174.680637
grid_-36.9_174.7	2000012100	-36.898958	174.684534
grid_-36.9_174.7	2000012110	-36.890704	174.675317
grid_-36.9_174.7	2000012120	-36.88001	174.667837
grid_-36.9_174.7	2000012130	-36.869632	174.664461
grid_-36.9_174.7	2000012140	-36.861014	174.662281
grid_-36.9_174.7	2000012150	-36.87083	174.679384
grid_-36.9_174.7	2000012160	-36.872207	174.683345
grid_-36.9_174.7	2000012170	-36.874897	174.671802
grid_-36.9_174.7	2000012180	-36.882892	174.688527
grid_-36.9_174.7	2000012190	-36.883744	174.695674
grid_-36.9_174.7	2000012200	-36.873606	174.702286
grid_-36.9_174.7	2000012210	-36.871353	174.696871
grid_-36.9_174.7	2000012220	-36.860069	174.699217
grid_-36.9_174.7	2000012230	-36.855953	174.708253
grid_-36.9_174.7	2000012240	-36.859983	174.711161
grid_-36.9_174.7	2000012250	-36.856697	174.71632
grid_-36.9_174.7	2000012260	-36.851195	174.721925
grid_-36.8_174.7	2000012270	-36.841439	174.73255
grid_-36.8_174.7	2000012280	-36.835728	174.748323
grid_-36.8_174.7	2000012290	-36.842488	174.748041
grid_-36.8_174.8	2000012300	-36.837098	174.76016
grid_-36.8_174.8	2000012310	-36.845119	174.758542
grid_-36.8_174.8	2000012320	-36.839098	174.765357
grid_-36.8_174.8	2000012330	-36.843378	174.769035
grid_-36.8_174.8	2000012340	-36.84173	174.775327
grid_-36.8_174.8	2000012350	-36.844885	174.78256
grid_-36.8_174.8	2000012360	-36.846549	174.788405
grid_-36.8_174.8	2000012370	-36.848912	174.792188
grid_-36.9_174.8	2000012380	-36.863641	174.788951
grid_-36.9_174.8	2000012390	-36.864224	174.805266
grid_-36.9_174.8	2000012400	-36.85886	174.804068
grid_-36.9_174.8	2000012410	-36.8657	174.817965
grid_-36.9_174.8	2000012420	-36.868151	174.817022
grid_-36.9_174.8	2000012430	-36.870709	174.819214
grid_-36.9_174.8	2000012440	-36.864477	174.829796
grid_-36.9_174.8	2000012450	-36.86029	174.811023
grid_-36.8_174.8	2000012460	-36.849671	174.810792
grid_-36.8_174.8	2000012470	-36.844497	174.823403
grid_-36.8_174.8	2000012480	-36.849626	174.842842
grid_-36.8_174.9	2000012490	-36.846151	174.861678
grid_-36.9_174.9	2000012500	-36.850583	174.878089
grid_-36.9_174.9	2000012510	-36.864977	174.879898
grid_-36.9_174.9	2000012520	-36.870894	174.885338
grid_-36.9_174.9	2000012530	-36.874114	174.878052
grid_-36.9_174.9	2000012540	-36.881607	174.875256
grid_-36.9_174.9	2000012550	-36.895518	174.868272
grid_-36.9_174.9	2000012560	-36.907076	174.858409
grid_-36.9_174.8	2000012570	-36.906613	174.84406
grid_-36.9_174.9	2000012580	-36.912278	174.856112
grid_-36.9_174.9	2000012590	-36.916801	174.853936
grid_-36.9_174.9	2000012600	-36.929147	174.859163
grid_-36.9_174.9	2000012610	-36.933671	174.856959
grid_-36.9_174.9	2000012620	-36.931316	174.860473
grid_-36.9_174.9	2000012630	-36.941679	174.856507
grid_-36.9_174.9	2000012640	-36.948412	174.85368
grid_-37.0_174.8	2000012650	-36.956669	174.848669
grid_-37.0_174.8	2000012660	-36.965037	174.844487
grid_-37.0_174.9	2000012670	-36.954141	174.85399
grid_-37.0_174.9	2000012680	-36.951018	174.854717
grid_-37.0_174.9	2000012690	-36.950685	174.868214
grid_-36.9_174.9	2000012700	-36.948156	174.878475
grid_-36.9_174.9	2000012710	-36.949029	174.880016
grid_-36.9_174.9	2000012720	-36.94574	174.873746
grid_-36.9_174.9	2000012730	-36.943282	174.863823
grid_-36.9_174.9	2000012740	-36.936519	174.872354
grid_-36.9_174.9	2000012750	-36.928951	174.869285
grid_-36.9_174.9	2000012760	-36.929412	174.878173
grid_-36.9_174.9	2000012770	-36.929232	174.887724
grid_-36.9_174.9	2000012780	-36.924457	174.892437
grid_-36.9_174.9	2000012790	-36.918321	174.897637
grid_-36.9_174.9	2000012800	-36.92672	174.903132
grid_-36.9_174.9	2000012810	-36.918383	174.902853
grid_-36.9_174.9	2000012820	-36.917148	174.897709
grid_-36.9_174.9	2000012830	-36.922195	174.889703
grid_-36.9_174.9	2000012840	-36.925414	174.87988
grid_-36.9_174.9	2000012850	-36.920259	174.87448
grid_-36.9_174.9	2000012860	-36.917925	174.862891
grid_-36.9_174.9	2000012870	-36.913979	174.860135
grid_-36.9_174.9	2000012880	-36.909428	174.864226
grid_-36.9_174.9	2000012890	-36.905847	174.872697
grid_-36.9_174.9	2000012900	-36.893667	174.879973
grid_-36.9_174.9	2000012910	-36.893806	174.894345
grid_-36.9_174.9	2000012920	-36.886634	174.890972
grid_-36.9_174.9	2000012930	-36.878668	174.902125
grid_-36.9_174.9	2000012940	-36.865512	174.901489
grid_-36.8_174.9	2000012950	-36.848316	174.90004
grid_-36.9_174.9	2000012960	-36.859357	174.905152
grid_-36.9_174.9	2000012970	-36.874669	174.915458
grid_-36.9_174.9	2000012980	-36.88415	174.931663
grid_-36.9_174.9	2000012990	-36.894082	174.947334
grid_-36.9_175.0	2000013000	-36.906468	174.954756
grid_-36.9_174.9	2000013010	-36.916355	174.940027
grid_-36.9_174.9	2000013020	-36.91807	174.941144
grid_-36.9_174.9	2000013030	-36.918855	174.948575
grid_-36.9_175.0	2000013040	-36.916983	174.960674
grid_-36.9_175.0	2000013050	-36.930329	174.960418
grid_-36.9_175.0	2000013060	-36.935113	174.964824
grid_-36.9_175.0	2000013070	-36.943418	174.966611
grid_-36.9_175.0	2000013080	-36.935502	174.971713
grid_-36.9_175.0	2000013090	-36.923887	174.967415
grid_-36.9_175.0	2000013100	-36.913965	174.968921
grid_-36.9_175.0	2000013110	-36.90996	174.984523
grid_-36.9_175.0	2000013120	-36.917167	174.992604
grid_-36.9_175.0	2000013130	-36.920795	174.992586
grid_-36.9_175.0	2000013140	-36.917836	174.99769
grid_-36.9_175.0	2000013150	-36.912849	174.998048
grid_-36.9_175.0	2000013160	-36.901369	174.988206
grid_-36.9_175.0	2000013170	-36.89071	174.98646
grid_-36.9_175.0	2000013180	-36.881079	174.988325
grid_-36.9_175.0	2000013190	-36.878957	175.006131
grid_-36.9_175.0	2000013200	-36.877254	175.020209
grid_-36.9_175.0	2000013210	-36.875636	175.0396
grid_-36.9_175.1	2000013220	-36.882747	175.055431
grid_-36.9_175.1	2000013230	-36.898292	175.063143
grid_-36.9_175.1	2000013240	-36.903359	175.080614
grid_-36.9_175.1	2000013250	-36.901138	175.098543
grid_-36.9_175.1	2000013260	-36.910495	175.08295
grid_-36.9_175.1	2000013270	-36.922847	175.078451
grid_-36.9_175.1	2000013280	-36.933384	175.083449
grid_-36.9_175.1	2000013290	-36.944952	175.082534
grid_-36.9_175.1	2000013300	-36.949351	175.076166
grid_-37.0_175.1	2000013310	-36.960274	175.066894
grid_-37.0_175.1	2000013320	-36.962096	175.058474
grid_-37.0_175.1	2000013330	-36.966588	175.052858
grid_-37.0_175.1	2000013340	-36.96263	175.066566
grid_-37.0_175.1	2000013350	-36.958217	175.079586
grid_-37.0_175.1	2000013360	-36.962614	175.083377
grid_-37.0_175.1	2000013370	-36.955079	175.082428
grid_-36.9_175.1	2000013380	-36.946491	175.091602
grid_-36.9_175.1	2000013390	-36.945471	175.099353
grid_-36.9_175.1	2000013400	-36.949654	175.112618
grid_-36.9_175.1	2000013410	-36.942265	175.116857
grid_-36.9_175.1	2000013420	-36.93879	175.131291
grid_-36.9_175.1	2000013430	-36.928442	175.140707
grid_-36.9_175.1	2000013440	-36.94038	175.146968
grid_-36.9_175.2	2000013450	-36.949561	175.154647
grid_-36.9_175.2	2000013460	-36.947305	175.171237
grid_-36.9_175.2	2000013470	-36.937174	175.183406
grid_-36.9_175.2	2000013480	-36.935104	175.19576
grid_-36.9_175.2	2000013490	-36.9426	175.208802
grid_-36.9_175.2	2000013500	-36.949818	175.225445
grid_-37.0_175.2	2000013510	-36.957072	175.239598
grid_-37.0_175.3	2000013520	-36.965548	175.250392
grid_-37.0_175.3	2000013530	-36.978114	175.263611
grid_-37.0_175.3	2000013540	-36.987751	175.281741
grid_-37.0_175.3	2000013550	-37.003102	175.284893
grid_-37.0_175.3	2000013560	-37.018672	175.289922
grid_-37.0_175.3	2000013570	-37.035146	175.293531
grid_-37.1_175.3	2000013580	-37.050826	175.301561
grid_-37.1_175.3	2000013590	-37.064388	175.299072
grid_-37.1_175.3	2000013600	-37.081651	175.299379
grid_-37.1_175.3	2000013610	-37.093357	175.303667
grid_-37.1_175.3	2000013620	-37.109845	175.298904
grid_-37.1_175.3	2000013630	-37.125188	175.295141
grid_-37.1_175.3	2000013640	-37.140501	175.302163
grid_-37.2_175.3	2000013650	-37.156644	175.310769
grid_-37.2_175.3	2000013660	-37.172613	175.320672
grid_-37.2_175.3	2000013670	-37.183217	175.321209
grid_-37.2_175.3	2000013680	-37.182411	175.309852
grid_-37.2_175.3	2000013690	-37.189141	175.322935
grid_-37.2_175.3	2000013700	-37.202969	175.334784
grid_-37.2_175.4	2000013710	-37.212418	175.352892
grid_-37.2_175.4	2000013720	-37.218915	175.370782
grid_-37.2_175.4	2000013730	-37.222421	175.392443
grid_-37.2_175.4	2000013740	-37.233896	175.391605
grid_-37.2_175.4	2000013750	-37.221833	175.403718
grid_-37.2_175.4	2000013760	-37.219786	175.423779
grid_-37.2_175.4	2000013770	-37.216045	175.4456
grid_-37.2_175.5	2000013780	-37.208133	175.465221
grid_-37.2_175.5	2000013790	-37.197923	175.484498
grid_-37.2_175.5	2000013800	-37.20129	175.501352
grid_-37.2_175.5	2000013810	-37.214293	175.489629
grid_-37.2_175.5	2000013820	-37.20803	175.500133
grid_-37.2_175.5	2000013830	-37.194303	175.502308
grid_-37.2_175.5	2000013840	-37.183495	175.507429
grid_-37.2_175.5	2000013850	-37.174035	175.519636
grid_-37.2_175.5	2000013860	-37.170107	175.537158
grid_-37.2_175.6	2000013870	-37.183821	175.551795
grid_-37.2_175.6	2000013880	-37.18787	175.564855
grid_-37.2_175.6	2000013890	-37.173082	175.55336
grid_-37.2_175.5	2000013900	-37.161732	175.544655
grid_-37.2_175.6	2000013910	-37.15035	175.550379
grid_-37.1_175.5	2000013920	-37.139805	175.5389
grid_-37.1_175.5	2000013930	-37.128751	175.528164
grid_-37.1_175.5	2000013940	-37.11542	175.521585
grid_-37.1_175.5	2000013950	-37.100929	175.515557
grid_-37.1_175.5	2000013960	-37.084525	175.515778
grid_-37.1_175.5	2000013970	-37.06803	175.519964
grid_-37.1_175.5	2000013980	-37.051374	175.522197
grid_-37.0_175.5	2000013990	-37.035726	175.519274
grid_-37.0_175.5	2000014000	-37.019452	175.513871
grid_-37.0_175.5	2000014010	-37.003666	175.509229
grid_-37.0_175.5	2000014020	-36.987653	175.501063
grid_-37.0_175.5	2000014030	-36.975419	175.499971
grid_-37.0_175.5	2000014040	-36.960817	175.488806
grid_-36.9_175.5	2000014050	-36.946794	175.475635
grid_-36.9_175.5	2000014060	-36.934343	175.464029
grid_-36.9_175.5	2000014070	-36.921604	175.450053
grid_-36.9_175.4	2000014080	-36.908834	175.436413
grid_-36.9_175.4	2000014090	-36.894246	175.427115
grid_-36.9_175.4	2000014100	-36.881379	175.42296
grid_-36.9_175.4	2000014110	-36.870944	175.421831
grid_-36.9_175.4	2000014120	-36.866776	175.413784
grid_-36.9_175.4	2000014130	-36.853562	175.407402
grid_-36.9_175.4	2000014140	-36.85193	175.418563
grid_-36.9_175.4	2000014150	-36.853922	175.433722
grid_-36.9_175.4	2000014160	-36.851206	175.449844
grid_-36.9_175.5	2000014170	-36.853068	175.468276
grid_-36.8_175.5	2000014180	-36.846089	175.470568
grid_-36.8_175.5	2000014190	-36.839835	175.476919
grid_-36.8_175.5	2000014200	-36.839658	175.462646
grid_-36.8_175.5	2000014210	-36.843005	175.451875
grid_-36.8_175.4	2000014220	-36.837844	175.44387
grid_-36.8_175.4	2000014230	-36.840836	175.432769
grid_-36.8_175.4	2000014240	-36.829295	175.430309
grid_-36.8_175.4	2000014250	-36.831958	175.445685
grid_-36.8_175.5	2000014260	-36.831677	175.45742
grid_-36.8_175.5	2000014270	-36.827091	175.460314
grid_-36.8_175.4	2000014280	-36.824089	175.44508
grid_-36.8_175.4	2000014290	-36.819233	175.435706
grid_-36.8_175.4	2000014300	-36.825118	175.423967
grid_-36.8_175.4	2000014310	-36.81521	175.431326
grid_-36.8_175.4	2000014320	-36.809707	175.442889
grid_-36.8_175.5	2000014330	-36.808323	175.460159
grid_-36.8_175.5	2000014340	-36.806622	175.473576
grid_-36.8_175.5	2000014350	-36.805909	175.485101
grid_-36.8_175.5	2000014360	-36.80244	175.497625
grid_-36.8_175.5	2000014370	-36.792321	175.505132
grid_-36.8_175.5	2000014380	-36.785485	175.507482
grid_-36.8_175.5	2000014390	-36.782597	175.508498
grid_-36.8_175.5	2000014400	-36.780369	175.502025
grid_-36.8_175.5	2000014410	-36.779393	175.488493
grid_-36.8_175.5	2000014420	-36.773445	175.495481
grid_-36.8_175.5	2000014430	-36.762979	175.49763
grid_-36.8_175.5	2000014440	-36.762716	175.484215
grid_-36.8_175.5	2000014450	-36.752635	175.480568
grid_-36.8_175.5	2000014460	-36.75337	175.471813
grid_-36.8_175.5	2000014470	-36.765833	175.46407
grid_-36.8_175.5	2000014480	-36.765942	175.457665
grid_-36.8_175.5	2000014490	-36.752902	175.468062
grid_-36.7_175.5	2000014500	-36.743779	175.476814
grid_-36.7_175.5	2000014510	-36.735104	175.475475
grid_-36.7_175.5	2000014520	-36.73057	175.464506
grid_-36.7_175.5	2000014530	-36.725465	175.461199
grid_-36.7_175.4	2000014540	-36.726682	175.448738
grid_-36.7_175.4	2000014550	-36.727297	175.437723
grid_-36.7_175.4	2000014560	-36.716313	175.43579
grid_-36.7_175.4	2000014570	-36.706669	175.430694
grid_-36.7_175.4	2000014580	-36.693234	175.431531
grid_-36.7_175.4	2000014590	-36.677832	175.44001
grid_-36.7_175.4	2000014600	-36.664841	175.445285
grid_-36.6_175.4	2000014610	-36.649868	175.445118
grid_-36.6_175.4	2000014620	-36.637148	175.439231
grid_-36.6_175.4	2000014630	-36.627153	175.443996
grid_-36.6_175.5	2000014640	-36.626745	175.462533
grid_-36.6_175.5	2000014650	-36.631907	175.468223
grid_-36.6_175.5	2000014660	-36.628639	175.473675
grid_-36.6_175.5	2000014670	-36.619316	175.470056
grid_-36.6_175.5	2000014680	-36.612203	175.464309
grid_-36.6_175.5	2000014690	-36.614228	175.460742
grid_-36.6_175.4	2000014700	-36.612739	175.44653
grid_-36.6_175.4	2000014710	-36.610538	175.438965
grid_-36.6_175.4	2000014720	-36.602933	175.427052
grid_-36.6_175.4	2000014730	-36.590073	175.418747
grid_-36.6_175.4	2000014740	-36.588251	175.420091
grid_-36.6_175.4	2000014750	-36.580181	175.404082
grid_-36.6_175.4	2000014760	-36.57403	175.385737
grid_-36.6_175.4	2000014770	-36.566063	175.366845
grid_-36.6_175.4	2000014780	-36.555111	175.351171
grid_-36.5_175.3	2000014790	-36.542742	175.33894
grid_-36.5_175.3	2000014800	-36.528191	175.331222
grid_-36.5_175.3	2000014810	-36.51358	175.327384
grid_-36.5_175.3	2000014820	-36.498794	175.327944
grid_-36.5_175.3	2000014830	-36.486093	175.327917
grid_-36.5_175.3	2000014840	-36.484724	175.337549
grid_-36.5_175.3	2000014850	-36.472945	175.348087
grid_-36.5_175.4	2000014860	-36.47112	175.355051
grid_-36.5_175.4	2000014870	-36.468768	175.370089
grid_-36.5_175.4	2000014880	-36.474022	175.388292
grid_-36.5_175.4	2000014890	-36.471028	175.404006
grid_-36.5_175.4	2000014900	-36.475646	175.410017
grid_-36.5_175.4	2000014910	-36.485449	175.411612
grid_-36.5_175.4	2000014920	-36.494586	175.423509
grid_-36.5_175.4	2000014930	-36.503393	175.424114
grid_-36.5_175.4	2000014940	-36.508506	175.430417
grid_-36.5_175.4	2000014950	-36.503542	175.442685
grid_-36.5_175.5	2000014960	-36.514582	175.450934
grid_-36.5_175.5	2000014970	-36.52575	175.457987
grid_-36.5_175.5	2000014980	-36.528508	175.469534
grid_-36.5_175.5	2000014990	-36.525886	175.479022
grid_-36.5_175.5	2000015000	-36.516838	175.470467
grid_-36.5_175.5	2000015010	-36.506291	175.476095
grid_-36.5_175.5	2000015020	-36.508867	175.488338
grid_-36.5_175.5	2000015030	-36.515768	175.498514
grid_-36.5_175.5	2000015040	-36.527051	175.508178
grid_-36.5_175.5	2000015050	-36.53919	175.518303
grid_-36.5_175.5	2000015060	-36.542342	175.535357
grid_-36.6_175.5	2000015070	-36.551795	175.532267
grid_-36.6_175.5	2000015080	-36.558104	175.520316
grid_-36.6_175.5	2000015090	-36.566793	175.527776
grid_-36.6_175.5	2000015100	-36.576783	175.525374
grid_-36.6_175.5	2000015110	-36.589642	175.522236
grid_-36.6_175.5	2000015120	-36.595235	175.51369
grid_-36.6_175.5	2000015130	-36.599344	175.527619
grid_-36.6_175.5	2000015140	-36.601464	175.543281
grid_-36.6_175.6	2000015150	-36.597681	175.554919
grid_-36.6_175.6	2000015160	-36.607254	175.559357
grid_-36.6_175.6	2000015170	-36.613942	175.570781
grid_-36.6_175.6	2000015180	-36.622535	175.580246
grid_-36.6_175.6	2000015190	-36.634772	175.578457
grid_-36.6_175.6	2000015200	-36.648161	175.571785
grid_-36.7_175.6	2000015210	-36.658648	175.577591
grid_-36.7_175.6	2000015220	-36.666037	175.580503
grid_-36.7_175.6	2000015230	-36.667759	175.565172
grid_-36.7_175.6	2000015240	-36.659613	175.551798
grid_-36.7_175.5	2000015250	-36.662523	175.549835
grid_-36.7_175.6	2000015260	-36.669732	175.550487
grid_-36.7_175.6	2000015270	-36.678275	175.551045
grid_-36.7_175.6	2000015280	-36.667193	175.557397
grid_-36.7_175.6	2000015290	-36.684298	175.555897
grid_-36.7_175.6	2000015300	-36.68727	175.572898
grid_-36.7_175.6	2000015310	-36.678785	175.584345
grid_-36.7_175.6	2000015320	-36.682277	175.594727
grid_-36.7_175.6	2000015330	-36.683102	175.605937
grid_-36.7_175.6	2000015340	-36.69336	175.604081
grid_-36.7_175.6	2000015350	-36.702864	175.611221
grid_-36.7_175.6	2000015360	-36.710216	175.608236
grid_-36.7_175.6	2000015370	-36.715946	175.623718
grid_-36.7_175.6	2000015380	-36.720254	175.62242
grid_-36.7_175.6	2000015390	-36.732798	175.612416
grid_-36.7_175.6	2000015400	-36.736129	175.612163
grid_-36.8_175.6	2000015410	-36.750056	175.605602
grid_-36.8_175.6	2000015420	-36.754508	175.606371
grid_-36.8_175.6	2000015430	-36.75683	175.61205
grid_-36.8_175.6	2000015440	-36.757597	175.625048
grid_-36.8_175.6	2000015450	-36.763453	175.635019
grid_-36.8_175.6	2000015460	-36.766846	175.641027
grid_-36.8_175.6	2000015470	-36.765961	175.64636
grid_-36.8_175.6	2000015480	-36.763308	175.646848
grid_-36.8_175.6	2000015490	-36.751931	175.639443
grid_-36.7_175.6	2000015500	-36.744678	175.648755
grid_-36.8_175.7	2000015510	-36.754237	175.658264
grid_-36.7_175.7	2000015520	-36.748773	175.661157
grid_-36.7_175.7	2000015530	-36.743075	175.673959
grid_-36.7_175.7	2000015540	-36.739001	175.674151
grid_-36.7_175.7	2000015550	-36.736347	175.657254
grid_-36.7_175.6	2000015560	-36.730936	175.641838
grid_-36.7_175.6	2000015570	-36.726919	175.633699
grid_-36.7_175.7	2000015580	-36.727431	175.654703
grid_-36.7_175.7	2000015590	-36.729516	175.67685
grid_-36.7_175.7	2000015600	-36.727579	175.693833
grid_-36.7_175.7	2000015610	-36.72772	175.706343
grid_-36.7_175.7	2000015620	-36.72212	175.725858
grid_-36.7_175.7	2000015630	-36.716208	175.729375
grid_-36.7_175.7	2000015640	-36.705327	175.741387
grid_-36.7_175.8	2000015650	-36.706821	175.761869
grid_-36.7_175.8	2000015660	-36.711879	175.759701
grid_-36.7_175.8	2000015670	-36.707209	175.764109
grid_-36.7_175.8	2000015680	-36.698504	175.779748
grid_-36.7_175.8	2000015690	-36.692308	175.79204
grid_-36.7_175.8	2000015700	-36.705195	175.789221
grid_-36.7_175.8	2000015710	-36.719481	175.801023
grid_-36.7_175.8	2000015720	-36.721941	175.812441
grid_-36.7_175.8	2000015730	-36.720787	175.821498
grid_-36.7_175.8	2000015740	-36.735778	175.825571
grid_-36.7_175.8	2000015750	-36.742707	175.816967
grid_-36.7_175.8	2000015760	-36.741665	175.804124
grid_-36.7_175.8	2000015770	-36.744544	175.789484
grid_-36.7_175.8	2000015780	-36.748341	175.776557
grid_-36.8_175.8	2000015790	-36.754302	175.768284
grid_-36.8_175.8	2000015800	-36.758738	175.758442
grid_-36.8_175.7	2000015810	-36.767581	175.74987
grid_-36.8_175.7	2000015820	-36.784166	175.747927
grid_-36.8_175.7	2000015830	-36.793948	175.736663
grid_-36.8_175.7	2000015840	-36.790801	175.729778
grid_-36.8_175.7	2000015850	-36.80588	175.724899
grid_-36.8_175.7	2000015860	-36.804776	175.707147
grid_-36.8_175.7	2000015870	-36.812676	175.700392
grid_-36.8_175.7	2000015880	-36.82599	175.703149
grid_-36.8_175.7	2000015890	-36.838549	175.706308
grid_-36.8_175.7	2000015900	-36.84357	175.689077
grid_-36.8_175.7	2000015910	-36.836994	175.692082
grid_-36.8_175.7	2000015920	-36.833362	175.688824
grid_-36.8_175.7	2000015930	-36.841775	175.684765
grid_-36.8_175.7	2000015940	-36.833251	175.671592
grid_-36.8_175.7	2000015950	-36.839427	175.671435
grid_-36.9_175.7	2000015960	-36.852032	175.67209
grid_-36.9_175.7	2000015970	-36.855597	175.672963
grid_-36.9_175.7	2000015980	-36.850041	175.685964
grid_-36.9_175.7	2000015990	-36.86288	175.682234
grid_-36.9_175.7	2000016000	-36.87014	175.669355
grid_-36.9_175.7	2000016010	-36.874378	175.673129
grid_-36.9_175.7	2000016020	-36.881358	175.671281
grid_-36.9_175.7	2000016030	-36.884223	175.678396
grid_-36.9_175.7	2000016040	-36.880554	175.689804
grid_-36.9_175.7	2000016050	-36.890949	175.685017
grid_-36.9_175.7	2000016060	-36.891889	175.689308
grid_-36.9_175.7	2000016070	-36.892211	175.702282
grid_-36.9_175.7	2000016080	-36.896293	175.701405
grid_-36.9_175.7	2000016090	-36.905499	175.709961
grid_-36.9_175.7	2000016100	-36.904057	175.716544
grid_-36.9_175.7	2000016110	-36.892019	175.708056
grid_-36.9_175.7	2000016120	-36.885726	175.704762
grid_-36.9_175.7	2000016130	-36.87541	175.714947
grid_-36.9_175.7	2000016140	-36.870197	175.708105
grid_-36.9_175.7	2000016150	-36.859729	175.701606
grid_-36.8_175.7	2000016160	-36.848919	175.705865
grid_-36.8_175.7	2000016170	-36.837396	175.712273
grid_-36.8_175.7	2000016180	-36.827297	175.712711
grid_-36.8_175.7	2000016190	-36.82971	175.724563
grid_-36.8_175.7	2000016200	-36.833121	175.730172
grid_-36.8_175.7	2000016210	-36.831451	175.730484
grid_-36.8_175.8	2000016220	-36.837284	175.75102
grid_-36.8_175.8	2000016230	-36.842262	175.755305
grid_-36.8_175.8	2000016240	-36.849563	175.757756
grid_-36.9_175.8	2000016250	-36.86002	175.763985
grid_-36.9_175.8	2000016260	-36.855551	175.770038
grid_-36.8_175.8	2000016270	-36.847776	175.773323
grid_-36.8_175.8	2000016280	-36.846667	175.759577
grid_-36.8_175.8	2000016290	-36.832194	175.75823
grid_-36.8_175.8	2000016300	-36.82004	175.76934
grid_-36.8_175.8	2000016310	-36.82521	175.786206
grid_-36.8_175.8	2000016320	-36.832697	175.799527
grid_-36.8_175.8	2000016330	-36.843105	175.812751
grid_-36.8_175.8	2000016340	-36.847212	175.817144
grid_-36.9_175.8	2000016350	-36.852704	175.820753
grid_-36.9_175.8	2000016360	-36.859162	175.827715
grid_-36.9_175.8	2000016370	-36.86638	175.826711
grid_-36.9_175.8	2000016380	-36.873818	175.817329
grid_-36.9_175.8	2000016390	-36.888565	175.820585
grid_-36.9_175.8	2000016400	-36.893957	175.835803
grid_-36.9_175.8	2000016410	-36.908802	175.840288
grid_-36.9_175.9	2000016420	-36.920174	175.852899
grid_-36.9_175.9	2000016430	-36.93131	175.855236
grid_-36.9_175.9	2000016440	-36.940961	175.858161
grid_-36.9_175.8	2000016450	-36.946912	175.844241
grid_-37.0_175.8	2000016460	-36.960214	175.844421
grid_-37.0_175.9	2000016470	-36.973179	175.852287
grid_-37.0_175.9	2000016480	-36.986279	175.855499
grid_-37.0_175.9	2000016490	-36.998063	175.868891
grid_-37.0_175.9	2000016500	-37.001838	175.861948
grid_-37.0_175.9	2000016510	-36.996247	175.854829
grid_-37.0_175.8	2000016520	-37.0006	175.846997
grid_-37.0_175.8	2000016530	-37.004554	175.843128
grid_-37.0_175.8	2000016540	-37.014653	175.846884
grid_-37.0_175.8	2000016550	-37.02689	175.837456
grid_-37.0_175.8	2000016560	-37.036261	175.831806
grid_-37.1_175.8	2000016570	-37.051371	175.835823
grid_-37.1_175.8	2000016580	-37.056831	175.815105
grid_-37.1_175.8	2000016590	-37.065789	175.804329
grid_-37.1_175.8	2000016600	-37.054922	175.821127
grid_-37.1_175.8	2000016610	-37.051624	175.837148
grid_-37.0_175.8	2000016620	-37.037106	175.84064
grid_-37.0_175.9	2000016630	-37.026779	175.851709
grid_-37.0_175.9	2000016640	-37.012678	175.855684
grid_-37.0_175.9	2000016650	-37.01324	175.86684
grid_-37.0_175.9	2000016660	-37.02782	175.877059
grid_-37.0_175.9	2000016670	-37.037662	175.88738
grid_-37.1_175.9	2000016680	-37.052014	175.887128
grid_-37.1_175.9	2000016690	-37.067378	175.891239
grid_-37.1_175.9	2000016700	-37.085242	175.886391
grid_-37.1_175.9	2000016710	-37.102861	175.886784
grid_-37.1_175.9	2000016720	-37.105055	175.87971
grid_-37.1_175.9	2000016730	-37.115635	175.866964
grid_-37.1_175.9	2000016740	-37.125971	175.862342
grid_-37.1_175.9	2000016750	-37.133574	175.867381
grid_-37.1_175.9	2000016760	-37.118316	175.872724
grid_-37.1_175.9	2000016770	-37.115714	175.884413
grid_-37.1_175.9	2000016780	-37.120476	175.891987
grid_-37.1_175.9	2000016790	-37.131432	175.885731
grid_-37.1_175.9	2000016800	-37.141306	175.88273
grid_-37.2_175.9	2000016810	-37.15478	175.883
grid_-37.2_175.9	2000016820	-37.166818	175.881353
grid_-37.2_175.9	2000016830	-37.181245	175.885049
grid_-37.2_175.9	2000016840	-37.195581	175.893242
grid_-37.2_175.9	2000016850	-37.202229	175.881405
grid_-37.2_175.9	2000016860	-37.18878	175.87144
grid_-37.2_175.9	2000016870	-37.174825	175.866003
grid_-37.2_175.9	2000016880	-37.166227	175.856854
grid_-37.2_175.9	2000016890	-37.170878	175.851197
grid_-37.2_175.9	2000016900	-37.176588	175.851877
grid_-37.2_175.9	2000016910	-37.183815	175.853355
grid_-37.2_175.9	2000016920	-37.192887	175.859018
grid_-37.2_175.9	2000016930	-37.200185	175.861057
grid_-37.2_175.9	2000016940	-37.205858	175.862744
grid_-37.2_175.9	2000016950	-37.196128	175.870269
grid_-37.2_175.9	2000016960	-37.209757	175.877203
grid_-37.2_175.9	2000016970	-37.224935	175.881451
grid_-37.2_175.9	2000016980	-37.235558	175.888007
grid_-37.2_175.9	2000016990	-37.248721	175.89544
grid_-37.3_175.9	2000017000	-37.260846	175.895537
grid_-37.3_175.9	2000017010	-37.276481	175.900559
grid_-37.3_175.9	2000017020	-37.291787	175.910618
grid_-37.3_175.9	2000017030	-37.302098	175.915052
grid_-37.3_175.9	2000017040	-37.313208	175.924047
grid_-37.3_175.9	2000017050	-37.327423	175.929628
grid_-37.3_175.9	2000017060	-37.339425	175.937775
grid_-37.4_175.9	2000017070	-37.351903	175.942946
grid_-37.4_175.9	2000017080	-37.363579	175.938392
grid_-37.4_175.9	2000017090	-37.374459	175.93987
grid_-37.4_175.9	2000017100	-37.387483	175.942857
grid_-37.4_175.9	2000017110	-37.399345	175.940554
grid_-37.4_176.0	2000017120	-37.41544	175.950039
grid_-37.4_176.0	2000017130	-37.432319	175.962772
grid_-37.4_176.0	2000017140	-37.445053	175.973271
grid_-37.5_176.0	2000017150	-37.460885	175.986432
grid_-37.5_176.0	2000017160	-37.467047	175.9817
grid_-37.5_176.0	2000017170	-37.457257	175.974084
grid_-37.4_176.0	2000017180	-37.442344	175.96775
grid_-37.4_176.0	2000017190	-37.437508	175.95997
grid_-37.4_176.0	2000017200	-37.448448	175.968498
grid_-37.5_176.0	2000017210	-37.452079	175.953478
grid_-37.5_175.9	2000017220	-37.46473	175.940131
grid_-37.5_175.9	2000017230	-37.480405	175.938228
grid_-37.5_175.9	2000017240	-37.478642	175.94688
grid_-37.5_175.9	2000017250	-37.490964	175.938448
grid_-37.5_175.9	2000017260	-37.49688	175.932487
grid_-37.5_175.9	2000017270	-37.500013	175.943124
grid_-37.5_176.0	2000017280	-37.492001	175.954382
grid_-37.5_176.0	2000017290	-37.487194	175.953334
grid_-37.5_176.0	2000017300	-37.496602	175.967292
grid_-37.5_176.0	2000017310	-37.510104	175.97729
grid_-37.5_176.0	2000017320	-37.517208	175.965291
grid_-37.5_175.9	2000017330	-37.528019	175.948851
grid_-37.5_175.9	2000017340	-37.531882	175.932887
grid_-37.5_175.9	2000017350	-37.537058	175.919099
grid_-37.5_175.9	2000017360	-37.539227	175.935432
grid_-37.5_175.9	2000017370	-37.541146	175.943456
grid_-37.6_176.0	2000017380	-37.556012	175.953079
grid_-37.6_175.9	2000017390	-37.558948	175.935452
grid_-37.6_175.9	2000017400	-37.562347	175.931298
grid_-37.6_175.9	2000017410	-37.569396	175.928983
grid_-37.6_175.9	2000017420	-37.580161	175.920425
grid_-37.6_175.9	2000017430	-37.582653	175.930043
grid_-37.6_175.9	2000017440	-37.569725	175.941042
grid_-37.6_175.9	2000017450	-37.579677	175.940726
grid_-37.6_175.9	2000017460	-37.591886	175.949281
grid_-37.6_176.0	2000017470	-37.590094	175.954874
grid_-37.6_176.0	2000017480	-37.577809	175.968535
grid_-37.6_176.0	2000017490	-37.583889	175.977821
grid_-37.6_176.0	2000017500	-37.597199	175.96982
grid_-37.6_176.0	2000017510	-37.605317	175.957627
grid_-37.6_176.0	2000017520	-37.606572	175.967533
grid_-37.6_176.0	2000017530	-37.612757	175.980667
grid_-37.6_176.0	2000017540	-37.625131	175.968819
grid_-37.6_176.0	2000017550	-37.631699	175.962018
grid_-37.6_176.0	2000017560	-37.635026	175.970665
grid_-37.6_176.0	2000017570	-37.624404	175.975887
grid_-37.6_176.0	2000017580	-37.628033	175.988721
grid_-37.6_176.0	2000017590	-37.643183	175.988923
grid_-37.6_176.0	2000017600	-37.640813	175.998113
grid_-37.6_176.0	2000017610	-37.62744	176.006848
grid_-37.6_176.0	2000017620	-37.632021	176.015805
grid_-37.6_176.0	2000017630	-37.636957	176.015923
grid_-37.6_176.0	2000017640	-37.643059	176.015919
grid_-37.6_176.0	2000017650	-37.639133	176.027884
grid_-37.6_176.0	2000017660	-37.630024	176.044812
grid_-37.6_176.1	2000017670	-37.633162	176.051264
grid_-37.6_176.0	2000017680	-37.641836	176.04323
grid_-37.7_176.0	2000017690	-37.653606	176.03673
grid_-37.7_176.0	2000017700	-37.660483	176.029803
grid_-37.7_176.0	2000017710	-37.665207	176.02771
grid_-37.7_176.0	2000017720	-37.661755	176.041145
grid_-37.7_176.0	2000017730	-37.653188	176.043296
grid_-37.7_176.0	2000017740	-37.664241	176.044767
grid_-37.7_176.0	2000017750	-37.669166	176.044836
grid_-37.7_176.0	2000017760	-37.675682	176.044637
grid_-37.7_176.0	2000017770	-37.681132	176.042296
grid_-37.7_176.1	2000017780	-37.677346	176.052612
grid_-37.7_176.1	2000017790	-37.669943	176.055278
grid_-37.7_176.1	2000017800	-37.659573	176.053578
grid_-37.7_176.1	2000017810	-37.66679	176.06288
grid_-37.7_176.1	2000017820	-37.663394	176.064817
grid_-37.7_176.1	2000017830	-37.657104	176.065218
grid_-37.7_176.1	2000017840	-37.66366	176.085422
grid_-37.7_176.1	2000017850	-37.671899	176.094599
grid_-37.7_176.1	2000017860	-37.679562	176.099507
grid_-37.7_176.1	2000017870	-37.683008	176.100721
grid_-37.7_176.1	2000017880	-37.680082	176.119036
grid_-37.7_176.1	2000017890	-37.674501	176.125652
grid_-37.7_176.1	2000017900	-37.672522	176.116416
grid_-37.7_176.1	2000017910	-37.660344	176.124447
grid_-37.7_176.1	2000017920	-37.663944	176.145497
grid_-37.7_176.2	2000017930	-37.670247	176.162065
grid_-37.7_176.2	2000017940	-37.677315	176.150771
grid_-37.7_176.1	2000017950	-37.688086	176.148853
grid_-37.7_176.2	2000017960	-37.691186	176.157707
grid_-37.7_176.2	2000017970	-37.674342	176.164815
grid_-37.7_176.2	2000017980	-37.660922	176.167699
grid_-37.7_176.2	2000017990	-37.667794	176.173384
grid_-37.7_176.2	2000018000	-37.683677	176.170699
grid_-37.7_176.2	2000018010	-37.700483	176.166451
grid_-37.7_176.2	2000018020	-37.714736	176.163785
grid_-37.7_176.2	2000018030	-37.715338	176.150472
grid_-37.7_176.1	2000018040	-37.728209	176.147063
grid_-37.7_176.2	2000018050	-37.728869	176.157301
grid_-37.7_176.2	2000018060	-37.721872	176.165425
grid_-37.7_176.2	2000018070	-37.717429	176.173652
grid_-37.7_176.2	2000018080	-37.709003	176.188461
grid_-37.7_176.2	2000018090	-37.718267	176.182758
grid_-37.7_176.2	2000018100	-37.723565	176.181867
grid_-37.7_176.2	2000018110	-37.720976	176.199175
grid_-37.7_176.2	2000018120	-37.71329	176.203096
grid_-37.7_176.2	2000018130	-37.714513	176.218246
grid_-37.7_176.2	2000018140	-37.71575	176.230157
grid_-37.7_176.2	2000018150	-37.707319	176.228393
grid_-37.7_176.2	2000018160	-37.696718	176.236869
grid_-37.7_176.2	2000018170	-37.692197	176.221959
grid_-37.7_176.2	2000018180	-37.691797	176.207631
grid_-37.7_176.2	2000018190	-37.698554	176.205214
grid_-37.7_176.2	2000018200	-37.703895	176.189218
grid_-37.7_176.2	2000018210	-37.689026	176.177219
grid_-37.7_176.2	2000018220	-37.688458	176.189575
grid_-37.7_176.2	2000018230	-37.691711	176.200834
grid_-37.7_176.2	2000018240	-37.676718	176.204023
grid_-37.7_176.2	2000018250	-37.680842	176.19559
grid_-37.7_176.2	2000018260	-37.669109	176.181009
grid_-37.7_176.2	2000018270	-37.653538	176.182099
grid_-37.6_176.2	2000018280	-37.636837	176.179571
grid_-37.6_176.2	2000018290	-37.628989	176.166579
grid_-37.6_176.2	2000018300	-37.63121	176.178927
grid_-37.6_176.2	2000018310	-37.642722	176.195136
grid_-37.7_176.2	2000018320	-37.65525	176.21089
grid_-37.7_176.2	2000018330	-37.666849	176.228379
grid_-37.7_176.2	2000018340	-37.677675	176.246465
grid_-37.7_176.3	2000018350	-37.686885	176.265641
grid_-37.7_176.3	2000018360	-37.695363	176.285038
grid_-37.7_176.3	2000018370	-37.703089	176.30627
grid_-37.7_176.3	2000018380	-37.7099	176.326463
grid_-37.7_176.3	2000018390	-37.717467	176.34758
grid_-37.7_176.4	2000018400	-37.726348	176.36633
grid_-37.7_176.4	2000018410	-37.736004	176.385387
grid_-37.7_176.4	2000018420	-37.744631	176.405885
grid_-37.8_176.4	2000018430	-37.750662	176.427381
grid_-37.8_176.4	2000018440	-37.754467	176.449258
grid_-37.8_176.4	2000018450	-37.754037	176.438764
grid_-37.8_176.4	2000018460	-37.753872	176.432244
grid_-37.8_176.4	2000018470	-37.758943	176.426174
grid_-37.8_176.4	2000018480	-37.765123	176.442476
grid_-37.8_176.5	2000018490	-37.757388	176.454052
grid_-37.7_176.5	2000018500	-37.743889	176.46588
grid_-37.8_176.5	2000018510	-37.753016	176.477017
grid_-37.8_176.5	2000018520	-37.761741	176.476679
grid_-37.8_176.5	2000018530	-37.773728	176.468808
grid_-37.8_176.5	2000018540	-37.774041	176.480232
grid_-37.8_176.5	2000018550	-37.776503	176.492717
grid_-37.8_176.5	2000018560	-37.767008	176.490107
grid_-37.8_176.5	2000018570	-37.757291	176.480941
grid_-37.8_176.5	2000018580	-37.769486	176.496937
grid_-37.8_176.5	2000018590	-37.780741	176.514641
grid_-37.8_176.5	2000018600	-37.791356	176.532939
grid_-37.8_176.6	2000018610	-37.801529	176.550518
grid_-37.8_176.6	2000018620	-37.812282	176.569723
grid_-37.8_176.6	2000018630	-37.822853	176.589187
grid_-37.8_176.6	2000018640	-37.83204	176.608092
grid_-37.8_176.6	2000018650	-37.841	176.628471
grid_-37.8_176.6	2000018660	-37.849232	176.648726
grid_-37.9_176.7	2000018670	-37.856928	176.669399
grid_-37.9_176.7	2000018680	-37.863863	176.689118
grid_-37.9_176.7	2000018690	-37.870955	176.710353
grid_-37.9_176.7	2000018700	-37.877736	176.730831
grid_-37.9_176.8	2000018710	-37.883995	176.753018
grid_-37.9_176.8	2000018720	-37.888027	176.773248
grid_-37.9_176.8	2000018730	-37.890996	176.796856
grid_-37.9_176.8	2000018740	-37.893485	176.819382
grid_-37.9_176.8	2000018750	-37.898623	176.840429
grid_-37.9_176.9	2000018760	-37.9046	176.861844
grid_-37.9_176.9	2000018770	-37.909236	176.883403
grid_-37.9_176.9	2000018780	-37.913193	176.905878
grid_-37.9_176.9	2000018790	-37.916173	176.927174
grid_-37.9_176.9	2000018800	-37.92289	176.949167
grid_-37.9_177.0	2000018810	-37.930222	176.969268
grid_-37.9_177.0	2000018820	-37.938409	176.989314
grid_-37.9_177.0	2000018830	-37.944553	177.005266
grid_-37.9_177.0	2000018840	-37.947054	176.992041
grid_-37.9_177.0	2000018850	-37.947726	176.98452
grid_-37.9_177.0	2000018860	-37.949904	176.996129
grid_-37.9_177.0	2000018870	-37.941137	177.01257
grid_-37.9_177.0	2000018880	-37.942766	177.019059
grid_-38.0_177.0	2000018890	-37.954499	177.024044
grid_-38.0_177.0	2000018900	-37.964437	177.03969
grid_-38.0_177.1	2000018910	-37.970646	177.060354
grid_-38.0_177.1	2000018920	-37.975563	177.082237
grid_-38.0_177.1	2000018930	-37.979518	177.104308
grid_-38.0_177.1	2000018940	-37.982531	177.1255
grid_-38.0_177.1	2000018950	-37.990434	177.145303
grid_-38.0_177.1	2000018960	-37.988789	177.123801
grid_-38.0_177.1	2000018970	-37.982416	177.103532
grid_-38.0_177.1	2000018980	-37.978892	177.08357
grid_-38.0_177.1	2000018990	-37.981864	177.070176
grid_-38.0_177.1	2000019000	-37.985856	177.062922
grid_-38.0_177.1	2000019010	-37.994289	177.057363
grid_-38.0_177.1	2000019020	-37.996149	177.056485
grid_-38.0_177.1	2000019030	-38.003101	177.059664
grid_-38.0_177.1	2000019040	-38.013119	177.061416
grid_-38.0_177.1	2000019050	-38.011168	177.072098
grid_-38.0_177.1	2000019060	-37.998028	177.068899
grid_-38.0_177.1	2000019070	-37.999809	177.080579
grid_-38.0_177.1	2000019080	-38.005815	177.086241
grid_-38.0_177.1	2000019090	-38.014695	177.083779
grid_-38.0_177.1	2000019100	-38.013263	177.094864
grid_-38.0_177.1	2000019110	-38.00581	177.093399
grid_-38.0_177.1	2000019120	-38.002324	177.103975
grid_-38.0_177.1	2000019130	-38.01303	177.109679
grid_-38.0_177.1	2000019140	-38.023325	177.101342
grid_-38.0_177.1	2000019150	-38.020173	177.115861
grid_-38.0_177.1	2000019160	-38.029532	177.12694
grid_-38.0_177.1	2000019170	-38.040653	177.133794
grid_-38.0_177.1	2000019180	-38.039428	177.141781
grid_-38.0_177.2	2000019190	-38.04226	177.153536
grid_-38.0_177.2	2000019200	-38.03537	177.153301
grid_-38.0_177.1	2000019210	-38.026878	177.141613
grid_-38.0_177.1	2000019220	-38.016871	177.140228
grid_-38.0_177.1	2000019230	-38.009815	177.144374
grid_-38.0_177.1	2000019240	-38.004334	177.149653
grid_-38.0_177.2	2000019250	-38.010538	177.15419
grid_-38.0_177.2	2000019260	-38.006885	177.161945
grid_-38.0_177.2	2000019270	-37.990608	177.161046
grid_-38.0_177.2	2000019280	-37.986239	177.161467
grid_-38.0_177.2	2000019290	-37.989012	177.182807
grid_-38.0_177.2	2000019300	-37.991605	177.204454
grid_-38.0_177.2	2000019310	-37.991973	177.184235
grid_-38.0_177.2	2000019320	-37.999882	177.187297
grid_-38.0_177.2	2000019330	-37.995675	177.193889
grid_-38.0_177.2	2000019340	-37.990772	177.210799
grid_-38.0_177.2	2000019350	-37.991363	177.23244
grid_-38.0_177.3	2000019360	-37.991237	177.254258
grid_-38.0_177.3	2000019370	-37.991799	177.270566
grid_-38.0_177.3	2000019380	-37.991048	177.293641
grid_-38.0_177.3	2000019390	-37.989621	177.316675
grid_-38.0_177.3	2000019400	-37.988031	177.338822
grid_-38.0_177.4	2000019410	-37.986189	177.358997
grid_-38.0_177.4	2000019420	-37.983628	177.383519
grid_-38.0_177.4	2000019430	-37.980898	177.403067
grid_-38.0_177.4	2000019440	-37.973761	177.422683
grid_-38.0_177.4	2000019450	-37.968986	177.437381
grid_-38.0_177.4	2000019460	-37.961455	177.446198
grid_-38.0_177.5	2000019470	-37.957494	177.466963
grid_-37.9_177.5	2000019480	-37.949497	177.488047
grid_-37.9_177.5	2000019490	-37.936276	177.486708
grid_-37.9_177.5	2000019500	-37.930134	177.504973
grid_-37.9_177.5	2000019510	-37.92242	177.525521
grid_-37.9_177.5	2000019520	-37.911182	177.54088
grid_-37.9_177.5	2000019530	-37.896583	177.546029
grid_-37.9_177.6	2000019540	-37.882033	177.557841
grid_-37.9_177.6	2000019550	-37.872866	177.57735
grid_-37.9_177.6	2000019560	-37.858771	177.589664
grid_-37.9_177.6	2000019570	-37.853913	177.597453
grid_-37.8_177.6	2000019580	-37.842951	177.58666
grid_-37.8_177.6	2000019590	-37.839514	177.597289
grid_-37.8_177.6	2000019600	-37.831249	177.606998
grid_-37.8_177.6	2000019610	-37.821431	177.615876
grid_-37.8_177.6	2000019620	-37.80984	177.616633
grid_-37.8_177.6	2000019630	-37.814653	177.628843
grid_-37.8_177.6	2000019640	-37.806531	177.648791
grid_-37.8_177.7	2000019650	-37.791062	177.656403
grid_-37.8_177.7	2000019660	-37.779119	177.658877
grid_-37.8_177.7	2000019670	-37.771909	177.672557
grid_-37.8_177.7	2000019680	-37.759077	177.68372
grid_-37.7_177.7	2000019690	-37.745483	177.676888
grid_-37.7_177.7	2000019700	-37.735785	177.676666
grid_-37.7_177.7	2000019710	-37.72992	177.692566
grid_-37.7_177.7	2000019720	-37.723708	177.705325
grid_-37.7_177.7	2000019730	-37.710309	177.715533
grid_-37.7_177.7	2000019740	-37.69659	177.721923
grid_-37.7_177.7	2000019750	-37.684081	177.725737
grid_-37.7_177.7	2000019760	-37.678136	177.737708
grid_-37.7_177.8	2000019770	-37.676089	177.755619
grid_-37.7_177.8	2000019780	-37.67716	177.770812
grid_-37.7_177.8	2000019790	-37.677128	177.783208
grid_-37.7_177.8	2000019800	-37.674684	177.794142
grid_-37.7_177.8	2000019810	-37.66703	177.800561
grid_-37.7_177.8	2000019820	-37.65806	177.815358
grid_-37.7_177.8	2000019830	-37.66223	177.831961
grid_-37.7_177.9	2000019840	-37.658404	177.851491
grid_-37.6_177.9	2000019850	-37.649625	177.871518
grid_-37.6_177.9	2000019860	-37.638997	177.87969
grid_-37.6_177.9	2000019870	-37.628029	177.891253
grid_-37.6_177.9	2000019880	-37.612596	177.894778
grid_-37.6_177.9	2000019890	-37.610771	177.904949
grid_-37.6_177.9	2000019900	-37.620082	177.918536
grid_-37.6_177.9	2000019910	-37.618973	177.939298
grid_-37.6_178.0	2000019920	-37.611215	177.957759
grid_-37.6_178.0	2000019930	-37.598098	177.966251
grid_-37.6_178.0	2000019940	-37.589098	177.977131
grid_-37.6_178.0	2000019950	-37.575159	177.991514
grid_-37.6_178.0	2000019960	-37.564401	177.985833
grid_-37.6_178.0	2000019970	-37.552266	177.981484
grid_-37.5_178.0	2000019980	-37.537369	177.982307
grid_-37.5_178.0	2000019990	-37.547091	177.996194
