grid_-34.7_173.1	2000000000	-34.740926	173.11751
grid_-34.8_173.1	2000000010	-34.756665	173.127726
grid_-34.8_173.1	2000000020	-34.76884	173.143557
grid_-34.8_173.2	2000000030	-34.767581	173.154531
grid_-34.8_173.1	2000000040	-34.77575	173.147358
grid_-34.8_173.2	2000000050	-34.788285	173.157763
grid_-34.8_173.2	2000000060	-34.794005	173.168738
grid_-34.8_173.2	2000000070	-34.804621	173.174094
grid_-34.8_173.2	2000000080	-34.810595	173.163676
grid_-34.8_173.2	2000000090	-34.823438	173.169554
grid_-34.8_173.2	2000000100	-34.822204	173.153274
grid_-34.8_173.1	2000000110	-34.811701	173.142536
grid_-34.8_173.1	2000000120	-34.802056	173.134216
grid_-34.8_173.1	2000000130	-34.789567	173.128898
grid_-34.8_173.1	2000000140	-34.775293	173.121454
grid_-34.8_173.1	2000000150	-34.771541	173.107491
grid_-34.8_173.1	2000000160	-34.760374	173.093575
grid_-34.8_173.1	2000000170	-34.769941	173.092459
grid_-34.8_173.1	2000000180	-34.782841	173.102859
grid_-34.8_173.1	2000000190	-34.797096	173.112677
grid_-34.8_173.1	2000000200	-34.811483	173.117525
grid_-34.8_173.1	2000000210	-34.82222	173.129525
grid_-34.8_173.1	2000000220	-34.832697	173.13187
grid_-34.8_173.1	2000000230	-34.821713	173.144711
grid_-34.8_173.2	2000000240	-34.826308	173.150455
grid_-34.8_173.2	2000000250	-34.837776	173.156368
grid_-34.9_173.2	2000000260	-34.851554	173.168929
grid_-34.9_173.2	2000000270	-34.863447	173.1853
grid_-34.9_173.2	2000000280	-34.872112	173.204585
grid_-34.9_173.2	2000000290	-34.878639	173.224594
grid_-34.9_173.2	2000000300	-34.881616	173.246753
grid_-34.9_173.3	2000000310	-34.883811	173.268338
grid_-34.9_173.3	2000000320	-34.8963	173.279892
grid_-34.9_173.3	2000000330	-34.906376	173.275397
grid_-34.9_173.3	2000000340	-34.910514	173.269824
grid_-34.9_173.3	2000000350	-34.922978	173.260909
grid_-34.9_173.2	2000000360	-34.931856	173.246647
grid_-34.9_173.2	2000000370	-34.934901	173.229038
grid_-34.9_173.2	2000000380	-34.936465	173.221535
grid_-34.9_173.2	2000000390	-34.939041	173.236327
grid_-35.0_173.2	2000000400	-34.954436	173.227609
grid_-35.0_173.2	2000000410	-34.962028	173.214746
grid_-35.0_173.2	2000000420	-34.97093	173.217097
grid_-35.0_173.2	2000000430	-34.984465	173.22264
grid_-35.0_173.2	2000000440	-34.994084	173.224868
grid_-35.0_173.2	2000000450	-34.995105	173.235757
grid_-35.0_173.2	2000000460	-35.006222	173.226474
grid_-35.0_173.2	2000000470	-35.00993	173.23204
grid_-35.0_173.2	2000000480	-35.019943	173.232307
grid_-35.0_173.2	2000000490	-35.012281	173.239039
grid_-35.0_173.2	2000000500	-35.015077	173.245772
grid_-35.0_173.2	2000000510	-35.003882	173.240158
grid_-35.0_173.2	2000000520	-34.997924	173.246564
grid_-35.0_173.3	2000000530	-35.0028	173.252282
grid_-35.0_173.3	2000000540	-35.01159	173.263724
grid_-35.0_173.3	2000000550	-35.014037	173.26664
grid_-35.0_173.3	2000000560	-35.015282	173.262652
grid_-35.0_173.3	2000000570	-35.00975	173.269984
grid_-35.0_173.3	2000000580	-35.005475	173.268048
grid_-35.0_173.3	2000000590	-35.001062	173.284634
grid_-35.0_173.3	2000000600	-35.010809	173.292129
grid_-35.0_173.3	2000000610	-35.019929	173.279167
grid_-35.0_173.3	2000000620	-35.023885	173.278533
grid_-35.0_173.3	2000000630	-35.016267	173.289182
grid_-35.0_173.3	2000000640	-35.017276	173.304287
grid_-35.0_173.3	2000000650	-35.018938	173.307288
grid_-35.0_173.3	2000000660	-35.009704	173.296859
grid_-35.0_173.3	2000000670	-34.9978	173.307099
grid_-35.0_173.3	2000000680	-35.002196	173.315222
grid_-35.0_173.3	2000000690	-34.995355	173.322509
grid_-35.0_173.3	2000000700	-34.978341	173.328175
grid_-35.0_173.3	2000000710	-34.964552	173.337808
grid_-35.0_173.3	2000000720	-34.951355	173.338742
grid_-34.9_173.3	2000000730	-34.93552	173.331611
grid_-34.9_173.3	2000000740	-34.919208	173.324776
grid_-34.9_173.3	2000000750	-34.905186	173.315796
grid_-34.9_173.3	2000000760	-34.899749	173.307101
grid_-34.9_173.3	2000000770	-34.892194	173.299806
grid_-34.9_173.3	2000000780	-34.879729	173.289488
grid_-34.9_173.3	2000000790	-34.865235	173.289076
grid_-34.9_173.3	2000000800	-34.861875	173.296734
grid_-34.9_173.3	2000000810	-34.860594	173.319417
grid_-34.9_173.3	2000000820	-34.856863	173.335383
grid_-34.9_173.4	2000000830	-34.852945	173.355419
grid_-34.8_173.4	2000000840	-34.845136	173.374611
grid_-34.8_173.4	2000000850	-34.832962	173.390599
grid_-34.8_173.4	2000000860	-34.816157	173.39643
grid_-34.8_173.4	2000000870	-34.806908	173.388781
grid_-34.8_173.4	2000000880	-34.800085	173.395917
grid_-34.8_173.4	2000000890	-34.787592	173.395878
grid_-34.8_173.4	2000000900	-34.784648	173.402302
grid_-34.8_173.4	2000000910	-34.79568	173.410898
grid_-34.8_173.4	2000000920	-34.805109	173.406031
grid_-34.8_173.4	2000000930	-34.813613	173.411239
grid_-34.8_173.4	2000000940	-34.82213	173.414588
grid_-34.8_173.4	2000000950	-34.827829	173.411549
grid_-34.8_173.4	2000000960	-34.834851	173.417574
grid_-34.8_173.4	2000000970	-34.826115	173.425738
grid_-34.8_173.4	2000000980	-34.826601	173.439658
grid_-34.8_173.4	2000000990	-34.826623	173.44986
grid_-34.8_173.4	2000001000	-34.832492	173.44202
grid_-34.8_173.5	2000001010	-34.842127	173.452049
grid_-34.8_173.5	2000001020	-34.8462	173.464873
grid_-34.9_173.5	2000001030	-34.852793	173.461803
grid_-34.9_173.5	2000001040	-34.860114	173.459346
grid_-34.9_173.4	2000001050	-34.86227	173.446359
grid_-34.9_173.4	2000001060	-34.858999	173.440365
grid_-34.9_173.4	2000001070	-34.869162	173.435538
grid_-34.9_173.4	2000001080	-34.876847	173.420833
grid_-34.9_173.4	2000001090	-34.880304	173.404258
grid_-34.9_173.4	2000001100	-34.877204	173.390603
grid_-34.9_173.4	2000001110	-34.879247	173.375591
grid_-34.9_173.4	2000001120	-34.896461	173.368733
grid_-34.9_173.4	2000001130	-34.913977	173.371158
grid_-34.9_173.4	2000001140	-34.931282	173.377662
grid_-34.9_173.4	2000001150	-34.947475	173.386778
grid_-35.0_173.4	2000001160	-34.960892	173.39854
grid_-35.0_173.4	2000001170	-34.974902	173.414271
grid_-35.0_173.4	2000001180	-34.98428	173.427904
grid_-35.0_173.4	2000001190	-34.983317	173.410868
grid_-35.0_173.4	2000001200	-34.986862	173.424974
grid_-35.0_173.4	2000001210	-34.985011	173.438802
grid_-35.0_173.5	2000001220	-34.984685	173.452442
grid_-35.0_173.5	2000001230	-34.993119	173.465615
grid_-35.0_173.5	2000001240	-35.001802	173.46114
grid_-35.0_173.5	2000001250	-35.009328	173.457554
grid_-35.0_173.5	2000001260	-35.002417	173.463583
grid_-35.0_173.5	2000001270	-35.015066	173.468098
grid_-35.0_173.5	2000001280	-35.021735	173.468012
grid_-35.0_173.5	2000001290	-35.02118	173.478059
grid_-35.0_173.5	2000001300	-35.0084	173.471329
grid_-35.0_173.5	2000001310	-34.997159	173.471131
grid_-35.0_173.5	2000001320	-34.990039	173.478157
grid_-35.0_173.5	2000001330	-34.991932	173.495784
grid_-35.0_173.5	2000001340	-34.990134	173.507762
grid_-35.0_173.5	2000001350	-34.983339	173.523235
grid_-35.0_173.5	2000001360	-34.989679	173.529639
grid_-35.0_173.5	2000001370	-34.997677	173.535571
grid_-35.0_173.5	2000001380	-35.010761	173.543085
grid_-35.0_173.5	2000001390	-35.016014	173.543654
grid_-35.0_173.6	2000001400	-35.021148	173.550858
grid_-35.0_173.6	2000001410	-35.032286	173.565855
grid_-35.0_173.6	2000001420	-35.030149	173.573491
grid_-35.0_173.6	2000001430	-35.023745	173.556022
grid_-35.0_173.6	2000001440	-35.013771	173.560325
grid_-35.0_173.6	2000001450	-35.003105	173.557082
grid_-35.0_173.6	2000001460	-34.989146	173.559308
grid_-35.0_173.6	2000001470	-34.977987	173.550425
grid_-35.0_173.5	2000001480	-34.98011	173.539636
grid_-35.0_173.5	2000001490	-34.979418	173.532037
grid_-35.0_173.5	2000001500	-34.972901	173.537529
grid_-35.0_173.5	2000001510	-34.959964	173.530937
grid_-34.9_173.5	2000001520	-34.948261	173.526329
grid_-34.9_173.5	2000001530	-34.938928	173.535933
grid_-34.9_173.5	2000001540	-34.934113	173.545778
grid_-34.9_173.6	2000001550	-34.929283	173.556745
grid_-34.9_173.6	2000001560	-34.916782	173.557685
grid_-34.9_173.6	2000001570	-34.922072	173.565042
grid_-34.9_173.6	2000001580	-34.929549	173.570655
grid_-34.9_173.6	2000001590	-34.936693	173.572955
grid_-34.9_173.6	2000001600	-34.942914	173.580765
grid_-34.9_173.6	2000001610	-34.937112	173.590839
grid_-34.9_173.6	2000001620	-34.936861	173.604685
grid_-34.9_173.6	2000001630	-34.938637	173.616984
grid_-34.9_173.6	2000001640	-34.947655	173.623596
grid_-34.9_173.6	2000001650	-34.949636	173.62714
grid_-35.0_173.6	2000001660	-34.953946	173.638506
grid_-35.0_173.6	2000001670	-34.963938	173.642417
grid_-35.0_173.7	2000001680	-34.966025	173.656408
grid_-35.0_173.7	2000001690	-34.961657	173.669678
grid_-35.0_173.7	2000001700	-34.952091	173.677906
grid_-35.0_173.7	2000001710	-34.989012	173.711016
grid_-35.0_173.7	2000001720	-34.99631	173.723237
grid_-35.0_173.7	2000001730	-34.995243	173.740684
grid_-35.0_173.8	2000001740	-34.999539	173.756408
grid_-35.0_173.8	2000001750	-35.005491	173.750654
grid_-35.0_173.7	2000001760	-35.002094	173.735615
grid_-35.0_173.7	2000001770	-35.00602	173.732471
grid_-35.0_173.7	2000001780	-35.008583	173.724145
grid_-35.0_173.7	2000001790	-35.013369	173.728227
grid_-35.0_173.7	2000001800	-35.013014	173.741017
grid_-35.0_173.7	2000001810	-35.018895	173.745508
grid_-35.0_173.7	2000001820	-35.027769	173.744697
grid_-35.0_173.7	2000001830	-35.038819	173.737221
grid_-35.0_173.7	2000001840	-35.041379	173.729083
grid_-35.0_173.7	2000001850	-35.047411	173.726808
grid_-35.0_173.7	2000001860	-35.042642	173.717296
grid_-35.1_173.7	2000001870	-35.051503	173.705379
grid_-35.1_173.7	2000001880	-35.056886	173.697585
grid_-35.1_173.7	2000001890	-35.058974	173.685449
grid_-35.1_173.7	2000001900	-35.06154	173.687306
grid_-35.1_173.7	2000001910	-35.070439	173.686143
grid_-35.1_173.7	2000001920	-35.06308	173.694439
grid_-35.1_173.7	2000001930	-35.054833	173.702911
grid_-35.1_173.7	2000001940	-35.062952	173.716028
grid_-35.1_173.7	2000001950	-35.073894	173.719923
grid_-35.1_173.7	2000001960	-35.087246	173.718141
grid_-35.1_173.7	2000001970	-35.085082	173.733395
grid_-35.1_173.7	2000001980	-35.075416	173.742637
grid_-35.1_173.7	2000001990	-35.077427	173.749622
grid_-35.1_173.7	2000002000	-35.071494	173.746564
grid_-35.1_173.7	2000002010	-35.05737	173.745701
grid_-35.0_173.7	2000002020	-35.046997	173.743413
grid_-35.0_173.8	2000002030	-35.036849	173.751608
grid_-35.0_173.8	2000002040	-35.043779	173.754659
grid_-35.0_173.8	2000002050	-35.048708	173.759461
grid_-35.1_173.8	2000002060	-35.050924	173.769108
grid_-35.0_173.8	2000002070	-35.045939	173.766443
grid_-35.0_173.8	2000002080	-35.038589	173.763586
grid_-35.0_173.8	2000002090	-35.032905	173.768032
grid_-35.0_173.8	2000002100	-35.041631	173.776595
grid_-35.0_173.8	2000002110	-35.033994	173.780671
grid_-35.0_173.8	2000002120	-35.028767	173.774843
grid_-35.0_173.8	2000002130	-35.02006	173.773379
grid_-35.0_173.8	2000002140	-35.015665	173.758945
grid_-35.0_173.8	2000002150	-35.00653	173.76205
grid_-35.0_173.8	2000002160	-35.007838	173.778523
grid_-35.0_173.8	2000002170	-35.001803	173.795778
grid_-35.0_173.8	2000002180	-34.995238	173.807876
grid_-35.0_173.8	2000002190	-34.998086	173.815336
grid_-35.0_173.8	2000002200	-34.996058	173.822413
grid_-35.0_173.8	2000002210	-34.997773	173.833248
grid_-35.0_173.8	2000002220	-34.994255	173.843027
grid_-35.0_173.9	2000002230	-34.990228	173.859039
grid_-35.0_173.8	2000002240	-34.995775	173.849337
grid_-35.0_173.9	2000002250	-35.002682	173.852248
grid_-35.0_173.9	2000002260	-35.013357	173.853632
grid_-35.0_173.9	2000002270	-35.019302	173.861972
grid_-35.0_173.9	2000002280	-35.018438	173.87647
grid_-35.0_173.9	2000002290	-35.018413	173.888894
grid_-35.0_173.9	2000002300	-35.01008	173.894719
grid_-35.0_173.9	2000002310	-35.021068	173.900406
grid_-35.0_173.9	2000002320	-35.027006	173.912334
grid_-35.0_173.9	2000002330	-35.032285	173.913978
grid_-35.0_173.9	2000002340	-35.043077	173.92505
grid_-35.1_173.9	2000002350	-35.053101	173.938818
grid_-35.1_173.9	2000002360	-35.059618	173.932155
grid_-35.1_173.9	2000002370	-35.069048	173.929281
grid_-35.1_173.9	2000002380	-35.084284	173.934752
grid_-35.1_173.9	2000002390	-35.098042	173.93979
grid_-35.1_173.9	2000002400	-35.098172	173.932139
grid_-35.1_173.9	2000002410	-35.104969	173.932832
grid_-35.1_173.9	2000002420	-35.102497	173.944293
grid_-35.1_174.0	2000002430	-35.113237	173.958174
grid_-35.1_174.0	2000002440	-35.121419	173.966176
grid_-35.1_174.0	2000002450	-35.119574	173.976337
grid_-35.1_174.0	2000002460	-35.131424	173.982049
grid_-35.1_174.0	2000002470	-35.1343	173.989094
grid_-35.1_174.0	2000002480	-35.123335	173.982653
grid_-35.1_174.0	2000002490	-35.115971	173.992872
grid_-35.1_174.0	2000002500	-35.121708	174.007702
grid_-35.1_174.0	2000002510	-35.115286	174.021445
grid_-35.1_174.0	2000002520	-35.117448	174.031737
grid_-35.1_174.0	2000002530	-35.117103	174.04221
grid_-35.1_174.1	2000002540	-35.118834	174.053782
grid_-35.1_174.1	2000002550	-35.116704	174.064344
grid_-35.1_174.1	2000002560	-35.116392	174.080306
grid_-35.1_174.1	2000002570	-35.124707	174.086705
grid_-35.1_174.1	2000002580	-35.133566	174.090541
grid_-35.1_174.1	2000002590	-35.14219	174.094809
grid_-35.2_174.1	2000002600	-35.151618	174.102011
grid_-35.2_174.1	2000002610	-35.15611	174.115146
grid_-35.2_174.1	2000002620	-35.160541	174.125875
grid_-35.2_174.1	2000002630	-35.171152	174.119212
grid_-35.2_174.1	2000002640	-35.169604	174.105888
grid_-35.2_174.1	2000002650	-35.171365	174.098664
grid_-35.2_174.1	2000002660	-35.177627	174.08497
grid_-35.2_174.1	2000002670	-35.185521	174.070081
grid_-35.2_174.1	2000002680	-35.190148	174.063331
grid_-35.2_174.1	2000002690	-35.1787	174.057949
grid_-35.2_174.1	2000002700	-35.174625	174.053778
grid_-35.2_174.1	2000002710	-35.164617	174.05053
grid_-35.2_174.0	2000002720	-35.155767	174.047438
grid_-35.1_174.1	2000002730	-35.149522	174.061162
grid_-35.2_174.1	2000002740	-35.157487	174.069502
grid_-35.2_174.1	2000002750	-35.151788	174.069266
grid_-35.1_174.1	2000002760	-35.148679	174.059108
grid_-35.1_174.1	2000002770	-35.143412	174.052406
grid_-35.2_174.0	2000002780	-35.153434	174.048035
grid_-35.1_174.0	2000002790	-35.148191	174.042405
grid_-35.2_174.0	2000002800	-35.159848	174.03857
grid_-35.2_174.0	2000002810	-35.162955	174.033792
grid_-35.2_174.0	2000002820	-35.154261	174.024448
grid_-35.1_174.0	2000002830	-35.149309	174.022725
grid_-35.1_174.0	2000002840	-35.144497	174.021995
grid_-35.1_174.0	2000002850	-35.140756	174.009133
grid_-35.1_174.0	2000002860	-35.144403	174.006923
grid_-35.1_174.0	2000002870	-35.14503	173.994368
grid_-35.2_174.0	2000002880	-35.150659	173.981859
grid_-35.2_174.0	2000002890	-35.159006	173.982871
grid_-35.2_174.0	2000002900	-35.171875	173.978619
grid_-35.2_174.0	2000002910	-35.168466	173.986628
grid_-35.2_174.0	2000002920	-35.158622	173.986941
grid_-35.2_174.0	2000002930	-35.161165	173.996022
grid_-35.2_174.0	2000002940	-35.164898	174.004274
grid_-35.2_174.0	2000002950	-35.16942	174.011189
grid_-35.2_174.0	2000002960	-35.174372	174.007775
grid_-35.2_174.0	2000002970	-35.17515	174.021361
grid_-35.2_174.0	2000002980	-35.180915	174.023103
grid_-35.2_174.0	2000002990	-35.180821	174.031036
grid_-35.2_174.0	2000003000	-35.187356	174.035052
grid_-35.2_174.0	2000003010	-35.193253	174.049762
grid_-35.2_174.0	2000003020	-35.192407	174.037628
grid_-35.2_174.0	2000003030	-35.196299	174.031687
grid_-35.2_174.0	2000003040	-35.189565	174.018655
grid_-35.2_174.0	2000003050	-35.190328	174.006867
grid_-35.2_174.0	2000003060	-35.193914	174.001618
grid_-35.2_174.0	2000003070	-35.199096	173.991381
grid_-35.2_174.0	2000003080	-35.201568	173.982708
grid_-35.2_174.0	2000003090	-35.207156	173.981532
grid_-35.2_174.0	2000003100	-35.203891	173.968514
grid_-35.2_174.0	2000003110	-35.213974	173.971788
grid_-35.2_174.0	2000003120	-35.218541	173.963536
grid_-35.2_174.0	2000003130	-35.218223	173.972528
grid_-35.2_174.0	2000003140	-35.211238	173.984081
grid_-35.2_174.0	2000003150	-35.225803	173.98285
grid_-35.2_174.0	2000003160	-35.220549	173.984208
grid_-35.2_174.0	2000003170	-35.210032	173.988694
grid_-35.2_174.0	2000003180	-35.20922	174.003068
grid_-35.2_174.0	2000003190	-35.209753	174.01396
grid_-35.2_174.0	2000003200	-35.208089	174.0215
grid_-35.2_174.0	2000003210	-35.209276	174.025843
grid_-35.2_174.0	2000003220	-35.20785	174.036465
grid_-35.2_174.0	2000003230	-35.210656	174.032005
grid_-35.2_174.0	2000003240	-35.217427	174.038006
grid_-35.2_174.0	2000003250	-35.217463	174.046195
grid_-35.2_174.0	2000003260	-35.208852	174.040996
grid_-35.2_174.1	2000003270	-35.209853	174.051985
grid_-35.2_174.1	2000003280	-35.210621	174.067169
grid_-35.2_174.1	2000003290	-35.219846	174.061918
grid_-35.2_174.1	2000003300	-35.232086	174.062076
grid_-35.2_174.1	2000003310	-35.238535	174.075933
grid_-35.3_174.1	2000003320	-35.251485	174.075453
grid_-35.3_174.1	2000003330	-35.255498	174.077978
grid_-35.3_174.1	2000003340	-35.265357	174.083959
grid_-35.3_174.1	2000003350	-35.268683	174.073207
grid_-35.3_174.1	2000003360	-35.264721	174.064753
grid_-35.3_174.1	2000003370	-35.267277	174.055969
grid_-35.3_174.1	2000003380	-35.271586	174.063423
grid_-35.3_174.1	2000003390	-35.278823	174.054514
grid_-35.3_174.1	2000003400	-35.279863	174.064522
grid_-35.3_174.1	2000003410	-35.287087	174.065318
grid_-35.3_174.1	2000003420	-35.278479	174.071147
grid_-35.3_174.1	2000003430	-35.274884	174.080749
grid_-35.3_174.1	2000003440	-35.284611	174.096521
grid_-35.3_174.1	2000003450	-35.296429	174.098368
grid_-35.3_174.1	2000003460	-35.29385	174.085685
grid_-35.3_174.1	2000003470	-35.296322	174.092707
grid_-35.3_174.1	2000003480	-35.303382	174.08983
grid_-35.3_174.1	2000003490	-35.29931	174.103881
grid_-35.3_174.1	2000003500	-35.303939	174.104603
grid_-35.3_174.1	2000003510	-35.310194	174.116544
grid_-35.3_174.1	2000003520	-35.318717	174.117893
grid_-35.3_174.1	2000003530	-35.324476	174.111632
grid_-35.3_174.1	2000003540	-35.330123	174.098647
grid_-35.3_174.1	2000003550	-35.335058	174.094845
grid_-35.3_174.1	2000003560	-35.332276	174.105919
grid_-35.3_174.1	2000003570	-35.33034	174.116132
grid_-35.3_174.1	2000003580	-35.336407	174.107587
grid_-35.3_174.1	2000003590	-35.343181	174.104418
grid_-35.4_174.1	2000003600	-35.355062	174.108394
grid_-35.4_174.1	2000003610	-35.361643	174.097653
grid_-35.4_174.1	2000003620	-35.35765	174.112549
grid_-35.4_174.1	2000003630	-35.367383	174.120147
grid_-35.4_174.1	2000003640	-35.371063	174.125237
grid_-35.4_174.1	2000003650	-35.368071	174.137592
grid_-35.4_174.1	2000003660	-35.363338	174.130043
grid_-35.4_174.1	2000003670	-35.354382	174.116316
grid_-35.3_174.1	2000003680	-35.340862	174.107367
grid_-35.3_174.1	2000003690	-35.341366	174.115336
grid_-35.3_174.1	2000003700	-35.343893	174.120688
grid_-35.3_174.1	2000003710	-35.335874	174.121769
grid_-35.3_174.1	2000003720	-35.326002	174.123542
grid_-35.3_174.1	2000003730	-35.321499	174.127731
grid_-35.3_174.1	2000003740	-35.316276	174.130852
grid_-35.3_174.1	2000003750	-35.325318	174.13757
grid_-35.3_174.1	2000003760	-35.335863	174.136898
grid_-35.3_174.1	2000003770	-35.33769	174.139455
grid_-35.3_174.1	2000003780	-35.330581	174.145889
grid_-35.3_174.2	2000003790	-35.332762	174.152032
grid_-35.3_174.2	2000003800	-35.334914	174.161007
grid_-35.3_174.2	2000003810	-35.333139	174.167341
grid_-35.3_174.2	2000003820	-35.329637	174.16733
grid_-35.3_174.2	2000003830	-35.328686	174.177653
grid_-35.3_174.2	2000003840	-35.327451	174.162137
grid_-35.3_174.1	2000003850	-35.325837	174.148214
grid_-35.3_174.1	2000003860	-35.320238	174.149097
grid_-35.3_174.1	2000003870	-35.318616	174.149757
grid_-35.3_174.2	2000003880	-35.318628	174.161238
grid_-35.3_174.2	2000003890	-35.315375	174.165664
grid_-35.3_174.2	2000003900	-35.312349	174.175856
grid_-35.3_174.2	2000003910	-35.320236	174.18
grid_-35.3_174.2	2000003920	-35.318148	174.190277
grid_-35.3_174.2	2000003930	-35.322159	174.209543
grid_-35.3_174.2	2000003940	-35.330227	174.213265
grid_-35.3_174.2	2000003950	-35.339815	174.215495
grid_-35.3_174.2	2000003960	-35.337138	174.226143
grid_-35.3_174.2	2000003970	-35.332485	174.233899
grid_-35.3_174.2	2000003980	-35.325588	174.232907
grid_-35.3_174.2	2000003990	-35.325401	174.218545
grid_-35.3_174.2	2000004000	-35.318629	174.216462
grid_-35.3_174.2	2000004010	-35.315872	174.213059
grid_-35.3_174.2	2000004020	-35.309345	174.215552
grid_-35.3_174.2	2000004030	-35.3101	174.199423
grid_-35.3_174.2	2000004040	-35.305422	174.211126
grid_-35.3_174.2	2000004050	-35.296381	174.211101
grid_-35.3_174.2	2000004060	-35.291563	174.208042
grid_-35.3_174.2	2000004070	-35.304626	174.200349
grid_-35.3_174.2	2000004080	-35.302396	174.196466
grid_-35.3_174.2	2000004090	-35.311469	174.194728
grid_-35.3_174.2	2000004100	-35.300678	174.192982
grid_-35.3_174.2	2000004110	-35.298327	174.189562
grid_-35.3_174.2	2000004120	-35.302716	174.174281
grid_-35.3_174.2	2000004130	-35.293938	174.165366
grid_-35.3_174.2	2000004140	-35.302051	174.164137
grid_-35.3_174.2	2000004150	-35.30457	174.153197
grid_-35.3_174.1	2000004160	-35.306159	174.144556
grid_-35.3_174.1	2000004170	-35.299428	174.141557
grid_-35.3_174.1	2000004180	-35.306166	174.131028
grid_-35.3_174.1	2000004190	-35.305581	174.121265
grid_-35.3_174.1	2000004200	-35.299341	174.122176
grid_-35.3_174.1	2000004210	-35.290361	174.117962
grid_-35.3_174.1	2000004220	-35.287426	174.122262
grid_-35.3_174.1	2000004230	-35.281633	174.121161
grid_-35.3_174.1	2000004240	-35.286397	174.133372
grid_-35.3_174.1	2000004250	-35.286341	174.147562
grid_-35.3_174.1	2000004260	-35.280309	174.137329
grid_-35.3_174.1	2000004270	-35.277155	174.131821
grid_-35.3_174.1	2000004280	-35.266059	174.128107
grid_-35.3_174.1	2000004290	-35.259756	174.120267
grid_-35.3_174.1	2000004300	-35.250563	174.112017
grid_-35.2_174.1	2000004310	-35.244677	174.120535
grid_-35.3_174.1	2000004320	-35.253189	174.133995
grid_-35.3_174.1	2000004330	-35.26101	174.143972
grid_-35.3_174.2	2000004340	-35.264832	174.158616
grid_-35.3_174.2	2000004350	-35.275189	174.167314
grid_-35.3_174.2	2000004360	-35.27521	174.180967
grid_-35.3_174.2	2000004370	-35.27357	174.186099
grid_-35.3_174.2	2000004380	-35.271208	174.188779
grid_-35.3_174.2	2000004390	-35.272487	174.17848
grid_-35.3_174.2	2000004400	-35.263092	174.17741
grid_-35.3_174.2	2000004410	-35.269092	174.189762
grid_-35.3_174.2	2000004420	-35.281164	174.202165
grid_-35.3_174.2	2000004430	-35.278177	174.211222
grid_-35.3_174.2	2000004440	-35.270914	174.21186
grid_-35.3_174.2	2000004450	-35.263157	174.213752
grid_-35.3_174.2	2000004460	-35.260449	174.205593
grid_-35.3_174.2	2000004470	-35.256017	174.213647
grid_-35.3_174.2	2000004480	-35.252384	174.199
grid_-35.2_174.2	2000004490	-35.248673	174.187981
grid_-35.2_174.2	2000004500	-35.247943	174.200148
grid_-35.2_174.2	2000004510	-35.247889	174.216662
grid_-35.2_174.2	2000004520	-35.248968	174.229225
grid_-35.3_174.2	2000004530	-35.255594	174.227375
grid_-35.3_174.2	2000004540	-35.257918	174.233044
grid_-35.3_174.2	2000004550	-35.257102	174.24739
grid_-35.3_174.3	2000004560	-35.259876	174.260432
grid_-35.3_174.3	2000004570	-35.25563	174.260266
grid_-35.2_174.2	2000004580	-35.249498	174.249388
grid_-35.2_174.2	2000004590	-35.245393	174.246481
grid_-35.2_174.2	2000004600	-35.241549	174.245853
grid_-35.2_174.2	2000004610	-35.235808	174.247011
grid_-35.2_174.3	2000004620	-35.233623	174.26033
grid_-35.2_174.3	2000004630	-35.224867	174.261957
grid_-35.2_174.3	2000004640	-35.219146	174.25509
grid_-35.2_174.3	2000004650	-35.222953	174.267391
grid_-35.2_174.3	2000004660	-35.226639	174.274191
grid_-35.2_174.3	2000004670	-35.223977	174.283174
grid_-35.2_174.3	2000004680	-35.217353	174.288704
grid_-35.2_174.3	2000004690	-35.206177	174.289436
grid_-35.2_174.3	2000004700	-35.20125	174.297825
grid_-35.2_174.3	2000004710	-35.192512	174.304985
grid_-35.2_174.3	2000004720	-35.190306	174.29281
grid_-35.2_174.3	2000004730	-35.184773	174.300426
grid_-35.2_174.3	2000004740	-35.181374	174.31434
grid_-35.2_174.3	2000004750	-35.182025	174.326047
grid_-35.2_174.3	2000004760	-35.171886	174.330869
grid_-35.2_174.3	2000004770	-35.181527	174.332279
grid_-35.2_174.3	2000004780	-35.188407	174.340358
grid_-35.2_174.3	2000004790	-35.195301	174.330144
grid_-35.2_174.3	2000004800	-35.195936	174.318158
grid_-35.2_174.3	2000004810	-35.203594	174.312715
grid_-35.2_174.3	2000004820	-35.21131	174.314718
grid_-35.2_174.3	2000004830	-35.218063	174.315108
grid_-35.2_174.3	2000004840	-35.216098	174.305818
grid_-35.2_174.3	2000004850	-35.223176	174.299221
grid_-35.2_174.3	2000004860	-35.23436	174.292032
grid_-35.2_174.3	2000004870	-35.238429	174.303415
grid_-35.2_174.3	2000004880	-35.239305	174.310702
grid_-35.2_174.3	2000004890	-35.247823	174.301202
grid_-35.3_174.3	2000004900	-35.253156	174.300225
grid_-35.3_174.3	2000004910	-35.250178	174.312936
grid_-35.2_174.3	2000004920	-35.247662	174.325397
grid_-35.3_174.3	2000004930	-35.254969	174.314558
grid_-35.3_174.3	2000004940	-35.255779	174.298337
grid_-35.3_174.3	2000004950	-35.267662	174.292634
grid_-35.3_174.3	2000004960	-35.278701	174.29462
grid_-35.3_174.3	2000004970	-35.289319	174.303618
grid_-35.3_174.3	2000004980	-35.298663	174.312472
grid_-35.3_174.3	2000004990	-35.306225	174.318309
grid_-35.3_174.3	2000005000	-35.315173	174.323395
grid_-35.3_174.3	2000005010	-35.323841	174.335586
grid_-35.3_174.4	2000005020	-35.325649	174.35186
grid_-35.3_174.4	2000005030	-35.327017	174.364093
grid_-35.3_174.4	2000005040	-35.319331	174.375444
grid_-35.3_174.4	2000005050	-35.328587	174.373056
grid_-35.3_174.4	2000005060	-35.330463	174.364646
grid_-35.3_174.4	2000005070	-35.333469	174.350735
grid_-35.3_174.4	2000005080	-35.347513	174.358746
grid_-35.4_174.4	2000005090	-35.350599	174.375654
grid_-35.4_174.4	2000005100	-35.361966	174.380693
grid_-35.4_174.4	2000005110	-35.369835	174.373866
grid_-35.4_174.4	2000005120	-35.377101	174.374935
grid_-35.4_174.4	2000005130	-35.375088	174.363047
grid_-35.4_174.4	2000005140	-35.36408	174.359493
grid_-35.4_174.4	2000005150	-35.351786	174.355427
grid_-35.3_174.3	2000005160	-35.349875	174.341731
grid_-35.3_174.3	2000005170	-35.341268	174.337254
grid_-35.3_174.3	2000005180	-35.334801	174.33686
grid_-35.3_174.3	2000005190	-35.338577	174.328857
grid_-35.3_174.3	2000005200	-35.338867	174.322442
grid_-35.3_174.3	2000005210	-35.332418	174.321131
grid_-35.3_174.3	2000005220	-35.330247	174.316411
grid_-35.3_174.3	2000005230	-35.328102	174.311521
grid_-35.3_174.3	2000005240	-35.320601	174.306812
grid_-35.3_174.3	2000005250	-35.322285	174.302524
grid_-35.3_174.3	2000005260	-35.332955	174.306186
grid_-35.3_174.3	2000005270	-35.33892	174.310305
grid_-35.3_174.3	2000005280	-35.342857	174.313819
grid_-35.3_174.3	2000005290	-35.344752	174.319673
grid_-35.3_174.3	2000005300	-35.346531	174.32664
grid_-35.4_174.3	2000005310	-35.35395	174.323254
grid_-35.4_174.3	2000005320	-35.357648	174.311579
grid_-35.4_174.3	2000005330	-35.363498	174.322693
grid_-35.4_174.3	2000005340	-35.359463	174.328735
grid_-35.4_174.3	2000005350	-35.363378	174.339506
grid_-35.4_174.3	2000005360	-35.378554	174.342698
grid_-35.4_174.3	2000005370	-35.391865	174.345503
grid_-35.4_174.4	2000005380	-35.402152	174.35093
grid_-35.4_174.4	2000005390	-35.416243	174.359052
grid_-35.4_174.4	2000005400	-35.417705	174.373243
grid_-35.4_174.4	2000005410	-35.423433	174.36332
grid_-35.4_174.4	2000005420	-35.436521	174.363117
grid_-35.4_174.4	2000005430	-35.437807	174.372623
grid_-35.4_174.4	2000005440	-35.437152	174.382763
grid_-35.4_174.4	2000005450	-35.430769	174.393978
grid_-35.4_174.4	2000005460	-35.438769	174.394841
grid_-35.4_174.4	2000005470	-35.44259	174.409449
grid_-35.4_174.4	2000005480	-35.435477	174.422873
grid_-35.4_174.4	2000005490	-35.425599	174.420415
grid_-35.4_174.4	2000005500	-35.429905	174.430977
grid_-35.4_174.4	2000005510	-35.443321	174.426528
grid_-35.5_174.4	2000005520	-35.457722	174.432208
grid_-35.5_174.4	2000005530	-35.463839	174.444852
grid_-35.5_174.5	2000005540	-35.469512	174.451133
grid_-35.5_174.5	2000005550	-35.479843	174.450962
grid_-35.5_174.5	2000005560	-35.49065	174.459069
grid_-35.5_174.5	2000005570	-35.494438	174.470483
grid_-35.5_174.5	2000005580	-35.505896	174.470269
grid_-35.5_174.5	2000005590	-35.514262	174.480415
grid_-35.5_174.5	2000005600	-35.511927	174.473067
grid_-35.5_174.5	2000005610	-35.51308	174.457991
grid_-35.5_174.4	2000005620	-35.511074	174.444235
grid_-35.5_174.4	2000005630	-35.510005	174.438453
grid_-35.5_174.4	2000005640	-35.517715	174.429062
grid_-35.5_174.4	2000005650	-35.516485	174.447471
grid_-35.5_174.5	2000005660	-35.52371	174.451629
grid_-35.5_174.5	2000005670	-35.518264	174.459218
grid_-35.5_174.5	2000005680	-35.51837	174.464157
grid_-35.5_174.5	2000005690	-35.532749	174.460912
grid_-35.5_174.5	2000005700	-35.543244	174.467151
grid_-35.6_174.5	2000005710	-35.55262	174.471896
grid_-35.6_174.5	2000005720	-35.556088	174.483474
grid_-35.6_174.5	2000005730	-35.561666	174.495476
grid_-35.6_174.5	2000005740	-35.556646	174.501893
grid_-35.6_174.5	2000005750	-35.558538	174.514364
grid_-35.6_174.5	2000005760	-35.566349	174.508197
grid_-35.6_174.5	2000005770	-35.568259	174.501798
grid_-35.6_174.5	2000005780	-35.572664	174.508083
grid_-35.6_174.5	2000005790	-35.5762	174.513873
grid_-35.6_174.5	2000005800	-35.564333	174.512082
grid_-35.6_174.5	2000005810	-35.566028	174.519912
grid_-35.6_174.5	2000005820	-35.57367	174.523125
grid_-35.6_174.5	2000005830	-35.578775	174.531585
grid_-35.6_174.5	2000005840	-35.584464	174.536725
grid_-35.6_174.5	2000005850	-35.593038	174.538613
grid_-35.6_174.5	2000005860	-35.601026	174.540484
grid_-35.6_174.5	2000005870	-35.607762	174.534477
grid_-35.6_174.5	2000005880	-35.612641	174.537994
grid_-35.6_174.5	2000005890	-35.611423	174.526686
grid_-35.6_174.5	2000005900	-35.620923	174.532005
grid_-35.6_174.5	2000005910	-35.620811	174.539788
grid_-35.6_174.5	2000005920	-35.631108	174.542336
grid_-35.6_174.5	2000005930	-35.640975	174.533773
grid_-35.6_174.5	2000005940	-35.632063	174.521794
grid_-35.6_174.5	2000005950	-35.629321	174.505613
grid_-35.6_174.5	2000005960	-35.634795	174.497934
grid_-35.6_174.5	2000005970	-35.63667	174.487586
grid_-35.6_174.5	2000005980	-35.638866	174.476764
grid_-35.6_174.5	2000005990	-35.632038	174.488022
grid_-35.6_174.5	2000006000	-35.62957	174.481763
grid_-35.6_174.5	2000006010	-35.637645	174.474712
grid_-35.6_174.5	2000006020	-35.641448	174.469302
grid_-35.6_174.5	2000006030	-35.638488	174.465099
grid_-35.6_174.5	2000006040	-35.635202	174.459037
grid_-35.6_174.4	2000006050	-35.635365	174.44841
grid_-35.6_174.4	2000006060	-35.636224	174.43554
grid_-35.6_174.4	2000006070	-35.638313	174.447575
grid_-35.6_174.5	2000006080	-35.643562	174.45365
grid_-35.6_174.5	2000006090	-35.644178	174.461151
grid_-35.7_174.5	2000006100	-35.652021	174.466987
grid_-35.6_174.5	2000006110	-35.644007	174.472139
grid_-35.6_174.5	2000006120	-35.648807	174.475703
grid_-35.7_174.5	2000006130	-35.652272	174.483621
grid_-35.6_174.5	2000006140	-35.645798	174.483073
grid_-35.6_174.5	2000006150	-35.643203	174.492303
grid_-35.6_174.5	2000006160	-35.640894	174.502977
grid_-35.6_174.5	2000006170	-35.63145	174.514155
grid_-35.6_174.5	2000006180	-35.647845	174.502578
grid_-35.7_174.5	2000006190	-35.65581	174.512388
grid_-35.7_174.5	2000006200	-35.668296	174.505852
grid_-35.7_174.5	2000006210	-35.668046	174.494564
grid_-35.7_174.5	2000006220	-35.669126	174.49103
grid_-35.7_174.5	2000006230	-35.660254	174.487314
grid_-35.7_174.5	2000006240	-35.662961	174.477835
grid_-35.7_174.5	2000006250	-35.664594	174.476778
grid_-35.7_174.5	2000006260	-35.665927	174.483829
grid_-35.7_174.5	2000006270	-35.671399	174.485136
grid_-35.7_174.5	2000006280	-35.674246	174.490508
grid_-35.7_174.5	2000006290	-35.671369	174.50542
grid_-35.7_174.5	2000006300	-35.676899	174.508449
grid_-35.7_174.5	2000006310	-35.69276	174.513652
grid_-35.7_174.5	2000006320	-35.708809	174.521042
grid_-35.7_174.5	2000006330	-35.71549	174.514956
grid_-35.7_174.5	2000006340	-35.715444	174.503913
grid_-35.7_174.5	2000006350	-35.717352	174.501725
grid_-35.7_174.5	2000006360	-35.725602	174.499073
grid_-35.7_174.5	2000006370	-35.729733	174.499681
grid_-35.7_174.5	2000006380	-35.732462	174.48267
grid_-35.7_174.5	2000006390	-35.736626	174.483709
grid_-35.7_174.5	2000006400	-35.733327	174.498053
grid_-35.7_174.5	2000006410	-35.728404	174.507029
grid_-35.7_174.5	2000006420	-35.722826	174.511676
grid_-35.7_174.5	2000006430	-35.717536	174.522903
grid_-35.7_174.5	2000006440	-35.714368	174.526878
grid_-35.7_174.5	2000006450	-35.712192	174.540763
grid_-35.7_174.5	2000006460	-35.720449	174.544828
grid_-35.7_174.5	2000006470	-35.718143	174.542245
grid_-35.7_174.5	2000006480	-35.723769	174.535177
grid_-35.7_174.5	2000006490	-35.720754	174.525333
grid_-35.7_174.5	2000006500	-35.72874	174.529959