grid_-6.6528627_105.3902046	0	-6.6528627	105.3902046
grid_-6.8352123_105.4804938	1	-6.8352123	105.4804938
grid_-6.7896249_105.4804938	2	-6.7896249	105.4804938
grid_-6.7440375_105.5256384	3	-6.7440375	105.5256384
grid_-6.6984501_105.5256384	4	-6.6984501	105.5256384
grid_-6.6528627_105.5707829	5	-6.6528627	105.5707829
grid_-6.6072753_105.6159275	6	-6.6072753	105.6159275
grid_-6.5616879_105.6159275	7	-6.5616879	105.6159275
grid_-6.5161005_105.6610721	8	-6.5161005	105.6610721
grid_-6.4705131_105.6610721	9	-6.4705131	105.6610721
grid_-6.5161005_105.7062167	10	-6.5161005	105.7062167
grid_-6.5161005_105.7513612	11	-6.5161005	105.7513612
grid_-6.5161005_105.7965058	12	-6.5161005	105.7965058
grid_-6.4705131_105.7965058	13	-6.4705131	105.7965058
grid_-6.4249257_105.8416504	14	-6.4249257	105.8416504
grid_-6.3793383_105.8416504	15	-6.3793383	105.8416504
grid_-6.3337510_105.8416504	16	-6.3337510	105.8416504
grid_-6.2881636_105.8867950	17	-6.2881636	105.8867950
grid_-6.2425762_105.8867950	18	-6.2425762	105.8867950
grid_-6.1969888_105.8416504	19	-6.1969888	105.8416504
grid_-6.1514014_105.8416504	20	-6.1514014	105.8416504
grid_-6.0602266_106.6993973	21	-6.0602266	106.6993973
grid_-6.1058140_105.8416504	22	-6.1058140	105.8416504
grid_-6.1058140_105.8867950	23	-6.1058140	105.8867950
grid_-6.0146392_105.9319395	24	-6.0146392	105.9319395
grid_-6.0146392_105.9770841	25	-6.0146392	105.9770841
grid_-5.9690518_105.9770841	26	-5.9690518	105.9770841
grid_-5.9234644_106.0222287	27	-5.9234644	106.0222287
grid_-5.9234644_106.0673733	28	-5.9234644	106.0673733
grid_-5.9690518_106.1125178	29	-5.9690518	106.1125178
grid_-5.9690518_106.1125178	30	-5.9690518	106.1125178
grid_-6.0146392_106.1576624	31	-6.0146392	106.1576624
grid_-6.0602266_106.1576624	32	-6.0602266	106.1576624
grid_-6.0602266_106.2028070	33	-6.0602266	106.2028070
grid_-6.0146392_106.2479516	34	-6.0146392	106.2479516
grid_-6.0146392_106.2930961	35	-6.0146392	106.2930961
grid_-5.9690518_106.3382407	36	-5.9690518	106.3382407
grid_-6.0146392_106.4285299	37	-6.0146392	106.4285299
grid_-6.0602266_106.4285299	38	-6.0602266	106.4285299
grid_-6.0602266_106.4736744	39	-6.0602266	106.4736744
grid_-6.0146392_106.5188190	40	-6.0146392	106.5188190
grid_-6.0602266_106.5639636	41	-6.0602266	106.5639636
grid_-6.0602266_106.6091082	42	-6.0602266	106.6091082
grid_-6.0602266_106.6542527	43	-6.0602266	106.6542527
grid_-6.1058140_106.6993973	44	-6.1058140	106.6993973
grid_-6.1058140_106.7445419	45	-6.1058140	106.7445419
grid_-6.1058140_106.7896865	46	-6.1058140	106.7896865
grid_-6.1058140_106.8348310	47	-6.1058140	106.8348310
grid_-6.1058140_106.8799756	48	-6.1058140	106.8799756
grid_-6.1058140_106.9251202	49	-6.1058140	106.9251202
grid_-6.1058140_106.9702648	50	-6.1058140	106.9702648
grid_-6.0602266_107.0154093	51	-6.0602266	107.0154093
grid_-6.0146392_107.0154093	52	-6.0146392	107.0154093
grid_-6.0146392_107.0154093	53	-6.0146392	107.0154093
grid_-5.9690518_107.0154093	54	-5.9690518	107.0154093
grid_-5.9234644_107.0605539	55	-5.9234644	107.0605539
grid_-5.9690518_107.1056985	56	-5.9690518	107.1056985
grid_-5.9690518_107.1508431	57	-5.9690518	107.1508431
grid_-6.0146392_107.1959876	58	-6.0146392	107.1959876
grid_-5.9690518_107.2411322	59	-5.9690518	107.2411322
grid_-6.0146392_107.2862768	60	-6.0146392	107.2862768
grid_-6.0146392_107.3314214	61	-6.0146392	107.3314214
grid_-6.0146392_107.3765659	62	-6.0146392	107.3765659
grid_-6.0602266_107.4217105	63	-6.0602266	107.4217105
grid_-6.1058140_107.4217105	64	-6.1058140	107.4217105
grid_-6.1058140_107.4668551	65	-6.1058140	107.4668551
grid_-6.1514014_107.5119997	66	-6.1514014	107.5119997
grid_-6.1969888_107.5571442	67	-6.1969888	107.5571442
grid_-6.1969888_107.6022888	68	-6.1969888	107.6022888
grid_-6.2425762_107.6474334	69	-6.2425762	107.6474334
grid_-6.2425762_107.6925779	70	-6.2425762	107.6925779
grid_-6.2425762_107.7377225	71	-6.2425762	107.7377225
grid_-6.2425762_107.7828671	72	-6.2425762	107.7828671
grid_-6.1969888_107.8280117	73	-6.1969888	107.8280117
grid_-6.1969888_107.8731562	74	-6.1969888	107.8731562
grid_-6.2425762_107.9183008	75	-6.2425762	107.9183008
grid_-6.2425762_107.9634454	76	-6.2425762	107.9634454
grid_-6.2881636_108.0085900	77	-6.2881636	108.0085900
grid_-6.2881636_108.0537345	78	-6.2881636	108.0537345
grid_-6.3337510_108.0988791	79	-6.3337510	108.0988791
grid_-6.3337510_108.1440237	80	-6.3337510	108.1440237
grid_-6.2881636_108.1891683	81	-6.2881636	108.1891683
grid_-6.2425762_108.2343128	82	-6.2425762	108.2343128
grid_-6.2425762_108.2794574	83	-6.2425762	108.2794574
grid_-6.2881636_108.3246020	84	-6.2881636	108.3246020
grid_-6.2881636_108.3697466	85	-6.2881636	108.3697466
grid_-6.2881636_108.3697466	86	-6.2881636	108.3697466
grid_-6.3337510_108.3697466	87	-6.3337510	108.3697466
grid_-6.3793383_108.4148911	88	-6.3793383	108.4148911
grid_-6.4249257_108.4600357	89	-6.4249257	108.4600357
grid_-6.4705131_108.5051803	90	-6.4705131	108.5051803
grid_-6.4705131_108.5503249	91	-6.4705131	108.5503249
grid_-6.5161005_108.5051803	92	-6.5161005	108.5051803
grid_-6.5616879_108.5503249	93	-6.5616879	108.5503249
grid_-6.6072753_108.5503249	94	-6.6072753	108.5503249
grid_-6.6528627_108.5503249	95	-6.6528627	108.5503249
grid_-6.6984501_108.5954694	96	-6.6984501	108.5954694
grid_-6.7440375_108.6406140	97	-6.7440375	108.6406140
grid_-6.7440375_108.6857586	98	-6.7440375	108.6857586
grid_-6.7896249_108.7309032	99	-6.7896249	108.7309032
grid_-6.7896249_108.7760477	100	-6.7896249	108.7760477
grid_-6.7440375_108.8211923	101	-6.7440375	108.8211923
grid_-6.7896249_108.8663369	102	-6.7896249	108.8663369
grid_-6.8352123_108.9114815	103	-6.8352123	108.9114815
grid_-6.7896249_108.9566260	104	-6.7896249	108.9566260
grid_-6.7896249_109.0017706	105	-6.7896249	109.0017706
grid_-6.7896249_109.0469152	106	-6.7896249	109.0469152
grid_-6.7896249_109.0920598	107	-6.7896249	109.0920598
grid_-6.8352123_109.1372043	108	-6.8352123	109.1372043
grid_-6.8352123_109.1823489	109	-6.8352123	109.1823489
grid_-6.8807997_109.2274935	110	-6.8807997	109.2274935
grid_-6.8807997_109.2726381	111	-6.8807997	109.2726381
grid_-6.8807997_109.3177826	112	-6.8807997	109.3177826
grid_-6.8807997_109.3629272	113	-6.8807997	109.3629272
grid_-6.8807997_109.4080718	114	-6.8807997	109.4080718
grid_-6.8352123_109.4080718	115	-6.8352123	109.4080718
grid_-6.8352123_109.4532164	116	-6.8352123	109.4532164
grid_-6.8352123_109.4983609	117	-6.8352123	109.4983609
grid_-6.7896249_109.4983609	118	-6.7896249	109.4983609
grid_-6.7896249_109.5435055	119	-6.7896249	109.5435055
grid_-6.8352123_109.5886501	120	-6.8352123	109.5886501
grid_-6.8352123_109.6337947	121	-6.8352123	109.6337947
grid_-6.8352123_109.6789392	122	-6.8352123	109.6789392
grid_-6.8807997_109.7240838	123	-6.8807997	109.7240838
grid_-6.8807997_109.7692284	124	-6.8807997	109.7692284
grid_-6.8807997_109.8143730	125	-6.8807997	109.8143730
grid_-6.9263871_109.8595175	126	-6.9263871	109.8595175
grid_-6.9263871_109.9046621	127	-6.9263871	109.9046621
grid_-6.9263871_109.9498067	128	-6.9263871	109.9498067
grid_-6.9263871_109.9949513	129	-6.9263871	109.9949513
grid_-6.8807997_110.0400958	130	-6.8807997	110.0400958
grid_-6.8807997_110.0852404	131	-6.8807997	110.0852404
grid_-6.8807997_110.1303850	132	-6.8807997	110.1303850
grid_-6.8352123_110.1755296	133	-6.8352123	110.1755296
grid_-6.8807997_110.2206741	134	-6.8807997	110.2206741
grid_-6.9263871_110.2658187	135	-6.9263871	110.2658187
grid_-6.9263871_110.3109633	136	-6.9263871	110.3109633
grid_-6.9719745_110.3561079	137	-6.9719745	110.3561079
grid_-6.9263871_110.4012524	138	-6.9263871	110.4012524
grid_-6.9263871_110.4463970	139	-6.9263871	110.4463970
grid_-6.8807997_110.4915416	140	-6.8807997	110.4915416
grid_-6.8352123_110.5366862	141	-6.8352123	110.5366862
grid_-6.8807997_110.5366862	142	-6.8807997	110.5366862
grid_-6.7440375_108.5954694	143	-6.7440375	108.5954694
grid_-6.7440375_110.5818307	144	-6.7440375	110.5818307
grid_-6.6984501_110.6269753	145	-6.6984501	110.6269753
grid_-6.6528627_110.6269753	146	-6.6528627	110.6269753
grid_-6.7896249_110.5366862	147	-6.7896249	110.5366862
grid_-6.6072753_110.6269753	148	-6.6072753	110.6269753
grid_-6.5616879_110.6269753	149	-6.5616879	110.6269753
grid_-6.5161005_110.6721199	150	-6.5161005	110.6721199
grid_-6.4705131_110.6721199	151	-6.4705131	110.6721199
grid_-6.4249257_110.7172645	152	-6.4249257	110.7172645
grid_-6.4249257_110.7624090	153	-6.4249257	110.7624090
grid_-6.4249257_110.8075536	154	-6.4249257	110.8075536
grid_-6.4249257_110.8526982	155	-6.4249257	110.8526982
grid_-6.4249257_110.8978428	156	-6.4249257	110.8978428
grid_-6.4249257_110.9429873	157	-6.4249257	110.9429873
grid_-6.4249257_110.9881319	158	-6.4249257	110.9881319
grid_-6.4249257_111.0332765	159	-6.4249257	111.0332765
grid_-6.4705131_111.0332765	160	-6.4705131	111.0332765
grid_-6.5161005_111.0784211	161	-6.5161005	111.0784211
grid_-6.5616879_111.0784211	162	-6.5616879	111.0784211
grid_-6.6072753_111.1235656	163	-6.6072753	111.1235656
grid_-6.6528627_111.1687102	164	-6.6528627	111.1687102
grid_-6.6528627_111.2138548	165	-6.6528627	111.2138548
grid_-6.6984501_111.2589994	166	-6.6984501	111.2589994
grid_-6.6984501_111.3041439	167	-6.6984501	111.3041439
grid_-6.6984501_111.3492885	168	-6.6984501	111.3492885
grid_-6.6984501_111.3944331	169	-6.6984501	111.3944331
grid_-6.6984501_111.4395777	170	-6.6984501	111.4395777
grid_-6.6528627_111.4395777	171	-6.6528627	111.4395777
grid_-6.6072753_111.4847222	172	-6.6072753	111.4847222
grid_-6.6072753_111.5298668	173	-6.6072753	111.5298668
grid_-6.6528627_111.5750114	174	-6.6528627	111.5750114
grid_-6.6984501_111.6201560	175	-6.6984501	111.6201560
grid_-6.6984501_111.6653005	176	-6.6984501	111.6653005
grid_-6.7440375_111.7104451	177	-6.7440375	111.7104451
grid_-6.7896249_111.7555897	178	-6.7896249	111.7555897
grid_-6.7896249_111.8007343	179	-6.7896249	111.8007343
grid_-6.7896249_111.8458788	180	-6.7896249	111.8458788
grid_-6.7896249_111.8910234	181	-6.7896249	111.8910234
grid_-6.7896249_111.9361680	182	-6.7896249	111.9361680
grid_-6.7440375_111.9361680	183	-6.7440375	111.9361680
grid_-6.7440375_111.9813126	184	-6.7440375	111.9813126
grid_-6.7896249_111.9813126	185	-6.7896249	111.9813126
grid_-6.8352123_112.0264571	186	-6.8352123	112.0264571
grid_-6.8807997_112.0716017	187	-6.8807997	112.0716017
grid_-6.8807997_112.1167463	188	-6.8807997	112.1167463
grid_-6.8807997_112.1618909	189	-6.8807997	112.1618909
grid_-6.8807997_112.2070354	190	-6.8807997	112.2070354
grid_-6.8807997_112.2521800	191	-6.8807997	112.2521800
grid_-6.8807997_112.2973246	192	-6.8807997	112.2973246
grid_-6.8807997_112.3424692	193	-6.8807997	112.3424692
grid_-6.8807997_112.3876137	194	-6.8807997	112.3876137
grid_-6.8807997_112.4327583	195	-6.8807997	112.4327583
grid_-6.8807997_112.4779029	196	-6.8807997	112.4779029
grid_-6.9263871_112.5230475	197	-6.9263871	112.5230475
grid_-6.8807997_112.5681920	198	-6.8807997	112.5681920
grid_-6.9263871_112.5681920	199	-6.9263871	112.5681920
grid_-6.9719745_112.5681920	200	-6.9719745	112.5681920
grid_-7.0175619_112.6133366	201	-7.0175619	112.6133366
grid_-7.0175619_112.6584812	202	-7.0175619	112.6584812
grid_-7.0631493_112.6133366	203	-7.0631493	112.6133366
grid_-7.1087367_112.6133366	204	-7.1087367	112.6133366
grid_-7.1543241_112.6584812	205	-7.1543241	112.6584812
grid_-7.1999114_112.6584812	206	-7.1999114	112.6584812
grid_-7.2454988_112.7036258	207	-7.2454988	112.7036258
grid_-7.1999114_112.7487703	208	-7.1999114	112.7487703
grid_-7.1999114_112.7939149	209	-7.1999114	112.7939149
grid_-7.2454988_112.7939149	210	-7.2454988	112.7939149
grid_-7.2910862_112.8390595	211	-7.2910862	112.8390595
grid_-7.3366736_112.8390595	212	-7.3366736	112.8390595
grid_-7.4278484_112.8390595	213	-7.4278484	112.8390595
grid_-7.5190232_112.8390595	214	-7.5190232	112.8390595
grid_-7.5646106_112.8390595	215	-7.5646106	112.8390595
grid_-7.6101980_112.8842041	216	-7.6101980	112.8842041
grid_-7.6557854_112.9293486	217	-7.6557854	112.9293486
grid_-7.6557854_112.9744932	218	-7.6557854	112.9744932
grid_-7.6557854_113.0196378	219	-7.6557854	113.0196378
grid_-7.6557854_113.0196378	220	-7.6557854	113.0196378
grid_-7.7013728_113.0647824	221	-7.7013728	113.0647824
grid_-7.7013728_113.0647824	222	-7.7013728	113.0647824
grid_-7.7469602_113.1099269	223	-7.7469602	113.1099269
grid_-7.7469602_113.1550715	224	-7.7469602	113.1550715
grid_-7.7469602_113.1550715	225	-7.7469602	113.1550715
grid_-7.7469602_113.2453607	226	-7.7469602	113.2453607
grid_-7.7925476_113.2905052	227	-7.7925476	113.2905052
grid_-7.7925476_113.3356498	228	-7.7925476	113.3356498
grid_-7.7925476_113.3807944	229	-7.7925476	113.3807944
grid_-7.7469602_113.4259390	230	-7.7469602	113.4259390
grid_-7.7469602_113.4710835	231	-7.7469602	113.4710835
grid_-7.7013728_113.5162281	232	-7.7013728	113.5162281
grid_-7.7469602_113.5613727	233	-7.7469602	113.5613727
grid_-7.7469602_113.6065173	234	-7.7469602	113.6065173
grid_-7.7469602_113.6516618	235	-7.7469602	113.6516618
grid_-7.7469602_113.6968064	236	-7.7469602	113.6968064
grid_-7.7469602_113.7419510	237	-7.7469602	113.7419510
grid_-7.7469602_113.7870956	238	-7.7469602	113.7870956
grid_-7.7469602_113.8322401	239	-7.7469602	113.8322401
grid_-7.7013728_113.8773847	240	-7.7013728	113.8773847
grid_-7.7013728_113.9225293	241	-7.7013728	113.9225293
grid_-7.7013728_113.9676738	242	-7.7013728	113.9676738
grid_-7.6557854_114.0128184	243	-7.6557854	114.0128184
grid_-7.6557854_114.0579630	244	-7.6557854	114.0579630
grid_-7.6557854_114.1031076	245	-7.6557854	114.1031076
grid_-7.7013728_114.1031076	246	-7.7013728	114.1031076
grid_-7.7469602_114.1031076	247	-7.7469602	114.1031076
grid_-7.7469602_114.1933967	248	-7.7469602	114.1933967
grid_-7.7469602_114.1933967	249	-7.7469602	114.1933967
grid_-7.7469602_114.2836859	250	-7.7469602	114.2836859
grid_-7.7925476_114.3288304	251	-7.7925476	114.3288304
grid_-7.7925476_114.3739750	252	-7.7925476	114.3739750
grid_-7.7925476_114.4191196	253	-7.7925476	114.4191196
grid_-7.8381350_114.4642642	254	-7.8381350	114.4642642
grid_-7.8837224_114.4642642	255	-7.8837224	114.4642642
grid_-7.9293098_114.4191196	256	-7.9293098	114.4191196
grid_-7.9748972_114.4191196	257	-7.9748972	114.4191196
grid_-8.0204845_114.4191196	258	-8.0204845	114.4191196
grid_-8.0660719_114.4191196	259	-8.0660719	114.4191196
grid_-8.1116593_114.4191196	260	-8.1116593	114.4191196
grid_-8.1572467_114.3739750	261	-8.1572467	114.3739750
grid_-8.2028341_114.3739750	262	-8.2028341	114.3739750
grid_-8.2484215_114.3739750	263	-8.2484215	114.3739750
grid_-8.2940089_114.3739750	264	-8.2940089	114.3739750
grid_-8.3395963_114.3288304	265	-8.3395963	114.3288304
grid_-8.3851837_114.3288304	266	-8.3851837	114.3288304
grid_-8.4307711_114.3288304	267	-8.4307711	114.3288304
grid_-8.4763585_114.3739750	268	-8.4763585	114.3739750
grid_-8.5219459_114.3739750	269	-8.5219459	114.3739750
grid_-8.5675333_114.3739750	270	-8.5675333	114.3739750