grid_-41.2_174.0	2000070000	-41.242963	173.997231
grid_-41.2_174.0	2000070010	-41.245907	173.986362
grid_-41.2_174.0	2000070020	-41.242774	173.981487
grid_-41.2_174.0	2000070030	-41.23634	173.978482
grid_-41.2_174.0	2000070040	-41.229051	173.97378
grid_-41.2_174.0	2000070050	-41.231013	173.969551
grid_-41.2_174.0	2000070060	-41.22746	173.96402
grid_-41.2_174.0	2000070070	-41.24038	173.970343
grid_-41.3_174.0	2000070080	-41.252405	173.972928
grid_-41.3_174.0	2000070090	-41.256432	173.958287
grid_-41.3_173.9	2000070100	-41.256355	173.944908
grid_-41.3_173.9	2000070110	-41.262174	173.929774
grid_-41.3_173.9	2000070120	-41.267526	173.910578
grid_-41.3_173.9	2000070130	-41.278713	173.907069
grid_-41.3_173.9	2000070140	-41.278285	173.917329
grid_-41.3_173.9	2000070150	-41.270024	173.934671
grid_-41.3_174.0	2000070160	-41.268133	173.952582
grid_-41.3_174.0	2000070170	-41.273291	173.966027
grid_-41.3_174.0	2000070180	-41.266874	173.96626
grid_-41.3_174.0	2000070190	-41.266257	173.979193
grid_-41.3_174.0	2000070200	-41.260749	173.996393
grid_-41.3_174.0	2000070210	-41.262406	174.007886
grid_-41.3_174.0	2000070220	-41.275412	173.994863
grid_-41.3_174.0	2000070230	-41.27431	174.001507
grid_-41.3_174.0	2000070240	-41.27899	174.005042
grid_-41.3_174.0	2000070250	-41.28646	174.005477
grid_-41.3_174.0	2000070260	-41.28534	174.010721
grid_-41.3_174.0	2000070270	-41.270668	174.02069
grid_-41.3_174.0	2000070280	-41.258028	174.033497
grid_-41.3_174.0	2000070290	-41.251863	174.048015
grid_-41.3_174.0	2000070300	-41.266082	174.036576
grid_-41.3_174.0	2000070310	-41.264051	174.048618
grid_-41.3_174.1	2000070320	-41.256004	174.062412
grid_-41.3_174.1	2000070330	-41.260708	174.071772
grid_-41.3_174.1	2000070340	-41.268142	174.082968
grid_-41.3_174.1	2000070350	-41.260239	174.082776
grid_-41.3_174.1	2000070360	-41.250017	174.079244
grid_-41.2_174.1	2000070370	-41.244476	174.09502
grid_-41.2_174.1	2000070380	-41.242875	174.108382
grid_-41.2_174.1	2000070390	-41.240569	174.114105
grid_-41.2_174.1	2000070400	-41.240138	174.126337
grid_-41.2_174.1	2000070410	-41.233407	174.140982
grid_-41.2_174.1	2000070420	-41.243013	174.14134
grid_-41.3_174.1	2000070430	-41.255382	174.134323
grid_-41.3_174.1	2000070440	-41.253868	174.145374
grid_-41.3_174.2	2000070450	-41.252752	174.154729
grid_-41.3_174.2	2000070460	-41.262832	174.157306
grid_-41.3_174.2	2000070470	-41.252257	174.168365
grid_-41.3_174.2	2000070480	-41.258289	174.176934
grid_-41.3_174.2	2000070490	-41.266538	174.189097
grid_-41.3_174.2	2000070500	-41.274724	174.199006
grid_-41.3_174.2	2000070510	-41.271004	174.212371
grid_-41.3_174.2	2000070520	-41.263144	174.20347
grid_-41.3_174.2	2000070530	-41.260852	174.187623
grid_-41.2_174.2	2000070540	-41.249676	174.192263
grid_-41.2_174.2	2000070550	-41.24606	174.207008
grid_-41.3_174.2	2000070560	-41.254485	174.214133
grid_-41.2_174.2	2000070570	-41.24536	174.218778
grid_-41.2_174.2	2000070580	-41.246495	174.228359
grid_-41.2_174.2	2000070590	-41.249697	174.243967
grid_-41.2_174.3	2000070600	-41.249973	174.255048
grid_-41.3_174.3	2000070610	-41.257272	174.254937
grid_-41.2_174.3	2000070620	-41.247649	174.264489
grid_-41.2_174.3	2000070630	-41.242951	174.263179
grid_-41.2_174.3	2000070640	-41.241769	174.275143
grid_-41.2_174.3	2000070650	-41.231439	174.277269
grid_-41.2_174.3	2000070660	-41.222337	174.292796
grid_-41.2_174.3	2000070670	-41.213604	174.309611
grid_-41.2_174.3	2000070680	-41.217402	174.308994
grid_-41.2_174.3	2000070690	-41.225388	174.299149
grid_-41.2_174.3	2000070700	-41.234196	174.287971
grid_-41.2_174.3	2000070710	-41.248361	174.292431
grid_-41.3_174.3	2000070720	-41.255022	174.275994
grid_-41.3_174.3	2000070730	-41.268528	174.282256
grid_-41.3_174.3	2000070740	-41.273379	174.26624
grid_-41.3_174.3	2000070750	-41.271719	174.253055
grid_-41.3_174.3	2000070760	-41.284452	174.256963
grid_-41.3_174.2	2000070770	-41.284237	174.243429
grid_-41.3_174.2	2000070780	-41.289113	174.228393
grid_-41.3_174.2	2000070790	-41.299959	174.231337
grid_-41.3_174.2	2000070800	-41.31082	174.242262
grid_-41.3_174.2	2000070810	-41.317884	174.233843
grid_-41.3_174.2	2000070820	-41.318807	174.218003
grid_-41.3_174.2	2000070830	-41.318859	174.210267
grid_-41.3_174.2	2000070840	-41.313331	174.199093
grid_-41.3_174.2	2000070850	-41.32131	174.191321
grid_-41.3_174.2	2000070860	-41.332799	174.195793
grid_-41.3_174.2	2000070870	-41.334642	174.181798
grid_-41.3_174.2	2000070880	-41.336444	174.167181
grid_-41.3_174.2	2000070890	-41.339648	174.152873
grid_-41.3_174.2	2000070900	-41.34932	174.152202
grid_-41.3_174.1	2000070910	-41.348431	174.137861
grid_-41.4_174.1	2000070920	-41.351654	174.123733
grid_-41.3_174.1	2000070930	-41.343425	174.125583
grid_-41.3_174.1	2000070940	-41.339888	174.134941
grid_-41.3_174.1	2000070950	-41.333828	174.147163
grid_-41.3_174.1	2000070960	-41.3263	174.139912
grid_-41.3_174.2	2000070970	-41.323952	174.150602
grid_-41.3_174.2	2000070980	-41.32112	174.160644
grid_-41.3_174.2	2000070990	-41.315658	174.169571
grid_-41.3_174.2	2000071000	-41.307214	174.171367
grid_-41.3_174.2	2000071010	-41.295426	174.176359
grid_-41.3_174.2	2000071020	-41.292185	174.186267
grid_-41.3_174.2	2000071030	-41.288458	174.173623
grid_-41.3_174.2	2000071040	-41.290254	174.161045
grid_-41.3_174.2	2000071050	-41.299484	174.156667
grid_-41.3_174.1	2000071060	-41.311335	174.149759
grid_-41.3_174.1	2000071070	-41.309748	174.136734
grid_-41.3_174.1	2000071080	-41.301133	174.14576
grid_-41.3_174.1	2000071090	-41.289259	174.149214
grid_-41.3_174.1	2000071100	-41.284891	174.13848
grid_-41.3_174.1	2000071110	-41.296689	174.128745
grid_-41.3_174.1	2000071120	-41.300368	174.115321
grid_-41.3_174.1	2000071130	-41.308396	174.120563
grid_-41.3_174.1	2000071140	-41.318284	174.110893
grid_-41.3_174.1	2000071150	-41.328563	174.110331
grid_-41.3_174.1	2000071160	-41.333471	174.098247
grid_-41.3_174.1	2000071170	-41.342079	174.098535
grid_-41.3_174.1	2000071180	-41.34992	174.089828
grid_-41.4_174.1	2000071190	-41.358277	174.088872
grid_-41.4_174.1	2000071200	-41.355759	174.073447
grid_-41.4_174.1	2000071210	-41.368082	174.076021
grid_-41.4_174.1	2000071220	-41.377995	174.069764
grid_-41.4_174.1	2000071230	-41.389214	174.061428
grid_-41.4_174.0	2000071240	-41.392007	174.049829
grid_-41.4_174.0	2000071250	-41.408875	174.040929
grid_-41.4_174.0	2000071260	-41.425551	174.03425
grid_-41.4_174.0	2000071270	-41.443417	174.031484
grid_-41.5_174.0	2000071280	-41.46098	174.029879
grid_-47.2_167.8	2000071290	-47.183788	167.767648
grid_-47.2_167.8	2000071300	-47.173035	167.760994
grid_-47.2_167.7	2000071310	-47.177149	167.747141
grid_-47.2_167.7	2000071320	-47.181978	167.733194
grid_-47.2_167.7	2000071330	-47.17852	167.717086
grid_-47.2_167.7	2000071340	-47.168868	167.718051
grid_-47.2_167.7	2000071350	-47.161743	167.712659
grid_-47.2_167.7	2000071360	-47.156363	167.704615
grid_-47.2_167.7	2000071370	-47.157452	167.697818
grid_-47.2_167.7	2000071380	-47.167893	167.689285
grid_-47.2_167.7	2000071390	-47.167789	167.674954
grid_-47.2_167.7	2000071400	-47.160877	167.666974
grid_-47.2_167.7	2000071410	-47.170209	167.66996
grid_-47.2_167.7	2000071420	-47.179197	167.667556
grid_-47.2_167.7	2000071430	-47.182199	167.67233
grid_-47.2_167.7	2000071440	-47.191483	167.674066
grid_-47.2_167.7	2000071450	-47.201068	167.660933
grid_-47.2_167.6	2000071460	-47.202104	167.644743
grid_-47.2_167.6	2000071470	-47.195767	167.644053
grid_-47.2_167.6	2000071480	-47.191367	167.647365
grid_-47.2_167.6	2000071490	-47.190519	167.647568
grid_-47.2_167.6	2000071500	-47.191905	167.637468
grid_-47.2_167.6	2000071510	-47.193422	167.626167
grid_-47.2_167.6	2000071520	-47.195291	167.610074
grid_-47.2_167.6	2000071530	-47.197525	167.599867
grid_-47.2_167.6	2000071540	-47.194827	167.622807
grid_-47.2_167.6	2000071550	-47.195868	167.632804
grid_-47.2_167.6	2000071560	-47.198881	167.638369
grid_-47.2_167.6	2000071570	-47.207474	167.635132
grid_-47.2_167.6	2000071580	-47.210146	167.623052
grid_-47.2_167.6	2000071590	-47.20394	167.629479
grid_-47.2_167.6	2000071600	-47.206733	167.619091
grid_-47.2_167.6	2000071610	-47.213445	167.613545
grid_-47.2_167.6	2000071620	-47.216044	167.597745
grid_-47.2_167.6	2000071630	-47.222961	167.607973
grid_-47.2_167.6	2000071640	-47.22936	167.594227
grid_-47.2_167.6	2000071650	-47.233401	167.581872
grid_-47.2_167.6	2000071660	-47.235641	167.60031
grid_-47.2_167.6	2000071670	-47.238036	167.617048
grid_-47.2_167.6	2000071680	-47.242436	167.622335
grid_-47.2_167.6	2000071690	-47.234611	167.638284
grid_-47.2_167.6	2000071700	-47.231953	167.632587
grid_-47.2_167.6	2000071710	-47.221608	167.640044
grid_-47.2_167.7	2000071720	-47.227068	167.655166
grid_-47.2_167.7	2000071730	-47.231976	167.660244
grid_-47.2_167.6	2000071740	-47.243008	167.646709
grid_-47.2_167.6	2000071750	-47.246401	167.642982
grid_-47.2_167.7	2000071760	-47.249333	167.653425
grid_-47.3_167.6	2000071770	-47.259056	167.647309
grid_-47.2_167.5	2000071780	-47.197005	167.526742
grid_-47.2_167.5	2000071790	-47.192028	167.526246
grid_-47.2_167.5	2000071800	-47.187586	167.525075
grid_-47.2_167.5	2000071810	-47.180813	167.541096
grid_-47.2_167.6	2000071820	-47.176394	167.561373
grid_-47.2_167.6	2000071830	-47.166914	167.575171
grid_-47.2_167.6	2000071840	-47.155076	167.57443
grid_-47.2_167.6	2000071850	-47.154549	167.566193
grid_-47.2_167.6	2000071860	-47.151258	167.56174
grid_-47.1_167.6	2000071870	-47.140735	167.575918
grid_-47.1_167.6	2000071880	-47.13412	167.576185
grid_-47.1_167.6	2000071890	-47.122357	167.579284
grid_-47.1_167.6	2000071900	-47.114109	167.58984
grid_-47.1_167.6	2000071910	-47.113329	167.569638
grid_-47.1_167.6	2000071920	-47.099872	167.562766
grid_-47.1_167.6	2000071930	-47.089378	167.565213
grid_-47.1_167.6	2000071940	-47.081575	167.582079
grid_-47.1_167.6	2000071950	-47.073345	167.594455
grid_-47.1_167.6	2000071960	-47.060937	167.599828
grid_-47.1_167.6	2000071970	-47.052282	167.611772
grid_-47.0_167.6	2000071980	-47.041862	167.621849
grid_-47.0_167.6	2000071990	-47.038443	167.642266
grid_-47.0_167.7	2000072000	-47.039491	167.662562
grid_-47.0_167.7	2000072010	-47.045375	167.684619
grid_-47.0_167.7	2000072020	-47.048366	167.700163
grid_-47.0_167.7	2000072030	-47.038816	167.710776
grid_-47.0_167.7	2000072040	-47.034716	167.695064
grid_-47.0_167.7	2000072050	-47.025014	167.697088
grid_-47.0_167.7	2000072060	-47.01449	167.686622
grid_-47.0_167.7	2000072070	-47.002483	167.700072
grid_-47.0_167.7	2000072080	-46.99674	167.685067
grid_-47.0_167.7	2000072090	-46.988305	167.686063
grid_-47.0_167.7	2000072100	-46.97778	167.679067
grid_-47.0_167.7	2000072110	-46.973072	167.675079
grid_-47.0_167.7	2000072120	-46.966018	167.685476
grid_-47.0_167.7	2000072130	-46.965298	167.706437
grid_-47.0_167.7	2000072140	-46.958259	167.730721
grid_-46.9_167.7	2000072150	-46.945754	167.749374
grid_-46.9_167.8	2000072160	-46.930475	167.761096
grid_-46.9_167.8	2000072170	-46.919238	167.76673
grid_-46.9_167.8	2000072180	-46.901645	167.768237
grid_-46.9_167.8	2000072190	-46.883865	167.764825
grid_-46.9_167.8	2000072200	-46.872215	167.753224
grid_-46.9_167.8	2000072210	-46.857107	167.754266
grid_-46.8_167.7	2000072220	-46.845869	167.746941
grid_-46.8_167.7	2000072230	-46.838985	167.735732
grid_-46.8_167.7	2000072240	-46.830347	167.725062
grid_-46.8_167.7	2000072250	-46.819651	167.727094
grid_-46.8_167.7	2000072260	-46.808322	167.720969
grid_-46.8_167.7	2000072270	-46.801747	167.707855
grid_-46.8_167.7	2000072280	-46.791271	167.705146
grid_-46.8_167.7	2000072290	-46.78799	167.718118
grid_-46.8_167.7	2000072300	-46.772046	167.712151
grid_-46.8_167.7	2000072310	-46.755873	167.70555
grid_-46.7_167.7	2000072320	-46.747427	167.708052
grid_-46.7_167.7	2000072330	-46.737921	167.720321
grid_-46.7_167.7	2000072340	-46.722373	167.722252
grid_-46.7_167.7	2000072350	-46.714111	167.72313
grid_-46.7_167.7	2000072360	-46.712939	167.735287
grid_-46.7_167.7	2000072370	-46.700038	167.74788
grid_-46.7_167.8	2000072380	-46.695725	167.768087
grid_-46.7_167.8	2000072390	-46.687226	167.788565
grid_-46.7_167.8	2000072400	-46.694558	167.803989
grid_-46.7_167.8	2000072410	-46.696788	167.822463
grid_-46.7_167.8	2000072420	-46.701691	167.841551
grid_-46.7_167.9	2000072430	-46.692036	167.858605
grid_-46.7_167.9	2000072440	-46.685266	167.870904
grid_-46.7_167.9	2000072450	-46.692027	167.888873
grid_-46.7_167.9	2000072460	-46.700242	167.907815
grid_-46.7_167.9	2000072470	-46.702852	167.930051
grid_-46.7_167.9	2000072480	-46.709403	167.946247
grid_-46.7_168.0	2000072490	-46.721427	167.962413
grid_-46.7_168.0	2000072500	-46.726187	167.976595
grid_-46.7_168.0	2000072510	-46.743149	167.98003
grid_-46.8_168.0	2000072520	-46.755046	167.984222
grid_-46.8_168.0	2000072530	-46.769613	167.99057
grid_-46.8_168.0	2000072540	-46.777641	168.00366
grid_-46.8_168.0	2000072550	-46.786308	168.001514
grid_-46.8_168.0	2000072560	-46.799309	168.016885
grid_-46.8_168.0	2000072570	-46.802026	168.033961
grid_-46.8_168.0	2000072580	-46.815406	168.037466
grid_-46.8_168.1	2000072590	-46.81886	168.051975
grid_-46.8_168.1	2000072600	-46.824596	168.070483
grid_-46.8_168.1	2000072610	-46.830251	168.087209
grid_-46.8_168.1	2000072620	-46.836227	168.086907
grid_-46.8_168.1	2000072630	-46.849714	168.082731
grid_-46.9_168.1	2000072640	-46.855915	168.085973
grid_-46.9_168.1	2000072650	-46.854307	168.102193
grid_-46.9_168.1	2000072660	-46.861547	168.117582
grid_-46.9_168.1	2000072670	-46.855665	168.129064
grid_-46.9_168.1	2000072680	-46.862181	168.143854
grid_-46.9_168.1	2000072690	-46.872327	168.137574
grid_-46.9_168.1	2000072700	-46.880832	168.129325
grid_-46.9_168.1	2000072710	-46.877693	168.149534
grid_-46.9_168.1	2000072720	-46.88905	168.141404
grid_-46.9_168.1	2000072730	-46.893734	168.12577
grid_-46.9_168.1	2000072740	-46.899503	168.13772
grid_-46.9_168.2	2000072750	-46.895894	168.153954
grid_-46.9_168.2	2000072760	-46.898611	168.154431
grid_-46.9_168.1	2000072770	-46.908929	168.143958
grid_-46.9_168.1	2000072780	-46.907825	168.13636
grid_-46.9_168.1	2000072790	-46.90356	168.123704
grid_-46.9_168.1	2000072800	-46.904217	168.10697
grid_-46.9_168.1	2000072810	-46.904997	168.089581
grid_-46.9_168.1	2000072820	-46.904403	168.079891
grid_-46.9_168.1	2000072830	-46.903371	168.069315
grid_-46.9_168.1	2000072840	-46.897123	168.070416
grid_-46.9_168.1	2000072850	-46.899249	168.061212
grid_-46.9_168.1	2000072860	-46.901271	168.061024
grid_-46.9_168.1	2000072870	-46.904612	168.061164
grid_-46.9_168.1	2000072880	-46.907683	168.053793
grid_-46.9_168.1	2000072890	-46.901498	168.053542
grid_-46.9_168.0	2000072900	-46.905255	168.045823
grid_-46.9_168.0	2000072910	-46.91057	168.043213
grid_-46.9_168.1	2000072920	-46.916583	168.056236
grid_-46.9_168.1	2000072930	-46.918643	168.052098
grid_-46.9_168.0	2000072940	-46.915306	168.040152
grid_-46.9_168.0	2000072950	-46.91053	168.022133
grid_-46.9_168.0	2000072960	-46.902753	168.015893
grid_-46.9_168.0	2000072970	-46.896818	168.031871
grid_-46.9_168.0	2000072980	-46.890178	168.020283
grid_-46.9_168.0	2000072990	-46.88275	168.017469
grid_-46.9_168.0	2000073000	-46.871998	168.009563
grid_-46.9_168.0	2000073010	-46.869014	167.99514
grid_-46.9_168.0	2000073020	-46.876459	168.002154
grid_-46.9_168.0	2000073030	-46.890027	167.998439
grid_-46.9_168.0	2000073040	-46.891139	167.993718
grid_-46.9_168.0	2000073050	-46.894565	167.979556
grid_-46.9_168.0	2000073060	-46.904847	167.970457
grid_-46.9_168.0	2000073070	-46.913711	167.973712
grid_-46.9_168.0	2000073080	-46.925358	167.977208
grid_-46.9_168.0	2000073090	-46.933197	167.963635
grid_-46.9_167.9	2000073100	-46.943203	167.948417
grid_-47.0_167.9	2000073110	-46.955092	167.932375
grid_-47.0_167.9	2000073120	-46.965413	167.915868
grid_-47.0_167.9	2000073130	-46.975518	167.910036
grid_-47.0_167.9	2000073140	-46.966394	167.927836
grid_-47.0_167.9	2000073150	-46.958272	167.947822
grid_-47.0_168.0	2000073160	-46.952346	167.963224
grid_-46.9_168.0	2000073170	-46.943419	167.969482
grid_-46.9_168.0	2000073180	-46.934642	167.985831
grid_-46.9_168.0	2000073190	-46.928795	167.999182
grid_-46.9_168.0	2000073200	-46.924654	168.015089
grid_-46.9_168.0	2000073210	-46.933048	168.024674
grid_-46.9_168.0	2000073220	-46.947055	168.023726
grid_-46.9_168.0	2000073230	-46.94633	168.034839
grid_-46.9_168.1	2000073240	-46.948649	168.054953
grid_-47.0_168.1	2000073250	-46.951408	168.068284
grid_-47.0_168.1	2000073260	-46.956091	168.082673
grid_-47.0_168.1	2000073270	-46.960278	168.099076
grid_-47.0_168.1	2000073280	-46.956333	168.119323
grid_-47.0_168.1	2000073290	-46.960744	168.126876
grid_-47.0_168.1	2000073300	-46.968355	168.117437
grid_-47.0_168.1	2000073310	-46.972915	168.097799
grid_-47.0_168.1	2000073320	-46.981461	168.080711
grid_-47.0_168.1	2000073330	-46.988254	168.077318
grid_-47.0_168.1	2000073340	-46.988457	168.085368
grid_-47.0_168.1	2000073350	-46.991072	168.094712
grid_-47.0_168.1	2000073360	-46.992513	168.112083
grid_-47.0_168.1	2000073370	-46.988394	168.12715
grid_-47.0_168.1	2000073380	-46.990343	168.139345
grid_-47.0_168.1	2000073390	-46.980189	168.143285
grid_-47.0_168.1	2000073400	-46.972092	168.145485
grid_-47.0_168.2	2000073410	-46.967604	168.156688
grid_-47.0_168.2	2000073420	-46.973631	168.153858
grid_-47.0_168.2	2000073430	-46.970553	168.173641
grid_-47.0_168.2	2000073440	-46.957948	168.169826
grid_-46.9_168.2	2000073450	-46.946155	168.173501
grid_-46.9_168.2	2000073460	-46.936293	168.171174
grid_-46.9_168.2	2000073470	-46.927201	168.179284
grid_-46.9_168.2	2000073480	-46.923299	168.191514
grid_-46.9_168.2	2000073490	-46.927317	168.200088
grid_-46.9_168.2	2000073500	-46.929886	168.18912
grid_-46.9_168.2	2000073510	-46.939961	168.191104
grid_-46.9_168.2	2000073520	-46.944411	168.178435
grid_-47.0_168.2	2000073530	-46.957127	168.179235
grid_-47.0_168.2	2000073540	-46.965718	168.181665
grid_-47.0_168.2	2000073550	-46.978301	168.183714
grid_-47.0_168.2	2000073560	-46.986573	168.194641
grid_-47.0_168.2	2000073570	-46.993378	168.204231
grid_-47.0_168.2	2000073580	-46.996779	168.213161
grid_-47.0_168.2	2000073590	-47.003487	168.205377
grid_-47.0_168.2	2000073600	-47.016288	168.211157
grid_-47.0_168.2	2000073610	-47.014549	168.229077
grid_-47.0_168.2	2000073620	-47.021706	168.219942
grid_-47.0_168.2	2000073630	-47.025397	168.20517
grid_-47.0_168.2	2000073640	-47.034256	168.213659
grid_-47.0_168.2	2000073650	-47.040757	168.209577
grid_-47.0_168.2	2000073660	-47.049332	168.205536
grid_-47.1_168.2	2000073670	-47.057972	168.201453
grid_-47.1_168.2	2000073680	-47.066626	168.206666
grid_-47.1_168.2	2000073690	-47.058543	168.188951
grid_-47.0_168.2	2000073700	-47.047009	168.174998
grid_-47.0_168.2	2000073710	-47.043087	168.164785
grid_-47.0_168.2	2000073720	-47.046184	168.170777
grid_-47.1_168.2	2000073730	-47.056804	168.175503
grid_-47.1_168.2	2000073740	-47.061737	168.164117
grid_-47.1_168.2	2000073750	-47.065108	168.152552
grid_-47.1_168.2	2000073760	-47.066547	168.166354
grid_-47.1_168.2	2000073770	-47.07652	168.177595
grid_-47.1_168.2	2000073780	-47.082333	168.194793
grid_-47.1_168.2	2000073790	-47.0824	168.208144
grid_-47.1_168.2	2000073800	-47.092221	168.212613
grid_-47.1_168.2	2000073810	-47.093915	168.213374
grid_-47.1_168.2	2000073820	-47.098815	168.200964
grid_-47.1_168.2	2000073830	-47.091457	168.192881
grid_-47.1_168.2	2000073840	-47.085048	168.188751
grid_-47.1_168.2	2000073850	-47.083165	168.171911
grid_-47.1_168.2	2000073860	-47.082302	168.160963
grid_-47.1_168.2	2000073870	-47.086776	168.151254
grid_-47.1_168.1	2000073880	-47.07961	168.139866
grid_-47.1_168.1	2000073890	-47.088972	168.142773
grid_-47.1_168.2	2000073900	-47.09948	168.153776
grid_-47.1_168.2	2000073910	-47.105651	168.151851
grid_-47.1_168.1	2000073920	-47.116436	168.148582
grid_-47.1_168.1	2000073930	-47.113074	168.142109
grid_-47.1_168.1	2000073940	-47.108209	168.128955
grid_-47.1_168.1	2000073950	-47.104994	168.120362
grid_-47.1_168.1	2000073960	-47.101765	168.108933
grid_-47.1_168.1	2000073970	-47.104192	168.111252
grid_-47.1_168.1	2000073980	-47.106601	168.117467
grid_-47.1_168.1	2000073990	-47.116151	168.126792
grid_-47.1_168.1	2000074000	-47.123003	168.130058
grid_-47.1_168.1	2000074010	-47.121612	168.118945
grid_-47.1_168.1	2000074020	-47.120486	168.109593
grid_-47.1_168.1	2000074030	-47.115536	168.099154
grid_-47.1_168.1	2000074040	-47.111876	168.087065
grid_-47.1_168.1	2000074050	-47.107645	168.080367
grid_-47.1_168.1	2000074060	-47.106525	168.072503
grid_-47.1_168.1	2000074070	-47.107698	168.060203
grid_-47.1_168.1	2000074080	-47.119348	168.062754
grid_-47.1_168.1	2000074090	-47.119519	168.050794
grid_-47.1_168.0	2000074100	-47.116524	168.042845
grid_-47.1_168.0	2000074110	-47.127877	168.044063
grid_-47.1_168.0	2000074120	-47.1264	168.027148
grid_-47.1_168.0	2000074130	-47.119738	168.01388
grid_-47.1_168.0	2000074140	-47.118493	167.999721
grid_-47.1_168.0	2000074150	-47.124174	167.996794
grid_-47.1_168.0	2000074160	-47.131825	167.983788
grid_-47.1_168.0	2000074170	-47.136538	167.968995
grid_-47.1_168.0	2000074180	-47.132481	167.95716
grid_-47.1_167.9	2000074190	-47.132888	167.944847
grid_-47.1_167.9	2000074200	-47.137765	167.934031
grid_-47.2_167.9	2000074210	-47.150893	167.929532
grid_-47.2_167.9	2000074220	-47.151032	167.914263
grid_-47.2_167.9	2000074230	-47.161307	167.903278
grid_-47.2_167.9	2000074240	-47.169174	167.898491
grid_-47.2_167.9	2000074250	-47.17176	167.887978
grid_-47.2_167.9	2000074260	-47.169775	167.870889
grid_-47.2_167.9	2000074270	-47.176962	167.866019
grid_-47.2_167.9	2000074280	-47.181953	167.856038
grid_-47.2_167.8	2000074290	-47.183119	167.84137
grid_-47.2_167.8	2000074300	-47.189929	167.828891
grid_-47.2_167.8	2000074310	-47.191007	167.814987
grid_-47.2_167.8	2000074320	-47.187212	167.800354
grid_-47.2_167.8	2000074330	-47.179418	167.791437
grid_-47.2_167.8	2000074340	-47.184064	167.777872