===== START: 2025-09-17 00:51:39 =====
[94mEnTK session: re.session.789e3693-9360-11f0-b732-c22f21961ca9
[39m[0m[94mCreating AppManager
[39m[0m[94mSetting up ZMQ queues[39m[0m[92m                                                         ok
[39m[0m[94mAppManager initialized[39m[0m[92m                                                        ok
[39m[0m[94mValidating and assigning resource manager[39m[0m[92m                                     ok
[39m[0m[94mSetting up ZMQ queues[39m[0m[92m                                                        n/a
[39m[0m****** STEP: sealevel_step ******
[92mAll components created
[39m[0m[92mUpdate: [39m[0m[94mdummy.dummy.facts.dummy state: SCHEDULING
[39m[0m[92mUpdate: [39m[0m[94mdummy.dummy.facts.dummy.preprocess state: SCHEDULING
[39m[0m[92mUpdate: [39m[0m[94mdummy.dummy.facts.dummy.preprocess.task1 state: SCHEDULING
[39m[0m[92mUpdate: [39m[0m[94mdummy.dummy.facts.dummy.preprocess.task1 state: SCHEDULED
[39m[0m[92mUpdate: [39m[0m[94mdummy.dummy.facts.dummy.preprocess state: SCHEDULED
[39m[0m[92mUpdate: [39m[0m[94mdummy.dummy.facts.dummy.preprocess.task1 state: SUBMITTING
[39m[0m[92mUpdate: [39m[0m[94mdummy.dummy.facts.dummy.preprocess.task1 state: DONE
[39m[0m[92mUpdate: [39m[0m[94mdummy.dummy.facts.dummy.preprocess state: DONE
[39m[0m[92mUpdate: [39m[0m[94mdummy.dummy.facts.dummy state: DONE
[39m[0m[94mAll components terminated
[39m[0m===== END: 2025-09-17 00:52:12 =====
DURATION: 00:00:33 (HH:MM:SS)
