grid_-45.2_167.1	3000055000	-45.1816	167.0991
grid_-45.2_167.1	3000055010	-45.1805	167.1183
grid_-45.2_167.1	3000055020	-45.1761	167.1382
grid_-45.2_167.1	3000055030	-45.1743	167.1438
grid_-45.2_167.1	3000055040	-45.1732	167.1255
grid_-45.2_167.1	3000055050	-45.1751	167.1069
grid_-45.2_167.1	3000055060	-45.1607	167.0998
grid_-45.1_167.1	3000055070	-45.1486	167.0851
grid_-45.1_167.1	3000055080	-45.1346	167.0736
grid_-45.1_167.1	3000055090	-45.1203	167.0658
grid_-45.1_167.1	3000055100	-45.1072	167.0523
grid_-45.1_167.0	3000055110	-45.1025	167.0323
grid_-45.1_167.0	3000055120	-45.0979	167.032
grid_-45.1_167.0	3000055130	-45.0929	167.036
grid_-45.1_167.0	3000055140	-45.0777	167.0432
grid_-45.1_167.1	3000055150	-45.0681	167.0582
grid_-45.1_167.1	3000055160	-45.0585	167.0669
grid_-45.1_167.1	3000055170	-45.0516	167.0789
grid_-45.1_167.1	3000055180	-45.055	167.0858
grid_-45.1_167.1	3000055190	-45.0659	167.0937
grid_-45.1_167.1	3000055200	-45.08	167.1014
grid_-45.1_167.1	3000055210	-45.0876	167.1103
grid_-45.1_167.1	3000055220	-45.0962	167.1236
grid_-45.1_167.1	3000055230	-45.109	167.1297
grid_-45.1_167.1	3000055240	-45.1232	167.1334
grid_-45.1_167.1	3000055250	-45.1352	167.1385
grid_-45.1_167.2	3000055260	-45.1455	167.1547
grid_-45.2_167.2	3000055270	-45.1535	167.1679
grid_-45.1_167.2	3000055280	-45.1426	167.1676
grid_-45.1_167.2	3000055290	-45.1364	167.1504
grid_-45.1_167.1	3000055300	-45.1252	167.1416
grid_-45.1_167.1	3000055310	-45.1114	167.1412
grid_-45.1_167.1	3000055320	-45.1002	167.1466
grid_-45.1_167.2	3000055330	-45.1015	167.1659
grid_-45.1_167.2	3000055340	-45.1014	167.1857
grid_-45.1_167.2	3000055350	-45.1047	167.2063
grid_-45.1_167.2	3000055360	-45.1076	167.2216
grid_-45.1_167.2	3000055370	-45.099	167.2093
grid_-45.1_167.2	3000055380	-45.0968	167.1906
grid_-45.1_167.2	3000055390	-45.0966	167.1678
grid_-45.1_167.1	3000055400	-45.0938	167.1484
grid_-45.1_167.1	3000055410	-45.0906	167.1284
grid_-45.1_167.1	3000055420	-45.0804	167.1202
grid_-45.1_167.1	3000055430	-45.067	167.1064
grid_-45.1_167.1	3000055440	-45.0525	167.0978
grid_-45.0_167.1	3000055450	-45.0395	167.0941
grid_-45.0_167.1	3000055460	-45.0339	167.102
grid_-45.0_167.1	3000055470	-45.028	167.0958
grid_-45.0_167.1	3000055480	-45.022	167.1032
grid_-45.0_167.1	3000055490	-45.0134	167.1125
grid_-45.0_167.1	3000055500	-45.0077	167.1239
grid_-45.0_167.1	3000055510	-45.0076	167.1361
grid_-45.0_167.1	3000055520	-45.0182	167.1431
grid_-45.0_167.2	3000055530	-45.0208	167.1641
grid_-45.0_167.2	3000055540	-45.0218	167.1875
grid_-45.0_167.2	3000055550	-45.0311	167.2063
grid_-45.0_167.2	3000055560	-45.0396	167.227
grid_-45.0_167.2	3000055570	-45.0441	167.2496
grid_-45.0_167.3	3000055580	-45.0497	167.2714
grid_-45.0_167.3	3000055590	-45.0494	167.2945
grid_-45.0_167.3	3000055600	-45.0453	167.3076
grid_-45.0_167.3	3000055610	-45.0444	167.2889
grid_-45.0_167.3	3000055620	-45.0384	167.2739
grid_-45.0_167.3	3000055630	-45.0362	167.2511
grid_-45.0_167.2	3000055640	-45.0324	167.2319
grid_-45.0_167.2	3000055650	-45.0213	167.2157
grid_-45.0_167.2	3000055660	-45.0132	167.1967
grid_-45.0_167.2	3000055670	-45.0069	167.1777
grid_-45.0_167.2	3000055680	-45.0055	167.156
grid_-45.0_167.1	3000055690	-45.0021	167.1429
grid_-45.0_167.1	3000055700	-44.9912	167.137
grid_-45.0_167.1	3000055710	-44.9807	167.1423
grid_-45.0_167.2	3000055720	-44.9722	167.1548
grid_-45.0_167.2	3000055730	-44.9673	167.1715
grid_-45.0_167.2	3000055740	-44.9588	167.1783
grid_-45.0_167.2	3000055750	-44.9624	167.1973
grid_-45.0_167.2	3000055760	-44.9501	167.1896
grid_-44.9_167.2	3000055770	-44.9421	167.1984
grid_-44.9_167.2	3000055780	-44.9318	167.2083
grid_-44.9_167.2	3000055790	-44.9241	167.2193
grid_-44.9_167.2	3000055800	-44.9282	167.2406
grid_-44.9_167.2	3000055810	-44.9187	167.2299
grid_-44.9_167.2	3000055820	-44.9118	167.227
grid_-44.9_167.2	3000055830	-44.905	167.2459
grid_-44.9_167.3	3000055840	-44.8958	167.2517
grid_-44.9_167.3	3000055850	-44.8836	167.2632
grid_-44.9_167.3	3000055860	-44.8702	167.2719
grid_-44.9_167.3	3000055870	-44.8666	167.2857
grid_-44.9_167.3	3000055880	-44.8599	167.3065
grid_-44.8_167.3	3000055890	-44.8497	167.3233
grid_-44.8_167.3	3000055900	-44.8448	167.3398
grid_-44.9_167.3	3000055910	-44.8617	167.3415
grid_-44.9_167.3	3000055920	-44.8777	167.3492
grid_-44.9_167.4	3000055930	-44.8879	167.3639
grid_-44.9_167.4	3000055940	-44.9046	167.3698
grid_-44.9_167.4	3000055950	-44.919	167.3747
grid_-44.9_167.4	3000055960	-44.9334	167.3671
grid_-44.9_167.4	3000055970	-44.9428	167.363
grid_-44.9_167.4	3000055980	-44.9494	167.3699
grid_-45.0_167.4	3000055990	-44.9503	167.394
grid_-45.0_167.4	3000056000	-44.9642	167.4033
grid_-45.0_167.4	3000056010	-44.9767	167.3918
grid_-45.0_167.4	3000056020	-44.9876	167.3794
grid_-45.0_167.4	3000056030	-44.9953	167.3861
grid_-45.0_167.4	3000056040	-44.9823	167.3988
grid_-45.0_167.4	3000056050	-44.9738	167.4167
grid_-45.0_167.4	3000056060	-44.9834	167.4276
grid_-45.0_167.4	3000056070	-44.9785	167.4409
grid_-45.0_167.4	3000056080	-44.9741	167.4331
grid_-45.0_167.4	3000056090	-44.9638	167.4224
grid_-45.0_167.4	3000056100	-44.9508	167.4105
grid_-44.9_167.4	3000056110	-44.9398	167.3943
grid_-44.9_167.4	3000056120	-44.9286	167.3868
grid_-44.9_167.4	3000056130	-44.932	167.4003
grid_-44.9_167.4	3000056140	-44.9245	167.3977
grid_-44.9_167.4	3000056150	-44.9079	167.3927
grid_-44.9_167.4	3000056160	-44.8915	167.3872
grid_-44.9_167.4	3000056170	-44.8775	167.3778
grid_-44.9_167.4	3000056180	-44.8621	167.367
grid_-44.8_167.4	3000056190	-44.8489	167.3586
grid_-44.8_167.4	3000056200	-44.8339	167.3548
grid_-44.8_167.4	3000056210	-44.8222	167.3604
grid_-44.8_167.4	3000056220	-44.812	167.3793
grid_-44.8_167.4	3000056230	-44.8153	167.3935
grid_-44.8_167.4	3000056240	-44.8034	167.3952
grid_-44.8_167.4	3000056250	-44.7965	167.409
grid_-44.8_167.4	3000056260	-44.7913	167.42
grid_-44.8_167.4	3000056270	-44.7811	167.4387
grid_-44.8_167.5	3000056280	-44.7747	167.4577
grid_-44.8_167.5	3000056290	-44.7758	167.4775
grid_-44.8_167.5	3000056300	-44.7828	167.4979
grid_-44.8_167.5	3000056310	-44.7936	167.5113
grid_-44.8_167.5	3000056320	-44.8007	167.5325
grid_-44.8_167.5	3000056330	-44.8096	167.5309
grid_-44.8_167.5	3000056340	-44.8213	167.5144
grid_-44.8_167.5	3000056350	-44.8338	167.5041
grid_-44.8_167.5	3000056360	-44.8439	167.4906
grid_-44.9_167.5	3000056370	-44.8585	167.4897
grid_-44.9_167.5	3000056380	-44.8711	167.504
grid_-44.9_167.5	3000056390	-44.8801	167.5234
grid_-44.9_167.5	3000056400	-44.8776	167.5311
grid_-44.9_167.5	3000056410	-44.8671	167.514
grid_-44.9_167.5	3000056420	-44.8548	167.5002
grid_-44.8_167.5	3000056430	-44.8494	167.5098
grid_-44.8_167.5	3000056440	-44.8347	167.5196
grid_-44.8_167.5	3000056450	-44.8249	167.5291
grid_-44.8_167.5	3000056460	-44.8113	167.5415
grid_-44.8_167.5	3000056470	-44.7992	167.5431
grid_-44.8_167.5	3000056480	-44.7891	167.527
grid_-44.8_167.5	3000056490	-44.7753	167.5129
grid_-44.8_167.5	3000056500	-44.7613	167.5069
grid_-44.8_167.5	3000056510	-44.7523	167.4961
grid_-44.7_167.5	3000056520	-44.741	167.5121
grid_-44.7_167.5	3000056530	-44.7309	167.5307
grid_-44.7_167.6	3000056540	-44.7378	167.5513
grid_-44.7_167.6	3000056550	-44.7372	167.5738
grid_-44.7_167.6	3000056560	-44.7399	167.5944
grid_-44.8_167.6	3000056570	-44.7518	167.6046
grid_-44.8_167.6	3000056580	-44.7638	167.6147
grid_-44.8_167.6	3000056590	-44.7777	167.6224
grid_-44.8_167.6	3000056600	-44.7832	167.6288
grid_-44.8_167.6	3000056610	-44.7709	167.6316
grid_-44.8_167.6	3000056620	-44.7561	167.6222
grid_-44.7_167.6	3000056630	-44.7494	167.6157
grid_-44.7_167.6	3000056640	-44.7394	167.6013
grid_-44.7_167.6	3000056650	-44.7341	167.5836
grid_-44.7_167.6	3000056660	-44.7209	167.5713
grid_-44.7_167.6	3000056670	-44.7106	167.5653
grid_-44.7_167.6	3000056680	-44.6961	167.569
grid_-44.7_167.6	3000056690	-44.6852	167.5691
grid_-44.7_167.6	3000056700	-44.6767	167.5809
grid_-44.7_167.6	3000056710	-44.6665	167.5921
grid_-44.7_167.6	3000056720	-44.6605	167.612
grid_-44.7_167.6	3000056730	-44.6674	167.6329
grid_-44.7_167.6	3000056740	-44.6798	167.6474
grid_-44.7_167.7	3000056750	-44.6829	167.6655
grid_-44.7_167.7	3000056760	-44.6682	167.6595
grid_-44.7_167.6	3000056770	-44.6549	167.6474
grid_-44.6_167.6	3000056780	-44.6421	167.6333
grid_-44.6_167.7	3000056790	-44.6389	167.6568
grid_-44.6_167.7	3000056800	-44.6275	167.6733
grid_-44.6_167.7	3000056810	-44.6177	167.6903
grid_-44.6_167.7	3000056820	-44.6059	167.709
grid_-44.6_167.7	3000056830	-44.6051	167.7331
grid_-44.6_167.7	3000056840	-44.5918	167.747
grid_-44.6_167.8	3000056850	-44.5807	167.7521
grid_-44.6_167.8	3000056860	-44.5769	167.772
grid_-44.6_167.8	3000056870	-44.5739	167.7826
grid_-44.6_167.8	3000056880	-44.5839	167.7858
grid_-44.6_167.8	3000056890	-44.5932	167.8025
grid_-44.6_167.8	3000056900	-44.6058	167.8147
grid_-44.6_167.8	3000056910	-44.6096	167.8367
grid_-44.6_167.9	3000056920	-44.6141	167.8535
grid_-44.6_167.9	3000056930	-44.626	167.8731
grid_-44.6_167.9	3000056940	-44.6413	167.8821
grid_-44.7_167.9	3000056950	-44.6544	167.8972
grid_-44.7_167.9	3000056960	-44.6678	167.9091
grid_-44.7_167.9	3000056970	-44.6829	167.903
grid_-44.7_167.9	3000056980	-44.6828	167.9236
grid_-44.7_167.9	3000056990	-44.6767	167.9187
grid_-44.7_167.9	3000057000	-44.6754	167.9151
grid_-44.7_167.9	3000057010	-44.6713	167.9214
grid_-44.7_167.9	3000057020	-44.6683	167.9254
grid_-44.7_167.9	3000057030	-44.6588	167.9203
grid_-44.6_167.9	3000057040	-44.6424	167.9145
grid_-44.6_167.9	3000057050	-44.6254	167.9141
grid_-44.6_167.9	3000057060	-44.6295	167.9031
grid_-44.6_167.9	3000057070	-44.6209	167.8826
grid_-44.6_167.9	3000057080	-44.6084	167.8666
grid_-44.6_167.8	3000057090	-44.6039	167.8463
grid_-44.6_167.8	3000057100	-44.6004	167.8245
grid_-44.6_167.8	3000057110	-44.5877	167.8201
grid_-44.6_167.8	3000057120	-44.5712	167.8217
grid_-44.6_167.8	3000057130	-44.5548	167.8223
grid_-44.5_167.8	3000057140	-44.5397	167.8292
grid_-44.5_167.8	3000057150	-44.5237	167.8275
grid_-44.5_167.8	3000057160	-44.5082	167.8284
grid_-44.5_167.8	3000057170	-44.496	167.8205
grid_-44.5_167.8	3000057180	-44.4872	167.8413
grid_-44.5_167.9	3000057190	-44.4719	167.8516
grid_-44.5_167.9	3000057200	-44.4568	167.86
grid_-44.4_167.9	3000057210	-44.4429	167.867
grid_-44.4_167.9	3000057220	-44.4324	167.8802
grid_-44.4_167.9	3000057230	-44.4208	167.8944
grid_-44.4_167.9	3000057240	-44.409	167.908
grid_-44.4_167.9	3000057250	-44.4006	167.9226
grid_-44.4_167.9	3000057260	-44.3876	167.9371
grid_-44.4_168.0	3000057270	-44.3817	167.9586
grid_-44.4_168.0	3000057280	-44.3824	167.98
grid_-44.4_168.0	3000057290	-44.3679	167.9937
grid_-44.4_168.0	3000057300	-44.3504	168.0007
grid_-44.3_168.0	3000057310	-44.3351	168.0002
grid_-44.3_168.0	3000057320	-44.3266	168.0051
grid_-44.3_168.0	3000057330	-44.3261	168.0275
grid_-44.3_168.1	3000057340	-44.3257	168.0522
grid_-44.3_168.1	3000057350	-44.3315	168.0717
grid_-44.3_168.1	3000057360	-44.3278	168.094
grid_-44.3_168.1	3000057370	-44.3122	168.1066
grid_-44.3_168.1	3000057380	-44.2957	168.115
grid_-44.3_168.1	3000057390	-44.287	168.1155
grid_-44.3_168.1	3000057400	-44.2761	168.0983
grid_-44.3_168.1	3000057410	-44.2669	168.0802
grid_-44.3_168.1	3000057420	-44.2634	168.0594
grid_-44.3_168.1	3000057430	-44.2523	168.0609
grid_-44.2_168.1	3000057440	-44.2446	168.0821
grid_-44.2_168.1	3000057450	-44.2417	168.1053
grid_-44.2_168.1	3000057460	-44.2299	168.1237
grid_-44.2_168.1	3000057470	-44.2198	168.1402
grid_-44.2_168.2	3000057480	-44.2044	168.1526
grid_-44.2_168.2	3000057490	-44.1937	168.1698
grid_-44.2_168.2	3000057500	-44.1852	168.1907
grid_-44.2_168.2	3000057510	-44.1746	168.2098
grid_-44.2_168.2	3000057520	-44.1609	168.2252
grid_-44.2_168.2	3000057530	-44.1568	168.2477
grid_-44.1_168.3	3000057540	-44.1448	168.2608
grid_-44.1_168.3	3000057550	-44.1279	168.2664
grid_-44.1_168.3	3000057560	-44.1127	168.2744
grid_-44.1_168.3	3000057570	-44.1007	168.289
grid_-44.1_168.3	3000057580	-44.0925	168.3107
grid_-44.1_168.3	3000057590	-44.082	168.3276
grid_-44.1_168.3	3000057600	-44.0672	168.3226
grid_-44.1_168.3	3000057610	-44.052	168.3269
grid_-44.0_168.3	3000057620	-44.0401	168.3446
grid_-44.0_168.4	3000057630	-44.0308	168.3639
grid_-44.0_168.4	3000057640	-44.0135	168.3712
grid_-44.0_168.4	3000057650	-44.0047	168.3792
grid_-44.0_168.4	3000057660	-44.0025	168.4019
grid_-44.0_168.4	3000057670	-44.0064	168.4249
grid_-44.0_168.4	3000057680	-44.008	168.448
grid_-44.0_168.5	3000057690	-44.0041	168.4721
grid_-44.0_168.5	3000057700	-44.0037	168.4955
grid_-44.0_168.5	3000057710	-43.9999	168.5191
grid_-44.0_168.5	3000057720	-43.9937	168.5382
grid_-44.0_168.6	3000057730	-43.9872	168.5553
grid_-44.0_168.6	3000057740	-43.9742	168.5677
grid_-44.0_168.6	3000057750	-43.972	168.5831
grid_-44.0_168.6	3000057760	-43.9697	168.5952
grid_-44.0_168.6	3000057770	-43.9655	168.6003
grid_-44.0_168.6	3000057780	-43.9588	168.6203
grid_-44.0_168.6	3000057790	-43.9719	168.6146
grid_-44.0_168.6	3000057800	-43.9861	168.6259
grid_-44.0_168.6	3000057810	-43.9951	168.6451
grid_-44.0_168.7	3000057820	-43.9939	168.669
grid_-44.0_168.7	3000057830	-43.9967	168.6898
grid_-44.0_168.7	3000057840	-43.9933	168.7136
grid_-44.0_168.7	3000057850	-43.9883	168.7374
grid_-44.0_168.8	3000057860	-43.9831	168.7609
grid_-44.0_168.8	3000057870	-43.9765	168.7862
grid_-44.0_168.8	3000057880	-43.9704	168.804
grid_-44.0_168.8	3000057890	-43.9607	168.827
grid_-43.9_168.8	3000057900	-43.9487	168.8448
grid_-43.9_168.9	3000057910	-43.935	168.8608
grid_-43.9_168.9	3000057920	-43.9204	168.8741
grid_-43.9_168.9	3000057930	-43.9072	168.8884
grid_-43.9_168.9	3000057940	-43.8965	168.9084
grid_-43.9_168.9	3000057950	-43.8882	168.9301
grid_-43.9_169.0	3000057960	-43.8837	168.9531
grid_-43.9_169.0	3000057970	-43.8754	168.9762
grid_-43.9_169.0	3000057980	-43.8642	168.996
grid_-43.9_169.0	3000057990	-43.852	169.0157
grid_-43.8_169.0	3000058000	-43.8385	169.03
grid_-43.8_169.0	3000058010	-43.828	169.0483
grid_-43.8_169.1	3000058020	-43.8182	169.0693
grid_-43.8_169.1	3000058030	-43.8065	169.0879
grid_-43.8_169.1	3000058040	-43.7938	169.1056
grid_-43.8_169.1	3000058050	-43.7804	169.122
grid_-43.8_169.1	3000058060	-43.767	169.1364
grid_-43.8_169.2	3000058070	-43.7525	169.152
grid_-43.7_169.2	3000058080	-43.7415	169.1714
grid_-43.7_169.2	3000058090	-43.7311	169.1906
grid_-43.7_169.2	3000058100	-43.72	169.2088
grid_-43.7_169.2	3000058110	-43.7119	169.2286
grid_-43.7_169.2	3000058120	-43.7054	169.2478
grid_-43.7_169.3	3000058130	-43.6958	169.2653
grid_-43.7_169.3	3000058140	-43.6904	169.2852
grid_-43.7_169.3	3000058150	-43.6823	169.3042
grid_-43.7_169.3	3000058160	-43.6741	169.3231
grid_-43.7_169.3	3000058170	-43.6693	169.3462
grid_-43.7_169.4	3000058180	-43.6567	169.3618
grid_-43.6_169.4	3000058190	-43.6433	169.3705
grid_-43.6_169.4	3000058200	-43.6372	169.3879
grid_-43.6_169.4	3000058210	-43.6331	169.4077
grid_-43.6_169.4	3000058220	-43.6255	169.4254
grid_-43.6_169.4	3000058230	-43.6316	169.4407
grid_-43.6_169.5	3000058240	-43.623	169.4611
grid_-43.6_169.5	3000058250	-43.622	169.4849
grid_-43.6_169.5	3000058260	-43.6246	169.506
grid_-43.6_169.5	3000058270	-43.6142	169.5246
grid_-43.6_169.5	3000058280	-43.6017	169.5418
grid_-43.6_169.6	3000058290	-43.5864	169.5541
grid_-43.6_169.6	3000058300	-43.6005	169.5628
grid_-43.6_169.6	3000058310	-43.601	169.5863
grid_-43.6_169.6	3000058320	-43.5922	169.608
grid_-43.6_169.6	3000058330	-43.5793	169.6247
grid_-43.6_169.6	3000058340	-43.5647	169.6381
grid_-43.6_169.7	3000058350	-43.5537	169.652
grid_-43.6_169.7	3000058360	-43.5537	169.6755
grid_-43.5_169.7	3000058370	-43.5415	169.6927
grid_-43.5_169.7	3000058380	-43.5245	169.7091
grid_-43.5_169.7	3000058390	-43.5111	169.7193
grid_-43.5_169.7	3000058400	-43.496	169.7294
grid_-43.5_169.7	3000058410	-43.4821	169.7451
grid_-43.5_169.8	3000058420	-43.4669	169.7577
grid_-43.5_169.8	3000058430	-43.4518	169.7701
grid_-43.4_169.8	3000058440	-43.439	169.7854
grid_-43.4_169.8	3000058450	-43.4226	169.7929
grid_-43.4_169.8	3000058460	-43.4186	169.8134
grid_-43.4_169.8	3000058470	-43.4049	169.8305
grid_-43.4_169.8	3000058480	-43.3966	169.8482
grid_-43.4_169.9	3000058490	-43.396	169.8722
grid_-43.4_169.9	3000058500	-43.3907	169.8957
grid_-43.4_169.9	3000058510	-43.3893	169.9191
grid_-43.4_169.9	3000058520	-43.3803	169.94
grid_-43.4_170.0	3000058530	-43.3691	169.9599
grid_-43.4_170.0	3000058540	-43.3598	169.9773
grid_-43.3_170.0	3000058550	-43.3454	169.9955
grid_-43.3_170.0	3000058560	-43.3323	170.0119
grid_-43.3_170.0	3000058570	-43.3157	170.0265
grid_-43.3_170.0	3000058580	-43.3034	170.0376
grid_-43.3_170.0	3000058590	-43.2879	170.0494
grid_-43.3_170.1	3000058600	-43.2813	170.0704
grid_-43.3_170.1	3000058610	-43.2703	170.0893
grid_-43.3_170.1	3000058620	-43.2575	170.1065
grid_-43.2_170.1	3000058630	-43.2439	170.1221
grid_-43.2_170.1	3000058640	-43.2298	170.136
grid_-43.2_170.2	3000058650	-43.2224	170.1573
grid_-43.2_170.2	3000058660	-43.2106	170.1745
grid_-43.2_170.2	3000058670	-43.1959	170.1893
grid_-43.2_170.2	3000058680	-43.1813	170.2029
grid_-43.2_170.2	3000058690	-43.1653	170.215
grid_-43.2_170.2	3000058700	-43.1509	170.224
grid_-43.1_170.2	3000058710	-43.1371	170.2396
grid_-43.1_170.3	3000058720	-43.1208	170.2503
grid_-43.1_170.3	3000058730	-43.1078	170.2632
grid_-43.1_170.3	3000058740	-43.1086	170.2867
grid_-43.1_170.3	3000058750	-43.1041	170.3101
grid_-43.1_170.3	3000058760	-43.0981	170.3327
grid_-43.1_170.4	3000058770	-43.0914	170.3544
grid_-43.1_170.4	3000058780	-43.0796	170.3713
grid_-43.1_170.4	3000058790	-43.0649	170.3874
grid_-43.1_170.4	3000058800	-43.0512	170.4019
grid_-43.0_170.4	3000058810	-43.0384	170.4173
grid_-43.0_170.4	3000058820	-43.0316	170.4378
grid_-43.0_170.5	3000058830	-43.0229	170.4604
grid_-43.0_170.5	3000058840	-43.0198	170.4835
grid_-43.0_170.5	3000058850	-43.0184	170.5045
grid_-43.0_170.5	3000058860	-43.0163	170.5288
grid_-43.0_170.6	3000058870	-43.0083	170.5508
grid_-43.0_170.6	3000058880	-43.0021	170.5754
grid_-43.0_170.6	3000058890	-42.9938	170.5949
grid_-43.0_170.6	3000058900	-42.9836	170.6149
grid_-43.0_170.6	3000058910	-42.9724	170.6343
grid_-43.0_170.7	3000058920	-42.9607	170.6524
grid_-43.0_170.7	3000058930	-42.9509	170.6733
grid_-42.9_170.7	3000058940	-42.9414	170.6922
grid_-42.9_170.7	3000058950	-42.9329	170.7136
grid_-42.9_170.7	3000058960	-42.9221	170.7332
grid_-42.9_170.8	3000058970	-42.9081	170.7504
grid_-42.9_170.8	3000058980	-42.8975	170.7684
grid_-42.9_170.8	3000058990	-42.8877	170.7887
grid_-42.9_170.8	3000059000	-42.8746	170.8051
grid_-42.9_170.8	3000059010	-42.8607	170.8203
grid_-42.8_170.8	3000059020	-42.847	170.8346
grid_-42.8_170.9	3000059030	-42.8357	170.8542
grid_-42.8_170.9	3000059040	-42.8217	170.8693
grid_-42.8_170.9	3000059050	-42.8044	170.8821
grid_-42.8_170.9	3000059060	-42.7898	170.8916
grid_-42.8_170.9	3000059070	-42.7747	170.9017
grid_-42.8_170.9	3000059080	-42.759	170.9164
grid_-42.7_170.9	3000059090	-42.746	170.9281
grid_-42.7_170.9	3000059100	-42.7291	170.9427
grid_-42.7_171.0	3000059110	-42.7172	170.9589
grid_-42.7_171.0	3000059120	-42.7041	170.9755
grid_-42.7_171.0	3000059130	-42.6904	170.9923
grid_-42.7_171.0	3000059140	-42.6765	171.0073
grid_-42.7_171.0	3000059150	-42.6632	171.0242
grid_-42.7_171.0	3000059160	-42.6541	171.0457
grid_-42.6_171.1	3000059170	-42.6411	171.06
grid_-42.6_171.1	3000059180	-42.6263	171.074
grid_-42.6_171.1	3000059190	-42.6108	171.088
grid_-42.6_171.1	3000059200	-42.596	171.0998
grid_-42.6_171.1	3000059210	-42.5796	171.1117
grid_-42.6_171.1	3000059220	-42.5663	171.1247
grid_-42.6_171.1	3000059230	-42.5506	171.1374
grid_-42.5_171.1	3000059240	-42.5332	171.1497
grid_-42.5_171.2	3000059250	-42.5193	171.1601
grid_-42.5_171.2	3000059260	-42.502	171.169
grid_-42.5_171.2	3000059270	-42.4854	171.1778
grid_-42.5_171.2	3000059280	-42.4679	171.1856
grid_-42.4_171.2	3000059290	-42.4499	171.1912
grid_-42.4_171.2	3000059300	-42.4389	171.1962
grid_-42.4_171.2	3000059310	-42.4228	171.2069
grid_-42.4_171.2	3000059320	-42.4055	171.2123
grid_-42.4_171.2	3000059330	-42.3881	171.2172
grid_-42.4_171.2	3000059340	-42.3809	171.2289
grid_-42.4_171.2	3000059350	-42.3682	171.2442
grid_-42.4_171.3	3000059360	-42.3514	171.2518
grid_-42.3_171.3	3000059370	-42.3355	171.2601
grid_-42.3_171.3	3000059380	-42.3211	171.2715
grid_-42.3_171.3	3000059390	-42.3064	171.2832
grid_-42.3_171.3	3000059400	-42.2899	171.2892
grid_-42.3_171.3	3000059410	-42.2755	171.3005
grid_-42.3_171.3	3000059420	-42.2584	171.3071
grid_-42.2_171.3	3000059430	-42.2405	171.3092
grid_-42.2_171.3	3000059440	-42.2238	171.3123
grid_-42.2_171.3	3000059450	-42.2052	171.3141
grid_-42.2_171.3	3000059460	-42.188	171.3157
grid_-42.2_171.3	3000059470	-42.1681	171.3192
grid_-42.2_171.3	3000059480	-42.1518	171.3214
grid_-42.1_171.3	3000059490	-42.134	171.3275
grid_-42.1_171.3	3000059500	-42.1177	171.3291
grid_-42.1_171.3	3000059510	-42.1081	171.3342
grid_-42.1_171.3	3000059520	-42.092	171.3383
grid_-42.1_171.3	3000059530	-42.0847	171.3462
grid_-42.1_171.4	3000059540	-42.0734	171.3577
grid_-42.1_171.4	3000059550	-42.0606	171.3637
grid_-42.0_171.4	3000059560	-42.0421	171.3671
grid_-42.0_171.4	3000059570	-42.0342	171.3724
grid_-42.0_171.4	3000059580	-42.026	171.389
grid_-42.0_171.4	3000059590	-42.0076	171.3963
grid_-42.0_171.4	3000059600	-41.9963	171.3971
grid_-42.0_171.4	3000059610	-41.9827	171.4023
grid_-42.0_171.4	3000059620	-41.9681	171.4069
grid_-42.0_171.4	3000059630	-41.9539	171.4106
grid_-41.9_171.4	3000059640	-41.9371	171.4132
grid_-41.9_171.4	3000059650	-41.923	171.4156
grid_-41.9_171.4	3000059660	-41.9099	171.4255
grid_-41.9_171.4	3000059670	-41.9019	171.4342
grid_-41.9_171.4	3000059680	-41.8968	171.4439
grid_-41.9_171.5	3000059690	-41.8878	171.4554
grid_-41.9_171.5	3000059700	-41.8701	171.4584
grid_-41.9_171.5	3000059710	-41.8537	171.4597
grid_-41.8_171.5	3000059720	-41.836	171.4594
grid_-41.8_171.5	3000059730	-41.8176	171.46
grid_-41.8_171.5	3000059740	-41.8031	171.4583
grid_-41.8_171.5	3000059750	-41.7848	171.4568
grid_-41.8_171.5	3000059760	-41.7735	171.4535
grid_-41.8_171.5	3000059770	-41.764	171.4558
grid_-41.8_171.5	3000059780	-41.7529	171.4584
grid_-41.7_171.5	3000059790	-41.7485	171.4723
grid_-41.7_171.5	3000059800	-41.7457	171.4933
grid_-41.7_171.5	3000059810	-41.7495	171.5148
grid_-41.8_171.5	3000059820	-41.7507	171.5381
grid_-41.7_171.6	3000059830	-41.7446	171.5604
grid_-41.7_171.6	3000059840	-41.7341	171.5786
grid_-41.7_171.6	3000059850	-41.7306	171.5946
grid_-41.7_171.6	3000059860	-41.7348	171.6173
grid_-41.7_171.6	3000059870	-41.7376	171.6414
grid_-41.7_171.7	3000059880	-41.7383	171.6648
grid_-41.7_171.7	3000059890	-41.732	171.6868
grid_-41.7_171.7	3000059900	-41.7228	171.7073
grid_-41.7_171.7	3000059910	-41.7119	171.7261
grid_-41.7_171.7	3000059920	-41.6993	171.7427
grid_-41.7_171.8	3000059930	-41.6871	171.7586
grid_-41.7_171.8	3000059940	-41.6755	171.7778
grid_-41.7_171.8	3000059950	-41.6655	171.7956
grid_-41.7_171.8	3000059960	-41.6546	171.8167
grid_-41.6_171.8	3000059970	-41.6434	171.8334
grid_-41.6_171.9	3000059980	-41.63	171.8507
grid_-41.6_171.9	3000059990	-41.6158	171.8659