AUCKLAND_II	150	-36.84	174.77
BLUFF	213	-46.6	168.35
AUCKLAND-WAITEMATA_HARBOUR	217	-36.84	174.77
WELLINGTON_HARBOUR	221	-41.28	174.78
PORT_LYTTELTON	247	-43.61	172.72
LYTTELTON_II	259	-43.61	172.72
WELLINGTON_II	500	-41.28	174.78
NELSON	787	-41.26	173.27
PORT_TARANAKI	996	-39.06	174.03
TIMARU_HARBOUR	998	-44.39	171.26
WHANGAREI_HARBOUR	1065	-35.76	174.35
TAURANGA	1590	-37.64	176.18
PORT_CHALMERS	1643	-45.81	170.62
NAPIER	1750	-39.48	176.92
grid_-31.0_166.0	1012101660	-31.0	166.0
grid_-31.0_167.0	1012101670	-31.0	167.0
grid_-31.0_168.0	1012101680	-31.0	168.0
grid_-31.0_169.0	1012101690	-31.0	169.0
grid_-31.0_170.0	1012101700	-31.0	170.0
grid_-31.0_171.0	1012101710	-31.0	171.0
grid_-31.0_172.0	1012101720	-31.0	172.0
grid_-31.0_173.0	1012101730	-31.0	173.0
grid_-31.0_174.0	1012101740	-31.0	174.0
grid_-31.0_175.0	1012101750	-31.0	175.0
grid_-31.0_176.0	1012101760	-31.0	176.0
grid_-31.0_177.0	1012101770	-31.0	177.0
grid_-31.0_178.0	1012101780	-31.0	178.0
grid_-31.0_179.0	1012101790	-31.0	179.0
grid_-32.0_166.0	1012201660	-32.0	166.0
grid_-32.0_167.0	1012201670	-32.0	167.0
grid_-32.0_168.0	1012201680	-32.0	168.0
grid_-32.0_169.0	1012201690	-32.0	169.0
grid_-32.0_170.0	1012201700	-32.0	170.0
grid_-32.0_171.0	1012201710	-32.0	171.0
grid_-32.0_172.0	1012201720	-32.0	172.0
grid_-32.0_173.0	1012201730	-32.0	173.0
grid_-32.0_174.0	1012201740	-32.0	174.0
grid_-32.0_175.0	1012201750	-32.0	175.0
grid_-32.0_176.0	1012201760	-32.0	176.0
grid_-32.0_177.0	1012201770	-32.0	177.0
grid_-32.0_178.0	1012201780	-32.0	178.0
grid_-32.0_179.0	1012201790	-32.0	179.0
grid_-33.0_166.0	1012301660	-33.0	166.0
grid_-33.0_167.0	1012301670	-33.0	167.0
grid_-33.0_168.0	1012301680	-33.0	168.0
grid_-33.0_169.0	1012301690	-33.0	169.0
grid_-33.0_170.0	1012301700	-33.0	170.0
grid_-33.0_171.0	1012301710	-33.0	171.0
grid_-33.0_172.0	1012301720	-33.0	172.0
grid_-33.0_173.0	1012301730	-33.0	173.0
grid_-33.0_174.0	1012301740	-33.0	174.0
grid_-33.0_175.0	1012301750	-33.0	175.0
grid_-33.0_176.0	1012301760	-33.0	176.0
grid_-33.0_177.0	1012301770	-33.0	177.0
grid_-33.0_178.0	1012301780	-33.0	178.0
grid_-33.0_179.0	1012301790	-33.0	179.0
grid_-34.0_166.0	1012401660	-34.0	166.0
grid_-34.0_167.0	1012401670	-34.0	167.0
grid_-34.0_168.0	1012401680	-34.0	168.0
grid_-34.0_169.0	1012401690	-34.0	169.0
grid_-34.0_170.0	1012401700	-34.0	170.0
grid_-34.0_171.0	1012401710	-34.0	171.0
grid_-34.0_172.0	1012401720	-34.0	172.0
grid_-34.0_173.0	1012401730	-34.0	173.0
grid_-34.0_174.0	1012401740	-34.0	174.0
grid_-34.0_175.0	1012401750	-34.0	175.0
grid_-34.0_176.0	1012401760	-34.0	176.0
grid_-34.0_177.0	1012401770	-34.0	177.0
grid_-34.0_178.0	1012401780	-34.0	178.0
grid_-34.0_179.0	1012401790	-34.0	179.0
grid_-35.0_166.0	1012501660	-35.0	166.0
grid_-35.0_167.0	1012501670	-35.0	167.0
grid_-35.0_168.0	1012501680	-35.0	168.0
grid_-35.0_169.0	1012501690	-35.0	169.0
grid_-35.0_170.0	1012501700	-35.0	170.0
grid_-35.0_171.0	1012501710	-35.0	171.0
grid_-35.0_172.0	1012501720	-35.0	172.0
grid_-35.0_173.0	1012501730	-35.0	173.0
grid_-35.0_174.0	1012501740	-35.0	174.0
grid_-35.0_175.0	1012501750	-35.0	175.0
grid_-35.0_176.0	1012501760	-35.0	176.0
grid_-35.0_177.0	1012501770	-35.0	177.0
grid_-35.0_178.0	1012501780	-35.0	178.0
grid_-35.0_179.0	1012501790	-35.0	179.0
grid_-36.0_166.0	1012601660	-36.0	166.0
grid_-36.0_167.0	1012601670	-36.0	167.0
grid_-36.0_168.0	1012601680	-36.0	168.0
grid_-36.0_169.0	1012601690	-36.0	169.0
grid_-36.0_170.0	1012601700	-36.0	170.0
grid_-36.0_171.0	1012601710	-36.0	171.0
grid_-36.0_172.0	1012601720	-36.0	172.0
grid_-36.0_173.0	1012601730	-36.0	173.0
grid_-36.0_174.0	1012601740	-36.0	174.0
grid_-36.0_175.0	1012601750	-36.0	175.0
grid_-36.0_176.0	1012601760	-36.0	176.0
grid_-36.0_177.0	1012601770	-36.0	177.0
grid_-36.0_178.0	1012601780	-36.0	178.0
grid_-36.0_179.0	1012601790	-36.0	179.0
grid_-37.0_166.0	1012701660	-37.0	166.0
grid_-37.0_167.0	1012701670	-37.0	167.0
grid_-37.0_168.0	1012701680	-37.0	168.0
grid_-37.0_169.0	1012701690	-37.0	169.0
grid_-37.0_170.0	1012701700	-37.0	170.0
grid_-37.0_171.0	1012701710	-37.0	171.0
grid_-37.0_172.0	1012701720	-37.0	172.0
grid_-37.0_173.0	1012701730	-37.0	173.0
grid_-37.0_174.0	1012701740	-37.0	174.0
grid_-37.0_175.0	1012701750	-37.0	175.0
grid_-37.0_176.0	1012701760	-37.0	176.0
grid_-37.0_177.0	1012701770	-37.0	177.0
grid_-37.0_178.0	1012701780	-37.0	178.0
grid_-37.0_179.0	1012701790	-37.0	179.0
grid_-38.0_166.0	1012801660	-38.0	166.0
grid_-38.0_167.0	1012801670	-38.0	167.0
grid_-38.0_168.0	1012801680	-38.0	168.0
grid_-38.0_169.0	1012801690	-38.0	169.0
grid_-38.0_170.0	1012801700	-38.0	170.0
grid_-38.0_171.0	1012801710	-38.0	171.0
grid_-38.0_172.0	1012801720	-38.0	172.0
grid_-38.0_173.0	1012801730	-38.0	173.0
grid_-38.0_174.0	1012801740	-38.0	174.0
grid_-38.0_175.0	1012801750	-38.0	175.0
grid_-38.0_176.0	1012801760	-38.0	176.0
grid_-38.0_177.0	1012801770	-38.0	177.0
grid_-38.0_178.0	1012801780	-38.0	178.0
grid_-38.0_179.0	1012801790	-38.0	179.0
grid_-39.0_166.0	1012901660	-39.0	166.0
grid_-39.0_167.0	1012901670	-39.0	167.0
grid_-39.0_168.0	1012901680	-39.0	168.0
grid_-39.0_169.0	1012901690	-39.0	169.0
grid_-39.0_170.0	1012901700	-39.0	170.0
grid_-39.0_171.0	1012901710	-39.0	171.0
grid_-39.0_172.0	1012901720	-39.0	172.0
grid_-39.0_173.0	1012901730	-39.0	173.0
grid_-39.0_174.0	1012901740	-39.0	174.0
grid_-39.0_175.0	1012901750	-39.0	175.0
grid_-39.0_176.0	1012901760	-39.0	176.0
grid_-39.0_177.0	1012901770	-39.0	177.0
grid_-39.0_178.0	1012901780	-39.0	178.0
grid_-39.0_179.0	1012901790	-39.0	179.0
grid_-40.0_166.0	1013001660	-40.0	166.0
grid_-40.0_167.0	1013001670	-40.0	167.0
grid_-40.0_168.0	1013001680	-40.0	168.0
grid_-40.0_169.0	1013001690	-40.0	169.0
grid_-40.0_170.0	1013001700	-40.0	170.0
grid_-40.0_171.0	1013001710	-40.0	171.0
grid_-40.0_172.0	1013001720	-40.0	172.0
grid_-40.0_173.0	1013001730	-40.0	173.0
grid_-40.0_174.0	1013001740	-40.0	174.0
grid_-40.0_175.0	1013001750	-40.0	175.0
grid_-40.0_176.0	1013001760	-40.0	176.0
grid_-40.0_177.0	1013001770	-40.0	177.0
grid_-40.0_178.0	1013001780	-40.0	178.0
grid_-40.0_179.0	1013001790	-40.0	179.0
grid_-41.0_166.0	1013101660	-41.0	166.0
grid_-41.0_167.0	1013101670	-41.0	167.0
grid_-41.0_168.0	1013101680	-41.0	168.0
grid_-41.0_169.0	1013101690	-41.0	169.0
grid_-41.0_170.0	1013101700	-41.0	170.0
grid_-41.0_171.0	1013101710	-41.0	171.0
grid_-41.0_172.0	1013101720	-41.0	172.0
grid_-41.0_173.0	1013101730	-41.0	173.0
grid_-41.0_174.0	1013101740	-41.0	174.0
grid_-41.0_175.0	1013101750	-41.0	175.0
grid_-41.0_176.0	1013101760	-41.0	176.0
grid_-41.0_177.0	1013101770	-41.0	177.0
grid_-41.0_178.0	1013101780	-41.0	178.0
grid_-41.0_179.0	1013101790	-41.0	179.0
grid_-42.0_166.0	1013201660	-42.0	166.0
grid_-42.0_167.0	1013201670	-42.0	167.0
grid_-42.0_168.0	1013201680	-42.0	168.0
grid_-42.0_169.0	1013201690	-42.0	169.0
grid_-42.0_170.0	1013201700	-42.0	170.0
grid_-42.0_171.0	1013201710	-42.0	171.0
grid_-42.0_172.0	1013201720	-42.0	172.0
grid_-42.0_173.0	1013201730	-42.0	173.0
grid_-42.0_174.0	1013201740	-42.0	174.0
grid_-42.0_175.0	1013201750	-42.0	175.0
grid_-42.0_176.0	1013201760	-42.0	176.0
grid_-42.0_177.0	1013201770	-42.0	177.0
grid_-42.0_178.0	1013201780	-42.0	178.0
grid_-42.0_179.0	1013201790	-42.0	179.0
grid_-43.0_166.0	1013301660	-43.0	166.0
grid_-43.0_167.0	1013301670	-43.0	167.0
grid_-43.0_168.0	1013301680	-43.0	168.0
grid_-43.0_169.0	1013301690	-43.0	169.0
grid_-43.0_170.0	1013301700	-43.0	170.0
grid_-43.0_171.0	1013301710	-43.0	171.0
grid_-43.0_172.0	1013301720	-43.0	172.0
grid_-43.0_173.0	1013301730	-43.0	173.0
grid_-43.0_174.0	1013301740	-43.0	174.0
grid_-43.0_175.0	1013301750	-43.0	175.0
grid_-43.0_176.0	1013301760	-43.0	176.0
grid_-43.0_177.0	1013301770	-43.0	177.0
grid_-43.0_178.0	1013301780	-43.0	178.0
grid_-43.0_179.0	1013301790	-43.0	179.0
grid_-44.0_166.0	1013401660	-44.0	166.0
grid_-44.0_167.0	1013401670	-44.0	167.0
grid_-44.0_168.0	1013401680	-44.0	168.0
grid_-44.0_169.0	1013401690	-44.0	169.0
grid_-44.0_170.0	1013401700	-44.0	170.0
grid_-44.0_171.0	1013401710	-44.0	171.0
grid_-44.0_172.0	1013401720	-44.0	172.0
grid_-44.0_173.0	1013401730	-44.0	173.0
grid_-44.0_174.0	1013401740	-44.0	174.0
grid_-44.0_175.0	1013401750	-44.0	175.0
grid_-44.0_176.0	1013401760	-44.0	176.0
grid_-44.0_177.0	1013401770	-44.0	177.0
grid_-44.0_178.0	1013401780	-44.0	178.0
grid_-44.0_179.0	1013401790	-44.0	179.0
grid_-45.0_166.0	1013501660	-45.0	166.0
grid_-45.0_167.0	1013501670	-45.0	167.0
grid_-45.0_168.0	1013501680	-45.0	168.0
grid_-45.0_169.0	1013501690	-45.0	169.0
grid_-45.0_170.0	1013501700	-45.0	170.0
grid_-45.0_171.0	1013501710	-45.0	171.0
grid_-45.0_172.0	1013501720	-45.0	172.0
grid_-45.0_173.0	1013501730	-45.0	173.0
grid_-45.0_174.0	1013501740	-45.0	174.0
grid_-45.0_175.0	1013501750	-45.0	175.0
grid_-45.0_176.0	1013501760	-45.0	176.0
grid_-45.0_177.0	1013501770	-45.0	177.0
grid_-45.0_178.0	1013501780	-45.0	178.0
grid_-45.0_179.0	1013501790	-45.0	179.0
grid_-46.0_166.0	1013601660	-46.0	166.0
grid_-46.0_167.0	1013601670	-46.0	167.0
grid_-46.0_168.0	1013601680	-46.0	168.0
grid_-46.0_169.0	1013601690	-46.0	169.0
grid_-46.0_170.0	1013601700	-46.0	170.0
grid_-46.0_171.0	1013601710	-46.0	171.0
grid_-46.0_172.0	1013601720	-46.0	172.0
grid_-46.0_173.0	1013601730	-46.0	173.0
grid_-46.0_174.0	1013601740	-46.0	174.0
grid_-46.0_175.0	1013601750	-46.0	175.0
grid_-46.0_176.0	1013601760	-46.0	176.0
grid_-46.0_177.0	1013601770	-46.0	177.0
grid_-46.0_178.0	1013601780	-46.0	178.0
grid_-46.0_179.0	1013601790	-46.0	179.0
grid_-47.0_166.0	1013701660	-47.0	166.0
grid_-47.0_167.0	1013701670	-47.0	167.0
grid_-47.0_168.0	1013701680	-47.0	168.0
grid_-47.0_169.0	1013701690	-47.0	169.0
grid_-47.0_170.0	1013701700	-47.0	170.0
grid_-47.0_171.0	1013701710	-47.0	171.0
grid_-47.0_172.0	1013701720	-47.0	172.0
grid_-47.0_173.0	1013701730	-47.0	173.0
grid_-47.0_174.0	1013701740	-47.0	174.0
grid_-47.0_175.0	1013701750	-47.0	175.0
grid_-47.0_176.0	1013701760	-47.0	176.0
grid_-47.0_177.0	1013701770	-47.0	177.0
grid_-47.0_178.0	1013701780	-47.0	178.0
grid_-47.0_179.0	1013701790	-47.0	179.0
grid_-48.0_166.0	1013801660	-48.0	166.0
grid_-48.0_167.0	1013801670	-48.0	167.0
grid_-48.0_168.0	1013801680	-48.0	168.0
grid_-48.0_169.0	1013801690	-48.0	169.0
grid_-48.0_170.0	1013801700	-48.0	170.0
grid_-48.0_171.0	1013801710	-48.0	171.0
grid_-48.0_172.0	1013801720	-48.0	172.0
grid_-48.0_173.0	1013801730	-48.0	173.0
grid_-48.0_174.0	1013801740	-48.0	174.0
grid_-48.0_175.0	1013801750	-48.0	175.0
grid_-48.0_176.0	1013801760	-48.0	176.0
grid_-48.0_177.0	1013801770	-48.0	177.0
grid_-48.0_178.0	1013801780	-48.0	178.0
grid_-48.0_179.0	1013801790	-48.0	179.0
grid_-49.0_166.0	1013901660	-49.0	166.0
grid_-49.0_167.0	1013901670	-49.0	167.0
grid_-49.0_168.0	1013901680	-49.0	168.0
grid_-49.0_169.0	1013901690	-49.0	169.0
grid_-49.0_170.0	1013901700	-49.0	170.0
grid_-49.0_171.0	1013901710	-49.0	171.0
grid_-49.0_172.0	1013901720	-49.0	172.0
grid_-49.0_173.0	1013901730	-49.0	173.0
grid_-49.0_174.0	1013901740	-49.0	174.0
grid_-49.0_175.0	1013901750	-49.0	175.0
grid_-49.0_176.0	1013901760	-49.0	176.0
grid_-49.0_177.0	1013901770	-49.0	177.0
grid_-49.0_178.0	1013901780	-49.0	178.0
grid_-49.0_179.0	1013901790	-49.0	179.0
