grid_-36.7_174.7	3000010000	-36.6744	174.7054
grid_-36.7_174.7	3000010010	-36.6799	174.7089
grid_-36.7_174.7	3000010020	-36.6727	174.7231
grid_-36.7_174.7	3000010030	-36.6701	174.7309
grid_-36.7_174.7	3000010040	-36.6617	174.7451
grid_-36.7_174.7	3000010050	-36.6767	174.7484
grid_-36.7_174.8	3000010060	-36.6899	174.7543
grid_-36.7_174.8	3000010070	-36.7	174.7558
grid_-36.7_174.8	3000010080	-36.7108	174.7518
grid_-36.7_174.8	3000010090	-36.7251	174.7541
grid_-36.7_174.8	3000010100	-36.7394	174.7569
grid_-36.8_174.8	3000010110	-36.7539	174.7649
grid_-36.8_174.8	3000010120	-36.7672	174.7687
grid_-36.8_174.8	3000010130	-36.7813	174.777
grid_-36.8_174.8	3000010140	-36.7948	174.7839
grid_-36.8_174.8	3000010150	-36.8077	174.7976
grid_-36.8_174.8	3000010160	-36.8201	174.8065
grid_-36.8_174.8	3000010170	-36.8281	174.8076
grid_-36.8_174.8	3000010180	-36.8308	174.7887
grid_-36.8_174.8	3000010190	-36.8293	174.7728
grid_-36.8_174.8	3000010200	-36.8232	174.7853
grid_-36.8_174.8	3000010210	-36.8173	174.7942
grid_-36.8_174.8	3000010220	-36.8144	174.785
grid_-36.8_174.8	3000010230	-36.8219	174.7665
grid_-36.8_174.8	3000010240	-36.8121	174.7781
grid_-36.8_174.8	3000010250	-36.8035	174.7808
grid_-36.8_174.8	3000010260	-36.7999	174.7689
grid_-36.8_174.8	3000010270	-36.7944	174.7691
grid_-36.8_174.8	3000010280	-36.7974	174.7641
grid_-36.8_174.8	3000010290	-36.8026	174.757
grid_-36.8_174.8	3000010300	-36.8058	174.7574
grid_-36.8_174.8	3000010310	-36.8143	174.7523
grid_-36.8_174.7	3000010320	-36.8119	174.7493
grid_-36.8_174.7	3000010330	-36.8262	174.7496
grid_-36.8_174.7	3000010340	-36.8174	174.7393
grid_-36.8_174.7	3000010350	-36.8179	174.7277
grid_-36.8_174.7	3000010360	-36.8252	174.7131
grid_-36.8_174.7	3000010370	-36.8225	174.6971
grid_-36.8_174.7	3000010380	-36.8128	174.6958
grid_-36.8_174.7	3000010390	-36.8057	174.6868
grid_-36.8_174.7	3000010400	-36.793	174.681
grid_-36.8_174.7	3000010410	-36.7872	174.6863
grid_-36.8_174.7	3000010420	-36.7866	174.6969
grid_-36.8_174.7	3000010430	-36.7905	174.7061
grid_-36.8_174.7	3000010440	-36.7817	174.6994
grid_-36.8_174.7	3000010450	-36.7751	174.6988
grid_-36.8_174.7	3000010460	-36.7818	174.6829
grid_-36.8_174.7	3000010470	-36.7828	174.67
grid_-36.8_174.7	3000010480	-36.7704	174.6635
grid_-36.8_174.7	3000010490	-36.7647	174.6716
grid_-36.8_174.7	3000010500	-36.7634	174.6826
grid_-36.8_174.7	3000010510	-36.7513	174.6773
grid_-36.7_174.7	3000010520	-36.7408	174.6827
grid_-36.7_174.7	3000010530	-36.7447	174.6784
grid_-36.8_174.7	3000010540	-36.7576	174.6701
grid_-36.8_174.7	3000010550	-36.7669	174.6637
grid_-36.8_174.6	3000010560	-36.7661	174.6484
grid_-36.8_174.6	3000010570	-36.7709	174.6356
grid_-36.8_174.6	3000010580	-36.7633	174.6364
grid_-36.8_174.6	3000010590	-36.7525	174.637
grid_-36.8_174.6	3000010600	-36.7633	174.6318
grid_-36.8_174.6	3000010610	-36.7705	174.6246
grid_-36.8_174.6	3000010620	-36.7709	174.6092
grid_-36.8_174.6	3000010630	-36.7601	174.6014
grid_-36.8_174.6	3000010640	-36.7633	174.5989
grid_-36.8_174.6	3000010650	-36.769	174.6023
grid_-36.8_174.6	3000010660	-36.7791	174.6011
grid_-36.8_174.6	3000010670	-36.7905	174.5919
grid_-36.8_174.6	3000010680	-36.7947	174.6023
grid_-36.8_174.6	3000010690	-36.7798	174.6026
grid_-36.8_174.6	3000010700	-36.7753	174.6182
grid_-36.8_174.6	3000010710	-36.7766	174.6233
grid_-36.8_174.6	3000010720	-36.7752	174.638
grid_-36.8_174.6	3000010730	-36.7803	174.6459
grid_-36.8_174.6	3000010740	-36.7913	174.6402
grid_-36.8_174.6	3000010750	-36.7897	174.6454
grid_-36.8_174.7	3000010760	-36.7881	174.659
grid_-36.8_174.7	3000010770	-36.7861	174.665
grid_-36.8_174.7	3000010780	-36.7939	174.6739
grid_-36.8_174.7	3000010790	-36.7996	174.6697
grid_-36.8_174.7	3000010800	-36.8074	174.6666
grid_-36.8_174.6	3000010810	-36.8024	174.649
grid_-36.8_174.6	3000010820	-36.8119	174.643
grid_-36.8_174.6	3000010830	-36.8236	174.6356
grid_-36.8_174.6	3000010840	-36.8309	174.6371
grid_-36.8_174.6	3000010850	-36.8399	174.6293
grid_-36.8_174.6	3000010860	-36.8477	174.6267
grid_-36.9_174.6	3000010870	-36.8533	174.6218
grid_-36.9_174.6	3000010880	-36.8508	174.6264
grid_-36.8_174.6	3000010890	-36.8474	174.6348
grid_-36.9_174.6	3000010900	-36.8555	174.6393
grid_-36.8_174.6	3000010910	-36.8486	174.644
grid_-36.8_174.6	3000010920	-36.8395	174.6328
grid_-36.8_174.6	3000010930	-36.8297	174.643
grid_-36.8_174.7	3000010940	-36.8272	174.6541
grid_-36.8_174.7	3000010950	-36.8415	174.6612
grid_-36.9_174.7	3000010960	-36.8582	174.657
grid_-36.9_174.7	3000010970	-36.8684	174.6546
grid_-36.9_174.7	3000010980	-36.8783	174.6553
grid_-36.9_174.7	3000010990	-36.8836	174.6611
grid_-36.9_174.7	3000011000	-36.8946	174.6598
grid_-36.9_174.7	3000011010	-36.8899	174.6682
grid_-36.9_174.7	3000011020	-36.8987	174.676
grid_-36.9_174.7	3000011030	-36.9002	174.6806
grid_-36.9_174.7	3000011040	-36.899	174.6845
grid_-36.9_174.7	3000011050	-36.8907	174.6753
grid_-36.9_174.7	3000011060	-36.88	174.6678
grid_-36.9_174.7	3000011070	-36.8696	174.6645
grid_-36.9_174.7	3000011080	-36.861	174.6623
grid_-36.9_174.7	3000011090	-36.8708	174.6794
grid_-36.9_174.7	3000011100	-36.8722	174.6833
grid_-36.9_174.7	3000011110	-36.8749	174.6718
grid_-36.9_174.7	3000011120	-36.8829	174.6885
grid_-36.9_174.7	3000011130	-36.8837	174.6957
grid_-36.9_174.7	3000011140	-36.8736	174.7023
grid_-36.9_174.7	3000011150	-36.8714	174.6969
grid_-36.9_174.7	3000011160	-36.8601	174.6992
grid_-36.9_174.7	3000011170	-36.856	174.7083
grid_-36.9_174.7	3000011180	-36.86	174.7112
grid_-36.9_174.7	3000011190	-36.8567	174.7163
grid_-36.9_174.7	3000011200	-36.8512	174.7219
grid_-36.8_174.7	3000011210	-36.8414	174.7326
grid_-36.8_174.7	3000011220	-36.8357	174.7483
grid_-36.8_174.7	3000011230	-36.8425	174.748
grid_-36.8_174.8	3000011240	-36.8371	174.7602
grid_-36.8_174.8	3000011250	-36.8451	174.7585
grid_-36.8_174.8	3000011260	-36.8391	174.7654
grid_-36.8_174.8	3000011270	-36.8434	174.769
grid_-36.8_174.8	3000011280	-36.8417	174.7753
grid_-36.8_174.8	3000011290	-36.8449	174.7826
grid_-36.8_174.8	3000011300	-36.8465	174.7884
grid_-36.8_174.8	3000011310	-36.8489	174.7922
grid_-36.9_174.8	3000011320	-36.8636	174.789
grid_-36.9_174.8	3000011330	-36.8642	174.8053
grid_-36.9_174.8	3000011340	-36.8589	174.8041
grid_-36.9_174.8	3000011350	-36.8657	174.818
grid_-36.9_174.8	3000011360	-36.8682	174.817
grid_-36.9_174.8	3000011370	-36.8707	174.8192
grid_-36.9_174.8	3000011380	-36.8645	174.8298
grid_-36.9_174.8	3000011390	-36.8603	174.811
grid_-36.8_174.8	3000011400	-36.8497	174.8108
grid_-36.8_174.8	3000011410	-36.8445	174.8234
grid_-36.8_174.8	3000011420	-36.8496	174.8428
grid_-36.8_174.9	3000011430	-36.8462	174.8617
grid_-36.9_174.9	3000011440	-36.8506	174.8781
grid_-36.9_174.9	3000011450	-36.865	174.8799
grid_-36.9_174.9	3000011460	-36.8709	174.8853
grid_-36.9_174.9	3000011470	-36.8741	174.8781
grid_-36.9_174.9	3000011480	-36.8816	174.8753
grid_-36.9_174.9	3000011490	-36.8955	174.8683
grid_-36.9_174.9	3000011500	-36.9071	174.8584
grid_-36.9_174.8	3000011510	-36.9066	174.8441
grid_-36.9_174.9	3000011520	-36.9123	174.8561
grid_-36.9_174.9	3000011530	-36.9168	174.8539
grid_-36.9_174.9	3000011540	-36.9291	174.8592
grid_-36.9_174.9	3000011550	-36.9337	174.857
grid_-36.9_174.9	3000011560	-36.9313	174.8605
grid_-36.9_174.9	3000011570	-36.9417	174.8565
grid_-36.9_174.9	3000011580	-36.9484	174.8537
grid_-37.0_174.8	3000011590	-36.9567	174.8487
grid_-37.0_174.8	3000011600	-36.965	174.8445
grid_-37.0_174.9	3000011610	-36.9541	174.854
grid_-37.0_174.9	3000011620	-36.951	174.8547
grid_-37.0_174.9	3000011630	-36.9507	174.8682
grid_-36.9_174.9	3000011640	-36.9482	174.8785
grid_-36.9_174.9	3000011650	-36.949	174.88
grid_-36.9_174.9	3000011660	-36.9457	174.8737
grid_-36.9_174.9	3000011670	-36.9433	174.8638
grid_-36.9_174.9	3000011680	-36.9365	174.8724
grid_-36.9_174.9	3000011690	-36.929	174.8693
grid_-36.9_174.9	3000011700	-36.9294	174.8782
grid_-36.9_174.9	3000011710	-36.9292	174.8877
grid_-36.9_174.9	3000011720	-36.9245	174.8924
grid_-36.9_174.9	3000011730	-36.9183	174.8976
grid_-36.9_174.9	3000011740	-36.9267	174.9031
grid_-36.9_174.9	3000011750	-36.9184	174.9029
grid_-36.9_174.9	3000011760	-36.9171	174.8977
grid_-36.9_174.9	3000011770	-36.9222	174.8897
grid_-36.9_174.9	3000011780	-36.9254	174.8799
grid_-36.9_174.9	3000011790	-36.9203	174.8745
grid_-36.9_174.9	3000011800	-36.9179	174.8629
grid_-36.9_174.9	3000011810	-36.914	174.8601
grid_-36.9_174.9	3000011820	-36.9094	174.8642
grid_-36.9_174.9	3000011830	-36.9058	174.8727
grid_-36.9_174.9	3000011840	-36.8937	174.88
grid_-36.9_174.9	3000011850	-36.8938	174.8943
grid_-36.9_174.9	3000011860	-36.8866	174.891
grid_-36.9_174.9	3000011870	-36.8787	174.9021
grid_-36.9_174.9	3000011880	-36.8655	174.9015
grid_-36.8_174.9	3000011890	-36.8483	174.9
grid_-36.9_174.9	3000011900	-36.8594	174.9052
grid_-36.9_174.9	3000011910	-36.8747	174.9155
grid_-36.9_174.9	3000011920	-36.8841	174.9317
grid_-36.9_174.9	3000011930	-36.8941	174.9473
grid_-36.9_175.0	3000011940	-36.9065	174.9548
grid_-36.9_174.9	3000011950	-36.9164	174.94
grid_-36.9_174.9	3000011960	-36.9181	174.9411
grid_-36.9_174.9	3000011970	-36.9189	174.9486
grid_-36.9_175.0	3000011980	-36.917	174.9607
grid_-36.9_175.0	3000011990	-36.9303	174.9604
grid_-36.9_175.0	3000012000	-36.9351	174.9648
grid_-36.9_175.0	3000012010	-36.9434	174.9666
grid_-36.9_175.0	3000012020	-36.9355	174.9717
grid_-36.9_175.0	3000012030	-36.9239	174.9674
grid_-36.9_175.0	3000012040	-36.914	174.9689
grid_-36.9_175.0	3000012050	-36.91	174.9845
grid_-36.9_175.0	3000012060	-36.9172	174.9926
grid_-36.9_175.0	3000012070	-36.9208	174.9926
grid_-36.9_175.0	3000012080	-36.9178	174.9977
grid_-36.9_175.0	3000012090	-36.9128	174.998
grid_-36.9_175.0	3000012100	-36.9014	174.9882
grid_-36.9_175.0	3000012110	-36.8907	174.9865
grid_-36.9_175.0	3000012120	-36.8811	174.9883
grid_-36.9_175.0	3000012130	-36.879	175.0061
grid_-36.9_175.0	3000012140	-36.8773	175.0202
grid_-36.9_175.0	3000012150	-36.8756	175.0396
grid_-36.9_175.1	3000012160	-36.8827	175.0554
grid_-36.9_175.1	3000012170	-36.8983	175.0631
grid_-36.9_175.1	3000012180	-36.9034	175.0806
grid_-36.9_175.1	3000012190	-36.9011	175.0985
grid_-36.9_175.1	3000012200	-36.9105	175.083
grid_-36.9_175.1	3000012210	-36.9228	175.0785
grid_-36.9_175.1	3000012220	-36.9334	175.0834
grid_-36.9_175.1	3000012230	-36.945	175.0825
grid_-36.9_175.1	3000012240	-36.9494	175.0762
grid_-37.0_175.1	3000012250	-36.9603	175.0669
grid_-37.0_175.1	3000012260	-36.9621	175.0585
grid_-37.0_175.1	3000012270	-36.9666	175.0529
grid_-37.0_175.1	3000012280	-36.9626	175.0666
grid_-37.0_175.1	3000012290	-36.9582	175.0796
grid_-37.0_175.1	3000012300	-36.9626	175.0834
grid_-37.0_175.1	3000012310	-36.9551	175.0824
grid_-36.9_175.1	3000012320	-36.9465	175.0916
grid_-36.9_175.1	3000012330	-36.9455	175.0994
grid_-36.9_175.1	3000012340	-36.9497	175.1126
grid_-36.9_175.1	3000012350	-36.9423	175.1169
grid_-36.9_175.1	3000012360	-36.9388	175.1313
grid_-36.9_175.1	3000012370	-36.9284	175.1407
grid_-36.9_175.1	3000012380	-36.9404	175.147
grid_-36.9_175.2	3000012390	-36.9496	175.1546
grid_-36.9_175.2	3000012400	-36.9473	175.1712
grid_-36.9_175.2	3000012410	-36.9372	175.1834
grid_-36.9_175.2	3000012420	-36.9351	175.1958
grid_-36.9_175.2	3000012430	-36.9426	175.2088
grid_-36.9_175.2	3000012440	-36.9498	175.2254
grid_-37.0_175.2	3000012450	-36.9571	175.2396
grid_-37.0_175.3	3000012460	-36.9655	175.2504
grid_-37.0_175.3	3000012470	-36.9781	175.2636
grid_-37.0_175.3	3000012480	-36.9878	175.2817
grid_-37.0_175.3	3000012490	-37.0031	175.2849
grid_-37.0_175.3	3000012500	-37.0187	175.2899
grid_-37.0_175.3	3000012510	-37.0351	175.2935
grid_-37.1_175.3	3000012520	-37.0508	175.3016
grid_-37.1_175.3	3000012530	-37.0644	175.2991
grid_-37.1_175.3	3000012540	-37.0817	175.2994
grid_-37.1_175.3	3000012550	-37.0934	175.3037
grid_-37.1_175.3	3000012560	-37.1098	175.2989
grid_-37.1_175.3	3000012570	-37.1252	175.2951
grid_-37.1_175.3	3000012580	-37.1405	175.3022
grid_-37.2_175.3	3000012590	-37.1566	175.3108
grid_-37.2_175.3	3000012600	-37.1726	175.3207
grid_-37.2_175.3	3000012610	-37.1832	175.3212
grid_-37.2_175.3	3000012620	-37.1824	175.3099
grid_-37.2_175.3	3000012630	-37.1891	175.3229
grid_-37.2_175.3	3000012640	-37.203	175.3348
grid_-37.2_175.4	3000012650	-37.2124	175.3529
grid_-37.2_175.4	3000012660	-37.2189	175.3708
grid_-37.2_175.4	3000012670	-37.2224	175.3924
grid_-37.2_175.4	3000012680	-37.2339	175.3916
grid_-37.2_175.4	3000012690	-37.2218	175.4037
grid_-37.2_175.4	3000012700	-37.2198	175.4238
grid_-37.2_175.4	3000012710	-37.216	175.4456
grid_-37.2_175.5	3000012720	-37.2081	175.4652
grid_-37.2_175.5	3000012730	-37.1979	175.4845
grid_-37.2_175.5	3000012740	-37.2013	175.5014
grid_-37.2_175.5	3000012750	-37.2143	175.4896
grid_-37.2_175.5	3000012760	-37.208	175.5001
grid_-37.2_175.5	3000012770	-37.1943	175.5023
grid_-37.2_175.5	3000012780	-37.1835	175.5074
grid_-37.2_175.5	3000012790	-37.174	175.5196
grid_-37.2_175.5	3000012800	-37.1701	175.5372
grid_-37.2_175.6	3000012810	-37.1838	175.5518
grid_-37.2_175.6	3000012820	-37.1879	175.5649
grid_-37.2_175.6	3000012830	-37.1731	175.5534
grid_-37.2_175.5	3000012840	-37.1617	175.5447
grid_-37.2_175.6	3000012850	-37.1504	175.5504
grid_-37.1_175.5	3000012860	-37.1398	175.5389
grid_-37.1_175.5	3000012870	-37.1288	175.5282
grid_-37.1_175.5	3000012880	-37.1154	175.5216
grid_-37.1_175.5	3000012890	-37.1009	175.5156
grid_-37.1_175.5	3000012900	-37.0845	175.5158
grid_-37.1_175.5	3000012910	-37.068	175.52
grid_-37.1_175.5	3000012920	-37.0514	175.5222
grid_-37.0_175.5	3000012930	-37.0357	175.5193
grid_-37.0_175.5	3000012940	-37.0195	175.5139
grid_-37.0_175.5	3000012950	-37.0037	175.5092
grid_-37.0_175.5	3000012960	-36.9877	175.5011
grid_-37.0_175.5	3000012970	-36.9754	175.5
grid_-37.0_175.5	3000012980	-36.9608	175.4888
grid_-36.9_175.5	3000012990	-36.9468	175.4756
grid_-36.9_175.5	3000013000	-36.9343	175.464
grid_-36.9_175.5	3000013010	-36.9216	175.4501
grid_-36.9_175.4	3000013020	-36.9088	175.4364
grid_-36.9_175.4	3000013030	-36.8942	175.4271
grid_-36.9_175.4	3000013040	-36.8814	175.423
grid_-36.9_175.4	3000013050	-36.8709	175.4218
grid_-36.9_175.4	3000013060	-36.8668	175.4138
grid_-36.9_175.4	3000013070	-36.8536	175.4074
grid_-36.9_175.4	3000013080	-36.8519	175.4186
grid_-36.9_175.4	3000013090	-36.8539	175.4337
grid_-36.9_175.4	3000013100	-36.8512	175.4498
grid_-36.9_175.5	3000013110	-36.8531	175.4683
grid_-36.8_175.5	3000013120	-36.8461	175.4706
grid_-36.8_175.5	3000013130	-36.8398	175.4769
grid_-36.8_175.5	3000013140	-36.8397	175.4626
grid_-36.8_175.5	3000013150	-36.843	175.4519
grid_-36.8_175.4	3000013160	-36.8378	175.4439
grid_-36.8_175.4	3000013170	-36.8408	175.4328
grid_-36.8_175.4	3000013180	-36.8293	175.4303
grid_-36.8_175.4	3000013190	-36.832	175.4457
grid_-36.8_175.5	3000013200	-36.8317	175.4574
grid_-36.8_175.5	3000013210	-36.8271	175.4603
grid_-36.8_175.4	3000013220	-36.8241	175.4451
grid_-36.8_175.4	3000013230	-36.8192	175.4357
grid_-36.8_175.4	3000013240	-36.8251	175.424
grid_-36.8_175.4	3000013250	-36.8152	175.4313
grid_-36.8_175.4	3000013260	-36.8097	175.4429
grid_-36.8_175.5	3000013270	-36.8083	175.4602
grid_-36.8_175.5	3000013280	-36.8066	175.4736
grid_-36.8_175.5	3000013290	-36.8059	175.4851
grid_-36.8_175.5	3000013300	-36.8024	175.4976
grid_-36.8_175.5	3000013310	-36.7923	175.5051
grid_-36.8_175.5	3000013320	-36.7855	175.5075
grid_-36.8_175.5	3000013330	-36.7826	175.5085
grid_-36.8_175.5	3000013340	-36.7804	175.502
grid_-36.8_175.5	3000013350	-36.7794	175.4885
grid_-36.8_175.5	3000013360	-36.7734	175.4955
grid_-36.8_175.5	3000013370	-36.763	175.4976
grid_-36.8_175.5	3000013380	-36.7627	175.4842
grid_-36.8_175.5	3000013390	-36.7526	175.4806
grid_-36.8_175.5	3000013400	-36.7534	175.4718
grid_-36.8_175.5	3000013410	-36.7658	175.4641
grid_-36.8_175.5	3000013420	-36.7659	175.4577
grid_-36.8_175.5	3000013430	-36.7529	175.4681
grid_-36.7_175.5	3000013440	-36.7438	175.4768
grid_-36.7_175.5	3000013450	-36.7351	175.4755
grid_-36.7_175.5	3000013460	-36.7306	175.4645
grid_-36.7_175.5	3000013470	-36.7255	175.4612
grid_-36.7_175.4	3000013480	-36.7267	175.4487
grid_-36.7_175.4	3000013490	-36.7273	175.4377
grid_-36.7_175.4	3000013500	-36.7163	175.4358
grid_-36.7_175.4	3000013510	-36.7067	175.4307
grid_-36.7_175.4	3000013520	-36.6932	175.4315
grid_-36.7_175.4	3000013530	-36.6778	175.44
grid_-36.7_175.4	3000013540	-36.6648	175.4453
grid_-36.6_175.4	3000013550	-36.6499	175.4451
grid_-36.6_175.4	3000013560	-36.6371	175.4392
grid_-36.6_175.4	3000013570	-36.6272	175.444
grid_-36.6_175.5	3000013580	-36.6267	175.4625
grid_-36.6_175.5	3000013590	-36.6319	175.4682
grid_-36.6_175.5	3000013600	-36.6286	175.4737
grid_-36.6_175.5	3000013610	-36.6193	175.4701
grid_-36.6_175.5	3000013620	-36.6122	175.4643
grid_-36.6_175.5	3000013630	-36.6142	175.4607
grid_-36.6_175.4	3000013640	-36.6127	175.4465
grid_-36.6_175.4	3000013650	-36.6105	175.439
grid_-36.6_175.4	3000013660	-36.6029	175.4271
grid_-36.6_175.4	3000013670	-36.5901	175.4187
grid_-36.6_175.4	3000013680	-36.5883	175.4201
grid_-36.6_175.4	3000013690	-36.5802	175.4041
grid_-36.6_175.4	3000013700	-36.574	175.3857
grid_-36.6_175.4	3000013710	-36.5661	175.3668
grid_-36.6_175.4	3000013720	-36.5551	175.3512
grid_-36.5_175.3	3000013730	-36.5427	175.3389
grid_-36.5_175.3	3000013740	-36.5282	175.3312
grid_-36.5_175.3	3000013750	-36.5136	175.3274
grid_-36.5_175.3	3000013760	-36.4988	175.3279
grid_-36.5_175.3	3000013770	-36.4861	175.3279
grid_-36.5_175.3	3000013780	-36.4847	175.3375
grid_-36.5_175.3	3000013790	-36.4729	175.3481
grid_-36.5_175.4	3000013800	-36.4711	175.3551
grid_-36.5_175.4	3000013810	-36.4688	175.3701
grid_-36.5_175.4	3000013820	-36.474	175.3883
grid_-36.5_175.4	3000013830	-36.471	175.404
grid_-36.5_175.4	3000013840	-36.4756	175.41
grid_-36.5_175.4	3000013850	-36.4854	175.4116
grid_-36.5_175.4	3000013860	-36.4946	175.4235
grid_-36.5_175.4	3000013870	-36.5034	175.4241
grid_-36.5_175.4	3000013880	-36.5085	175.4304
grid_-36.5_175.4	3000013890	-36.5035	175.4427
grid_-36.5_175.5	3000013900	-36.5146	175.4509
grid_-36.5_175.5	3000013910	-36.5258	175.458
grid_-36.5_175.5	3000013920	-36.5285	175.4695
grid_-36.5_175.5	3000013930	-36.5259	175.479
grid_-36.5_175.5	3000013940	-36.5168	175.4705
grid_-36.5_175.5	3000013950	-36.5063	175.4761
grid_-36.5_175.5	3000013960	-36.5089	175.4883
grid_-36.5_175.5	3000013970	-36.5158	175.4985
grid_-36.5_175.5	3000013980	-36.5271	175.5082
grid_-36.5_175.5	3000013990	-36.5392	175.5183
grid_-36.5_175.5	3000014000	-36.5423	175.5354
grid_-36.6_175.5	3000014010	-36.5518	175.5323
grid_-36.6_175.5	3000014020	-36.5581	175.5203
grid_-36.6_175.5	3000014030	-36.5668	175.5278
grid_-36.6_175.5	3000014040	-36.5768	175.5254
grid_-36.6_175.5	3000014050	-36.5896	175.5222
grid_-36.6_175.5	3000014060	-36.5952	175.5137
grid_-36.6_175.5	3000014070	-36.5993	175.5276
grid_-36.6_175.5	3000014080	-36.6015	175.5433
grid_-36.6_175.6	3000014090	-36.5977	175.5549
grid_-36.6_175.6	3000014100	-36.6073	175.5594
grid_-36.6_175.6	3000014110	-36.6139	175.5708
grid_-36.6_175.6	3000014120	-36.6225	175.5802
grid_-36.6_175.6	3000014130	-36.6348	175.5785
grid_-36.6_175.6	3000014140	-36.6482	175.5718
grid_-36.7_175.6	3000014150	-36.6586	175.5776
grid_-36.7_175.6	3000014160	-36.666	175.5805
grid_-36.7_175.6	3000014170	-36.6678	175.5652
grid_-36.7_175.6	3000014180	-36.6596	175.5518
grid_-36.7_175.5	3000014190	-36.6625	175.5498
grid_-36.7_175.6	3000014200	-36.6697	175.5505
grid_-36.7_175.6	3000014210	-36.6783	175.551
grid_-36.7_175.6	3000014220	-36.6672	175.5574
grid_-36.7_175.6	3000014230	-36.6843	175.5559
grid_-36.7_175.6	3000014240	-36.6873	175.5729
grid_-36.7_175.6	3000014250	-36.6788	175.5843
grid_-36.7_175.6	3000014260	-36.6823	175.5947
grid_-36.7_175.6	3000014270	-36.6831	175.6059
grid_-36.7_175.6	3000014280	-36.6934	175.6041
grid_-36.7_175.6	3000014290	-36.7029	175.6112
grid_-36.7_175.6	3000014300	-36.7102	175.6082
grid_-36.7_175.6	3000014310	-36.7159	175.6237
grid_-36.7_175.6	3000014320	-36.7203	175.6224
grid_-36.7_175.6	3000014330	-36.7328	175.6124
grid_-36.7_175.6	3000014340	-36.7361	175.6122
grid_-36.8_175.6	3000014350	-36.7501	175.6056
grid_-36.8_175.6	3000014360	-36.7545	175.6064
grid_-36.8_175.6	3000014370	-36.7568	175.6121
grid_-36.8_175.6	3000014380	-36.7576	175.625
grid_-36.8_175.6	3000014390	-36.7635	175.635
grid_-36.8_175.6	3000014400	-36.7668	175.641
grid_-36.8_175.6	3000014410	-36.766	175.6464
grid_-36.8_175.6	3000014420	-36.7633	175.6468
grid_-36.8_175.6	3000014430	-36.7519	175.6394
grid_-36.7_175.6	3000014440	-36.7447	175.6488
grid_-36.8_175.7	3000014450	-36.7542	175.6583
grid_-36.7_175.7	3000014460	-36.7488	175.6612
grid_-36.7_175.7	3000014470	-36.7431	175.674
grid_-36.7_175.7	3000014480	-36.739	175.6742
grid_-36.7_175.7	3000014490	-36.7363	175.6573
grid_-36.7_175.6	3000014500	-36.7309	175.6418
grid_-36.7_175.6	3000014510	-36.7269	175.6337
grid_-36.7_175.7	3000014520	-36.7274	175.6547
grid_-36.7_175.7	3000014530	-36.7295	175.6769
grid_-36.7_175.7	3000014540	-36.7276	175.6938
grid_-36.7_175.7	3000014550	-36.7277	175.7063
grid_-36.7_175.7	3000014560	-36.7221	175.7259
grid_-36.7_175.7	3000014570	-36.7162	175.7294
grid_-36.7_175.7	3000014580	-36.7053	175.7414
grid_-36.7_175.8	3000014590	-36.7068	175.7619
grid_-36.7_175.8	3000014600	-36.7119	175.7597
grid_-36.7_175.8	3000014610	-36.7072	175.7641
grid_-36.7_175.8	3000014620	-36.6985	175.7797
grid_-36.7_175.8	3000014630	-36.6923	175.792
grid_-36.7_175.8	3000014640	-36.7052	175.7892
grid_-36.7_175.8	3000014650	-36.7195	175.801
grid_-36.7_175.8	3000014660	-36.7219	175.8124
grid_-36.7_175.8	3000014670	-36.7208	175.8215
grid_-36.7_175.8	3000014680	-36.7358	175.8256
grid_-36.7_175.8	3000014690	-36.7427	175.817
grid_-36.7_175.8	3000014700	-36.7417	175.8041
grid_-36.7_175.8	3000014710	-36.7445	175.7895
grid_-36.7_175.8	3000014720	-36.7483	175.7766
grid_-36.8_175.8	3000014730	-36.7543	175.7683
grid_-36.8_175.8	3000014740	-36.7587	175.7584
grid_-36.8_175.7	3000014750	-36.7676	175.7499
grid_-36.8_175.7	3000014760	-36.7842	175.7479
grid_-36.8_175.7	3000014770	-36.7939	175.7367
grid_-36.8_175.7	3000014780	-36.7908	175.7298
grid_-36.8_175.7	3000014790	-36.8059	175.7249
grid_-36.8_175.7	3000014800	-36.8048	175.7071
grid_-36.8_175.7	3000014810	-36.8127	175.7004
grid_-36.8_175.7	3000014820	-36.826	175.7031
grid_-36.8_175.7	3000014830	-36.8385	175.7063
grid_-36.8_175.7	3000014840	-36.8436	175.6891
grid_-36.8_175.7	3000014850	-36.837	175.6921
grid_-36.8_175.7	3000014860	-36.8334	175.6888
grid_-36.8_175.7	3000014870	-36.8418	175.6848
grid_-36.8_175.7	3000014880	-36.8333	175.6716
grid_-36.8_175.7	3000014890	-36.8394	175.6714
grid_-36.9_175.7	3000014900	-36.852	175.6721
grid_-36.9_175.7	3000014910	-36.8556	175.673
grid_-36.8_175.7	3000014920	-36.85	175.686
grid_-36.9_175.7	3000014930	-36.8629	175.6822
grid_-36.9_175.7	3000014940	-36.8701	175.6694
grid_-36.9_175.7	3000014950	-36.8744	175.6731
grid_-36.9_175.7	3000014960	-36.8814	175.6713
grid_-36.9_175.7	3000014970	-36.8842	175.6784
grid_-36.9_175.7	3000014980	-36.8806	175.6898
grid_-36.9_175.7	3000014990	-36.8909	175.685
